RECORD=-42|LINENO=   0|OWNERPARTID= -42|OWNERINDEX= -42|HEADER=Protel for Windows - Schematic Capture Binary File Version 5.0|MINORVERSION=2|UNIQUEID=DBUHMCXS|WEIGHT=409|
RECORD=31|LINENO=   1|OWNERPARTID= -42|OWNERINDEX= -42|AREACOLOR=16317695|BORDERON=T|CUSTOMMARGINWIDTH=20|CUSTOMX=1500|CUSTOMXZONES=6|CUSTOMY=1000|CUSTOMYZONES=4|DISPLAY_UNIT=4|FONTIDCOUNT=2|FONTNAME1=Times New Roman|FONTNAME2=Times New Roman|HOTSPOTGRIDON=T|HOTSPOTGRIDSIZE=4|ISBOC=T|ROTATION2=90|SHEETNUMBERSPACESIZE=4|SHEETSTYLE=5|SIZE1=10|SIZE2=10|SNAPGRIDON=T|SNAPGRIDSIZE=10|SYSTEMFONT=1|TITLEBLOCKON=T|USECUSTOMSHEET=T|USEMBCS=T|VISIBLEGRIDON=T|VISIBLEGRIDSIZE=10|
RECORD=41|LINENO=   2|OWNERPARTID=   0|OWNERINDEX= -42|FONTID=1|ISHIDDEN=T|LOCATION.Y=60|NAME=CurrentTime|TEXT=*|UNIQUEID=WBUBPGFL|
RECORD=41|LINENO=   3|OWNERPARTID=   0|OWNERINDEX= -42|FONTID=1|ISHIDDEN=T|LOCATION.Y=60|NAME=CurrentDate|TEXT=*|UNIQUEID=STCHLCHX|
RECORD=41|LINENO=   4|OWNERPARTID=   0|OWNERINDEX= -42|FONTID=1|ISHIDDEN=T|LOCATION.Y=60|NAME=Time|TEXT=*|UNIQUEID=OOXVEKHQ|
RECORD=41|LINENO=   5|OWNERPARTID=   0|OWNERINDEX= -42|FONTID=1|ISHIDDEN=T|LOCATION.Y=60|NAME=Date|TEXT=*|UNIQUEID=HNOVEPBN|
RECORD=41|LINENO=   6|OWNERPARTID=   0|OWNERINDEX= -42|FONTID=1|ISHIDDEN=T|LOCATION.Y=60|NAME=DocumentFullPathAndName|TEXT=*|UNIQUEID=OSACBQYN|
RECORD=41|LINENO=   7|OWNERPARTID=   0|OWNERINDEX= -42|FONTID=1|ISHIDDEN=T|LOCATION.Y=60|NAME=DocumentName|TEXT=*|UNIQUEID=CXTPVWQF|
RECORD=41|LINENO=   8|OWNERPARTID=   0|OWNERINDEX= -42|FONTID=1|ISHIDDEN=T|LOCATION.Y=60|NAME=ModifiedDate|TEXT=*|UNIQUEID=NJHDRBMI|
RECORD=41|LINENO=   9|OWNERPARTID=   0|OWNERINDEX= -42|FONTID=1|ISHIDDEN=T|LOCATION.Y=60|NAME=ApprovedBy|TEXT=*|UNIQUEID=QHKDKDMP|
RECORD=41|LINENO=  10|OWNERPARTID=   0|OWNERINDEX= -42|FONTID=1|ISHIDDEN=T|LOCATION.Y=60|NAME=CheckedBy|TEXT=*|UNIQUEID=DULBWPUJ|
RECORD=41|LINENO=  11|OWNERPARTID=   0|OWNERINDEX= -42|FONTID=1|ISHIDDEN=T|LOCATION.Y=60|NAME=Author|TEXT=*|UNIQUEID=WSEPJLFN|
RECORD=41|LINENO=  12|OWNERPARTID=   0|OWNERINDEX= -42|FONTID=1|ISHIDDEN=T|LOCATION.Y=60|NAME=CompanyName|TEXT=*|UNIQUEID=QMMGPHDK|
RECORD=41|LINENO=  13|OWNERPARTID=   0|OWNERINDEX= -42|FONTID=1|ISHIDDEN=T|LOCATION.Y=60|NAME=DrawnBy|TEXT=*|UNIQUEID=EDGHKTTR|
RECORD=41|LINENO=  14|OWNERPARTID=   0|OWNERINDEX= -42|FONTID=1|ISHIDDEN=T|LOCATION.Y=60|NAME=Engineer|TEXT=*|UNIQUEID=AEJUNTRG|
RECORD=41|LINENO=  15|OWNERPARTID=   0|OWNERINDEX= -42|FONTID=1|ISHIDDEN=T|LOCATION.Y=60|NAME=Organization|TEXT=*|UNIQUEID=QYHTDUUS|
RECORD=41|LINENO=  16|OWNERPARTID=   0|OWNERINDEX= -42|FONTID=1|ISHIDDEN=T|LOCATION.Y=60|NAME=Address1|TEXT=*|UNIQUEID=VPRABMKB|
RECORD=41|LINENO=  17|OWNERPARTID=   0|OWNERINDEX= -42|FONTID=1|ISHIDDEN=T|LOCATION.Y=60|NAME=Address2|TEXT=*|UNIQUEID=JJROSYQD|
RECORD=41|LINENO=  18|OWNERPARTID=   0|OWNERINDEX= -42|FONTID=1|ISHIDDEN=T|LOCATION.Y=60|NAME=Address3|TEXT=*|UNIQUEID=XSGRKNMS|
RECORD=41|LINENO=  19|OWNERPARTID=   0|OWNERINDEX= -42|FONTID=1|ISHIDDEN=T|LOCATION.Y=60|NAME=Address4|TEXT=*|UNIQUEID=NYRLSGSF|
RECORD=41|LINENO=  20|OWNERPARTID=   0|OWNERINDEX= -42|FONTID=1|ISHIDDEN=T|LOCATION.Y=60|NAME=Title|TEXT=*|UNIQUEID=DKYRDPHN|
RECORD=41|LINENO=  21|OWNERPARTID=   0|OWNERINDEX= -42|FONTID=1|ISHIDDEN=T|LOCATION.Y=60|NAME=DocumentNumber|TEXT=*|UNIQUEID=OXVXLHIX|
RECORD=41|LINENO=  22|OWNERPARTID=   0|OWNERINDEX= -42|FONTID=1|ISHIDDEN=T|LOCATION.Y=60|NAME=Revision|TEXT=*|UNIQUEID=ULMJWYVI|
RECORD=41|LINENO=  23|OWNERPARTID=   0|OWNERINDEX= -42|FONTID=1|ISHIDDEN=T|LOCATION.Y=60|NAME=SheetNumber|TEXT=*|UNIQUEID=LQQTDGKB|
RECORD=41|LINENO=  24|OWNERPARTID=   0|OWNERINDEX= -42|FONTID=1|ISHIDDEN=T|LOCATION.Y=60|NAME=SheetTotal|TEXT=*|UNIQUEID=UNRXYKPG|
RECORD=41|LINENO=  25|OWNERPARTID=   0|OWNERINDEX= -42|FONTID=1|ISHIDDEN=T|LOCATION.Y=60|NAME=Rule|TEXT=*|UNIQUEID=TCJICRET|
RECORD=41|LINENO=  26|OWNERPARTID=   0|OWNERINDEX= -42|FONTID=1|ISHIDDEN=T|LOCATION.Y=60|NAME=ImagePath|TEXT=*|UNIQUEID=SFQXHCFV|
RECORD=41|LINENO=  27|OWNERPARTID=   0|OWNERINDEX= -42|FONTID=1|ISHIDDEN=T|LOCATION.Y=60|NAME=ProjectName|TEXT=*|UNIQUEID=AJUYWQUA|
RECORD=41|LINENO=  28|OWNERPARTID=   0|OWNERINDEX= -42|FONTID=1|ISHIDDEN=T|LOCATION.Y=60|NAME=Application_BuildNumber|TEXT=*|UNIQUEID=GRDSPNAT|
RECORD=17|LINENO=  29|OWNERPARTID=   0|OWNERINDEX= -42|FONTID=2|LOCATION.X=810|LOCATION.Y=540|ORIENTATION=3|SHOWNETNAME=F|STYLE=5|TEXT=GDNSIG|UNIQUEID=JVJAAJRT|
RECORD= 1|LINENO=  30|OWNERPARTID=   0|OWNERINDEX= -42|AREACOLOR=11599871|CURRENTPARTID=1|DATABASETABLENAME=capacitor$|DESIGNITEMID=478-3726-1-ND|DISPLAYMODECOUNT=1|LIBRARYPATH=*|LIBREFERENCE=__template_cap|LOCATION.X=430|LOCATION.Y=600|ORIENTATION=1|PARTCOUNT=2|PARTIDLOCKED=T|SOURCELIBRARYNAME=sscp.DbLib|TARGETFILENAME=*|UNIQUEID=UMEOBOJT|
RECORD= 2|LINENO=  31|OWNERPARTID=   2|OWNERINDEX=  30|DESIGNATOR=1|ELECTRICAL=4|FORMALTYPE=1|LOCATION.X=438|LOCATION.Y=600|PINCONGLOMERATE=34|PINLENGTH=8|
RECORD=41|LINENO=  32|OWNERPARTID=   0|OWNERINDEX=  31|FONTID=1|ISHIDDEN=T|LOCATION.X=438|LOCATION.Y=600|NAME=PinUniqueId|TEXT=MGKSWBUV|UNIQUEID=QMUHLSYG|
RECORD= 2|LINENO=  33|OWNERPARTID=   2|OWNERINDEX=  30|DESIGNATOR=2|ELECTRICAL=4|FORMALTYPE=1|LOCATION.X=442|LOCATION.Y=600|PINCONGLOMERATE=32|PINLENGTH=8|
RECORD=41|LINENO=  34|OWNERPARTID=   0|OWNERINDEX=  33|FONTID=1|ISHIDDEN=T|LOCATION.X=442|LOCATION.Y=600|NAME=PinUniqueId|TEXT=WPMRETAS|UNIQUEID=WYTAVNBL|
RECORD= 6|LINENO=  35|OWNERPARTID=   2|OWNERINDEX=  30|LINEWIDTH=1|LOCATIONCOUNT=2|X1=442|X2=442|Y1=605|Y2=595|
RECORD= 6|LINENO=  36|OWNERPARTID=   2|OWNERINDEX=  30|LINEWIDTH=1|LOCATIONCOUNT=2|X1=438|X2=438|Y1=605|Y2=595|
RECORD=41|LINENO=  37|OWNERPARTID=   0|OWNERINDEX=  30|FONTID=1|ISHIDDEN=T|LOCATION.X=430|LOCATION.Y=580|NAME=voltage|TEXT=16.0|UNIQUEID=MVCJYOJD|
RECORD=41|LINENO=  38|OWNERPARTID=   0|OWNERINDEX=  30|FONTID=1|LOCATION.X=445|LOCATION.Y=600|NAME=human_value|TEXT=100n|UNIQUEID=CLPNROJS|
RECORD=41|LINENO=  39|OWNERPARTID=   0|OWNERINDEX=  30|FONTID=1|ISHIDDEN=T|LOCATION.X=428|LOCATION.Y=606|NAME=Supplier Part Number 1|TEXT=478-3726-1-ND|UNIQUEID=SIUDSCSQ|
RECORD=41|LINENO=  40|OWNERPARTID=   0|OWNERINDEX=  30|FONTID=1|ISHIDDEN=T|LOCATION.X=428|LOCATION.Y=606|NAME=type|TEXT=capacitor|UNIQUEID=TGYPDCVR|
RECORD=41|LINENO=  41|OWNERPARTID=   0|OWNERINDEX=  30|FONTID=1|ISHIDDEN=T|LOCATION.X=428|LOCATION.Y=606|NAME=package|TEXT=0603|UNIQUEID=JIXLVAOE|
RECORD=41|LINENO=  42|OWNERPARTID=   0|OWNERINDEX=  30|FONTID=1|ISHIDDEN=T|LOCATION.X=428|LOCATION.Y=606|NAME=value|TEXT=1e-07|UNIQUEID=FODJVMEV|
RECORD=41|LINENO=  43|OWNERPARTID=   0|OWNERINDEX=  30|FONTID=1|ISHIDDEN=T|LOCATION.X=428|LOCATION.Y=606|NAME=price|TEXT=0.374|UNIQUEID=OLGIHNTB|
RECORD=41|LINENO=  44|OWNERPARTID=   0|OWNERINDEX=  30|FONTID=1|ISHIDDEN=T|LOCATION.X=428|LOCATION.Y=606|NAME=tolerance|TEXT=5%|UNIQUEID=SLPQDAAX|
RECORD=34|LINENO=  45|OWNERPARTID=   0|OWNERINDEX=  30|FONTID=1|LOCATION.X=425|LOCATION.Y=600|NAME=Designator|TEXT=C?|UNIQUEID=YGMENRNU|
RECORD=41|LINENO=  46|OWNERPARTID=   0|OWNERINDEX=  30|FONTID=1|ISHIDDEN=T|LOCATION.X=428|LOCATION.Y=606|NAME=Comment|TEXT=__template_cap|UNIQUEID=IKPKSNCS|
RECORD=44|LINENO=  47|OWNERPARTID= -42|OWNERINDEX=  30|
RECORD=45|LINENO=  48|OWNERPARTID= -42|OWNERINDEX=  47|DATABASEDATALINKSLOCKED=T|DATAFILECOUNT=1|DATALINKSLOCKED=T|ISCURRENT=T|MODELDATAFILEENTITY0=C0603|MODELDATAFILEKIND0=PCBLib|MODELNAME=C0603|MODELTYPE=PCBLIB|UNIQUEID=RBUCUYXK|USECOMPONENTLIBRARY=T|
RECORD=46|LINENO=  49|OWNERPARTID= -42|OWNERINDEX=  48|
RECORD=48|LINENO=  50|OWNERPARTID= -42|OWNERINDEX=  48|
RECORD= 1|LINENO=  51|OWNERPARTID=   0|OWNERINDEX= -42|AREACOLOR=11599871|CURRENTPARTID=1|DATABASETABLENAME=capacitor$|DESIGNITEMID=478-3726-1-ND|DISPLAYMODECOUNT=1|LIBRARYPATH=*|LIBREFERENCE=__template_cap|LOCATION.X=430|LOCATION.Y=590|ORIENTATION=1|PARTCOUNT=2|PARTIDLOCKED=T|SOURCELIBRARYNAME=sscp.DbLib|TARGETFILENAME=*|UNIQUEID=YKAUWMHW|
RECORD= 2|LINENO=  52|OWNERPARTID=   2|OWNERINDEX=  51|DESIGNATOR=1|ELECTRICAL=4|FORMALTYPE=1|LOCATION.X=438|LOCATION.Y=590|PINCONGLOMERATE=34|PINLENGTH=8|
RECORD=41|LINENO=  53|OWNERPARTID=   0|OWNERINDEX=  52|FONTID=1|ISHIDDEN=T|LOCATION.X=438|LOCATION.Y=590|NAME=PinUniqueId|TEXT=TKEBNEKE|UNIQUEID=UHLQXXVH|
RECORD= 2|LINENO=  54|OWNERPARTID=   2|OWNERINDEX=  51|DESIGNATOR=2|ELECTRICAL=4|FORMALTYPE=1|LOCATION.X=442|LOCATION.Y=590|PINCONGLOMERATE=32|PINLENGTH=8|
RECORD=41|LINENO=  55|OWNERPARTID=   0|OWNERINDEX=  54|FONTID=1|ISHIDDEN=T|LOCATION.X=442|LOCATION.Y=590|NAME=PinUniqueId|TEXT=KULGRFVL|UNIQUEID=UUQDTVRD|
RECORD= 6|LINENO=  56|OWNERPARTID=   2|OWNERINDEX=  51|LINEWIDTH=1|LOCATIONCOUNT=2|X1=442|X2=442|Y1=595|Y2=585|
RECORD= 6|LINENO=  57|OWNERPARTID=   2|OWNERINDEX=  51|LINEWIDTH=1|LOCATIONCOUNT=2|X1=438|X2=438|Y1=595|Y2=585|
RECORD=41|LINENO=  58|OWNERPARTID=   0|OWNERINDEX=  51|FONTID=1|ISHIDDEN=T|LOCATION.X=430|LOCATION.Y=570|NAME=voltage|TEXT=16.0|UNIQUEID=YPKGQQYA|
RECORD=41|LINENO=  59|OWNERPARTID=   0|OWNERINDEX=  51|FONTID=1|LOCATION.X=445|LOCATION.Y=590|NAME=human_value|TEXT=100n|UNIQUEID=UGSJCIJG|
RECORD=41|LINENO=  60|OWNERPARTID=   0|OWNERINDEX=  51|FONTID=1|ISHIDDEN=T|LOCATION.X=428|LOCATION.Y=596|NAME=Supplier Part Number 1|TEXT=478-3726-1-ND|UNIQUEID=UEDACLHF|
RECORD=41|LINENO=  61|OWNERPARTID=   0|OWNERINDEX=  51|FONTID=1|ISHIDDEN=T|LOCATION.X=428|LOCATION.Y=596|NAME=type|TEXT=capacitor|UNIQUEID=SSYMFAMS|
RECORD=41|LINENO=  62|OWNERPARTID=   0|OWNERINDEX=  51|FONTID=1|ISHIDDEN=T|LOCATION.X=428|LOCATION.Y=596|NAME=package|TEXT=0603|UNIQUEID=GUTREPET|
RECORD=41|LINENO=  63|OWNERPARTID=   0|OWNERINDEX=  51|FONTID=1|ISHIDDEN=T|LOCATION.X=428|LOCATION.Y=596|NAME=value|TEXT=1e-07|UNIQUEID=VDKCIBSS|
RECORD=41|LINENO=  64|OWNERPARTID=   0|OWNERINDEX=  51|FONTID=1|ISHIDDEN=T|LOCATION.X=428|LOCATION.Y=596|NAME=price|TEXT=0.374|UNIQUEID=NRGLBXGD|
RECORD=41|LINENO=  65|OWNERPARTID=   0|OWNERINDEX=  51|FONTID=1|ISHIDDEN=T|LOCATION.X=428|LOCATION.Y=596|NAME=tolerance|TEXT=5%|UNIQUEID=HJYBYSOS|
RECORD=34|LINENO=  66|OWNERPARTID=   0|OWNERINDEX=  51|FONTID=1|LOCATION.X=425|LOCATION.Y=590|NAME=Designator|TEXT=C?|UNIQUEID=UEVEFWRJ|
RECORD=41|LINENO=  67|OWNERPARTID=   0|OWNERINDEX=  51|FONTID=1|ISHIDDEN=T|LOCATION.X=428|LOCATION.Y=596|NAME=Comment|TEXT=__template_cap|UNIQUEID=LVTVLBEA|
RECORD=44|LINENO=  68|OWNERPARTID= -42|OWNERINDEX=  51|
RECORD=45|LINENO=  69|OWNERPARTID= -42|OWNERINDEX=  68|DATABASEDATALINKSLOCKED=T|DATAFILECOUNT=1|DATALINKSLOCKED=T|ISCURRENT=T|MODELDATAFILEENTITY0=C0603|MODELDATAFILEKIND0=PCBLib|MODELNAME=C0603|MODELTYPE=PCBLIB|UNIQUEID=LKJNTMSQ|USECOMPONENTLIBRARY=T|
RECORD=46|LINENO=  70|OWNERPARTID= -42|OWNERINDEX=  69|
RECORD=48|LINENO=  71|OWNERPARTID= -42|OWNERINDEX=  69|
RECORD= 1|LINENO=  72|OWNERPARTID=   0|OWNERINDEX= -42|AREACOLOR=11599871|CURRENTPARTID=1|DATABASETABLENAME=capacitor$|DESIGNITEMID=478-3726-1-ND|DISPLAYMODECOUNT=1|LIBRARYPATH=*|LIBREFERENCE=__template_cap|LOCATION.X=430|LOCATION.Y=580|ORIENTATION=1|PARTCOUNT=2|PARTIDLOCKED=T|SOURCELIBRARYNAME=sscp.DbLib|TARGETFILENAME=*|UNIQUEID=TELOTTCT|
RECORD= 2|LINENO=  73|OWNERPARTID=   2|OWNERINDEX=  72|DESIGNATOR=1|ELECTRICAL=4|FORMALTYPE=1|LOCATION.X=438|LOCATION.Y=580|PINCONGLOMERATE=34|PINLENGTH=8|
RECORD=41|LINENO=  74|OWNERPARTID=   0|OWNERINDEX=  73|FONTID=1|ISHIDDEN=T|LOCATION.X=438|LOCATION.Y=580|NAME=PinUniqueId|TEXT=THLJMOBU|UNIQUEID=IASTJRKL|
RECORD= 2|LINENO=  75|OWNERPARTID=   2|OWNERINDEX=  72|DESIGNATOR=2|ELECTRICAL=4|FORMALTYPE=1|LOCATION.X=442|LOCATION.Y=580|PINCONGLOMERATE=32|PINLENGTH=8|
RECORD=41|LINENO=  76|OWNERPARTID=   0|OWNERINDEX=  75|FONTID=1|ISHIDDEN=T|LOCATION.X=442|LOCATION.Y=580|NAME=PinUniqueId|TEXT=QQWDGXKD|UNIQUEID=QYLPTQUQ|
RECORD= 6|LINENO=  77|OWNERPARTID=   2|OWNERINDEX=  72|LINEWIDTH=1|LOCATIONCOUNT=2|X1=442|X2=442|Y1=585|Y2=575|
RECORD= 6|LINENO=  78|OWNERPARTID=   2|OWNERINDEX=  72|LINEWIDTH=1|LOCATIONCOUNT=2|X1=438|X2=438|Y1=585|Y2=575|
RECORD=41|LINENO=  79|OWNERPARTID=   0|OWNERINDEX=  72|FONTID=1|ISHIDDEN=T|LOCATION.X=430|LOCATION.Y=560|NAME=voltage|TEXT=16.0|UNIQUEID=TBMNSMKR|
RECORD=41|LINENO=  80|OWNERPARTID=   0|OWNERINDEX=  72|FONTID=1|LOCATION.X=445|LOCATION.Y=580|NAME=human_value|TEXT=100n|UNIQUEID=XPQYIIVD|
RECORD=41|LINENO=  81|OWNERPARTID=   0|OWNERINDEX=  72|FONTID=1|ISHIDDEN=T|LOCATION.X=428|LOCATION.Y=586|NAME=Supplier Part Number 1|TEXT=478-3726-1-ND|UNIQUEID=AUURRKTD|
RECORD=41|LINENO=  82|OWNERPARTID=   0|OWNERINDEX=  72|FONTID=1|ISHIDDEN=T|LOCATION.X=428|LOCATION.Y=586|NAME=type|TEXT=capacitor|UNIQUEID=ORJVYBTG|
RECORD=41|LINENO=  83|OWNERPARTID=   0|OWNERINDEX=  72|FONTID=1|ISHIDDEN=T|LOCATION.X=428|LOCATION.Y=586|NAME=package|TEXT=0603|UNIQUEID=KETQTFNO|
RECORD=41|LINENO=  84|OWNERPARTID=   0|OWNERINDEX=  72|FONTID=1|ISHIDDEN=T|LOCATION.X=428|LOCATION.Y=586|NAME=value|TEXT=1e-07|UNIQUEID=VDQPLJLK|
RECORD=41|LINENO=  85|OWNERPARTID=   0|OWNERINDEX=  72|FONTID=1|ISHIDDEN=T|LOCATION.X=428|LOCATION.Y=586|NAME=price|TEXT=0.374|UNIQUEID=PWVXJVXC|
RECORD=41|LINENO=  86|OWNERPARTID=   0|OWNERINDEX=  72|FONTID=1|ISHIDDEN=T|LOCATION.X=428|LOCATION.Y=586|NAME=tolerance|TEXT=5%|UNIQUEID=WPJQTSQD|
RECORD=34|LINENO=  87|OWNERPARTID=   0|OWNERINDEX=  72|FONTID=1|LOCATION.X=425|LOCATION.Y=580|NAME=Designator|TEXT=C?|UNIQUEID=RGTHSOKF|
RECORD=41|LINENO=  88|OWNERPARTID=   0|OWNERINDEX=  72|FONTID=1|ISHIDDEN=T|LOCATION.X=428|LOCATION.Y=586|NAME=Comment|TEXT=__template_cap|UNIQUEID=VYPJTYWV|
RECORD=44|LINENO=  89|OWNERPARTID= -42|OWNERINDEX=  72|
RECORD=45|LINENO=  90|OWNERPARTID= -42|OWNERINDEX=  89|DATABASEDATALINKSLOCKED=T|DATAFILECOUNT=1|DATALINKSLOCKED=T|ISCURRENT=T|MODELDATAFILEENTITY0=C0603|MODELDATAFILEKIND0=PCBLib|MODELNAME=C0603|MODELTYPE=PCBLIB|UNIQUEID=YQNIAKMS|USECOMPONENTLIBRARY=T|
RECORD=46|LINENO=  91|OWNERPARTID= -42|OWNERINDEX=  90|
RECORD=48|LINENO=  92|OWNERPARTID= -42|OWNERINDEX=  90|
RECORD= 1|LINENO=  93|OWNERPARTID=   0|OWNERINDEX= -42|AREACOLOR=11599871|CURRENTPARTID=1|DATABASETABLENAME=capacitor$|DESIGNITEMID=478-3726-1-ND|DISPLAYMODECOUNT=1|LIBRARYPATH=*|LIBREFERENCE=__template_cap|LOCATION.X=430|LOCATION.Y=570|ORIENTATION=1|PARTCOUNT=2|PARTIDLOCKED=T|SOURCELIBRARYNAME=sscp.DbLib|TARGETFILENAME=*|UNIQUEID=GOWHCJQE|
RECORD= 2|LINENO=  94|OWNERPARTID=   2|OWNERINDEX=  93|DESIGNATOR=1|ELECTRICAL=4|FORMALTYPE=1|LOCATION.X=438|LOCATION.Y=570|PINCONGLOMERATE=34|PINLENGTH=8|
RECORD=41|LINENO=  95|OWNERPARTID=   0|OWNERINDEX=  94|FONTID=1|ISHIDDEN=T|LOCATION.X=438|LOCATION.Y=570|NAME=PinUniqueId|TEXT=SJIPFONV|UNIQUEID=GFIFUCFJ|
RECORD= 2|LINENO=  96|OWNERPARTID=   2|OWNERINDEX=  93|DESIGNATOR=2|ELECTRICAL=4|FORMALTYPE=1|LOCATION.X=442|LOCATION.Y=570|PINCONGLOMERATE=32|PINLENGTH=8|
RECORD=41|LINENO=  97|OWNERPARTID=   0|OWNERINDEX=  96|FONTID=1|ISHIDDEN=T|LOCATION.X=442|LOCATION.Y=570|NAME=PinUniqueId|TEXT=WKJEULXK|UNIQUEID=RATRTLTV|
RECORD= 6|LINENO=  98|OWNERPARTID=   2|OWNERINDEX=  93|LINEWIDTH=1|LOCATIONCOUNT=2|X1=442|X2=442|Y1=575|Y2=565|
RECORD= 6|LINENO=  99|OWNERPARTID=   2|OWNERINDEX=  93|LINEWIDTH=1|LOCATIONCOUNT=2|X1=438|X2=438|Y1=575|Y2=565|
RECORD=41|LINENO= 100|OWNERPARTID=   0|OWNERINDEX=  93|FONTID=1|ISHIDDEN=T|LOCATION.X=430|LOCATION.Y=550|NAME=voltage|TEXT=16.0|UNIQUEID=OAPESDIF|
RECORD=41|LINENO= 101|OWNERPARTID=   0|OWNERINDEX=  93|FONTID=1|LOCATION.X=445|LOCATION.Y=570|NAME=human_value|TEXT=100n|UNIQUEID=JUCUGCEB|
RECORD=41|LINENO= 102|OWNERPARTID=   0|OWNERINDEX=  93|FONTID=1|ISHIDDEN=T|LOCATION.X=428|LOCATION.Y=576|NAME=Supplier Part Number 1|TEXT=478-3726-1-ND|UNIQUEID=TUFHQKHI|
RECORD=41|LINENO= 103|OWNERPARTID=   0|OWNERINDEX=  93|FONTID=1|ISHIDDEN=T|LOCATION.X=428|LOCATION.Y=576|NAME=type|TEXT=capacitor|UNIQUEID=CDWSGGFX|
RECORD=41|LINENO= 104|OWNERPARTID=   0|OWNERINDEX=  93|FONTID=1|ISHIDDEN=T|LOCATION.X=428|LOCATION.Y=576|NAME=package|TEXT=0603|UNIQUEID=LJALNYGO|
RECORD=41|LINENO= 105|OWNERPARTID=   0|OWNERINDEX=  93|FONTID=1|ISHIDDEN=T|LOCATION.X=428|LOCATION.Y=576|NAME=value|TEXT=1e-07|UNIQUEID=GRFRNTOM|
RECORD=41|LINENO= 106|OWNERPARTID=   0|OWNERINDEX=  93|FONTID=1|ISHIDDEN=T|LOCATION.X=428|LOCATION.Y=576|NAME=price|TEXT=0.374|UNIQUEID=SXXECAQC|
RECORD=41|LINENO= 107|OWNERPARTID=   0|OWNERINDEX=  93|FONTID=1|ISHIDDEN=T|LOCATION.X=428|LOCATION.Y=576|NAME=tolerance|TEXT=5%|UNIQUEID=DYVYPYDW|
RECORD=34|LINENO= 108|OWNERPARTID=   0|OWNERINDEX=  93|FONTID=1|LOCATION.X=425|LOCATION.Y=570|NAME=Designator|TEXT=C?|UNIQUEID=CKNVGAWM|
RECORD=41|LINENO= 109|OWNERPARTID=   0|OWNERINDEX=  93|FONTID=1|ISHIDDEN=T|LOCATION.X=428|LOCATION.Y=576|NAME=Comment|TEXT=__template_cap|UNIQUEID=CESWROVV|
RECORD=44|LINENO= 110|OWNERPARTID= -42|OWNERINDEX=  93|
RECORD=45|LINENO= 111|OWNERPARTID= -42|OWNERINDEX= 110|DATABASEDATALINKSLOCKED=T|DATAFILECOUNT=1|DATALINKSLOCKED=T|ISCURRENT=T|MODELDATAFILEENTITY0=C0603|MODELDATAFILEKIND0=PCBLib|MODELNAME=C0603|MODELTYPE=PCBLIB|UNIQUEID=TDNDUJAA|USECOMPONENTLIBRARY=T|
RECORD=46|LINENO= 112|OWNERPARTID= -42|OWNERINDEX= 111|
RECORD=48|LINENO= 113|OWNERPARTID= -42|OWNERINDEX= 111|
RECORD= 1|LINENO= 114|OWNERPARTID=   0|OWNERINDEX= -42|AREACOLOR=11599871|CURRENTPARTID=1|DATABASETABLENAME=capacitor$|DESIGNITEMID=478-3726-1-ND|DISPLAYMODECOUNT=1|LIBRARYPATH=*|LIBREFERENCE=__template_cap|LOCATION.X=430|LOCATION.Y=560|ORIENTATION=1|PARTCOUNT=2|PARTIDLOCKED=T|SOURCELIBRARYNAME=sscp.DbLib|TARGETFILENAME=*|UNIQUEID=ALUDJKML|
RECORD= 2|LINENO= 115|OWNERPARTID=   2|OWNERINDEX= 114|DESIGNATOR=1|ELECTRICAL=4|FORMALTYPE=1|LOCATION.X=438|LOCATION.Y=560|PINCONGLOMERATE=34|PINLENGTH=8|
RECORD=41|LINENO= 116|OWNERPARTID=   0|OWNERINDEX= 115|FONTID=1|ISHIDDEN=T|LOCATION.X=438|LOCATION.Y=560|NAME=PinUniqueId|TEXT=ORLDTNGE|UNIQUEID=WTJGGNCS|
RECORD= 2|LINENO= 117|OWNERPARTID=   2|OWNERINDEX= 114|DESIGNATOR=2|ELECTRICAL=4|FORMALTYPE=1|LOCATION.X=442|LOCATION.Y=560|PINCONGLOMERATE=32|PINLENGTH=8|
RECORD=41|LINENO= 118|OWNERPARTID=   0|OWNERINDEX= 117|FONTID=1|ISHIDDEN=T|LOCATION.X=442|LOCATION.Y=560|NAME=PinUniqueId|TEXT=GILNOHCA|UNIQUEID=LBGSQSYF|
RECORD= 6|LINENO= 119|OWNERPARTID=   2|OWNERINDEX= 114|LINEWIDTH=1|LOCATIONCOUNT=2|X1=442|X2=442|Y1=565|Y2=555|
RECORD= 6|LINENO= 120|OWNERPARTID=   2|OWNERINDEX= 114|LINEWIDTH=1|LOCATIONCOUNT=2|X1=438|X2=438|Y1=565|Y2=555|
RECORD=41|LINENO= 121|OWNERPARTID=   0|OWNERINDEX= 114|FONTID=1|ISHIDDEN=T|LOCATION.X=430|LOCATION.Y=540|NAME=voltage|TEXT=16.0|UNIQUEID=XOJCCQNV|
RECORD=41|LINENO= 122|OWNERPARTID=   0|OWNERINDEX= 114|FONTID=1|LOCATION.X=445|LOCATION.Y=560|NAME=human_value|TEXT=100n|UNIQUEID=YDKAYDWA|
RECORD=41|LINENO= 123|OWNERPARTID=   0|OWNERINDEX= 114|FONTID=1|ISHIDDEN=T|LOCATION.X=428|LOCATION.Y=566|NAME=Supplier Part Number 1|TEXT=478-3726-1-ND|UNIQUEID=OCPDAUAL|
RECORD=41|LINENO= 124|OWNERPARTID=   0|OWNERINDEX= 114|FONTID=1|ISHIDDEN=T|LOCATION.X=428|LOCATION.Y=566|NAME=type|TEXT=capacitor|UNIQUEID=HSKJQTYH|
RECORD=41|LINENO= 125|OWNERPARTID=   0|OWNERINDEX= 114|FONTID=1|ISHIDDEN=T|LOCATION.X=428|LOCATION.Y=566|NAME=package|TEXT=0603|UNIQUEID=CPJCJCOY|
RECORD=41|LINENO= 126|OWNERPARTID=   0|OWNERINDEX= 114|FONTID=1|ISHIDDEN=T|LOCATION.X=428|LOCATION.Y=566|NAME=value|TEXT=1e-07|UNIQUEID=MPMQSJTC|
RECORD=41|LINENO= 127|OWNERPARTID=   0|OWNERINDEX= 114|FONTID=1|ISHIDDEN=T|LOCATION.X=428|LOCATION.Y=566|NAME=price|TEXT=0.374|UNIQUEID=FUNTPXNV|
RECORD=41|LINENO= 128|OWNERPARTID=   0|OWNERINDEX= 114|FONTID=1|ISHIDDEN=T|LOCATION.X=428|LOCATION.Y=566|NAME=tolerance|TEXT=5%|UNIQUEID=CXXLPJBQ|
RECORD=34|LINENO= 129|OWNERPARTID=   0|OWNERINDEX= 114|FONTID=1|LOCATION.X=425|LOCATION.Y=560|NAME=Designator|TEXT=C?|UNIQUEID=ELTOBHJJ|
RECORD=41|LINENO= 130|OWNERPARTID=   0|OWNERINDEX= 114|FONTID=1|ISHIDDEN=T|LOCATION.X=428|LOCATION.Y=566|NAME=Comment|TEXT=__template_cap|UNIQUEID=PXFQBVNX|
RECORD=44|LINENO= 131|OWNERPARTID= -42|OWNERINDEX= 114|
RECORD=45|LINENO= 132|OWNERPARTID= -42|OWNERINDEX= 131|DATABASEDATALINKSLOCKED=T|DATAFILECOUNT=1|DATALINKSLOCKED=T|ISCURRENT=T|MODELDATAFILEENTITY0=C0603|MODELDATAFILEKIND0=PCBLib|MODELNAME=C0603|MODELTYPE=PCBLIB|UNIQUEID=DIQIBXFT|USECOMPONENTLIBRARY=T|
RECORD=46|LINENO= 133|OWNERPARTID= -42|OWNERINDEX= 132|
RECORD=48|LINENO= 134|OWNERPARTID= -42|OWNERINDEX= 132|
RECORD=17|LINENO= 135|OWNERPARTID=   0|OWNERINDEX= -42|FONTID=2|LOCATION.X=410|LOCATION.Y=540|ORIENTATION=3|SHOWNETNAME=F|STYLE=5|TEXT=GDNSIG|UNIQUEID=NIQFNUUN|
RECORD=17|LINENO= 136|OWNERPARTID=   0|OWNERINDEX= -42|FONTID=2|LOCATION.X=470|LOCATION.Y=540|ORIENTATION=3|SHOWNETNAME=T|STYLE=7|TEXT=3V3|UNIQUEID=GHTXENYM|
RECORD=18|LINENO= 137|OWNERPARTID=   0|OWNERINDEX= -42|ALIGNMENT=2|AREACOLOR=8454143|FONTID=1|HARNESSTYPE=SPI|HEIGHT=10|LOCATION.X=1380|LOCATION.Y=920|NAME=NRF_SPI|STYLE=3|TEXTCOLOR=128|UNIQUEID=EIDARPAD|WIDTH=50|
RECORD=18|LINENO= 138|OWNERPARTID=   0|OWNERINDEX= -42|ALIGNMENT=1|AREACOLOR=8454143|FONTID=1|HARNESSTYPE=SPI|HEIGHT=10|LOCATION.X=1380|LOCATION.Y=780|NAME=DW_SPI|STYLE=3|TEXTCOLOR=128|UNIQUEID=IYUGBTLY|WIDTH=50|
RECORD=18|LINENO= 139|OWNERPARTID=   0|OWNERINDEX= -42|ALIGNMENT=1|AREACOLOR=8454143|FONTID=1|HEIGHT=10|LOCATION.X=1380|LOCATION.Y=730|NAME=DW_CS|STYLE=3|TEXTCOLOR=128|UNIQUEID=VOLMOSGH|WIDTH=50|
RECORD=18|LINENO= 140|OWNERPARTID=   0|OWNERINDEX= -42|ALIGNMENT=1|AREACOLOR=8454143|FONTID=1|HEIGHT=10|LOCATION.X=1380|LOCATION.Y=870|NAME=NRF_CS|STYLE=3|TEXTCOLOR=128|UNIQUEID=HMWXHFJX|WIDTH=50|
RECORD=18|LINENO= 141|OWNERPARTID=   0|OWNERINDEX= -42|ALIGNMENT=1|AREACOLOR=8454143|FONTID=1|HEIGHT=10|LOCATION.X=1380|LOCATION.Y=840|NAME=NRF_GND_EN|STYLE=3|TEXTCOLOR=128|UNIQUEID=WDWCDFHS|WIDTH=70|
RECORD=18|LINENO= 142|OWNERPARTID=   0|OWNERINDEX= -42|ALIGNMENT=1|AREACOLOR=8454143|FONTID=1|HEIGHT=10|LOCATION.X=40|LOCATION.Y=910|NAME=GND_SIG|STYLE=3|TEXTCOLOR=128|UNIQUEID=QCGRMVSM|WIDTH=50|
RECORD=17|LINENO= 143|OWNERPARTID=   0|OWNERINDEX= -42|FONTID=1|LOCATION.X=120|LOCATION.Y=950|SHOWNETNAME=T|STYLE=7|TEXT=3V3|UNIQUEID=VOYTIBII|
RECORD=17|LINENO= 144|OWNERPARTID=   0|OWNERINDEX= -42|FONTID=1|LOCATION.X=120|LOCATION.Y=910|SHOWNETNAME=F|STYLE=5|TEXT=GDNSIG|UNIQUEID=UETLGGYR|
RECORD=18|LINENO= 145|OWNERPARTID=   0|OWNERINDEX= -42|ALIGNMENT=1|AREACOLOR=8454143|FONTID=1|HEIGHT=10|LOCATION.X=40|LOCATION.Y=950|NAME=3V3|STYLE=3|TEXTCOLOR=128|UNIQUEID=ITUVOTTE|WIDTH=50|
RECORD=27|LINENO= 146|OWNERPARTID=   0|OWNERINDEX= -42|LINEWIDTH=1|LOCATIONCOUNT=2|UNIQUEID=WGGQFQSP|X1=410|X2=470|Y1=920|Y2=920|
RECORD=27|LINENO= 147|OWNERPARTID=   0|OWNERINDEX= -42|LINEWIDTH=1|LOCATIONCOUNT=2|UNIQUEID=PYHCIUYA|X1=410|X2=470|Y1=930|Y2=930|
RECORD=27|LINENO= 148|OWNERPARTID=   0|OWNERINDEX= -42|LINEWIDTH=1|LOCATIONCOUNT=2|UNIQUEID=XGFLKOLP|X1=470|X2=410|Y1=910|Y2=910|
RECORD=27|LINENO= 149|OWNERPARTID=   0|OWNERINDEX= -42|LINEWIDTH=1|LOCATIONCOUNT=2|UNIQUEID=KMXCDLUX|X1=410|X2=470|Y1=890|Y2=890|
RECORD=27|LINENO= 150|OWNERPARTID=   0|OWNERINDEX= -42|LINEWIDTH=1|LOCATIONCOUNT=2|UNIQUEID=QQUDMDUR|X1=410|X2=470|Y1=900|Y2=900|
RECORD=27|LINENO= 151|OWNERPARTID=   0|OWNERINDEX= -42|LINEWIDTH=1|LOCATIONCOUNT=2|UNIQUEID=SAWMVGDY|X1=470|X2=410|Y1=880|Y2=880|
RECORD=27|LINENO= 152|OWNERPARTID=   0|OWNERINDEX= -42|LINEWIDTH=1|LOCATIONCOUNT=2|UNIQUEID=OBLKGVCO|X1=410|X2=470|Y1=860|Y2=860|
RECORD=27|LINENO= 153|OWNERPARTID=   0|OWNERINDEX= -42|LINEWIDTH=1|LOCATIONCOUNT=2|UNIQUEID=FMVUVPWO|X1=410|X2=470|Y1=870|Y2=870|
RECORD=27|LINENO= 154|OWNERPARTID=   0|OWNERINDEX= -42|LINEWIDTH=1|LOCATIONCOUNT=2|UNIQUEID=THOSABJT|X1=470|X2=410|Y1=850|Y2=850|
RECORD=27|LINENO= 155|OWNERPARTID=   0|OWNERINDEX= -42|LINEWIDTH=1|LOCATIONCOUNT=2|UNIQUEID=FPUANXRI|X1=410|X2=470|Y1=820|Y2=820|
RECORD=27|LINENO= 156|OWNERPARTID=   0|OWNERINDEX= -42|LINEWIDTH=1|LOCATIONCOUNT=2|UNIQUEID=DFFSXSOI|X1=410|X2=470|Y1=830|Y2=830|
RECORD=27|LINENO= 157|OWNERPARTID=   0|OWNERINDEX= -42|LINEWIDTH=1|LOCATIONCOUNT=2|UNIQUEID=BLUXRDUM|X1=470|X2=410|Y1=810|Y2=810|
RECORD=27|LINENO= 158|OWNERPARTID=   0|OWNERINDEX= -42|LINEWIDTH=1|LOCATIONCOUNT=2|UNIQUEID=QURMAOXB|X1=410|X2=470|Y1=790|Y2=790|
RECORD=27|LINENO= 159|OWNERPARTID=   0|OWNERINDEX= -42|LINEWIDTH=1|LOCATIONCOUNT=2|UNIQUEID=BVKSQWPI|X1=410|X2=470|Y1=800|Y2=800|
RECORD=27|LINENO= 160|OWNERPARTID=   0|OWNERINDEX= -42|LINEWIDTH=1|LOCATIONCOUNT=2|UNIQUEID=KBJIJXSY|X1=470|X2=410|Y1=780|Y2=780|
RECORD=27|LINENO= 161|OWNERPARTID=   0|OWNERINDEX= -42|LINEWIDTH=1|LOCATIONCOUNT=2|UNIQUEID=XXRGKKKN|X1=410|X2=470|Y1=760|Y2=760|
RECORD=27|LINENO= 162|OWNERPARTID=   0|OWNERINDEX= -42|LINEWIDTH=1|LOCATIONCOUNT=2|UNIQUEID=YVHVNPXV|X1=410|X2=470|Y1=770|Y2=770|
RECORD=27|LINENO= 163|OWNERPARTID=   0|OWNERINDEX= -42|LINEWIDTH=1|LOCATIONCOUNT=2|UNIQUEID=UJPPYKDT|X1=470|X2=410|Y1=750|Y2=750|
RECORD=27|LINENO= 164|OWNERPARTID=   0|OWNERINDEX= -42|LINEWIDTH=1|LOCATIONCOUNT=2|UNIQUEID=KAXQKAAP|X1=410|X2=470|Y1=730|Y2=730|
RECORD=27|LINENO= 165|OWNERPARTID=   0|OWNERINDEX= -42|LINEWIDTH=1|LOCATIONCOUNT=2|UNIQUEID=OBYMICWA|X1=410|X2=470|Y1=740|Y2=740|
RECORD=27|LINENO= 166|OWNERPARTID=   0|OWNERINDEX= -42|LINEWIDTH=1|LOCATIONCOUNT=2|UNIQUEID=PETQQUNR|X1=470|X2=410|Y1=720|Y2=720|
RECORD=27|LINENO= 167|OWNERPARTID=   0|OWNERINDEX= -42|LINEWIDTH=1|LOCATIONCOUNT=2|UNIQUEID=WHWPUAWD|X1=410|X2=470|Y1=700|Y2=700|
RECORD=27|LINENO= 168|OWNERPARTID=   0|OWNERINDEX= -42|LINEWIDTH=1|LOCATIONCOUNT=2|UNIQUEID=JPAMUGWO|X1=410|X2=470|Y1=710|Y2=710|
RECORD=27|LINENO= 169|OWNERPARTID=   0|OWNERINDEX= -42|LINEWIDTH=1|LOCATIONCOUNT=2|UNIQUEID=NLQEDDUB|X1=470|X2=410|Y1=690|Y2=690|
RECORD=27|LINENO= 170|OWNERPARTID=   0|OWNERINDEX= -42|LINEWIDTH=1|LOCATIONCOUNT=2|UNIQUEID=PKKCKQVE|X1=410|X2=470|Y1=670|Y2=670|
RECORD=27|LINENO= 171|OWNERPARTID=   0|OWNERINDEX= -42|LINEWIDTH=1|LOCATIONCOUNT=2|UNIQUEID=JFIKTOVM|X1=470|X2=410|Y1=660|Y2=660|
RECORD=27|LINENO= 172|OWNERPARTID=   0|OWNERINDEX= -42|LINEWIDTH=1|LOCATIONCOUNT=2|UNIQUEID=QFTYHSNH|X1=810|X2=870|Y1=920|Y2=920|
RECORD=27|LINENO= 173|OWNERPARTID=   0|OWNERINDEX= -42|LINEWIDTH=1|LOCATIONCOUNT=2|UNIQUEID=VHKTYRBF|X1=810|X2=870|Y1=930|Y2=930|
RECORD=27|LINENO= 174|OWNERPARTID=   0|OWNERINDEX= -42|LINEWIDTH=1|LOCATIONCOUNT=2|UNIQUEID=GHSUSHSC|X1=870|X2=810|Y1=910|Y2=910|
RECORD=27|LINENO= 175|OWNERPARTID=   0|OWNERINDEX= -42|LINEWIDTH=1|LOCATIONCOUNT=2|UNIQUEID=XJPRBCGP|X1=810|X2=870|Y1=890|Y2=890|
RECORD=27|LINENO= 176|OWNERPARTID=   0|OWNERINDEX= -42|LINEWIDTH=1|LOCATIONCOUNT=2|UNIQUEID=WIKSOHYL|X1=810|X2=870|Y1=900|Y2=900|
RECORD=27|LINENO= 177|OWNERPARTID=   0|OWNERINDEX= -42|LINEWIDTH=1|LOCATIONCOUNT=2|UNIQUEID=LEKQMHSX|X1=870|X2=810|Y1=880|Y2=880|
RECORD=27|LINENO= 178|OWNERPARTID=   0|OWNERINDEX= -42|LINEWIDTH=1|LOCATIONCOUNT=2|UNIQUEID=YNFVORWK|X1=810|X2=870|Y1=860|Y2=860|
RECORD=27|LINENO= 179|OWNERPARTID=   0|OWNERINDEX= -42|LINEWIDTH=1|LOCATIONCOUNT=2|UNIQUEID=CIWYFYTW|X1=810|X2=870|Y1=870|Y2=870|
RECORD=27|LINENO= 180|OWNERPARTID=   0|OWNERINDEX= -42|LINEWIDTH=1|LOCATIONCOUNT=2|UNIQUEID=XLHQIMDR|X1=870|X2=810|Y1=850|Y2=850|
RECORD=27|LINENO= 181|OWNERPARTID=   0|OWNERINDEX= -42|LINEWIDTH=1|LOCATIONCOUNT=2|UNIQUEID=VIKBSPKC|X1=810|X2=870|Y1=820|Y2=820|
RECORD=27|LINENO= 182|OWNERPARTID=   0|OWNERINDEX= -42|LINEWIDTH=1|LOCATIONCOUNT=2|UNIQUEID=MXLNTPWC|X1=810|X2=870|Y1=830|Y2=830|
RECORD=27|LINENO= 183|OWNERPARTID=   0|OWNERINDEX= -42|LINEWIDTH=1|LOCATIONCOUNT=2|UNIQUEID=AJCSITGJ|X1=870|X2=810|Y1=810|Y2=810|
RECORD=27|LINENO= 184|OWNERPARTID=   0|OWNERINDEX= -42|LINEWIDTH=1|LOCATIONCOUNT=2|UNIQUEID=TCTDCTRX|X1=810|X2=870|Y1=790|Y2=790|
RECORD=27|LINENO= 185|OWNERPARTID=   0|OWNERINDEX= -42|LINEWIDTH=1|LOCATIONCOUNT=2|UNIQUEID=JLTBGRXI|X1=810|X2=870|Y1=800|Y2=800|
RECORD=27|LINENO= 186|OWNERPARTID=   0|OWNERINDEX= -42|LINEWIDTH=1|LOCATIONCOUNT=2|UNIQUEID=QFFSENBK|X1=870|X2=810|Y1=780|Y2=780|
RECORD=27|LINENO= 187|OWNERPARTID=   0|OWNERINDEX= -42|LINEWIDTH=1|LOCATIONCOUNT=2|UNIQUEID=NENHWLAR|X1=810|X2=870|Y1=760|Y2=760|
RECORD=27|LINENO= 188|OWNERPARTID=   0|OWNERINDEX= -42|LINEWIDTH=1|LOCATIONCOUNT=2|UNIQUEID=RSIVLFEF|X1=870|X2=810|Y1=750|Y2=750|
RECORD=27|LINENO= 189|OWNERPARTID=   0|OWNERINDEX= -42|LINEWIDTH=1|LOCATIONCOUNT=2|UNIQUEID=XTKSYTMV|X1=810|X2=870|Y1=840|Y2=840|
RECORD=27|LINENO= 190|OWNERPARTID=   0|OWNERINDEX= -42|LINEWIDTH=1|LOCATIONCOUNT=2|UNIQUEID=NDDONSOR|X1=810|X2=870|Y1=740|Y2=740|
RECORD=27|LINENO= 191|OWNERPARTID=   0|OWNERINDEX= -42|LINEWIDTH=1|LOCATIONCOUNT=2|UNIQUEID=FXEVUBPF|X1=870|X2=810|Y1=720|Y2=720|
RECORD=27|LINENO= 192|OWNERPARTID=   0|OWNERINDEX= -42|LINEWIDTH=1|LOCATIONCOUNT=2|UNIQUEID=BXNYXRXP|X1=810|X2=870|Y1=710|Y2=710|
RECORD=27|LINENO= 193|OWNERPARTID=   0|OWNERINDEX= -42|LINEWIDTH=1|LOCATIONCOUNT=2|UNIQUEID=GXWYKIOP|X1=810|X2=870|Y1=680|Y2=680|
RECORD=27|LINENO= 194|OWNERPARTID=   0|OWNERINDEX= -42|LINEWIDTH=1|LOCATIONCOUNT=2|UNIQUEID=LNEQPFMK|X1=870|X2=810|Y1=690|Y2=690|
RECORD=27|LINENO= 195|OWNERPARTID=   0|OWNERINDEX= -42|LINEWIDTH=1|LOCATIONCOUNT=2|UNIQUEID=JKPMOCAU|X1=810|X2=870|Y1=670|Y2=670|
RECORD=27|LINENO= 196|OWNERPARTID=   0|OWNERINDEX= -42|LINEWIDTH=1|LOCATIONCOUNT=2|UNIQUEID=OGAAXXDN|X1=870|X2=810|Y1=660|Y2=660|
RECORD=27|LINENO= 197|OWNERPARTID=   0|OWNERINDEX= -42|LINEWIDTH=1|LOCATIONCOUNT=2|UNIQUEID=PHFOJFYB|X1=870|X2=810|Y1=630|Y2=630|
RECORD=27|LINENO= 198|OWNERPARTID=   0|OWNERINDEX= -42|LINEWIDTH=1|LOCATIONCOUNT=2|UNIQUEID=WEEWBURE|X1=470|X2=410|Y1=620|Y2=620|
RECORD=27|LINENO= 199|OWNERPARTID=   0|OWNERINDEX= -42|LINEWIDTH=1|LOCATIONCOUNT=2|UNIQUEID=XUXGADJE|X1=410|X2=470|Y1=650|Y2=650|
RECORD=27|LINENO= 200|OWNERPARTID=   0|OWNERINDEX= -42|LINEWIDTH=1|LOCATIONCOUNT=2|UNIQUEID=AFLVXHVJ|X1=470|X2=410|Y1=640|Y2=640|
RECORD=27|LINENO= 201|OWNERPARTID=   0|OWNERINDEX= -42|LINEWIDTH=1|LOCATIONCOUNT=2|UNIQUEID=NXDRNCTS|X1=470|X2=450|Y1=590|Y2=590|
RECORD=27|LINENO= 202|OWNERPARTID=   0|OWNERINDEX= -42|LINEWIDTH=1|LOCATIONCOUNT=2|UNIQUEID=PYVAJFIL|X1=470|X2=450|Y1=580|Y2=580|
RECORD=27|LINENO= 203|OWNERPARTID=   0|OWNERINDEX= -42|LINEWIDTH=1|LOCATIONCOUNT=2|UNIQUEID=LMPVFBVR|X1=470|X2=450|Y1=570|Y2=570|
RECORD=27|LINENO= 204|OWNERPARTID=   0|OWNERINDEX= -42|LINEWIDTH=1|LOCATIONCOUNT=2|UNIQUEID=SWTNSKTJ|X1=470|X2=450|Y1=560|Y2=560|
RECORD=27|LINENO= 205|OWNERPARTID=   0|OWNERINDEX= -42|LINEWIDTH=1|LOCATIONCOUNT=2|UNIQUEID=GPDUQHHA|X1=430|X2=410|Y1=590|Y2=590|
RECORD=27|LINENO= 206|OWNERPARTID=   0|OWNERINDEX= -42|LINEWIDTH=1|LOCATIONCOUNT=2|UNIQUEID=TCQMMLTN|X1=430|X2=410|Y1=580|Y2=580|
RECORD=27|LINENO= 207|OWNERPARTID=   0|OWNERINDEX= -42|LINEWIDTH=1|LOCATIONCOUNT=2|UNIQUEID=COKPECWG|X1=430|X2=410|Y1=560|Y2=560|
RECORD=27|LINENO= 208|OWNERPARTID=   0|OWNERINDEX= -42|LINEWIDTH=1|LOCATIONCOUNT=2|UNIQUEID=RGCXEQLM|X1=430|X2=410|Y1=570|Y2=570|
RECORD=27|LINENO= 209|OWNERPARTID=   0|OWNERINDEX= -42|LINEWIDTH=1|LOCATIONCOUNT=2|UNIQUEID=WHBEWWFR|X1=90|X2=120|Y1=910|Y2=910|
RECORD=27|LINENO= 210|OWNERPARTID=   0|OWNERINDEX= -42|LINEWIDTH=1|LOCATIONCOUNT=2|UNIQUEID=NCWLAVFR|X1=90|X2=120|Y1=950|Y2=950|
RECORD=27|LINENO= 211|OWNERPARTID=   0|OWNERINDEX= -42|LINEWIDTH=1|LOCATIONCOUNT=7|UNIQUEID=DBJIWPOB|X1=430|X2=410|X3=410|X4=410|X5=410|X6=410|X7=410|Y1=600|Y2=600|Y3=590|Y4=580|Y5=570|Y6=560|Y7=540|
RECORD=27|LINENO= 212|OWNERPARTID=   0|OWNERINDEX= -42|LINEWIDTH=1|LOCATIONCOUNT=2|UNIQUEID=HSKSCSDU|X1=1280|X2=1220|Y1=930|Y2=930|
RECORD=27|LINENO= 213|OWNERPARTID=   0|OWNERINDEX= -42|LINEWIDTH=1|LOCATIONCOUNT=2|UNIQUEID=NJUTJNSS|X1=1220|X2=1280|Y1=920|Y2=920|
RECORD=27|LINENO= 214|OWNERPARTID=   0|OWNERINDEX= -42|LINEWIDTH=1|LOCATIONCOUNT=2|UNIQUEID=BQMQENHS|X1=1220|X2=1280|Y1=910|Y2=910|
RECORD=27|LINENO= 215|OWNERPARTID=   0|OWNERINDEX= -42|LINEWIDTH=1|LOCATIONCOUNT=2|UNIQUEID=KIAIPVGG|X1=1280|X2=1220|Y1=790|Y2=790|
RECORD=27|LINENO= 216|OWNERPARTID=   0|OWNERINDEX= -42|LINEWIDTH=1|LOCATIONCOUNT=2|UNIQUEID=CHXRHHCM|X1=1280|X2=1220|Y1=780|Y2=780|
RECORD=27|LINENO= 217|OWNERPARTID=   0|OWNERINDEX= -42|LINEWIDTH=1|LOCATIONCOUNT=2|UNIQUEID=VJJYBLMN|X1=1280|X2=1220|Y1=770|Y2=770|
RECORD=25|LINENO= 218|OWNERPARTID=   0|OWNERINDEX= -42|FONTID=1|LOCATION.X=410|LOCATION.Y=880|TEXT=SDI_NRF|UNIQUEID=QABNGFJX|
RECORD=25|LINENO= 219|OWNERPARTID=   0|OWNERINDEX= -42|FONTID=1|LOCATION.X=410|LOCATION.Y=800|TEXT=SCK_NRF|UNIQUEID=JKPNXWJC|
RECORD=25|LINENO= 220|OWNERPARTID=   0|OWNERINDEX= -42|FONTID=1|LOCATION.X=410|LOCATION.Y=910|TEXT=SDO_NRF|UNIQUEID=JYYNTXMU|
RECORD=25|LINENO= 221|OWNERPARTID=   0|OWNERINDEX= -42|FONTID=1|LOCATION.X=1220|LOCATION.Y=920|TEXT=SDO_NRF|UNIQUEID=XJOKDDGR|
RECORD=25|LINENO= 222|OWNERPARTID=   0|OWNERINDEX= -42|FONTID=1|LOCATION.X=1220|LOCATION.Y=930|TEXT=SDI_NRF|UNIQUEID=QVAQVDKC|
RECORD=25|LINENO= 223|OWNERPARTID=   0|OWNERINDEX= -42|FONTID=1|LOCATION.X=1220|LOCATION.Y=910|TEXT=SCK_NRF|UNIQUEID=TCXNVRIB|
RECORD=27|LINENO= 224|OWNERPARTID=   0|OWNERINDEX= -42|LINEWIDTH=1|LOCATIONCOUNT=2|UNIQUEID=EYNGTDOR|X1=1380|X2=1330|Y1=870|Y2=870|
RECORD=27|LINENO= 225|OWNERPARTID=   0|OWNERINDEX= -42|LINEWIDTH=1|LOCATIONCOUNT=2|UNIQUEID=OLSSMLCI|X1=1380|X2=1310|Y1=840|Y2=840|
RECORD=27|LINENO= 226|OWNERPARTID=   0|OWNERINDEX= -42|LINEWIDTH=1|LOCATIONCOUNT=2|UNIQUEID=OMACFETG|X1=1380|X2=1330|Y1=730|Y2=730|
RECORD=25|LINENO= 227|OWNERPARTID=   0|OWNERINDEX= -42|FONTID=1|LOCATION.X=1220|LOCATION.Y=780|TEXT=SDO_DW|UNIQUEID=YOFIQLLL|
RECORD=25|LINENO= 228|OWNERPARTID=   0|OWNERINDEX= -42|FONTID=1|LOCATION.X=1220|LOCATION.Y=790|TEXT=SDI_DW|UNIQUEID=GTPMMHRH|
RECORD=25|LINENO= 229|OWNERPARTID=   0|OWNERINDEX= -42|FONTID=1|LOCATION.X=1220|LOCATION.Y=770|TEXT=SCK_DW|UNIQUEID=NENVUVKA|
RECORD=25|LINENO= 230|OWNERPARTID=   0|OWNERINDEX= -42|FONTID=1|LOCATION.X=1330|LOCATION.Y=870|TEXT=NRF_CS|UNIQUEID=THQXEJDP|
RECORD=25|LINENO= 231|OWNERPARTID=   0|OWNERINDEX= -42|FONTID=1|LOCATION.X=1330|LOCATION.Y=730|TEXT=DW_CS|UNIQUEID=EXJBDPJM|
RECORD=25|LINENO= 232|OWNERPARTID=   0|OWNERINDEX= -42|FONTID=1|LOCATION.X=1310|LOCATION.Y=840|TEXT=NRF_GND_EN|UNIQUEID=WVKFEIJP|
RECORD= 1|LINENO= 233|OWNERPARTID=   0|OWNERINDEX= -42|AREACOLOR=11599871|COMPONENTDESCRIPTION=16-Bit Microcontroller and Digital Signal Controller with High-Speed PWM, USB and Advanced Analog, 70 MIPS, 53 I/O, PMP, -40 to 85 degC, 64-pin TQFP (PT64), Tray|CURRENTPARTID=1|DESIGNITEMID=DSPIC33EP512GP806-I/PT|DISPLAYMODECOUNT=1|LIBRARYPATH=*|LIBREFERENCE=DSPIC33EP512GP806-I/PT|LOCATION.X=490|LOCATION.Y=930|PARTCOUNT=2|PARTIDLOCKED=T|SOURCELIBRARYNAME=Microchip dsPIC33E.IntLib|TARGETFILENAME=*|UNIQUEID=FUVNFDQR|
RECORD=14|LINENO= 234|OWNERPARTID=   2|OWNERINDEX= 233|AREACOLOR=11599871|CORNER.X=790|CORNER.Y=930|ISSOLID=T|LOCATION.X=490|LOCATION.Y=550|
RECORD= 2|LINENO= 235|OWNERPARTID=   2|OWNERINDEX= 233|%UTF8%SWAPIDPART=Â¦&Â¦1|DESIGNATOR=1|ELECTRICAL=1|FORMALTYPE=1|LOCATION.X=790|LOCATION.Y=810|NAME=AN29/PMD5/RP85/RE5|PINCONGLOMERATE=56|PINLENGTH=20|SWAPIDPART=Ž&Ž1|
RECORD=41|LINENO= 236|OWNERPARTID=   0|OWNERINDEX= 235|FONTID=1|ISHIDDEN=T|LOCATION.X=790|LOCATION.Y=810|NAME=PinUniqueId|TEXT=DRSAKAIE|UNIQUEID=YLNSICXO|
RECORD= 2|LINENO= 237|OWNERPARTID=   2|OWNERINDEX= 233|%UTF8%SWAPIDPART=Â¦&Â¦1|DESIGNATOR=2|ELECTRICAL=1|FORMALTYPE=1|LOCATION.X=790|LOCATION.Y=800|NAME=AN30/PMD6/RPI86/RE6|PINCONGLOMERATE=56|PINLENGTH=20|SWAPIDPART=Ž&Ž1|
RECORD=41|LINENO= 238|OWNERPARTID=   0|OWNERINDEX= 237|FONTID=1|ISHIDDEN=T|LOCATION.X=790|LOCATION.Y=800|NAME=PinUniqueId|TEXT=RHPRADDF|UNIQUEID=HEPXJEAR|
RECORD= 2|LINENO= 239|OWNERPARTID=   2|OWNERINDEX= 233|%UTF8%SWAPIDPART=Â¦&Â¦1|DESIGNATOR=3|ELECTRICAL=1|FORMALTYPE=1|LOCATION.X=790|LOCATION.Y=790|NAME=AN31/PMD7/RP87/RE7|PINCONGLOMERATE=56|PINLENGTH=20|SWAPIDPART=Ž&Ž1|
RECORD=41|LINENO= 240|OWNERPARTID=   0|OWNERINDEX= 239|FONTID=1|ISHIDDEN=T|LOCATION.X=790|LOCATION.Y=790|NAME=PinUniqueId|TEXT=UTWHQYVS|UNIQUEID=FSXSPQPH|
RECORD= 2|LINENO= 241|OWNERPARTID=   2|OWNERINDEX= 233|%UTF8%SWAPIDPART=Â¦&Â¦1|DESIGNATOR=4|ELECTRICAL=1|FORMALTYPE=1|LOCATION.X=790|LOCATION.Y=670|NAME=C1IN3-/SCK2/PMA5/RP118/RG6|PINCONGLOMERATE=56|PINLENGTH=20|SWAPIDPART=Ž&Ž1|SYMBOL_INNEREDGE=3|
RECORD=41|LINENO= 242|OWNERPARTID=   0|OWNERINDEX= 241|FONTID=1|ISHIDDEN=T|LOCATION.X=790|LOCATION.Y=670|NAME=PinUniqueId|TEXT=EUHCHGWJ|UNIQUEID=RGJCPWJG|
RECORD= 2|LINENO= 243|OWNERPARTID=   2|OWNERINDEX= 233|%UTF8%SWAPIDPART=Â¦&Â¦1|DESIGNATOR=5|ELECTRICAL=1|FORMALTYPE=1|LOCATION.X=790|LOCATION.Y=660|NAME=C1IN1-/SDI2/PMA4/RPI119/RG7|PINCONGLOMERATE=56|PINLENGTH=20|SWAPIDPART=Ž&Ž1|
RECORD=41|LINENO= 244|OWNERPARTID=   0|OWNERINDEX= 243|FONTID=1|ISHIDDEN=T|LOCATION.X=790|LOCATION.Y=660|NAME=PinUniqueId|TEXT=FJQNTFER|UNIQUEID=TIBCYCBF|
RECORD= 2|LINENO= 245|OWNERPARTID=   2|OWNERINDEX= 233|%UTF8%SWAPIDPART=Â¦&Â¦1|DESIGNATOR=6|ELECTRICAL=1|FORMALTYPE=1|LOCATION.X=790|LOCATION.Y=650|NAME=C2IN3-/SDO2/PMA3/RP120/RG8|PINCONGLOMERATE=56|PINLENGTH=20|SWAPIDPART=Ž&Ž1|
RECORD=41|LINENO= 246|OWNERPARTID=   0|OWNERINDEX= 245|FONTID=1|ISHIDDEN=T|LOCATION.X=790|LOCATION.Y=650|NAME=PinUniqueId|TEXT=ODOQPUHW|UNIQUEID=VKXEFOPR|
RECORD= 2|LINENO= 247|OWNERPARTID=   2|OWNERINDEX= 233|%UTF8%SWAPIDPART=Â¦&Â¦1|DESCRIPTION=Master Clear (Reset) input. This pin is an active-low Reset to the device.|DESIGNATOR=7|FORMALTYPE=1|LOCATION.X=490|LOCATION.Y=620|NAME=M\C\L\R\|PINCONGLOMERATE=58|PINLENGTH=20|SWAPIDPART=Ž&Ž1|
RECORD=41|LINENO= 248|OWNERPARTID=   0|OWNERINDEX= 247|FONTID=1|ISHIDDEN=T|LOCATION.X=490|LOCATION.Y=620|NAME=PinUniqueId|TEXT=GCNMYWVS|UNIQUEID=RDRHHLDG|
RECORD= 2|LINENO= 249|OWNERPARTID=   2|OWNERINDEX= 233|%UTF8%SWAPIDPART=Â¦&Â¦1|DESIGNATOR=8|ELECTRICAL=1|FORMALTYPE=1|LOCATION.X=790|LOCATION.Y=640|NAME=C2IN1-/PMA2/RPI121/RG9|PINCONGLOMERATE=56|PINLENGTH=20|SWAPIDPART=Ž&Ž1|
RECORD=41|LINENO= 250|OWNERPARTID=   0|OWNERINDEX= 249|FONTID=1|ISHIDDEN=T|LOCATION.X=790|LOCATION.Y=640|NAME=PinUniqueId|TEXT=GNRXMYLR|UNIQUEID=YDMBOQCF|
RECORD= 2|LINENO= 251|OWNERPARTID=   2|OWNERINDEX= 233|%UTF8%SWAPIDPART=Â¦&Â¦1|DESCRIPTION=Ground reference for logic and I/O pins.|DESIGNATOR=9|ELECTRICAL=7|FORMALTYPE=1|LOCATION.X=790|LOCATION.Y=590|NAME=VSS|PINCONGLOMERATE=56|PINLENGTH=20|SWAPIDPART=Ž&Ž1|
RECORD=41|LINENO= 252|OWNERPARTID=   0|OWNERINDEX= 251|FONTID=1|ISHIDDEN=T|LOCATION.X=790|LOCATION.Y=590|NAME=PinUniqueId|TEXT=QFCVFUHQ|UNIQUEID=GKWDOEMN|
RECORD= 2|LINENO= 253|OWNERPARTID=   2|OWNERINDEX= 233|%UTF8%SWAPIDPART=Â¦&Â¦1|DESCRIPTION=Positive supply for peripheral logic and I/O pins.|DESIGNATOR=10|ELECTRICAL=7|FORMALTYPE=1|LOCATION.X=490|LOCATION.Y=600|NAME=VDD|PINCONGLOMERATE=58|PINLENGTH=20|SWAPIDPART=Ž&Ž1|
RECORD=41|LINENO= 254|OWNERPARTID=   0|OWNERINDEX= 253|FONTID=1|ISHIDDEN=T|LOCATION.X=490|LOCATION.Y=600|NAME=PinUniqueId|TEXT=OBQQVDGO|UNIQUEID=TLWFAQBE|
RECORD= 2|LINENO= 255|OWNERPARTID=   2|OWNERINDEX= 233|%UTF8%SWAPIDPART=Â¦&Â¦1|DESIGNATOR=11|ELECTRICAL=1|FORMALTYPE=1|LOCATION.X=490|LOCATION.Y=870|NAME=AN5/C1IN1+/RPI37/RB5|PINCONGLOMERATE=58|PINLENGTH=20|SWAPIDPART=Ž&Ž1|
RECORD=41|LINENO= 256|OWNERPARTID=   0|OWNERINDEX= 255|FONTID=1|ISHIDDEN=T|LOCATION.X=490|LOCATION.Y=870|NAME=PinUniqueId|TEXT=GVFYPNPU|UNIQUEID=MGWEPGQJ|
RECORD= 2|LINENO= 257|OWNERPARTID=   2|OWNERINDEX= 233|%UTF8%SWAPIDPART=Â¦&Â¦1|DESIGNATOR=12|ELECTRICAL=1|FORMALTYPE=1|LOCATION.X=490|LOCATION.Y=880|NAME=AN4/C1IN2-/RPI36/RB4|PINCONGLOMERATE=58|PINLENGTH=20|SWAPIDPART=Ž&Ž1|
RECORD=41|LINENO= 258|OWNERPARTID=   0|OWNERINDEX= 257|FONTID=1|ISHIDDEN=T|LOCATION.X=490|LOCATION.Y=880|NAME=PinUniqueId|TEXT=FQYROYIR|UNIQUEID=XDTLIBNT|
RECORD= 2|LINENO= 259|OWNERPARTID=   2|OWNERINDEX= 233|%UTF8%SWAPIDPART=Â¦&Â¦1|DESIGNATOR=13|ELECTRICAL=1|FORMALTYPE=1|LOCATION.X=490|LOCATION.Y=890|NAME=AN3/C2IN1+/RPI35/RB3|PINCONGLOMERATE=58|PINLENGTH=20|SWAPIDPART=Ž&Ž1|
RECORD=41|LINENO= 260|OWNERPARTID=   0|OWNERINDEX= 259|FONTID=1|ISHIDDEN=T|LOCATION.X=490|LOCATION.Y=890|NAME=PinUniqueId|TEXT=MCQLTLQB|UNIQUEID=OKBUIKVN|
RECORD= 2|LINENO= 261|OWNERPARTID=   2|OWNERINDEX= 233|%UTF8%SWAPIDPART=Â¦&Â¦1|DESIGNATOR=14|ELECTRICAL=1|FORMALTYPE=1|LOCATION.X=490|LOCATION.Y=900|NAME=AN2/C2IN2-/RPI34/RB2|PINCONGLOMERATE=58|PINLENGTH=20|SWAPIDPART=Ž&Ž1|
RECORD=41|LINENO= 262|OWNERPARTID=   0|OWNERINDEX= 261|FONTID=1|ISHIDDEN=T|LOCATION.X=490|LOCATION.Y=900|NAME=PinUniqueId|TEXT=TJTKRTWO|UNIQUEID=NUFNFVDT|
RECORD= 2|LINENO= 263|OWNERPARTID=   2|OWNERINDEX= 233|%UTF8%SWAPIDPART=Â¦&Â¦1|DESIGNATOR=15|ELECTRICAL=1|FORMALTYPE=1|LOCATION.X=490|LOCATION.Y=910|NAME=PGEC3/AN1/VREF-/RPI33/RB1|PINCONGLOMERATE=58|PINLENGTH=20|SWAPIDPART=Ž&Ž1|SYMBOL_INNEREDGE=3|
RECORD=41|LINENO= 264|OWNERPARTID=   0|OWNERINDEX= 263|FONTID=1|ISHIDDEN=T|LOCATION.X=490|LOCATION.Y=910|NAME=PinUniqueId|TEXT=VGGAKDVD|UNIQUEID=HSVQGHXJ|
RECORD= 2|LINENO= 265|OWNERPARTID=   2|OWNERINDEX= 233|%UTF8%SWAPIDPART=Â¦&Â¦1|DESIGNATOR=16|ELECTRICAL=1|FORMALTYPE=1|LOCATION.X=490|LOCATION.Y=920|NAME=PGED3/AN0/VREF+/RPI32/RB0|PINCONGLOMERATE=58|PINLENGTH=20|SWAPIDPART=Ž&Ž1|
RECORD=41|LINENO= 266|OWNERPARTID=   0|OWNERINDEX= 265|FONTID=1|ISHIDDEN=T|LOCATION.X=490|LOCATION.Y=920|NAME=PinUniqueId|TEXT=YPQQDLTN|UNIQUEID=LHYUQNHC|
RECORD= 2|LINENO= 267|OWNERPARTID=   2|OWNERINDEX= 233|%UTF8%SWAPIDPART=Â¦&Â¦1|DESIGNATOR=17|ELECTRICAL=1|FORMALTYPE=1|LOCATION.X=490|LOCATION.Y=860|NAME=PGEC1/AN6/RPI38/RB6|PINCONGLOMERATE=58|PINLENGTH=20|SWAPIDPART=Ž&Ž1|SYMBOL_INNEREDGE=3|
RECORD=41|LINENO= 268|OWNERPARTID=   0|OWNERINDEX= 267|FONTID=1|ISHIDDEN=T|LOCATION.X=490|LOCATION.Y=860|NAME=PinUniqueId|TEXT=IAUYQMCQ|UNIQUEID=MGPGWTMC|
RECORD= 2|LINENO= 269|OWNERPARTID=   2|OWNERINDEX= 233|%UTF8%SWAPIDPART=Â¦&Â¦1|DESIGNATOR=18|ELECTRICAL=1|FORMALTYPE=1|LOCATION.X=490|LOCATION.Y=850|NAME=PGED1/AN7/RCV/RPI39/RB7|PINCONGLOMERATE=58|PINLENGTH=20|SWAPIDPART=Ž&Ž1|
RECORD=41|LINENO= 270|OWNERPARTID=   0|OWNERINDEX= 269|FONTID=1|ISHIDDEN=T|LOCATION.X=490|LOCATION.Y=850|NAME=PinUniqueId|TEXT=JDMEYWIO|UNIQUEID=VQDCHEWO|
RECORD= 2|LINENO= 271|OWNERPARTID=   2|OWNERINDEX= 233|%UTF8%SWAPIDPART=Â¦&Â¦1|DESCRIPTION=Positive supply for analog modules. This pin must be connected at all times.|DESIGNATOR=19|ELECTRICAL=7|FORMALTYPE=1|LOCATION.X=490|LOCATION.Y=560|NAME=AVDD|PINCONGLOMERATE=58|PINLENGTH=20|SWAPIDPART=Ž&Ž1|
RECORD=41|LINENO= 272|OWNERPARTID=   0|OWNERINDEX= 271|FONTID=1|ISHIDDEN=T|LOCATION.X=490|LOCATION.Y=560|NAME=PinUniqueId|TEXT=TRXBPXXO|UNIQUEID=MIUYGWOU|
RECORD= 2|LINENO= 273|OWNERPARTID=   2|OWNERINDEX= 233|%UTF8%SWAPIDPART=Â¦&Â¦1|DESCRIPTION=Ground reference for analog modules.|DESIGNATOR=20|ELECTRICAL=7|FORMALTYPE=1|LOCATION.X=790|LOCATION.Y=560|NAME=AVSS|PINCONGLOMERATE=56|PINLENGTH=20|SWAPIDPART=Ž&Ž1|
RECORD=41|LINENO= 274|OWNERPARTID=   0|OWNERINDEX= 273|FONTID=1|ISHIDDEN=T|LOCATION.X=790|LOCATION.Y=560|NAME=PinUniqueId|TEXT=OMQPUBJV|UNIQUEID=MKIDCXIP|
RECORD= 2|LINENO= 275|OWNERPARTID=   2|OWNERINDEX= 233|%UTF8%SWAPIDPART=Â¦&Â¦1|DESIGNATOR=21|ELECTRICAL=1|FORMALTYPE=1|LOCATION.X=490|LOCATION.Y=840|NAME=AN8/PMA6/RPI40/RB8|PINCONGLOMERATE=58|PINLENGTH=20|SWAPIDPART=Ž&Ž1|
RECORD=41|LINENO= 276|OWNERPARTID=   0|OWNERINDEX= 275|FONTID=1|ISHIDDEN=T|LOCATION.X=490|LOCATION.Y=840|NAME=PinUniqueId|TEXT=KGDBQLEA|UNIQUEID=NBPMHGQW|
RECORD= 2|LINENO= 277|OWNERPARTID=   2|OWNERINDEX= 233|%UTF8%SWAPIDPART=Â¦&Â¦1|DESIGNATOR=22|ELECTRICAL=1|FORMALTYPE=1|LOCATION.X=490|LOCATION.Y=830|NAME=AN9/PMA7/RPI41/RB9|PINCONGLOMERATE=58|PINLENGTH=20|SWAPIDPART=Ž&Ž1|
RECORD=41|LINENO= 278|OWNERPARTID=   0|OWNERINDEX= 277|FONTID=1|ISHIDDEN=T|LOCATION.X=490|LOCATION.Y=830|NAME=PinUniqueId|TEXT=TASWKDBO|UNIQUEID=LUKLNYNV|
RECORD= 2|LINENO= 279|OWNERPARTID=   2|OWNERINDEX= 233|%UTF8%SWAPIDPART=Â¦&Â¦1|DESIGNATOR=23|ELECTRICAL=1|FORMALTYPE=1|LOCATION.X=490|LOCATION.Y=820|NAME=TMS/AN10/CVREF/PMA13/RPI42/RB10|PINCONGLOMERATE=58|PINLENGTH=20|SWAPIDPART=Ž&Ž1|
RECORD=41|LINENO= 280|OWNERPARTID=   0|OWNERINDEX= 279|FONTID=1|ISHIDDEN=T|LOCATION.X=490|LOCATION.Y=820|NAME=PinUniqueId|TEXT=HRPMYBBW|UNIQUEID=ECCPDDTA|
RECORD= 2|LINENO= 281|OWNERPARTID=   2|OWNERINDEX= 233|%UTF8%SWAPIDPART=Â¦&Â¦1|DESIGNATOR=24|ELECTRICAL=1|FORMALTYPE=1|LOCATION.X=490|LOCATION.Y=810|NAME=TDO/AN11/PMA12/RPI43/RB11|PINCONGLOMERATE=58|PINLENGTH=20|SWAPIDPART=Ž&Ž1|
RECORD=41|LINENO= 282|OWNERPARTID=   0|OWNERINDEX= 281|FONTID=1|ISHIDDEN=T|LOCATION.X=490|LOCATION.Y=810|NAME=PinUniqueId|TEXT=FDOBAVWN|UNIQUEID=FXOBESUY|
RECORD= 2|LINENO= 283|OWNERPARTID=   2|OWNERINDEX= 233|%UTF8%SWAPIDPART=Â¦&Â¦1|DESCRIPTION=Ground reference for logic and I/O pins.|DESIGNATOR=25|ELECTRICAL=7|FORMALTYPE=1|LOCATION.X=790|LOCATION.Y=580|NAME=VSS|PINCONGLOMERATE=56|PINLENGTH=20|SWAPIDPART=Ž&Ž1|
RECORD=41|LINENO= 284|OWNERPARTID=   0|OWNERINDEX= 283|FONTID=1|ISHIDDEN=T|LOCATION.X=790|LOCATION.Y=580|NAME=PinUniqueId|TEXT=RFFKVRDP|UNIQUEID=TECUWSFL|
RECORD= 2|LINENO= 285|OWNERPARTID=   2|OWNERINDEX= 233|%UTF8%SWAPIDPART=Â¦&Â¦1|DESCRIPTION=Positive supply for peripheral logic and I/O pins.|DESIGNATOR=26|ELECTRICAL=7|FORMALTYPE=1|LOCATION.X=490|LOCATION.Y=590|NAME=VDD|PINCONGLOMERATE=58|PINLENGTH=20|SWAPIDPART=Ž&Ž1|
RECORD=41|LINENO= 286|OWNERPARTID=   0|OWNERINDEX= 285|FONTID=1|ISHIDDEN=T|LOCATION.X=490|LOCATION.Y=590|NAME=PinUniqueId|TEXT=MMCXRORW|UNIQUEID=IVGVCCSH|
RECORD= 2|LINENO= 287|OWNERPARTID=   2|OWNERINDEX= 233|%UTF8%SWAPIDPART=Â¦&Â¦1|DESIGNATOR=27|ELECTRICAL=1|FORMALTYPE=1|LOCATION.X=490|LOCATION.Y=800|NAME=TCK/AN12/PMA11/RPI44/RB12|PINCONGLOMERATE=58|PINLENGTH=20|SWAPIDPART=Ž&Ž1|SYMBOL_INNEREDGE=3|
RECORD=41|LINENO= 288|OWNERPARTID=   0|OWNERINDEX= 287|FONTID=1|ISHIDDEN=T|LOCATION.X=490|LOCATION.Y=800|NAME=PinUniqueId|TEXT=LDOXKQES|UNIQUEID=XDBCSGPD|
RECORD= 2|LINENO= 289|OWNERPARTID=   2|OWNERINDEX= 233|%UTF8%SWAPIDPART=Â¦&Â¦1|DESIGNATOR=28|ELECTRICAL=1|FORMALTYPE=1|LOCATION.X=490|LOCATION.Y=790|NAME=TDI/AN13/PMA10/RPI45/RB13|PINCONGLOMERATE=58|PINLENGTH=20|SWAPIDPART=Ž&Ž1|
RECORD=41|LINENO= 290|OWNERPARTID=   0|OWNERINDEX= 289|FONTID=1|ISHIDDEN=T|LOCATION.X=490|LOCATION.Y=790|NAME=PinUniqueId|TEXT=FCJWBKKU|UNIQUEID=UAYTHQDI|
RECORD= 2|LINENO= 291|OWNERPARTID=   2|OWNERINDEX= 233|%UTF8%SWAPIDPART=Â¦&Â¦1|DESIGNATOR=29|ELECTRICAL=1|FORMALTYPE=1|LOCATION.X=490|LOCATION.Y=780|NAME=AN14/PMA1/RPI46/RB14|PINCONGLOMERATE=58|PINLENGTH=20|SWAPIDPART=Ž&Ž1|
RECORD=41|LINENO= 292|OWNERPARTID=   0|OWNERINDEX= 291|FONTID=1|ISHIDDEN=T|LOCATION.X=490|LOCATION.Y=780|NAME=PinUniqueId|TEXT=RNQXTNCR|UNIQUEID=XDDMNCVC|
RECORD= 2|LINENO= 293|OWNERPARTID=   2|OWNERINDEX= 233|%UTF8%SWAPIDPART=Â¦&Â¦1|DESIGNATOR=30|ELECTRICAL=1|FORMALTYPE=1|LOCATION.X=490|LOCATION.Y=770|NAME=AN15/PMA0/RPI47/RB15|PINCONGLOMERATE=58|PINLENGTH=20|SWAPIDPART=Ž&Ž1|
RECORD=41|LINENO= 294|OWNERPARTID=   0|OWNERINDEX= 293|FONTID=1|ISHIDDEN=T|LOCATION.X=490|LOCATION.Y=770|NAME=PinUniqueId|TEXT=EQMKJQFE|UNIQUEID=ODLACUFV|
RECORD= 2|LINENO= 295|OWNERPARTID=   2|OWNERINDEX= 233|%UTF8%SWAPIDPART=Â¦&Â¦1|DESIGNATOR=31|ELECTRICAL=1|FORMALTYPE=1|LOCATION.X=790|LOCATION.Y=730|NAME=SDA2/PMA9/RP100/RF4|PINCONGLOMERATE=56|PINLENGTH=20|SWAPIDPART=Ž&Ž1|
RECORD=41|LINENO= 296|OWNERPARTID=   0|OWNERINDEX= 295|FONTID=1|ISHIDDEN=T|LOCATION.X=790|LOCATION.Y=730|NAME=PinUniqueId|TEXT=WYEWMSYM|UNIQUEID=CWYXGGYF|
RECORD= 2|LINENO= 297|OWNERPARTID=   2|OWNERINDEX= 233|%UTF8%SWAPIDPART=Â¦&Â¦1|DESIGNATOR=32|ELECTRICAL=1|FORMALTYPE=1|LOCATION.X=790|LOCATION.Y=720|NAME=SCL2/PMA8/RP101/RF5|PINCONGLOMERATE=56|PINLENGTH=20|SWAPIDPART=Ž&Ž1|SYMBOL_INNEREDGE=3|
RECORD=41|LINENO= 298|OWNERPARTID=   0|OWNERINDEX= 297|FONTID=1|ISHIDDEN=T|LOCATION.X=790|LOCATION.Y=720|NAME=PinUniqueId|TEXT=BPPTERHG|UNIQUEID=TPICRYBC|
RECORD= 2|LINENO= 299|OWNERPARTID=   2|OWNERINDEX= 233|%UTF8%SWAPIDPART=Â¦&Â¦1|DESIGNATOR=33|ELECTRICAL=1|FORMALTYPE=1|LOCATION.X=790|LOCATION.Y=740|NAME=RP99/RF3|PINCONGLOMERATE=56|PINLENGTH=20|SWAPIDPART=Ž&Ž1|
RECORD=41|LINENO= 300|OWNERPARTID=   0|OWNERINDEX= 299|FONTID=1|ISHIDDEN=T|LOCATION.X=790|LOCATION.Y=740|NAME=PinUniqueId|TEXT=PBBMFHWI|UNIQUEID=JSVUKECY|
RECORD= 2|LINENO= 301|OWNERPARTID=   2|OWNERINDEX= 233|%UTF8%SWAPIDPART=Â¦&Â¦1|DESIGNATOR=34|ELECTRICAL=1|FORMALTYPE=1|LOCATION.X=790|LOCATION.Y=750|NAME=RP98/RF2|PINCONGLOMERATE=56|PINLENGTH=20|SWAPIDPART=Ž&Ž1|
RECORD=41|LINENO= 302|OWNERPARTID=   0|OWNERINDEX= 301|FONTID=1|ISHIDDEN=T|LOCATION.X=790|LOCATION.Y=750|NAME=PinUniqueId|TEXT=PJPVTJWJ|UNIQUEID=JOHGMVCV|
RECORD= 2|LINENO= 303|OWNERPARTID=   2|OWNERINDEX= 233|%UTF8%SWAPIDPART=Â¦&Â¦1|DESIGNATOR=35|ELECTRICAL=1|FORMALTYPE=1|LOCATION.X=790|LOCATION.Y=710|NAME=RP102/RF6|PINCONGLOMERATE=56|PINLENGTH=20|SWAPIDPART=Ž&Ž1|
RECORD=41|LINENO= 304|OWNERPARTID=   0|OWNERINDEX= 303|FONTID=1|ISHIDDEN=T|LOCATION.X=790|LOCATION.Y=710|NAME=PinUniqueId|TEXT=VJTEXJXK|UNIQUEID=PXHUJFKC|
RECORD= 2|LINENO= 305|OWNERPARTID=   2|OWNERINDEX= 233|%UTF8%SWAPIDPART=Â¦&Â¦1|DESIGNATOR=36|ELECTRICAL=1|FORMALTYPE=1|LOCATION.X=790|LOCATION.Y=680|NAME=SDA1/RG3|PINCONGLOMERATE=56|PINLENGTH=20|SWAPIDPART=Ž&Ž1|
RECORD=41|LINENO= 306|OWNERPARTID=   0|OWNERINDEX= 305|FONTID=1|ISHIDDEN=T|LOCATION.X=790|LOCATION.Y=680|NAME=PinUniqueId|TEXT=IOITMDDS|UNIQUEID=NGWIOLNX|
RECORD= 2|LINENO= 307|OWNERPARTID=   2|OWNERINDEX= 233|%UTF8%SWAPIDPART=Â¦&Â¦1|DESIGNATOR=37|ELECTRICAL=1|FORMALTYPE=1|LOCATION.X=790|LOCATION.Y=690|NAME=SCL1/RG2|PINCONGLOMERATE=56|PINLENGTH=20|SWAPIDPART=Ž&Ž1|SYMBOL_INNEREDGE=3|
RECORD=41|LINENO= 308|OWNERPARTID=   0|OWNERINDEX= 307|FONTID=1|ISHIDDEN=T|LOCATION.X=790|LOCATION.Y=690|NAME=PinUniqueId|TEXT=IVAAMFCL|UNIQUEID=CVIHBRCD|
RECORD= 2|LINENO= 309|OWNERPARTID=   2|OWNERINDEX= 233|%UTF8%SWAPIDPART=Â¦&Â¦1|DESCRIPTION=Positive supply for peripheral logic and I/O pins.|DESIGNATOR=38|ELECTRICAL=7|FORMALTYPE=1|LOCATION.X=490|LOCATION.Y=580|NAME=VDD|PINCONGLOMERATE=58|PINLENGTH=20|SWAPIDPART=Ž&Ž1|
RECORD=41|LINENO= 310|OWNERPARTID=   0|OWNERINDEX= 309|FONTID=1|ISHIDDEN=T|LOCATION.X=490|LOCATION.Y=580|NAME=PinUniqueId|TEXT=SEKMHEDV|UNIQUEID=CWOKDLSX|
RECORD= 2|LINENO= 311|OWNERPARTID=   2|OWNERINDEX= 233|%UTF8%SWAPIDPART=Â¦&Â¦1|DESIGNATOR=39|ELECTRICAL=1|FORMALTYPE=1|LOCATION.X=790|LOCATION.Y=920|NAME=OSC1/RPI60/RC12|PINCONGLOMERATE=56|PINLENGTH=20|SWAPIDPART=Ž&Ž1|
RECORD=41|LINENO= 312|OWNERPARTID=   0|OWNERINDEX= 311|FONTID=1|ISHIDDEN=T|LOCATION.X=790|LOCATION.Y=920|NAME=PinUniqueId|TEXT=FUTLANHN|UNIQUEID=ACHKCDGJ|
RECORD= 2|LINENO= 313|OWNERPARTID=   2|OWNERINDEX= 233|%UTF8%SWAPIDPART=Â¦&Â¦1|DESIGNATOR=40|ELECTRICAL=1|FORMALTYPE=1|LOCATION.X=790|LOCATION.Y=890|NAME=OSC2/CLKO/RC15|PINCONGLOMERATE=56|PINLENGTH=20|SWAPIDPART=Ž&Ž1|
RECORD=41|LINENO= 314|OWNERPARTID=   0|OWNERINDEX= 313|FONTID=1|ISHIDDEN=T|LOCATION.X=790|LOCATION.Y=890|NAME=PinUniqueId|TEXT=UQDQAQTM|UNIQUEID=VFNLYGUX|
RECORD= 2|LINENO= 315|OWNERPARTID=   2|OWNERINDEX= 233|%UTF8%SWAPIDPART=Â¦&Â¦1|DESCRIPTION=Ground reference for logic and I/O pins.|DESIGNATOR=41|ELECTRICAL=7|FORMALTYPE=1|LOCATION.X=790|LOCATION.Y=570|NAME=VSS|PINCONGLOMERATE=56|PINLENGTH=20|SWAPIDPART=Ž&Ž1|
RECORD=41|LINENO= 316|OWNERPARTID=   0|OWNERINDEX= 315|FONTID=1|ISHIDDEN=T|LOCATION.X=790|LOCATION.Y=570|NAME=PinUniqueId|TEXT=GEEQIMET|UNIQUEID=URSLLKVJ|
RECORD= 2|LINENO= 317|OWNERPARTID=   2|OWNERINDEX= 233|%UTF8%SWAPIDPART=Â¦&Â¦1|DESIGNATOR=42|ELECTRICAL=1|FORMALTYPE=1|LOCATION.X=490|LOCATION.Y=670|NAME=RTCC/RPI72/RD8|PINCONGLOMERATE=58|PINLENGTH=20|SWAPIDPART=Ž&Ž1|
RECORD=41|LINENO= 318|OWNERPARTID=   0|OWNERINDEX= 317|FONTID=1|ISHIDDEN=T|LOCATION.X=490|LOCATION.Y=670|NAME=PinUniqueId|TEXT=OHMCBXSF|UNIQUEID=FLQBVGSC|
RECORD= 2|LINENO= 319|OWNERPARTID=   2|OWNERINDEX= 233|%UTF8%SWAPIDPART=Â¦&Â¦1|DESIGNATOR=43|ELECTRICAL=1|FORMALTYPE=1|LOCATION.X=490|LOCATION.Y=660|NAME=ASDA1/RPI73/RD9|PINCONGLOMERATE=58|PINLENGTH=20|SWAPIDPART=Ž&Ž1|
RECORD=41|LINENO= 320|OWNERPARTID=   0|OWNERINDEX= 319|FONTID=1|ISHIDDEN=T|LOCATION.X=490|LOCATION.Y=660|NAME=PinUniqueId|TEXT=NUNOJDCU|UNIQUEID=PIKQUYRP|
RECORD= 2|LINENO= 321|OWNERPARTID=   2|OWNERINDEX= 233|%UTF8%SWAPIDPART=Â¦&Â¦1|DESIGNATOR=44|ELECTRICAL=1|FORMALTYPE=1|LOCATION.X=490|LOCATION.Y=650|NAME=ASCL1/PMCS2/RPI74/RD10|PINCONGLOMERATE=58|PINLENGTH=20|SWAPIDPART=Ž&Ž1|SYMBOL_INNEREDGE=3|
RECORD=41|LINENO= 322|OWNERPARTID=   0|OWNERINDEX= 321|FONTID=1|ISHIDDEN=T|LOCATION.X=490|LOCATION.Y=650|NAME=PinUniqueId|TEXT=KEBSQPJC|UNIQUEID=NNOYWYIL|
RECORD= 2|LINENO= 323|OWNERPARTID=   2|OWNERINDEX= 233|%UTF8%SWAPIDPART=Â¦&Â¦1|DESIGNATOR=45|ELECTRICAL=1|FORMALTYPE=1|LOCATION.X=490|LOCATION.Y=640|NAME=PMCS1/RPI75/RD11|PINCONGLOMERATE=58|PINLENGTH=20|SWAPIDPART=Ž&Ž1|
RECORD=41|LINENO= 324|OWNERPARTID=   0|OWNERINDEX= 323|FONTID=1|ISHIDDEN=T|LOCATION.X=490|LOCATION.Y=640|NAME=PinUniqueId|TEXT=OMFMRHEV|UNIQUEID=TOFVAYEI|
RECORD= 2|LINENO= 325|OWNERPARTID=   2|OWNERINDEX= 233|%UTF8%SWAPIDPART=Â¦&Â¦1|DESIGNATOR=46|ELECTRICAL=1|FORMALTYPE=1|LOCATION.X=490|LOCATION.Y=750|NAME=INT0/RP64/RD0|PINCONGLOMERATE=58|PINLENGTH=20|SWAPIDPART=Ž&Ž1|
RECORD=41|LINENO= 326|OWNERPARTID=   0|OWNERINDEX= 325|FONTID=1|ISHIDDEN=T|LOCATION.X=490|LOCATION.Y=750|NAME=PinUniqueId|TEXT=KQYAFYSK|UNIQUEID=LJJEEHAO|
RECORD= 2|LINENO= 327|OWNERPARTID=   2|OWNERINDEX= 233|%UTF8%SWAPIDPART=Â¦&Â¦1|DESIGNATOR=47|ELECTRICAL=1|FORMALTYPE=1|LOCATION.X=790|LOCATION.Y=910|NAME=PGED2/SOSCI/C3IN3-/RPI61/RC13|PINCONGLOMERATE=56|PINLENGTH=20|SWAPIDPART=Ž&Ž1|
RECORD=41|LINENO= 328|OWNERPARTID=   0|OWNERINDEX= 327|FONTID=1|ISHIDDEN=T|LOCATION.X=790|LOCATION.Y=910|NAME=PinUniqueId|TEXT=AFNNXBBY|UNIQUEID=GWBHJPNC|
RECORD= 2|LINENO= 329|OWNERPARTID=   2|OWNERINDEX= 233|%UTF8%SWAPIDPART=Â¦&Â¦1|DESIGNATOR=48|ELECTRICAL=1|FORMALTYPE=1|LOCATION.X=790|LOCATION.Y=900|NAME=PGEC2/SOSCO/C3IN1-/T1CK/RPI62/RC14|PINCONGLOMERATE=56|PINLENGTH=20|SWAPIDPART=Ž&Ž1|SYMBOL_INNEREDGE=3|
RECORD=41|LINENO= 330|OWNERPARTID=   0|OWNERINDEX= 329|FONTID=1|ISHIDDEN=T|LOCATION.X=790|LOCATION.Y=900|NAME=PinUniqueId|TEXT=CFTVDUJJ|UNIQUEID=NWTACRXG|
RECORD= 2|LINENO= 331|OWNERPARTID=   2|OWNERINDEX= 233|%UTF8%SWAPIDPART=Â¦&Â¦1|DESIGNATOR=49|ELECTRICAL=1|FORMALTYPE=1|LOCATION.X=490|LOCATION.Y=740|NAME=RP65/RD1|PINCONGLOMERATE=58|PINLENGTH=20|SWAPIDPART=Ž&Ž1|
RECORD=41|LINENO= 332|OWNERPARTID=   0|OWNERINDEX= 331|FONTID=1|ISHIDDEN=T|LOCATION.X=490|LOCATION.Y=740|NAME=PinUniqueId|TEXT=YKTSCRAD|UNIQUEID=XBWEKBNM|
RECORD= 2|LINENO= 333|OWNERPARTID=   2|OWNERINDEX= 233|%UTF8%SWAPIDPART=Â¦&Â¦1|DESIGNATOR=50|ELECTRICAL=1|FORMALTYPE=1|LOCATION.X=490|LOCATION.Y=730|NAME=RP66/RD2|PINCONGLOMERATE=58|PINLENGTH=20|SWAPIDPART=Ž&Ž1|
RECORD=41|LINENO= 334|OWNERPARTID=   0|OWNERINDEX= 333|FONTID=1|ISHIDDEN=T|LOCATION.X=490|LOCATION.Y=730|NAME=PinUniqueId|TEXT=OXKDTBJS|UNIQUEID=NKAKSFSC|
RECORD= 2|LINENO= 335|OWNERPARTID=   2|OWNERINDEX= 233|%UTF8%SWAPIDPART=Â¦&Â¦1|DESIGNATOR=51|ELECTRICAL=1|FORMALTYPE=1|LOCATION.X=490|LOCATION.Y=720|NAME=PMBE/RP67/RD3|PINCONGLOMERATE=58|PINLENGTH=20|SWAPIDPART=Ž&Ž1|
RECORD=41|LINENO= 336|OWNERPARTID=   0|OWNERINDEX= 335|FONTID=1|ISHIDDEN=T|LOCATION.X=490|LOCATION.Y=720|NAME=PinUniqueId|TEXT=MBCIDCSO|UNIQUEID=JDPKYWNY|
RECORD= 2|LINENO= 337|OWNERPARTID=   2|OWNERINDEX= 233|%UTF8%SWAPIDPART=Â¦&Â¦1|DESIGNATOR=52|ELECTRICAL=1|FORMALTYPE=1|LOCATION.X=490|LOCATION.Y=710|NAME=PMWR/RP68/RD4|PINCONGLOMERATE=58|PINLENGTH=20|SWAPIDPART=Ž&Ž1|
RECORD=41|LINENO= 338|OWNERPARTID=   0|OWNERINDEX= 337|FONTID=1|ISHIDDEN=T|LOCATION.X=490|LOCATION.Y=710|NAME=PinUniqueId|TEXT=DMHMENIO|UNIQUEID=XRPEJYPI|
RECORD= 2|LINENO= 339|OWNERPARTID=   2|OWNERINDEX= 233|%UTF8%SWAPIDPART=Â¦&Â¦1|DESIGNATOR=53|ELECTRICAL=1|FORMALTYPE=1|LOCATION.X=490|LOCATION.Y=700|NAME=PMRD/RP69/RD5|PINCONGLOMERATE=58|PINLENGTH=20|SWAPIDPART=Ž&Ž1|
RECORD=41|LINENO= 340|OWNERPARTID=   0|OWNERINDEX= 339|FONTID=1|ISHIDDEN=T|LOCATION.X=490|LOCATION.Y=700|NAME=PinUniqueId|TEXT=WVNRITJT|UNIQUEID=WWYFVFGF|
RECORD= 2|LINENO= 341|OWNERPARTID=   2|OWNERINDEX= 233|%UTF8%SWAPIDPART=Â¦&Â¦1|DESIGNATOR=54|ELECTRICAL=1|FORMALTYPE=1|LOCATION.X=490|LOCATION.Y=690|NAME=C3IN2-/RP70/RD6|PINCONGLOMERATE=58|PINLENGTH=20|SWAPIDPART=Ž&Ž1|
RECORD=41|LINENO= 342|OWNERPARTID=   0|OWNERINDEX= 341|FONTID=1|ISHIDDEN=T|LOCATION.X=490|LOCATION.Y=690|NAME=PinUniqueId|TEXT=OLAYMKFV|UNIQUEID=JCMYXAGM|
RECORD= 2|LINENO= 343|OWNERPARTID=   2|OWNERINDEX= 233|%UTF8%SWAPIDPART=Â¦&Â¦1|DESIGNATOR=55|ELECTRICAL=1|FORMALTYPE=1|LOCATION.X=490|LOCATION.Y=680|NAME=C3IN1+/RP71/RD7|PINCONGLOMERATE=58|PINLENGTH=20|SWAPIDPART=Ž&Ž1|
RECORD=41|LINENO= 344|OWNERPARTID=   0|OWNERINDEX= 343|FONTID=1|ISHIDDEN=T|LOCATION.X=490|LOCATION.Y=680|NAME=PinUniqueId|TEXT=KNSYSCLY|UNIQUEID=FSNYERAF|
RECORD= 2|LINENO= 345|OWNERPARTID=   2|OWNERINDEX= 233|%UTF8%SWAPIDPART=Â¦&Â¦1|DESCRIPTION=CPU logic filter capacitor connection.|DESIGNATOR=56|ELECTRICAL=4|FORMALTYPE=1|LOCATION.X=790|LOCATION.Y=620|NAME=VCAP|PINCONGLOMERATE=56|PINLENGTH=20|SWAPIDPART=Ž&Ž1|
RECORD=41|LINENO= 346|OWNERPARTID=   0|OWNERINDEX= 345|FONTID=1|ISHIDDEN=T|LOCATION.X=790|LOCATION.Y=620|NAME=PinUniqueId|TEXT=TLJRIKHF|UNIQUEID=BYWTITRB|
RECORD= 2|LINENO= 347|OWNERPARTID=   2|OWNERINDEX= 233|%UTF8%SWAPIDPART=Â¦&Â¦1|DESCRIPTION=Positive supply for peripheral logic and I/O pins.|DESIGNATOR=57|ELECTRICAL=7|FORMALTYPE=1|LOCATION.X=490|LOCATION.Y=570|NAME=VDD|PINCONGLOMERATE=58|PINLENGTH=20|SWAPIDPART=Ž&Ž1|
RECORD=41|LINENO= 348|OWNERPARTID=   0|OWNERINDEX= 347|FONTID=1|ISHIDDEN=T|LOCATION.X=490|LOCATION.Y=570|NAME=PinUniqueId|TEXT=JVFSQNSW|UNIQUEID=UCQSUYIP|
RECORD= 2|LINENO= 349|OWNERPARTID=   2|OWNERINDEX= 233|%UTF8%SWAPIDPART=Â¦&Â¦1|DESIGNATOR=58|ELECTRICAL=1|FORMALTYPE=1|LOCATION.X=790|LOCATION.Y=770|NAME=RP96/RF0|PINCONGLOMERATE=56|PINLENGTH=20|SWAPIDPART=Ž&Ž1|
RECORD=41|LINENO= 350|OWNERPARTID=   0|OWNERINDEX= 349|FONTID=1|ISHIDDEN=T|LOCATION.X=790|LOCATION.Y=770|NAME=PinUniqueId|TEXT=AHJPGTCQ|UNIQUEID=CPFRBCHD|
RECORD= 2|LINENO= 351|OWNERPARTID=   2|OWNERINDEX= 233|%UTF8%SWAPIDPART=Â¦&Â¦1|DESIGNATOR=59|ELECTRICAL=1|FORMALTYPE=1|LOCATION.X=790|LOCATION.Y=760|NAME=RP97/RF1|PINCONGLOMERATE=56|PINLENGTH=20|SWAPIDPART=Ž&Ž1|
RECORD=41|LINENO= 352|OWNERPARTID=   0|OWNERINDEX= 351|FONTID=1|ISHIDDEN=T|LOCATION.X=790|LOCATION.Y=760|NAME=PinUniqueId|TEXT=VAXQXTGK|UNIQUEID=MMHCXRFP|
RECORD= 2|LINENO= 353|OWNERPARTID=   2|OWNERINDEX= 233|%UTF8%SWAPIDPART=Â¦&Â¦1|DESIGNATOR=60|ELECTRICAL=1|FORMALTYPE=1|LOCATION.X=790|LOCATION.Y=860|NAME=AN24/PMD0/RP80/RE0|PINCONGLOMERATE=56|PINLENGTH=20|SWAPIDPART=Ž&Ž1|
RECORD=41|LINENO= 354|OWNERPARTID=   0|OWNERINDEX= 353|FONTID=1|ISHIDDEN=T|LOCATION.X=790|LOCATION.Y=860|NAME=PinUniqueId|TEXT=LHCCCQJD|UNIQUEID=FPAPLNRE|
RECORD= 2|LINENO= 355|OWNERPARTID=   2|OWNERINDEX= 233|%UTF8%SWAPIDPART=Â¦&Â¦1|DESIGNATOR=61|ELECTRICAL=1|FORMALTYPE=1|LOCATION.X=790|LOCATION.Y=850|NAME=AN25/PMD1/RPI81/RE1|PINCONGLOMERATE=56|PINLENGTH=20|SWAPIDPART=Ž&Ž1|
RECORD=41|LINENO= 356|OWNERPARTID=   0|OWNERINDEX= 355|FONTID=1|ISHIDDEN=T|LOCATION.X=790|LOCATION.Y=850|NAME=PinUniqueId|TEXT=BRMHQXGI|UNIQUEID=OTCRHUQP|
RECORD= 2|LINENO= 357|OWNERPARTID=   2|OWNERINDEX= 233|%UTF8%SWAPIDPART=Â¦&Â¦1|DESIGNATOR=62|ELECTRICAL=1|FORMALTYPE=1|LOCATION.X=790|LOCATION.Y=840|NAME=AN26/PMD2/RP82/RE2|PINCONGLOMERATE=56|PINLENGTH=20|SWAPIDPART=Ž&Ž1|
RECORD=41|LINENO= 358|OWNERPARTID=   0|OWNERINDEX= 357|FONTID=1|ISHIDDEN=T|LOCATION.X=790|LOCATION.Y=840|NAME=PinUniqueId|TEXT=QFPRPGBK|UNIQUEID=VWAWIKTP|
RECORD= 2|LINENO= 359|OWNERPARTID=   2|OWNERINDEX= 233|%UTF8%SWAPIDPART=Â¦&Â¦1|DESIGNATOR=63|ELECTRICAL=1|FORMALTYPE=1|LOCATION.X=790|LOCATION.Y=830|NAME=AN27/PMD3/RPI83/RE3|PINCONGLOMERATE=56|PINLENGTH=20|SWAPIDPART=Ž&Ž1|
RECORD=41|LINENO= 360|OWNERPARTID=   0|OWNERINDEX= 359|FONTID=1|ISHIDDEN=T|LOCATION.X=790|LOCATION.Y=830|NAME=PinUniqueId|TEXT=QEBQHUYX|UNIQUEID=QJHARQBU|
RECORD= 2|LINENO= 361|OWNERPARTID=   2|OWNERINDEX= 233|%UTF8%SWAPIDPART=Â¦&Â¦1|DESIGNATOR=64|ELECTRICAL=1|FORMALTYPE=1|LOCATION.X=790|LOCATION.Y=820|NAME=AN28/PMD4/RP84/RE4|PINCONGLOMERATE=56|PINLENGTH=20|SWAPIDPART=Ž&Ž1|
RECORD=41|LINENO= 362|OWNERPARTID=   0|OWNERINDEX= 361|FONTID=1|ISHIDDEN=T|LOCATION.X=790|LOCATION.Y=820|NAME=PinUniqueId|TEXT=VUCVTWBN|UNIQUEID=XCWBEDMQ|
RECORD=41|LINENO= 363|OWNERPARTID=   0|OWNERINDEX= 233|FONTID=1|ISHIDDEN=T|LOCATION.X=490|LOCATION.Y=930|NAME=DatasheetVersion|TEXT=Rev. G|UNIQUEID=HUEXJXVU|
RECORD=41|LINENO= 364|OWNERPARTID=   0|OWNERINDEX= 233|FONTID=1|ISHIDDEN=T|LOCATION.X=490|LOCATION.Y=930|NAME=PackageVersion|TEXT=C04-085B|UNIQUEID=MQLMFLLS|
RECORD=41|LINENO= 365|OWNERPARTID=   0|OWNERINDEX= 233|FONTID=1|ISHIDDEN=T|LOCATION.X=490|LOCATION.Y=930|NAME=PackageReference|TEXT=TQFP-PT64|UNIQUEID=DVRGSVGK|
RECORD=41|LINENO= 366|OWNERPARTID=   0|OWNERINDEX= 233|FONTID=1|ISHIDDEN=T|LOCATION.X=490|LOCATION.Y=930|NAME=PackageDescription|TEXT=64-Lead Plastic Thin Quad FlatPack, 10 x 10 mm Body, 0.5 mm Pitch|UNIQUEID=QPPTPFCY|
RECORD=41|LINENO= 367|OWNERPARTID=   0|OWNERINDEX= 233|FONTID=1|ISHIDDEN=T|LOCATION.X=490|LOCATION.Y=930|NAME=Supplier 1|TEXT=Digi-Key|UNIQUEID=BWWGEJJV|
RECORD=41|LINENO= 368|OWNERPARTID=   0|OWNERINDEX= 233|FONTID=1|ISHIDDEN=T|LOCATION.X=490|LOCATION.Y=930|NAME=Supplier Part Number 1|TEXT=DSPIC33EP512GP806-I/PT-ND|UNIQUEID=MUCTJJWP|
RECORD=41|LINENO= 369|OWNERPARTID=   0|OWNERINDEX= 233|FONTID=1|ISHIDDEN=T|LOCATION.X=490|LOCATION.Y=930|NAME=Supplier 2|TEXT=Newark|UNIQUEID=IAHUQNJO|
RECORD=41|LINENO= 370|OWNERPARTID=   0|OWNERINDEX= 233|FONTID=1|ISHIDDEN=T|LOCATION.X=490|LOCATION.Y=930|NAME=Supplier Part Number 2|TEXT=72T9311|UNIQUEID=RXHETCMF|
RECORD=41|LINENO= 371|OWNERPARTID=   0|OWNERINDEX= 233|FONTID=1|ISHIDDEN=T|LOCATION.X=490|LOCATION.Y=930|NAME=Supplier 3|TEXT=Mouser|UNIQUEID=WVNWWBFV|
RECORD=41|LINENO= 372|OWNERPARTID=   0|OWNERINDEX= 233|FONTID=1|ISHIDDEN=T|LOCATION.X=490|LOCATION.Y=930|NAME=Supplier Part Number 3|TEXT=579-33EP512GP806IPT|UNIQUEID=WMFXNPHF|
RECORD=41|LINENO= 373|OWNERPARTID=   0|OWNERINDEX= 233|FONTID=1|ISHIDDEN=T|LOCATION.X=490|LOCATION.Y=930|NAME=Manufacturer|TEXT=Microchip|UNIQUEID=WXKWSJNV|
RECORD=41|LINENO= 374|OWNERPARTID=   0|OWNERINDEX= 233|FONTID=1|ISHIDDEN=T|LOCATION.X=490|LOCATION.Y=930|NAME=Mounting Technology|TEXT=Surface Mount|UNIQUEID=CTJYGNLN|
RECORD=41|LINENO= 375|OWNERPARTID=   0|OWNERINDEX= 233|FONTID=1|ISHIDDEN=T|LOCATION.X=490|LOCATION.Y=930|NAME=PartNumber|TEXT=DSPIC33EP512GP806-I/PT|UNIQUEID=CSTPQURY|
RECORD=41|LINENO= 376|OWNERPARTID=   0|OWNERINDEX= 233|FONTID=1|ISHIDDEN=T|LOCATION.X=490|LOCATION.Y=930|NAME=ComponentLink1Description|TEXT=Manufacturer URL|UNIQUEID=BHYXVATF|
RECORD=41|LINENO= 377|OWNERPARTID=   0|OWNERINDEX= 233|FONTID=1|ISHIDDEN=T|LOCATION.X=490|LOCATION.Y=930|NAME=ComponentLink1URL|TEXT=http://www.microchip.com|UNIQUEID=FANXDVPS|
RECORD=41|LINENO= 378|OWNERPARTID=   0|OWNERINDEX= 233|FONTID=1|ISHIDDEN=T|LOCATION.X=490|LOCATION.Y=930|NAME=ComponentLink2Description|TEXT=Datasheet|UNIQUEID=XUPTXYNI|
RECORD=41|LINENO= 379|OWNERPARTID=   0|OWNERINDEX= 233|FONTID=1|ISHIDDEN=T|LOCATION.X=490|LOCATION.Y=930|NAME=ComponentLink2URL|TEXT=http://ww1.microchip.com/downloads/en/DeviceDoc/70616g.pdf|UNIQUEID=NUMICHUG|
RECORD=41|LINENO= 380|OWNERPARTID=   0|OWNERINDEX= 233|FONTID=1|ISHIDDEN=T|LOCATION.X=490|LOCATION.Y=930|NAME=ComponentLink3Description|TEXT=Package Specification|UNIQUEID=LNFJKCRL|
RECORD=41|LINENO= 381|OWNERPARTID=   0|OWNERINDEX= 233|FONTID=1|ISHIDDEN=T|LOCATION.X=490|LOCATION.Y=930|NAME=ComponentLink3URL|TEXT=http://www.microchip.com/stellent/groups/techpub_sg/documents/packagingspec/en012702.pdf|UNIQUEID=EWGQILHH|
RECORD=41|LINENO= 382|OWNERPARTID=   0|OWNERINDEX= 233|FONTID=1|ISHIDDEN=T|LOCATION.X=490|LOCATION.Y=930|NAME=ComponentLink4Description|TEXT=Product URL|UNIQUEID=NJENRGOM|
RECORD=41|LINENO= 383|OWNERPARTID=   0|OWNERINDEX= 233|FONTID=1|ISHIDDEN=T|LOCATION.X=490|LOCATION.Y=930|NAME=ComponentLink4URL|TEXT=http://www.microchip.com/dsPIC33EP512GP806|UNIQUEID=RPKWCHKN|
RECORD=34|LINENO= 384|OWNERPARTID=   0|OWNERINDEX= 233|FONTID=1|LOCATION.X=490|LOCATION.Y=930|NAME=Designator|TEXT=U?|UNIQUEID=UUKHCIAM|
RECORD=41|LINENO= 385|OWNERPARTID=   0|OWNERINDEX= 233|FONTID=1|LOCATION.X=490|LOCATION.Y=540|NAME=Comment|TEXT=DSPIC33EP512GP806-I/PT|UNIQUEID=MSMNGXAC|
RECORD=44|LINENO= 386|OWNERPARTID= -42|OWNERINDEX= 233|
RECORD=45|LINENO= 387|OWNERPARTID= -42|OWNERINDEX= 386|DATABASEDATALINKSLOCKED=T|DATABASEMODEL=T|DATAFILECOUNT=1|DATALINKSLOCKED=T|DESCRIPTION=TQFP, 64-Leads, Body 10x10mm, Pitch 0.5mm, IPC Medium Density|INTEGRATEDMODEL=T|ISCURRENT=T|MODELDATAFILEENTITY0=MCHP-TQFP-PT64_N|MODELDATAFILEKIND0=PCBLib|MODELNAME=MCHP-TQFP-PT64_N|MODELTYPE=PCBLIB|UNIQUEID=RCDIGPUG|USECOMPONENTLIBRARY=T|
RECORD=46|LINENO= 388|OWNERPARTID= -42|OWNERINDEX= 387|
RECORD=48|LINENO= 389|OWNERPARTID= -42|OWNERINDEX= 387|
RECORD=45|LINENO= 390|OWNERPARTID= -42|OWNERINDEX= 386|DATABASEDATALINKSLOCKED=T|DATABASEMODEL=T|DATAFILECOUNT=1|DATALINKSLOCKED=T|DESCRIPTION=TQFP, 64-Leads, Body 10x10mm, Pitch 0.5mm, IPC High Density|INTEGRATEDMODEL=T|MODELDATAFILEENTITY0=MCHP-TQFP-PT64_L|MODELDATAFILEKIND0=PCBLib|MODELNAME=MCHP-TQFP-PT64_L|MODELTYPE=PCBLIB|UNIQUEID=KKDSHPYP|USECOMPONENTLIBRARY=T|
RECORD=46|LINENO= 391|OWNERPARTID= -42|OWNERINDEX= 390|
RECORD=48|LINENO= 392|OWNERPARTID= -42|OWNERINDEX= 390|
RECORD=45|LINENO= 393|OWNERPARTID= -42|OWNERINDEX= 386|DATABASEDATALINKSLOCKED=T|DATABASEMODEL=T|DATAFILECOUNT=1|DATALINKSLOCKED=T|DESCRIPTION=TQFP, 64-Leads, Body 10x10mm, Pitch 0.5mm, IPC Low Density|INTEGRATEDMODEL=T|MODELDATAFILEENTITY0=MCHP-TQFP-PT64_M|MODELDATAFILEKIND0=PCBLib|MODELNAME=MCHP-TQFP-PT64_M|MODELTYPE=PCBLIB|UNIQUEID=INWYDSNE|USECOMPONENTLIBRARY=T|
RECORD=46|LINENO= 394|OWNERPARTID= -42|OWNERINDEX= 393|
RECORD=48|LINENO= 395|OWNERPARTID= -42|OWNERINDEX= 393|
RECORD=27|LINENO= 396|OWNERPARTID=   0|OWNERINDEX= -42|LINEWIDTH=1|LOCATIONCOUNT=7|UNIQUEID=MBELOJXY|X1=470|X2=470|X3=470|X4=470|X5=470|X6=470|X7=450|Y1=540|Y2=560|Y3=570|Y4=580|Y5=590|Y6=600|Y7=600|
RECORD=27|LINENO= 397|OWNERPARTID=   0|OWNERINDEX= -42|LINEWIDTH=1|LOCATIONCOUNT=5|UNIQUEID=FNCFFMVJ|X1=810|X2=810|X3=810|X4=810|X5=810|Y1=540|Y2=560|Y3=570|Y4=580|Y5=590|
RECORD=29|LINENO= 398|OWNERPARTID=   0|OWNERINDEX= -42|LOCATION.X=410|LOCATION.Y=560|
RECORD=29|LINENO= 399|OWNERPARTID=   0|OWNERINDEX= -42|LOCATION.X=410|LOCATION.Y=570|
RECORD=29|LINENO= 400|OWNERPARTID=   0|OWNERINDEX= -42|LOCATION.X=410|LOCATION.Y=580|
RECORD=29|LINENO= 401|OWNERPARTID=   0|OWNERINDEX= -42|LOCATION.X=410|LOCATION.Y=590|
RECORD=29|LINENO= 402|OWNERPARTID=   0|OWNERINDEX= -42|LOCATION.X=470|LOCATION.Y=560|
RECORD=29|LINENO= 403|OWNERPARTID=   0|OWNERINDEX= -42|LOCATION.X=470|LOCATION.Y=570|
RECORD=29|LINENO= 404|OWNERPARTID=   0|OWNERINDEX= -42|LOCATION.X=470|LOCATION.Y=580|
RECORD=29|LINENO= 405|OWNERPARTID=   0|OWNERINDEX= -42|LOCATION.X=470|LOCATION.Y=590|
RECORD=29|LINENO= 406|OWNERPARTID=   0|OWNERINDEX= -42|LOCATION.X=470|LOCATION.Y=600|
RECORD=29|LINENO= 407|OWNERPARTID=   0|OWNERINDEX= -42|LOCATION.X=810|LOCATION.Y=560|
RECORD=29|LINENO= 408|OWNERPARTID=   0|OWNERINDEX= -42|LOCATION.X=810|LOCATION.Y=570|
RECORD=29|LINENO= 409|OWNERPARTID=   0|OWNERINDEX= -42|LOCATION.X=810|LOCATION.Y=580|
