RECORD=-42|LINENO=   0|OWNERPARTID= -42|OWNERINDEX= -42|HEADER=Protel for Windows - Schematic Capture Binary File Version 5.0|MINORVERSION=2|UNIQUEID=XMMTCROH|WEIGHT=261|
RECORD=31|LINENO=   1|OWNERPARTID= -42|OWNERINDEX= -42|AREACOLOR=16317695|BORDERON=T|CUSTOMMARGINWIDTH=20|CUSTOMX=1500|CUSTOMXZONES=6|CUSTOMY=950|CUSTOMYZONES=4|DISPLAY_UNIT=4|FONTIDCOUNT=2|FONTNAME1=Times New Roman|FONTNAME2=Times New Roman|HOTSPOTGRIDON=T|HOTSPOTGRIDSIZE=4|ISBOC=T|ROTATION2=90|SHEETNUMBERSPACESIZE=4|SIZE1=10|SIZE2=10|SNAPGRIDON=T|SNAPGRIDSIZE=10|SYSTEMFONT=1|TITLEBLOCKON=T|USEMBCS=T|VISIBLEGRIDON=T|VISIBLEGRIDSIZE=10|
RECORD=41|LINENO=   2|OWNERPARTID=   0|OWNERINDEX= -42|FONTID=1|ISHIDDEN=T|LOCATION.Y=60|NAME=CurrentTime|TEXT=*|UNIQUEID=XOQGFOOR|
RECORD=41|LINENO=   3|OWNERPARTID=   0|OWNERINDEX= -42|FONTID=1|ISHIDDEN=T|LOCATION.Y=60|NAME=CurrentDate|TEXT=*|UNIQUEID=BHYFXECI|
RECORD=41|LINENO=   4|OWNERPARTID=   0|OWNERINDEX= -42|FONTID=1|ISHIDDEN=T|LOCATION.Y=60|NAME=Time|TEXT=*|UNIQUEID=MGPHLOCV|
RECORD=41|LINENO=   5|OWNERPARTID=   0|OWNERINDEX= -42|FONTID=1|ISHIDDEN=T|LOCATION.Y=60|NAME=Date|TEXT=*|UNIQUEID=YMUXEWHU|
RECORD=41|LINENO=   6|OWNERPARTID=   0|OWNERINDEX= -42|FONTID=1|ISHIDDEN=T|LOCATION.Y=60|NAME=DocumentFullPathAndName|TEXT=*|UNIQUEID=OTXIEUXT|
RECORD=41|LINENO=   7|OWNERPARTID=   0|OWNERINDEX= -42|FONTID=1|ISHIDDEN=T|LOCATION.Y=60|NAME=DocumentName|TEXT=*|UNIQUEID=NFVHVLGF|
RECORD=41|LINENO=   8|OWNERPARTID=   0|OWNERINDEX= -42|FONTID=1|ISHIDDEN=T|LOCATION.Y=60|NAME=ModifiedDate|TEXT=*|UNIQUEID=QSKFQEQQ|
RECORD=41|LINENO=   9|OWNERPARTID=   0|OWNERINDEX= -42|FONTID=1|ISHIDDEN=T|LOCATION.Y=60|NAME=ApprovedBy|TEXT=*|UNIQUEID=QPOFMKCM|
RECORD=41|LINENO=  10|OWNERPARTID=   0|OWNERINDEX= -42|FONTID=1|ISHIDDEN=T|LOCATION.Y=60|NAME=CheckedBy|TEXT=*|UNIQUEID=GEOEEQRL|
RECORD=41|LINENO=  11|OWNERPARTID=   0|OWNERINDEX= -42|FONTID=1|ISHIDDEN=T|LOCATION.Y=60|NAME=Author|TEXT=*|UNIQUEID=HOOUGJTL|
RECORD=41|LINENO=  12|OWNERPARTID=   0|OWNERINDEX= -42|FONTID=1|ISHIDDEN=T|LOCATION.Y=60|NAME=CompanyName|TEXT=*|UNIQUEID=FLMFFCDF|
RECORD=41|LINENO=  13|OWNERPARTID=   0|OWNERINDEX= -42|FONTID=1|ISHIDDEN=T|LOCATION.Y=60|NAME=DrawnBy|TEXT=*|UNIQUEID=WUJTXQQE|
RECORD=41|LINENO=  14|OWNERPARTID=   0|OWNERINDEX= -42|FONTID=1|ISHIDDEN=T|LOCATION.Y=60|NAME=Engineer|TEXT=*|UNIQUEID=TCQTOGHJ|
RECORD=41|LINENO=  15|OWNERPARTID=   0|OWNERINDEX= -42|FONTID=1|ISHIDDEN=T|LOCATION.Y=60|NAME=Organization|TEXT=*|UNIQUEID=IUERKPGL|
RECORD=41|LINENO=  16|OWNERPARTID=   0|OWNERINDEX= -42|FONTID=1|ISHIDDEN=T|LOCATION.Y=60|NAME=Address1|TEXT=*|UNIQUEID=UWHVQOOL|
RECORD=41|LINENO=  17|OWNERPARTID=   0|OWNERINDEX= -42|FONTID=1|ISHIDDEN=T|LOCATION.Y=60|NAME=Address2|TEXT=*|UNIQUEID=HOIRSGYG|
RECORD=41|LINENO=  18|OWNERPARTID=   0|OWNERINDEX= -42|FONTID=1|ISHIDDEN=T|LOCATION.Y=60|NAME=Address3|TEXT=*|UNIQUEID=BSKQPKAH|
RECORD=41|LINENO=  19|OWNERPARTID=   0|OWNERINDEX= -42|FONTID=1|ISHIDDEN=T|LOCATION.Y=60|NAME=Address4|TEXT=*|UNIQUEID=IVIRDGQE|
RECORD=41|LINENO=  20|OWNERPARTID=   0|OWNERINDEX= -42|FONTID=1|ISHIDDEN=T|LOCATION.Y=60|NAME=Title|TEXT=*|UNIQUEID=GOGANQAO|
RECORD=41|LINENO=  21|OWNERPARTID=   0|OWNERINDEX= -42|FONTID=1|ISHIDDEN=T|LOCATION.Y=60|NAME=DocumentNumber|TEXT=*|UNIQUEID=EVFXNBKU|
RECORD=41|LINENO=  22|OWNERPARTID=   0|OWNERINDEX= -42|FONTID=1|ISHIDDEN=T|LOCATION.Y=60|NAME=Revision|TEXT=*|UNIQUEID=IJESPVYD|
RECORD=41|LINENO=  23|OWNERPARTID=   0|OWNERINDEX= -42|FONTID=1|ISHIDDEN=T|LOCATION.Y=60|NAME=SheetNumber|TEXT=*|UNIQUEID=SFJLNNFH|
RECORD=41|LINENO=  24|OWNERPARTID=   0|OWNERINDEX= -42|FONTID=1|ISHIDDEN=T|LOCATION.Y=60|NAME=SheetTotal|TEXT=*|UNIQUEID=PBBBICDR|
RECORD=41|LINENO=  25|OWNERPARTID=   0|OWNERINDEX= -42|FONTID=1|ISHIDDEN=T|LOCATION.Y=60|NAME=Rule|TEXT=*|UNIQUEID=NCGJOFPN|
RECORD=41|LINENO=  26|OWNERPARTID=   0|OWNERINDEX= -42|FONTID=1|ISHIDDEN=T|LOCATION.Y=60|NAME=ImagePath|TEXT=*|UNIQUEID=XJHFSYCX|
RECORD=41|LINENO=  27|OWNERPARTID=   0|OWNERINDEX= -42|FONTID=1|ISHIDDEN=T|LOCATION.Y=60|NAME=ProjectName|TEXT=*|UNIQUEID=RWCNGAMA|
RECORD=41|LINENO=  28|OWNERPARTID=   0|OWNERINDEX= -42|FONTID=1|ISHIDDEN=T|LOCATION.Y=60|NAME=Application_BuildNumber|TEXT=*|UNIQUEID=BXHRMLOG|
RECORD=15|LINENO=  29|OWNERPARTID=   0|OWNERINDEX= -42|AREACOLOR=8454016|ISSOLID=T|LOCATION.X=160|LOCATION.Y=390|SYMBOLTYPE=Normal|UNIQUEID=RXOCYBRH|XSIZE=150|YSIZE=80|
RECORD=16|LINENO=  30|OWNERPARTID=   0|OWNERINDEX=  29|AREACOLOR=8454143|ARROWKIND=Block & Triangle|DISTANCEFROMTOP=4|HARNESSTYPE=UART|NAME=CONSOL_UART|SIDE=1|STYLE=3|TEXTCOLOR=128|TEXTFONTID=1|TEXTSTYLE=Full|
RECORD=16|LINENO=  31|OWNERPARTID=   0|OWNERINDEX=  29|AREACOLOR=8454143|ARROWKIND=Block & Triangle|DISTANCEFROMTOP=7|NAME=GND_SIG|STYLE=3|TEXTCOLOR=128|TEXTFONTID=1|TEXTSTYLE=Full|
RECORD=16|LINENO=  32|OWNERPARTID=   0|OWNERINDEX=  29|AREACOLOR=8454143|ARROWKIND=Block & Triangle|DISTANCEFROMTOP=2|NAME=1V8|STYLE=3|TEXTCOLOR=128|TEXTFONTID=1|TEXTSTYLE=Full|
RECORD=16|LINENO=  33|OWNERPARTID=   0|OWNERINDEX=  29|AREACOLOR=8454143|ARROWKIND=Block & Triangle|DISTANCEFROMTOP=6|NAME=5VBUS|SIDE=1|STYLE=3|TEXTCOLOR=128|TEXTFONTID=1|TEXTSTYLE=Full|
RECORD=32|LINENO=  34|OWNERPARTID=   0|OWNERINDEX=  29|FONTID=1|LOCATION.X=160|LOCATION.Y=400|TEXT=USB_CONSOL|
RECORD=33|LINENO=  35|OWNERPARTID=   0|OWNERINDEX=  29|FONTID=1|LOCATION.X=160|LOCATION.Y=390|TEXT=USB_CONSOL|
RECORD=15|LINENO=  36|OWNERPARTID=   0|OWNERINDEX= -42|AREACOLOR=8454016|ISSOLID=T|LOCATION.X=460|LOCATION.Y=390|SYMBOLTYPE=Normal|UNIQUEID=WAOCJTGP|XSIZE=140|YSIZE=80|
RECORD=16|LINENO=  37|OWNERPARTID=   0|OWNERINDEX=  36|AREACOLOR=8454143|ARROWKIND=Block & Triangle|DISTANCEFROMTOP=4|HARNESSTYPE=UART|NAME=CONSOL_UART|STYLE=3|TEXTCOLOR=128|TEXTFONTID=1|TEXTSTYLE=Full|
RECORD=16|LINENO=  38|OWNERPARTID=   0|OWNERINDEX=  36|AREACOLOR=8454143|ARROWKIND=Block & Triangle|DISTANCEFROMTOP=2|HARNESSTYPE=EDISON_USB|NAME=EDISON_USB|SIDE=1|STYLE=3|TEXTCOLOR=128|TEXTFONTID=1|TEXTSTYLE=Full|
RECORD=16|LINENO=  39|OWNERPARTID=   0|OWNERINDEX=  36|AREACOLOR=8454143|ARROWKIND=Block & Triangle|DISTANCEFROMTOP=7|NAME=GND_SIG|STYLE=3|TEXTCOLOR=128|TEXTFONTID=1|TEXTSTYLE=Full|
RECORD=16|LINENO=  40|OWNERPARTID=   0|OWNERINDEX=  36|AREACOLOR=8454143|ARROWKIND=Block & Triangle|DISTANCEFROMTOP=2|NAME=1V8|STYLE=3|TEXTCOLOR=128|TEXTFONTID=1|TEXTSTYLE=Full|
RECORD=16|LINENO=  41|OWNERPARTID=   0|OWNERINDEX=  36|AREACOLOR=8454143|ARROWKIND=Block & Triangle|DISTANCEFROMTOP=1|NAME=3V3|STYLE=3|TEXTCOLOR=128|TEXTFONTID=1|TEXTSTYLE=Full|
RECORD=32|LINENO=  42|OWNERPARTID=   0|OWNERINDEX=  36|FONTID=1|LOCATION.X=460|LOCATION.Y=400|TEXT=EDISON|
RECORD=33|LINENO=  43|OWNERPARTID=   0|OWNERINDEX=  36|FONTID=1|LOCATION.X=460|LOCATION.Y=390|TEXT=EDISON|
RECORD=15|LINENO=  44|OWNERPARTID=   0|OWNERINDEX= -42|AREACOLOR=8454016|ISSOLID=T|LOCATION.X=730|LOCATION.Y=390|SYMBOLTYPE=Normal|UNIQUEID=USDEUKLE|XSIZE=150|YSIZE=80|
RECORD=16|LINENO=  45|OWNERPARTID=   0|OWNERINDEX=  44|AREACOLOR=8454143|ARROWKIND=Block & Triangle|DISTANCEFROMTOP=2|HARNESSTYPE=USB_DATA|NAME=EDISON_USB|STYLE=3|TEXTCOLOR=128|TEXTFONTID=1|TEXTSTYLE=Full|
RECORD=16|LINENO=  46|OWNERPARTID=   0|OWNERINDEX=  44|AREACOLOR=8454143|ARROWKIND=Block & Triangle|DISTANCEFROMTOP=7|NAME=GND_SIG|SIDE=1|STYLE=3|TEXTCOLOR=128|TEXTFONTID=1|TEXTSTYLE=Full|
RECORD=16|LINENO=  47|OWNERPARTID=   0|OWNERINDEX=  44|AREACOLOR=8454143|ARROWKIND=Block & Triangle|DISTANCEFROMTOP=1|NAME=3V3|SIDE=1|STYLE=3|TEXTCOLOR=128|TEXTFONTID=1|TEXTSTYLE=Full|
RECORD=16|LINENO=  48|OWNERPARTID=   0|OWNERINDEX=  44|AREACOLOR=8454143|ARROWKIND=Block & Triangle|DISTANCEFROMTOP=2|NAME=1V8|SIDE=1|STYLE=3|TEXTCOLOR=128|TEXTFONTID=1|TEXTSTYLE=Full|
RECORD=32|LINENO=  49|OWNERPARTID=   0|OWNERINDEX=  44|FONTID=1|LOCATION.X=730|LOCATION.Y=400|TEXT=ETHERNET_USB_HUB|
RECORD=33|LINENO=  50|OWNERPARTID=   0|OWNERINDEX=  44|FONTID=1|LOCATION.X=730|LOCATION.Y=390|TEXT=ETHERNET_USB_HUB|
RECORD=28|LINENO=  51|OWNERPARTID=   0|OWNERINDEX= -42|ALIGNMENT=1|AREACOLOR=16777215|CLIPTORECT=T|CORNER.X=650|CORNER.Y=620|FONTID=1|ISSOLID=T|LOCATION.X=390|LOCATION.Y=520|TEXT=QUESITONS:~1what is Lanard loop~1how does backup power work~1do i really need to back up all the way to 5.5v~1why 5.5~1|TEXTMARGIN_FRAC=5|WORDWRAP=T|
RECORD=15|LINENO=  52|OWNERPARTID=   0|OWNERINDEX= -42|AREACOLOR=8454016|ISSOLID=T|LOCATION.X=460|LOCATION.Y=240|SYMBOLTYPE=Normal|UNIQUEID=SXPIBNJX|XSIZE=140|YSIZE=180|
RECORD=16|LINENO=  53|OWNERPARTID=   0|OWNERINDEX=  52|AREACOLOR=8454143|ARROWKIND=Block & Triangle|DISTANCEFROMTOP=5|HARNESSTYPE=SPI|NAME=NRF_SPI|SIDE=1|STYLE=3|TEXTCOLOR=128|TEXTFONTID=1|TEXTSTYLE=Full|
RECORD=16|LINENO=  54|OWNERPARTID=   0|OWNERINDEX=  52|AREACOLOR=8454143|ARROWKIND=Block & Triangle|DISTANCEFROMTOP=6|NAME=NRF_CS|SIDE=1|STYLE=3|TEXTCOLOR=128|TEXTFONTID=1|TEXTSTYLE=Full|
RECORD=16|LINENO=  55|OWNERPARTID=   0|OWNERINDEX=  52|AREACOLOR=8454143|ARROWKIND=Block & Triangle|DISTANCEFROMTOP=2|HARNESSTYPE=SPI|NAME=DW_SPI|SIDE=1|STYLE=3|TEXTCOLOR=128|TEXTFONTID=1|TEXTSTYLE=Full|
RECORD=16|LINENO=  56|OWNERPARTID=   0|OWNERINDEX=  52|AREACOLOR=8454143|ARROWKIND=Block & Triangle|DISTANCEFROMTOP=3|NAME=DW_CS|SIDE=1|STYLE=3|TEXTCOLOR=128|TEXTFONTID=1|TEXTSTYLE=Full|
RECORD=16|LINENO=  57|OWNERPARTID=   0|OWNERINDEX=  52|AREACOLOR=8454143|ARROWKIND=Block & Triangle|DISTANCEFROMTOP=8|NAME=NRF_GND_EN|SIDE=1|STYLE=3|TEXTCOLOR=128|TEXTFONTID=1|TEXTSTYLE=Full|
RECORD=16|LINENO=  58|OWNERPARTID=   0|OWNERINDEX=  52|AREACOLOR=8454143|ARROWKIND=Block & Triangle|DISTANCEFROMTOP=17|NAME=GND_SIG|STYLE=3|TEXTCOLOR=128|TEXTFONTID=1|TEXTSTYLE=Full|
RECORD=16|LINENO=  59|OWNERPARTID=   0|OWNERINDEX=  52|AREACOLOR=8454143|ARROWKIND=Block & Triangle|DISTANCEFROMTOP=2|NAME=3V3|STYLE=3|TEXTCOLOR=128|TEXTFONTID=1|TEXTSTYLE=Full|
RECORD=16|LINENO=  60|OWNERPARTID=   0|OWNERINDEX=  52|AREACOLOR=8454143|ARROWKIND=Block & Triangle|DISTANCEFROMTOP=10|NAME=NRF_CE|SIDE=1|STYLE=3|TEXTCOLOR=128|TEXTFONTID=1|TEXTSTYLE=Full|
RECORD=16|LINENO=  61|OWNERPARTID=   0|OWNERINDEX=  52|AREACOLOR=8454143|ARROWKIND=Block & Triangle|DISTANCEFROMTOP=9|NAME=NRF_IRQ|SIDE=1|STYLE=3|TEXTCOLOR=128|TEXTFONTID=1|TEXTSTYLE=Full|
RECORD=32|LINENO=  62|OWNERPARTID=   0|OWNERINDEX=  52|FONTID=1|LOCATION.X=460|LOCATION.Y=250|TEXT=PIC|
RECORD=33|LINENO=  63|OWNERPARTID=   0|OWNERINDEX=  52|FONTID=1|LOCATION.X=460|LOCATION.Y=240|TEXT=PIC|
RECORD= 1|LINENO=  64|OWNERPARTID=   0|OWNERINDEX= -42|AREACOLOR=11599871|COMPONENTDESCRIPTION=CONN HEADER 2x2POS T/H|CURRENTPARTID=1|DESIGNITEMID=CONN_2x2|DISPLAYMODECOUNT=1|LIBRARYPATH=*|LIBREFERENCE=CONN_2x2|LOCATION.X=180|LOCATION.Y=720|NOTUSEDBTABLENAME=T|PARTCOUNT=2|PARTIDLOCKED=T|SOURCELIBRARYNAME=SSI.IntLib|TARGETFILENAME=*|UNIQUEID=CCPLQOQM|
RECORD= 2|LINENO=  65|OWNERPARTID=   2|OWNERINDEX=  64|DESIGNATOR=1|ELECTRICAL=4|FORMALTYPE=1|LOCATION.X=200|LOCATION.Y=710|NAME=1|PINCONGLOMERATE=50|PINLENGTH=20|
RECORD=41|LINENO=  66|OWNERPARTID=   0|OWNERINDEX=  65|FONTID=1|ISHIDDEN=T|LOCATION.X=200|LOCATION.Y=710|NAME=PinUniqueId|TEXT=VJJPMTFE|UNIQUEID=GFERVXDJ|
RECORD= 2|LINENO=  67|OWNERPARTID=   2|OWNERINDEX=  64|DESIGNATOR=2|ELECTRICAL=4|FORMALTYPE=1|LOCATION.X=230|LOCATION.Y=710|NAME=2|PINCONGLOMERATE=48|PINLENGTH=20|
RECORD=41|LINENO=  68|OWNERPARTID=   0|OWNERINDEX=  67|FONTID=1|ISHIDDEN=T|LOCATION.X=230|LOCATION.Y=710|NAME=PinUniqueId|TEXT=PJBSUWCX|UNIQUEID=ELNJLWMF|
RECORD=14|LINENO=  69|OWNERPARTID=   2|OWNERINDEX=  64|AREACOLOR=11599871|CORNER.X=230|CORNER.Y=720|ISSOLID=T|LOCATION.X=200|LOCATION.Y=680|
RECORD= 2|LINENO=  70|OWNERPARTID=   2|OWNERINDEX=  64|DESIGNATOR=3|ELECTRICAL=4|FORMALTYPE=1|LOCATION.X=200|LOCATION.Y=690|NAME=3|PINCONGLOMERATE=50|PINLENGTH=20|
RECORD=41|LINENO=  71|OWNERPARTID=   0|OWNERINDEX=  70|FONTID=1|ISHIDDEN=T|LOCATION.X=200|LOCATION.Y=690|NAME=PinUniqueId|TEXT=IQLIDWIB|UNIQUEID=BXILDJSO|
RECORD= 2|LINENO=  72|OWNERPARTID=   2|OWNERINDEX=  64|%UTF8%SWAPIDPART=Â¦&Â¦1|DESIGNATOR=4|ELECTRICAL=4|FORMALTYPE=1|LOCATION.X=230|LOCATION.Y=690|NAME=4|PINCONGLOMERATE=48|PINLENGTH=20|SWAPIDPART=Ž&Ž1|
RECORD=41|LINENO=  73|OWNERPARTID=   0|OWNERINDEX=  72|FONTID=1|ISHIDDEN=T|LOCATION.X=230|LOCATION.Y=690|NAME=PinUniqueId|TEXT=YBSCMPWC|UNIQUEID=NWSDMPHA|
RECORD=34|LINENO=  74|OWNERPARTID=   0|OWNERINDEX=  64|FONTID=1|LOCATION.X=200|LOCATION.Y=670|NAME=Designator|TEXT=JH1|UNIQUEID=FIJVOPCH|
RECORD=41|LINENO=  75|OWNERPARTID=   0|OWNERINDEX=  64|FONTID=1|ISHIDDEN=T|LOCATION.X=175|LOCATION.Y=705|NAME=Comment|TEXT=CONN HEADER 2x2POS T/H|UNIQUEID=NJMPFHLB|
RECORD=44|LINENO=  76|OWNERPARTID= -42|OWNERINDEX=  64|
RECORD=45|LINENO=  77|OWNERPARTID= -42|OWNERINDEX=  76|DATABASEDATALINKSLOCKED=T|DATABASEMODEL=T|DATAFILECOUNT=1|DATALINKSLOCKED=T|INTEGRATEDMODEL=T|MODELDATAFILEENTITY0=CONN_2x2_100MIL|MODELDATAFILEKIND0=PCBLib|MODELNAME=CONN_2x2_100MIL|MODELTYPE=PCBLIB|UNIQUEID=UQRUSYUO|USECOMPONENTLIBRARY=T|
RECORD=46|LINENO=  78|OWNERPARTID= -42|OWNERINDEX=  77|
RECORD=48|LINENO=  79|OWNERPARTID= -42|OWNERINDEX=  77|
RECORD=45|LINENO=  80|OWNERPARTID= -42|OWNERINDEX=  76|DATABASEDATALINKSLOCKED=T|DATABASEMODEL=T|DATAFILECOUNT=1|DATALINKSLOCKED=T|INTEGRATEDMODEL=T|MODELDATAFILEENTITY0=CONN_2x2_100MIL_FEMAIL|MODELDATAFILEKIND0=PCBLib|MODELNAME=CONN_2x2_100MIL_FEMAIL|MODELTYPE=PCBLIB|UNIQUEID=OMPWPMKW|USECOMPONENTLIBRARY=T|
RECORD=46|LINENO=  81|OWNERPARTID= -42|OWNERINDEX=  80|
RECORD=48|LINENO=  82|OWNERPARTID= -42|OWNERINDEX=  80|
RECORD=45|LINENO=  83|OWNERPARTID= -42|OWNERINDEX=  76|DATABASEDATALINKSLOCKED=T|DATABASEMODEL=T|DATAFILECOUNT=1|DATALINKSLOCKED=T|INTEGRATEDMODEL=T|MODELDATAFILEENTITY0=CONN_2x2_100MIL_FEMALE_SAMTEC|MODELDATAFILEKIND0=PCBLib|MODELNAME=CONN_2x2_100MIL_FEMALE_SAMTEC|MODELTYPE=PCBLIB|UNIQUEID=ISFTBIYE|USECOMPONENTLIBRARY=T|
RECORD=46|LINENO=  84|OWNERPARTID= -42|OWNERINDEX=  83|
RECORD=48|LINENO=  85|OWNERPARTID= -42|OWNERINDEX=  83|
RECORD=45|LINENO=  86|OWNERPARTID= -42|OWNERINDEX=  76|DATABASEDATALINKSLOCKED=T|DATABASEMODEL=T|DATAFILECOUNT=1|DATALINKSLOCKED=T|INTEGRATEDMODEL=T|MODELDATAFILEENTITY0=CONN_2x2_100MIL_MALE|MODELDATAFILEKIND0=PCBLib|MODELNAME=CONN_2x2_100MIL_MALE|MODELTYPE=PCBLIB|UNIQUEID=PSJKAWLQ|USECOMPONENTLIBRARY=T|
RECORD=46|LINENO=  87|OWNERPARTID= -42|OWNERINDEX=  86|
RECORD=48|LINENO=  88|OWNERPARTID= -42|OWNERINDEX=  86|
RECORD=45|LINENO=  89|OWNERPARTID= -42|OWNERINDEX=  76|DATABASEDATALINKSLOCKED=T|DATABASEMODEL=T|DATAFILECOUNT=1|DATALINKSLOCKED=T|INTEGRATEDMODEL=T|ISCURRENT=T|MODELDATAFILEENTITY0=CONN_2x2_100MIL_MALE_SAMTEC|MODELDATAFILEKIND0=PCBLib|MODELNAME=CONN_2x2_100MIL_MALE_SAMTEC|MODELTYPE=PCBLIB|UNIQUEID=RHQCNBVO|USECOMPONENTLIBRARY=T|
RECORD=46|LINENO=  90|OWNERPARTID= -42|OWNERINDEX=  89|
RECORD=48|LINENO=  91|OWNERPARTID= -42|OWNERINDEX=  89|
RECORD= 1|LINENO=  92|OWNERPARTID=   0|OWNERINDEX= -42|AREACOLOR=11599871|COMPONENTDESCRIPTION=CONN HEADER 2x2POS T/H|CURRENTPARTID=1|DESIGNITEMID=CONN_2x2|DISPLAYMODECOUNT=1|LIBRARYPATH=*|LIBREFERENCE=CONN_2x2|LOCATION.X=180|LOCATION.Y=670|NOTUSEDBTABLENAME=T|PARTCOUNT=2|PARTIDLOCKED=T|SOURCELIBRARYNAME=SSI.IntLib|TARGETFILENAME=*|UNIQUEID=MQCQDMVW|
RECORD= 2|LINENO=  93|OWNERPARTID=   2|OWNERINDEX=  92|DESIGNATOR=1|ELECTRICAL=4|FORMALTYPE=1|LOCATION.X=200|LOCATION.Y=660|NAME=1|PINCONGLOMERATE=50|PINLENGTH=20|
RECORD=41|LINENO=  94|OWNERPARTID=   0|OWNERINDEX=  93|FONTID=1|ISHIDDEN=T|LOCATION.X=200|LOCATION.Y=660|NAME=PinUniqueId|TEXT=IPQUXUKL|UNIQUEID=VMHEKLVU|
RECORD= 2|LINENO=  95|OWNERPARTID=   2|OWNERINDEX=  92|DESIGNATOR=2|ELECTRICAL=4|FORMALTYPE=1|LOCATION.X=230|LOCATION.Y=660|NAME=2|PINCONGLOMERATE=48|PINLENGTH=20|
RECORD=41|LINENO=  96|OWNERPARTID=   0|OWNERINDEX=  95|FONTID=1|ISHIDDEN=T|LOCATION.X=230|LOCATION.Y=660|NAME=PinUniqueId|TEXT=TVCGRVUJ|UNIQUEID=AOPHUMCX|
RECORD=14|LINENO=  97|OWNERPARTID=   2|OWNERINDEX=  92|AREACOLOR=11599871|CORNER.X=230|CORNER.Y=670|ISSOLID=T|LOCATION.X=200|LOCATION.Y=630|
RECORD= 2|LINENO=  98|OWNERPARTID=   2|OWNERINDEX=  92|DESIGNATOR=3|ELECTRICAL=4|FORMALTYPE=1|LOCATION.X=200|LOCATION.Y=640|NAME=3|PINCONGLOMERATE=50|PINLENGTH=20|
RECORD=41|LINENO=  99|OWNERPARTID=   0|OWNERINDEX=  98|FONTID=1|ISHIDDEN=T|LOCATION.X=200|LOCATION.Y=640|NAME=PinUniqueId|TEXT=YHSKCYVH|UNIQUEID=WYPASYTP|
RECORD= 2|LINENO= 100|OWNERPARTID=   2|OWNERINDEX=  92|%UTF8%SWAPIDPART=Â¦&Â¦1|DESIGNATOR=4|ELECTRICAL=4|FORMALTYPE=1|LOCATION.X=230|LOCATION.Y=640|NAME=4|PINCONGLOMERATE=48|PINLENGTH=20|SWAPIDPART=Ž&Ž1|
RECORD=41|LINENO= 101|OWNERPARTID=   0|OWNERINDEX= 100|FONTID=1|ISHIDDEN=T|LOCATION.X=230|LOCATION.Y=640|NAME=PinUniqueId|TEXT=NWLRAAHK|UNIQUEID=TDFNNGWV|
RECORD=34|LINENO= 102|OWNERPARTID=   0|OWNERINDEX=  92|FONTID=1|LOCATION.X=200|LOCATION.Y=620|NAME=Designator|TEXT=JH2|UNIQUEID=SRMWGWJJ|
RECORD=41|LINENO= 103|OWNERPARTID=   0|OWNERINDEX=  92|FONTID=1|ISHIDDEN=T|LOCATION.X=175|LOCATION.Y=655|NAME=Comment|TEXT=CONN HEADER 2x2POS T/H|UNIQUEID=TXTKPJWE|
RECORD=44|LINENO= 104|OWNERPARTID= -42|OWNERINDEX=  92|
RECORD=45|LINENO= 105|OWNERPARTID= -42|OWNERINDEX= 104|DATABASEDATALINKSLOCKED=T|DATABASEMODEL=T|DATAFILECOUNT=1|DATALINKSLOCKED=T|INTEGRATEDMODEL=T|MODELDATAFILEENTITY0=CONN_2x2_100MIL|MODELDATAFILEKIND0=PCBLib|MODELNAME=CONN_2x2_100MIL|MODELTYPE=PCBLIB|UNIQUEID=FOILXNGR|USECOMPONENTLIBRARY=T|
RECORD=46|LINENO= 106|OWNERPARTID= -42|OWNERINDEX= 105|
RECORD=48|LINENO= 107|OWNERPARTID= -42|OWNERINDEX= 105|
RECORD=45|LINENO= 108|OWNERPARTID= -42|OWNERINDEX= 104|DATABASEDATALINKSLOCKED=T|DATABASEMODEL=T|DATAFILECOUNT=1|DATALINKSLOCKED=T|INTEGRATEDMODEL=T|MODELDATAFILEENTITY0=CONN_2x2_100MIL_FEMAIL|MODELDATAFILEKIND0=PCBLib|MODELNAME=CONN_2x2_100MIL_FEMAIL|MODELTYPE=PCBLIB|UNIQUEID=MWMKKMMG|USECOMPONENTLIBRARY=T|
RECORD=46|LINENO= 109|OWNERPARTID= -42|OWNERINDEX= 108|
RECORD=48|LINENO= 110|OWNERPARTID= -42|OWNERINDEX= 108|
RECORD=45|LINENO= 111|OWNERPARTID= -42|OWNERINDEX= 104|DATABASEDATALINKSLOCKED=T|DATABASEMODEL=T|DATAFILECOUNT=1|DATALINKSLOCKED=T|INTEGRATEDMODEL=T|MODELDATAFILEENTITY0=CONN_2x2_100MIL_FEMALE_SAMTEC|MODELDATAFILEKIND0=PCBLib|MODELNAME=CONN_2x2_100MIL_FEMALE_SAMTEC|MODELTYPE=PCBLIB|UNIQUEID=APBGTIQB|USECOMPONENTLIBRARY=T|
RECORD=46|LINENO= 112|OWNERPARTID= -42|OWNERINDEX= 111|
RECORD=48|LINENO= 113|OWNERPARTID= -42|OWNERINDEX= 111|
RECORD=45|LINENO= 114|OWNERPARTID= -42|OWNERINDEX= 104|DATABASEDATALINKSLOCKED=T|DATABASEMODEL=T|DATAFILECOUNT=1|DATALINKSLOCKED=T|INTEGRATEDMODEL=T|MODELDATAFILEENTITY0=CONN_2x2_100MIL_MALE|MODELDATAFILEKIND0=PCBLib|MODELNAME=CONN_2x2_100MIL_MALE|MODELTYPE=PCBLIB|UNIQUEID=PEHFFQYN|USECOMPONENTLIBRARY=T|
RECORD=46|LINENO= 115|OWNERPARTID= -42|OWNERINDEX= 114|
RECORD=48|LINENO= 116|OWNERPARTID= -42|OWNERINDEX= 114|
RECORD=45|LINENO= 117|OWNERPARTID= -42|OWNERINDEX= 104|DATABASEDATALINKSLOCKED=T|DATABASEMODEL=T|DATAFILECOUNT=1|DATALINKSLOCKED=T|INTEGRATEDMODEL=T|ISCURRENT=T|MODELDATAFILEENTITY0=CONN_2x2_100MIL_MALE_SAMTEC|MODELDATAFILEKIND0=PCBLib|MODELNAME=CONN_2x2_100MIL_MALE_SAMTEC|MODELTYPE=PCBLIB|UNIQUEID=FUJUCNIF|USECOMPONENTLIBRARY=T|
RECORD=46|LINENO= 118|OWNERPARTID= -42|OWNERINDEX= 117|
RECORD=48|LINENO= 119|OWNERPARTID= -42|OWNERINDEX= 117|
RECORD= 1|LINENO= 120|OWNERPARTID=   0|OWNERINDEX= -42|AREACOLOR=11599871|COMPONENTDESCRIPTION=CONN HEADER 2x2POS T/H|CURRENTPARTID=1|DESIGNITEMID=CONN_2x2|DISPLAYMODECOUNT=1|LIBRARYPATH=*|LIBREFERENCE=CONN_2x2|LOCATION.X=180|LOCATION.Y=620|NOTUSEDBTABLENAME=T|PARTCOUNT=2|PARTIDLOCKED=T|SOURCELIBRARYNAME=SSI.IntLib|TARGETFILENAME=*|UNIQUEID=JUTFFGEY|
RECORD= 2|LINENO= 121|OWNERPARTID=   2|OWNERINDEX= 120|DESIGNATOR=1|ELECTRICAL=4|FORMALTYPE=1|LOCATION.X=200|LOCATION.Y=610|NAME=1|PINCONGLOMERATE=50|PINLENGTH=20|
RECORD=41|LINENO= 122|OWNERPARTID=   0|OWNERINDEX= 121|FONTID=1|ISHIDDEN=T|LOCATION.X=200|LOCATION.Y=610|NAME=PinUniqueId|TEXT=QWAJMHMN|UNIQUEID=NUQKUSMT|
RECORD= 2|LINENO= 123|OWNERPARTID=   2|OWNERINDEX= 120|DESIGNATOR=2|ELECTRICAL=4|FORMALTYPE=1|LOCATION.X=230|LOCATION.Y=610|NAME=2|PINCONGLOMERATE=48|PINLENGTH=20|
RECORD=41|LINENO= 124|OWNERPARTID=   0|OWNERINDEX= 123|FONTID=1|ISHIDDEN=T|LOCATION.X=230|LOCATION.Y=610|NAME=PinUniqueId|TEXT=IABCNTQR|UNIQUEID=GLMXWWEN|
RECORD=14|LINENO= 125|OWNERPARTID=   2|OWNERINDEX= 120|AREACOLOR=11599871|CORNER.X=230|CORNER.Y=620|ISSOLID=T|LOCATION.X=200|LOCATION.Y=580|
RECORD= 2|LINENO= 126|OWNERPARTID=   2|OWNERINDEX= 120|DESIGNATOR=3|ELECTRICAL=4|FORMALTYPE=1|LOCATION.X=200|LOCATION.Y=590|NAME=3|PINCONGLOMERATE=50|PINLENGTH=20|
RECORD=41|LINENO= 127|OWNERPARTID=   0|OWNERINDEX= 126|FONTID=1|ISHIDDEN=T|LOCATION.X=200|LOCATION.Y=590|NAME=PinUniqueId|TEXT=JVOSENNM|UNIQUEID=MMWJWNYL|
RECORD= 2|LINENO= 128|OWNERPARTID=   2|OWNERINDEX= 120|%UTF8%SWAPIDPART=Â¦&Â¦1|DESIGNATOR=4|ELECTRICAL=4|FORMALTYPE=1|LOCATION.X=230|LOCATION.Y=590|NAME=4|PINCONGLOMERATE=48|PINLENGTH=20|SWAPIDPART=Ž&Ž1|
RECORD=41|LINENO= 129|OWNERPARTID=   0|OWNERINDEX= 128|FONTID=1|ISHIDDEN=T|LOCATION.X=230|LOCATION.Y=590|NAME=PinUniqueId|TEXT=ADAQIAMI|UNIQUEID=BGSDDSCR|
RECORD=34|LINENO= 130|OWNERPARTID=   0|OWNERINDEX= 120|FONTID=1|LOCATION.X=200|LOCATION.Y=570|NAME=Designator|TEXT=JH3|UNIQUEID=RJQUBMQQ|
RECORD=41|LINENO= 131|OWNERPARTID=   0|OWNERINDEX= 120|FONTID=1|ISHIDDEN=T|LOCATION.X=175|LOCATION.Y=605|NAME=Comment|TEXT=CONN HEADER 2x2POS T/H|UNIQUEID=LCGATTED|
RECORD=44|LINENO= 132|OWNERPARTID= -42|OWNERINDEX= 120|
RECORD=45|LINENO= 133|OWNERPARTID= -42|OWNERINDEX= 132|DATABASEDATALINKSLOCKED=T|DATABASEMODEL=T|DATAFILECOUNT=1|DATALINKSLOCKED=T|INTEGRATEDMODEL=T|MODELDATAFILEENTITY0=CONN_2x2_100MIL|MODELDATAFILEKIND0=PCBLib|MODELNAME=CONN_2x2_100MIL|MODELTYPE=PCBLIB|UNIQUEID=ORGOGVCD|USECOMPONENTLIBRARY=T|
RECORD=46|LINENO= 134|OWNERPARTID= -42|OWNERINDEX= 133|
RECORD=48|LINENO= 135|OWNERPARTID= -42|OWNERINDEX= 133|
RECORD=45|LINENO= 136|OWNERPARTID= -42|OWNERINDEX= 132|DATABASEDATALINKSLOCKED=T|DATABASEMODEL=T|DATAFILECOUNT=1|DATALINKSLOCKED=T|INTEGRATEDMODEL=T|MODELDATAFILEENTITY0=CONN_2x2_100MIL_FEMAIL|MODELDATAFILEKIND0=PCBLib|MODELNAME=CONN_2x2_100MIL_FEMAIL|MODELTYPE=PCBLIB|UNIQUEID=EJAXHKCO|USECOMPONENTLIBRARY=T|
RECORD=46|LINENO= 137|OWNERPARTID= -42|OWNERINDEX= 136|
RECORD=48|LINENO= 138|OWNERPARTID= -42|OWNERINDEX= 136|
RECORD=45|LINENO= 139|OWNERPARTID= -42|OWNERINDEX= 132|DATABASEDATALINKSLOCKED=T|DATABASEMODEL=T|DATAFILECOUNT=1|DATALINKSLOCKED=T|INTEGRATEDMODEL=T|MODELDATAFILEENTITY0=CONN_2x2_100MIL_FEMALE_SAMTEC|MODELDATAFILEKIND0=PCBLib|MODELNAME=CONN_2x2_100MIL_FEMALE_SAMTEC|MODELTYPE=PCBLIB|UNIQUEID=MOPQXYKA|USECOMPONENTLIBRARY=T|
RECORD=46|LINENO= 140|OWNERPARTID= -42|OWNERINDEX= 139|
RECORD=48|LINENO= 141|OWNERPARTID= -42|OWNERINDEX= 139|
RECORD=45|LINENO= 142|OWNERPARTID= -42|OWNERINDEX= 132|DATABASEDATALINKSLOCKED=T|DATABASEMODEL=T|DATAFILECOUNT=1|DATALINKSLOCKED=T|INTEGRATEDMODEL=T|MODELDATAFILEENTITY0=CONN_2x2_100MIL_MALE|MODELDATAFILEKIND0=PCBLib|MODELNAME=CONN_2x2_100MIL_MALE|MODELTYPE=PCBLIB|UNIQUEID=CYFSCKTY|USECOMPONENTLIBRARY=T|
RECORD=46|LINENO= 143|OWNERPARTID= -42|OWNERINDEX= 142|
RECORD=48|LINENO= 144|OWNERPARTID= -42|OWNERINDEX= 142|
RECORD=45|LINENO= 145|OWNERPARTID= -42|OWNERINDEX= 132|DATABASEDATALINKSLOCKED=T|DATABASEMODEL=T|DATAFILECOUNT=1|DATALINKSLOCKED=T|INTEGRATEDMODEL=T|ISCURRENT=T|MODELDATAFILEENTITY0=CONN_2x2_100MIL_MALE_SAMTEC|MODELDATAFILEKIND0=PCBLib|MODELNAME=CONN_2x2_100MIL_MALE_SAMTEC|MODELTYPE=PCBLIB|UNIQUEID=THXXWRLB|USECOMPONENTLIBRARY=T|
RECORD=46|LINENO= 146|OWNERPARTID= -42|OWNERINDEX= 145|
RECORD=48|LINENO= 147|OWNERPARTID= -42|OWNERINDEX= 145|
RECORD= 1|LINENO= 148|OWNERPARTID=   0|OWNERINDEX= -42|AREACOLOR=11599871|COMPONENTDESCRIPTION=CONN HEADER 2x2POS T/H|CURRENTPARTID=1|DESIGNITEMID=CONN_2x2|DISPLAYMODECOUNT=1|LIBRARYPATH=*|LIBREFERENCE=CONN_2x2|LOCATION.X=180|LOCATION.Y=570|NOTUSEDBTABLENAME=T|PARTCOUNT=2|PARTIDLOCKED=T|SOURCELIBRARYNAME=SSI.IntLib|TARGETFILENAME=*|UNIQUEID=YPSOXFOY|
RECORD= 2|LINENO= 149|OWNERPARTID=   2|OWNERINDEX= 148|DESIGNATOR=1|ELECTRICAL=4|FORMALTYPE=1|LOCATION.X=200|LOCATION.Y=560|NAME=1|PINCONGLOMERATE=50|PINLENGTH=20|
RECORD=41|LINENO= 150|OWNERPARTID=   0|OWNERINDEX= 149|FONTID=1|ISHIDDEN=T|LOCATION.X=200|LOCATION.Y=560|NAME=PinUniqueId|TEXT=PFWQLNMP|UNIQUEID=NCFORPTO|
RECORD= 2|LINENO= 151|OWNERPARTID=   2|OWNERINDEX= 148|DESIGNATOR=2|ELECTRICAL=4|FORMALTYPE=1|LOCATION.X=230|LOCATION.Y=560|NAME=2|PINCONGLOMERATE=48|PINLENGTH=20|
RECORD=41|LINENO= 152|OWNERPARTID=   0|OWNERINDEX= 151|FONTID=1|ISHIDDEN=T|LOCATION.X=230|LOCATION.Y=560|NAME=PinUniqueId|TEXT=UCAUJAWW|UNIQUEID=WUXRNVEG|
RECORD=14|LINENO= 153|OWNERPARTID=   2|OWNERINDEX= 148|AREACOLOR=11599871|CORNER.X=230|CORNER.Y=570|ISSOLID=T|LOCATION.X=200|LOCATION.Y=530|
RECORD= 2|LINENO= 154|OWNERPARTID=   2|OWNERINDEX= 148|DESIGNATOR=3|ELECTRICAL=4|FORMALTYPE=1|LOCATION.X=200|LOCATION.Y=540|NAME=3|PINCONGLOMERATE=50|PINLENGTH=20|
RECORD=41|LINENO= 155|OWNERPARTID=   0|OWNERINDEX= 154|FONTID=1|ISHIDDEN=T|LOCATION.X=200|LOCATION.Y=540|NAME=PinUniqueId|TEXT=LGIPGKQQ|UNIQUEID=MGPPKHLS|
RECORD= 2|LINENO= 156|OWNERPARTID=   2|OWNERINDEX= 148|%UTF8%SWAPIDPART=Â¦&Â¦1|DESIGNATOR=4|ELECTRICAL=4|FORMALTYPE=1|LOCATION.X=230|LOCATION.Y=540|NAME=4|PINCONGLOMERATE=48|PINLENGTH=20|SWAPIDPART=Ž&Ž1|
RECORD=41|LINENO= 157|OWNERPARTID=   0|OWNERINDEX= 156|FONTID=1|ISHIDDEN=T|LOCATION.X=230|LOCATION.Y=540|NAME=PinUniqueId|TEXT=XQURNYNL|UNIQUEID=NPIBEXOR|
RECORD=34|LINENO= 158|OWNERPARTID=   0|OWNERINDEX= 148|FONTID=1|LOCATION.X=200|LOCATION.Y=520|NAME=Designator|TEXT=JH4|UNIQUEID=FNEYVRLK|
RECORD=41|LINENO= 159|OWNERPARTID=   0|OWNERINDEX= 148|FONTID=1|ISHIDDEN=T|LOCATION.X=175|LOCATION.Y=555|NAME=Comment|TEXT=CONN HEADER 2x2POS T/H|UNIQUEID=TBOOXBLH|
RECORD=44|LINENO= 160|OWNERPARTID= -42|OWNERINDEX= 148|
RECORD=45|LINENO= 161|OWNERPARTID= -42|OWNERINDEX= 160|DATABASEDATALINKSLOCKED=T|DATABASEMODEL=T|DATAFILECOUNT=1|DATALINKSLOCKED=T|INTEGRATEDMODEL=T|MODELDATAFILEENTITY0=CONN_2x2_100MIL|MODELDATAFILEKIND0=PCBLib|MODELNAME=CONN_2x2_100MIL|MODELTYPE=PCBLIB|UNIQUEID=HIECUSRO|USECOMPONENTLIBRARY=T|
RECORD=46|LINENO= 162|OWNERPARTID= -42|OWNERINDEX= 161|
RECORD=48|LINENO= 163|OWNERPARTID= -42|OWNERINDEX= 161|
RECORD=45|LINENO= 164|OWNERPARTID= -42|OWNERINDEX= 160|DATABASEDATALINKSLOCKED=T|DATABASEMODEL=T|DATAFILECOUNT=1|DATALINKSLOCKED=T|INTEGRATEDMODEL=T|MODELDATAFILEENTITY0=CONN_2x2_100MIL_FEMAIL|MODELDATAFILEKIND0=PCBLib|MODELNAME=CONN_2x2_100MIL_FEMAIL|MODELTYPE=PCBLIB|UNIQUEID=LDFJLODF|USECOMPONENTLIBRARY=T|
RECORD=46|LINENO= 165|OWNERPARTID= -42|OWNERINDEX= 164|
RECORD=48|LINENO= 166|OWNERPARTID= -42|OWNERINDEX= 164|
RECORD=45|LINENO= 167|OWNERPARTID= -42|OWNERINDEX= 160|DATABASEDATALINKSLOCKED=T|DATABASEMODEL=T|DATAFILECOUNT=1|DATALINKSLOCKED=T|INTEGRATEDMODEL=T|MODELDATAFILEENTITY0=CONN_2x2_100MIL_FEMALE_SAMTEC|MODELDATAFILEKIND0=PCBLib|MODELNAME=CONN_2x2_100MIL_FEMALE_SAMTEC|MODELTYPE=PCBLIB|UNIQUEID=YJKTCBWQ|USECOMPONENTLIBRARY=T|
RECORD=46|LINENO= 168|OWNERPARTID= -42|OWNERINDEX= 167|
RECORD=48|LINENO= 169|OWNERPARTID= -42|OWNERINDEX= 167|
RECORD=45|LINENO= 170|OWNERPARTID= -42|OWNERINDEX= 160|DATABASEDATALINKSLOCKED=T|DATABASEMODEL=T|DATAFILECOUNT=1|DATALINKSLOCKED=T|INTEGRATEDMODEL=T|MODELDATAFILEENTITY0=CONN_2x2_100MIL_MALE|MODELDATAFILEKIND0=PCBLib|MODELNAME=CONN_2x2_100MIL_MALE|MODELTYPE=PCBLIB|UNIQUEID=AUSMJRCR|USECOMPONENTLIBRARY=T|
RECORD=46|LINENO= 171|OWNERPARTID= -42|OWNERINDEX= 170|
RECORD=48|LINENO= 172|OWNERPARTID= -42|OWNERINDEX= 170|
RECORD=45|LINENO= 173|OWNERPARTID= -42|OWNERINDEX= 160|DATABASEDATALINKSLOCKED=T|DATABASEMODEL=T|DATAFILECOUNT=1|DATALINKSLOCKED=T|INTEGRATEDMODEL=T|ISCURRENT=T|MODELDATAFILEENTITY0=CONN_2x2_100MIL_MALE_SAMTEC|MODELDATAFILEKIND0=PCBLib|MODELNAME=CONN_2x2_100MIL_MALE_SAMTEC|MODELTYPE=PCBLIB|UNIQUEID=RFWWTWWP|USECOMPONENTLIBRARY=T|
RECORD=46|LINENO= 174|OWNERPARTID= -42|OWNERINDEX= 173|
RECORD=48|LINENO= 175|OWNERPARTID= -42|OWNERINDEX= 173|
RECORD=18|LINENO= 176|OWNERPARTID=   0|OWNERINDEX= -42|ALIGNMENT=2|AREACOLOR=8454143|FONTID=1|HARNESSTYPE=Inter-board_Connector|HEIGHT=10|LOCATION.X=1000|LOCATION.Y=610|NAME=Inter-board_Connectors|STYLE=3|TEXTCOLOR=128|UNIQUEID=QGQKKODX|WIDTH=100|
RECORD=17|LINENO= 177|OWNERPARTID=   0|OWNERINDEX= -42|FONTID=1|LOCATION.X=140|LOCATION.Y=710|ORIENTATION=2|SHOWNETNAME=T|STYLE=4|TEXT=GNDPWR|UNIQUEID=OBQBPGRJ|
RECORD=17|LINENO= 178|OWNERPARTID=   0|OWNERINDEX= -42|FONTID=1|LOCATION.X=130|LOCATION.Y=560|ORIENTATION=2|SHOWNETNAME=T|STYLE=4|TEXT=GNDPWR|UNIQUEID=KIPATCRE|
RECORD=17|LINENO= 179|OWNERPARTID=   0|OWNERINDEX= -42|FONTID=1|LOCATION.X=300|LOCATION.Y=710|SHOWNETNAME=T|STYLE=7|TEXT=5V5|UNIQUEID=CHBWSIQY|
RECORD=17|LINENO= 180|OWNERPARTID=   0|OWNERINDEX= -42|FONTID=1|LOCATION.X=310|LOCATION.Y=560|SHOWNETNAME=T|STYLE=7|TEXT=5V5|UNIQUEID=CVAGVKXV|
RECORD=15|LINENO= 181|OWNERPARTID=   0|OWNERINDEX= -42|AREACOLOR=8454016|ISSOLID=T|LOCATION.X=730|LOCATION.Y=240|SYMBOLTYPE=Normal|UNIQUEID=YGCLVBPY|XSIZE=150|YSIZE=140|
RECORD=16|LINENO= 182|OWNERPARTID=   0|OWNERINDEX= 181|AREACOLOR=8454143|ARROWKIND=Block & Triangle|DISTANCEFROMTOP=5|HARNESSTYPE=SPI|NAME=NRF_SPI|STYLE=3|TEXTCOLOR=128|TEXTFONTID=1|TEXTSTYLE=Full|
RECORD=16|LINENO= 183|OWNERPARTID=   0|OWNERINDEX= 181|AREACOLOR=8454143|ARROWKIND=Block & Triangle|DISTANCEFROMTOP=6|NAME=NRF_CS|STYLE=3|TEXTCOLOR=128|TEXTFONTID=1|TEXTSTYLE=Full|
RECORD=16|LINENO= 184|OWNERPARTID=   0|OWNERINDEX= 181|AREACOLOR=8454143|ARROWKIND=Block & Triangle|DISTANCEFROMTOP=2|HARNESSTYPE=SPI|NAME=DW_SPI|STYLE=3|TEXTCOLOR=128|TEXTFONTID=1|TEXTSTYLE=Full|
RECORD=16|LINENO= 185|OWNERPARTID=   0|OWNERINDEX= 181|AREACOLOR=8454143|ARROWKIND=Block & Triangle|DISTANCEFROMTOP=3|NAME=DW_CS|STYLE=3|TEXTCOLOR=128|TEXTFONTID=1|TEXTSTYLE=Full|
RECORD=16|LINENO= 186|OWNERPARTID=   0|OWNERINDEX= 181|AREACOLOR=8454143|ARROWKIND=Block & Triangle|DISTANCEFROMTOP=8|NAME=NRF_GND_EN|STYLE=3|TEXTCOLOR=128|TEXTFONTID=1|TEXTSTYLE=Full|
RECORD=16|LINENO= 187|OWNERPARTID=   0|OWNERINDEX= 181|AREACOLOR=8454143|ARROWKIND=Block & Triangle|DISTANCEFROMTOP=9|NAME=GND_SIG|SIDE=1|STYLE=3|TEXTCOLOR=128|TEXTFONTID=1|TEXTSTYLE=Full|
RECORD=16|LINENO= 188|OWNERPARTID=   0|OWNERINDEX= 181|AREACOLOR=8454143|ARROWKIND=Block & Triangle|DISTANCEFROMTOP=2|NAME=3V3|SIDE=1|STYLE=3|TEXTCOLOR=128|TEXTFONTID=1|TEXTSTYLE=Full|
RECORD=16|LINENO= 189|OWNERPARTID=   0|OWNERINDEX= 181|AREACOLOR=8454143|ARROWKIND=Block & Triangle|DISTANCEFROMTOP=9|NAME=NRF_IRQ|STYLE=3|TEXTCOLOR=128|TEXTFONTID=1|TEXTSTYLE=Full|
RECORD=16|LINENO= 190|OWNERPARTID=   0|OWNERINDEX= 181|AREACOLOR=8454143|ARROWKIND=Block & Triangle|DISTANCEFROMTOP=10|NAME=NRF_CE|STYLE=3|TEXTCOLOR=128|TEXTFONTID=1|TEXTSTYLE=Full|
RECORD=32|LINENO= 191|OWNERPARTID=   0|OWNERINDEX= 181|FONTID=1|LOCATION.X=730|LOCATION.Y=250|TEXT=RF|
RECORD=33|LINENO= 192|OWNERPARTID=   0|OWNERINDEX= 181|FONTID=1|LOCATION.X=730|LOCATION.Y=240|TEXT=RF|
RECORD=17|LINENO= 193|OWNERPARTID=   0|OWNERINDEX= -42|FONTID=2|LOCATION.X=440|LOCATION.Y=50|ORIENTATION=3|SHOWNETNAME=F|STYLE=5|TEXT=GDNSIG|UNIQUEID=SDKLLJIJ|
RECORD=17|LINENO= 194|OWNERPARTID=   0|OWNERINDEX= -42|FONTID=2|LOCATION.X=140|LOCATION.Y=300|ORIENTATION=3|SHOWNETNAME=F|STYLE=5|TEXT=GDNSIG|UNIQUEID=JBGDMEKV|
RECORD=17|LINENO= 195|OWNERPARTID=   0|OWNERINDEX= -42|FONTID=2|LOCATION.X=440|LOCATION.Y=300|ORIENTATION=3|SHOWNETNAME=F|STYLE=5|TEXT=GDNSIG|UNIQUEID=KQFDFAVV|
RECORD=17|LINENO= 196|OWNERPARTID=   0|OWNERINDEX= -42|FONTID=2|LOCATION.X=900|LOCATION.Y=300|ORIENTATION=3|SHOWNETNAME=F|STYLE=5|TEXT=GDNSIG|UNIQUEID=BPFWTMCN|
RECORD=17|LINENO= 197|OWNERPARTID=   0|OWNERINDEX= -42|FONTID=2|LOCATION.X=900|LOCATION.Y=130|ORIENTATION=3|SHOWNETNAME=F|STYLE=5|TEXT=GDNSIG|UNIQUEID=STXGKHLU|
RECORD=15|LINENO= 198|OWNERPARTID=   0|OWNERINDEX= -42|AREACOLOR=8454016|ISSOLID=T|LOCATION.X=150|LOCATION.Y=230|SYMBOLTYPE=Normal|UNIQUEID=TWMOYALK|XSIZE=140|YSIZE=80|
RECORD=16|LINENO= 199|OWNERPARTID=   0|OWNERINDEX= 198|AREACOLOR=8454143|ARROWKIND=Block & Triangle|DISTANCEFROMTOP=7|NAME=GND_PWR|STYLE=3|TEXTCOLOR=128|TEXTFONTID=1|TEXTSTYLE=Full|
RECORD=16|LINENO= 200|OWNERPARTID=   0|OWNERINDEX= 198|AREACOLOR=8454143|ARROWKIND=Block & Triangle|DISTANCEFROMTOP=7|NAME=GND_SIG|SIDE=1|STYLE=3|TEXTCOLOR=128|TEXTFONTID=1|TEXTSTYLE=Full|
RECORD=16|LINENO= 201|OWNERPARTID=   0|OWNERINDEX= 198|AREACOLOR=8454143|ARROWKIND=Block & Triangle|DISTANCEFROMTOP=4|NAME=5V5|STYLE=3|TEXTCOLOR=128|TEXTFONTID=1|TEXTSTYLE=Full|
RECORD=16|LINENO= 202|OWNERPARTID=   0|OWNERINDEX= 198|AREACOLOR=8454143|ARROWKIND=Block & Triangle|DISTANCEFROMTOP=2|NAME=3V3|SIDE=1|STYLE=3|TEXTCOLOR=128|TEXTFONTID=1|TEXTSTYLE=Full|
RECORD=16|LINENO= 203|OWNERPARTID=   0|OWNERINDEX= 198|AREACOLOR=8454143|ARROWKIND=Block & Triangle|DISTANCEFROMTOP=4|NAME=1V8|SIDE=1|STYLE=3|TEXTCOLOR=128|TEXTFONTID=1|TEXTSTYLE=Full|
RECORD=16|LINENO= 204|OWNERPARTID=   0|OWNERINDEX= 198|AREACOLOR=8454143|ARROWKIND=Block & Triangle|DISTANCEFROMTOP=2|NAME=5VBUS|STYLE=3|TEXTCOLOR=128|TEXTFONTID=1|TEXTSTYLE=Full|
RECORD=32|LINENO= 205|OWNERPARTID=   0|OWNERINDEX= 198|FONTID=1|LOCATION.X=150|LOCATION.Y=240|TEXT=CONTROLLER_POWER|
RECORD=33|LINENO= 206|OWNERPARTID=   0|OWNERINDEX= 198|FONTID=1|LOCATION.X=150|LOCATION.Y=230|TEXT=CONTROLLER_POWER|
RECORD=17|LINENO= 207|OWNERPARTID=   0|OWNERINDEX= -42|FONTID=2|LOCATION.X=320|LOCATION.Y=140|ORIENTATION=3|SHOWNETNAME=F|STYLE=5|TEXT=GDNSIG|UNIQUEID=JBOIBFKP|
RECORD=17|LINENO= 208|OWNERPARTID=   0|OWNERINDEX= -42|FONTID=2|LOCATION.X=120|LOCATION.Y=130|ORIENTATION=3|SHOWNETNAME=T|STYLE=4|TEXT=GNDPWR|UNIQUEID=AVVSFLUE|
RECORD=17|LINENO= 209|OWNERPARTID=   0|OWNERINDEX= -42|FONTID=2|LOCATION.X=100|LOCATION.Y=210|ORIENTATION=1|SHOWNETNAME=T|STYLE=7|TEXT=5V5|UNIQUEID=SOJXERUP|
RECORD=17|LINENO= 210|OWNERPARTID=   0|OWNERINDEX= -42|FONTID=2|LOCATION.X=320|LOCATION.Y=230|ORIENTATION=1|SHOWNETNAME=T|STYLE=7|TEXT=3V3|UNIQUEID=IPJUSFAG|
RECORD=17|LINENO= 211|OWNERPARTID=   0|OWNERINDEX= -42|FONTID=2|LOCATION.X=350|LOCATION.Y=230|ORIENTATION=1|SHOWNETNAME=T|STYLE=7|TEXT=1V8|UNIQUEID=XLTQFNEG|
RECORD=17|LINENO= 212|OWNERPARTID=   0|OWNERINDEX= -42|FONTID=2|LOCATION.X=130|LOCATION.Y=390|ORIENTATION=1|SHOWNETNAME=T|STYLE=7|TEXT=1V8|UNIQUEID=JGXFGEAI|
RECORD=17|LINENO= 213|OWNERPARTID=   0|OWNERINDEX= -42|FONTID=2|LOCATION.X=410|LOCATION.Y=390|ORIENTATION=1|SHOWNETNAME=T|STYLE=7|TEXT=1V8|UNIQUEID=PXHFAAUN|
RECORD=17|LINENO= 214|OWNERPARTID=   0|OWNERINDEX= -42|FONTID=2|LOCATION.X=430|LOCATION.Y=390|ORIENTATION=1|SHOWNETNAME=T|STYLE=7|TEXT=3V3|UNIQUEID=UNQJJHTG|
RECORD=17|LINENO= 215|OWNERPARTID=   0|OWNERINDEX= -42|FONTID=2|LOCATION.X=420|LOCATION.Y=240|ORIENTATION=1|SHOWNETNAME=T|STYLE=7|TEXT=3V3|UNIQUEID=VBFTQXEB|
RECORD=17|LINENO= 216|OWNERPARTID=   0|OWNERINDEX= -42|FONTID=2|LOCATION.X=920|LOCATION.Y=240|ORIENTATION=1|SHOWNETNAME=T|STYLE=7|TEXT=3V3|UNIQUEID=MJPOYFRP|
RECORD=17|LINENO= 217|OWNERPARTID=   0|OWNERINDEX= -42|FONTID=2|LOCATION.X=900|LOCATION.Y=400|ORIENTATION=1|SHOWNETNAME=T|STYLE=7|TEXT=3V3|UNIQUEID=ETYLFYLN|
RECORD=17|LINENO= 218|OWNERPARTID=   0|OWNERINDEX= -42|FONTID=2|LOCATION.X=920|LOCATION.Y=400|ORIENTATION=1|SHOWNETNAME=T|STYLE=7|TEXT=1V8|UNIQUEID=DFBPXXCW|
RECORD=27|LINENO= 219|OWNERPARTID=   0|OWNERINDEX= -42|LINEWIDTH=1|LOCATIONCOUNT=2|UNIQUEID=LJEKPIQV|X1=810|X2=760|Y1=510|Y2=510|
RECORD=27|LINENO= 220|OWNERPARTID=   0|OWNERINDEX= -42|LINEWIDTH=1|LOCATIONCOUNT=2|UNIQUEID=FJNYJDCD|X1=810|X2=760|Y1=520|Y2=520|
RECORD=27|LINENO= 221|OWNERPARTID=   0|OWNERINDEX= -42|LINEWIDTH=1|LOCATIONCOUNT=2|UNIQUEID=SXJBGUTG|X1=810|X2=760|Y1=530|Y2=530|
RECORD=27|LINENO= 222|OWNERPARTID=   0|OWNERINDEX= -42|LINEWIDTH=1|LOCATIONCOUNT=2|UNIQUEID=YSVHWAHC|X1=810|X2=760|Y1=540|Y2=540|
RECORD=27|LINENO= 223|OWNERPARTID=   0|OWNERINDEX= -42|LINEWIDTH=1|LOCATIONCOUNT=2|UNIQUEID=JVBBYXMO|X1=810|X2=760|Y1=560|Y2=560|
RECORD=27|LINENO= 224|OWNERPARTID=   0|OWNERINDEX= -42|LINEWIDTH=1|LOCATIONCOUNT=2|UNIQUEID=DQTFHKYV|X1=810|X2=760|Y1=570|Y2=570|
RECORD=27|LINENO= 225|OWNERPARTID=   0|OWNERINDEX= -42|LINEWIDTH=1|LOCATIONCOUNT=2|UNIQUEID=BXNCFKIC|X1=810|X2=760|Y1=580|Y2=580|
RECORD=27|LINENO= 226|OWNERPARTID=   0|OWNERINDEX= -42|LINEWIDTH=1|LOCATIONCOUNT=2|UNIQUEID=HBQAESNN|X1=760|X2=810|Y1=590|Y2=590|
RECORD=27|LINENO= 227|OWNERPARTID=   0|OWNERINDEX= -42|LINEWIDTH=1|LOCATIONCOUNT=2|UNIQUEID=HGXGLPQT|X1=760|X2=810|Y1=610|Y2=610|
RECORD=27|LINENO= 228|OWNERPARTID=   0|OWNERINDEX= -42|LINEWIDTH=1|LOCATIONCOUNT=2|UNIQUEID=PDPEXDPL|X1=760|X2=810|Y1=620|Y2=620|
RECORD=27|LINENO= 229|OWNERPARTID=   0|OWNERINDEX= -42|LINEWIDTH=1|LOCATIONCOUNT=2|UNIQUEID=FTMVMAXU|X1=760|X2=810|Y1=630|Y2=630|
RECORD=27|LINENO= 230|OWNERPARTID=   0|OWNERINDEX= -42|LINEWIDTH=1|LOCATIONCOUNT=2|UNIQUEID=TEPBTHFO|X1=760|X2=810|Y1=640|Y2=640|
RECORD=27|LINENO= 231|OWNERPARTID=   0|OWNERINDEX= -42|LINEWIDTH=1|LOCATIONCOUNT=2|UNIQUEID=ONQSKXSK|X1=760|X2=810|Y1=660|Y2=660|
RECORD=27|LINENO= 232|OWNERPARTID=   0|OWNERINDEX= -42|LINEWIDTH=1|LOCATIONCOUNT=2|UNIQUEID=VYNLGPRK|X1=760|X2=810|Y1=670|Y2=670|
RECORD=27|LINENO= 233|OWNERPARTID=   0|OWNERINDEX= -42|LINEWIDTH=1|LOCATIONCOUNT=2|UNIQUEID=EBJDGQIV|X1=760|X2=810|Y1=680|Y2=680|
RECORD=27|LINENO= 234|OWNERPARTID=   0|OWNERINDEX= -42|LINEWIDTH=1|LOCATIONCOUNT=2|UNIQUEID=NIRGKWVO|X1=760|X2=810|Y1=690|Y2=690|
RECORD=27|LINENO= 235|OWNERPARTID=   0|OWNERINDEX= -42|LINEWIDTH=1|LOCATIONCOUNT=2|UNIQUEID=WSRSTWHH|X1=140|X2=180|Y1=710|Y2=710|
RECORD=27|LINENO= 236|OWNERPARTID=   0|OWNERINDEX= -42|LINEWIDTH=1|LOCATIONCOUNT=2|UNIQUEID=XICVRUMI|X1=180|X2=130|Y1=560|Y2=560|
RECORD=27|LINENO= 237|OWNERPARTID=   0|OWNERINDEX= -42|LINEWIDTH=1|LOCATIONCOUNT=2|UNIQUEID=PKNVIYRQ|X1=300|X2=250|Y1=710|Y2=710|
RECORD=27|LINENO= 238|OWNERPARTID=   0|OWNERINDEX= -42|LINEWIDTH=1|LOCATIONCOUNT=2|UNIQUEID=DYHMEQGW|X1=310|X2=250|Y1=560|Y2=560|
RECORD=27|LINENO= 239|OWNERPARTID=   0|OWNERINDEX= -42|LINEWIDTH=1|LOCATIONCOUNT=2|UNIQUEID=SDQOHXAA|X1=600|X2=730|Y1=180|Y2=180|
RECORD=27|LINENO= 240|OWNERPARTID=   0|OWNERINDEX= -42|LINEWIDTH=1|LOCATIONCOUNT=2|UNIQUEID=CEOSRUQF|X1=600|X2=730|Y1=210|Y2=210|
RECORD=27|LINENO= 241|OWNERPARTID=   0|OWNERINDEX= -42|LINEWIDTH=1|LOCATIONCOUNT=3|UNIQUEID=ABBUVCAY|X1=880|X2=900|X3=900|Y1=150|Y2=150|Y3=130|
RECORD=27|LINENO= 242|OWNERPARTID=   0|OWNERINDEX= -42|LINEWIDTH=1|LOCATIONCOUNT=3|UNIQUEID=EFYUAMGB|X1=880|X2=900|X3=900|Y1=320|Y2=320|Y3=300|
RECORD=27|LINENO= 243|OWNERPARTID=   0|OWNERINDEX= -42|LINEWIDTH=1|LOCATIONCOUNT=3|UNIQUEID=IMQTWWVA|X1=460|X2=440|X3=440|Y1=320|Y2=320|Y3=300|
RECORD=27|LINENO= 244|OWNERPARTID=   0|OWNERINDEX= -42|LINEWIDTH=1|LOCATIONCOUNT=3|UNIQUEID=AYJXIVSF|X1=460|X2=440|X3=440|Y1=70|Y2=70|Y3=50|
RECORD=27|LINENO= 245|OWNERPARTID=   0|OWNERINDEX= -42|LINEWIDTH=1|LOCATIONCOUNT=2|UNIQUEID=UIRSXRYL|X1=600|X2=730|Y1=160|Y2=160|
RECORD=27|LINENO= 246|OWNERPARTID=   0|OWNERINDEX= -42|LINEWIDTH=1|LOCATIONCOUNT=3|UNIQUEID=OTFEIGCX|X1=290|X2=320|X3=320|Y1=160|Y2=160|Y3=140|
RECORD=27|LINENO= 247|OWNERPARTID=   0|OWNERINDEX= -42|LINEWIDTH=1|LOCATIONCOUNT=3|UNIQUEID=PQRVDFSC|X1=150|X2=100|X3=100|Y1=190|Y2=190|Y3=210|
RECORD=27|LINENO= 248|OWNERPARTID=   0|OWNERINDEX= -42|LINEWIDTH=1|LOCATIONCOUNT=3|UNIQUEID=BXPLFAHS|X1=150|X2=120|X3=120|Y1=160|Y2=160|Y3=130|
RECORD=27|LINENO= 249|OWNERPARTID=   0|OWNERINDEX= -42|LINEWIDTH=1|LOCATIONCOUNT=3|UNIQUEID=PROTWVRS|X1=290|X2=320|X3=320|Y1=210|Y2=210|Y3=230|
RECORD=27|LINENO= 250|OWNERPARTID=   0|OWNERINDEX= -42|LINEWIDTH=1|LOCATIONCOUNT=3|UNIQUEID=VSDVKHFC|X1=290|X2=350|X3=350|Y1=190|Y2=190|Y3=230|
RECORD=27|LINENO= 251|OWNERPARTID=   0|OWNERINDEX= -42|LINEWIDTH=1|LOCATIONCOUNT=3|UNIQUEID=CAXEXHLW|X1=140|X2=140|X3=160|Y1=300|Y2=320|Y3=320|
RECORD=27|LINENO= 252|OWNERPARTID=   0|OWNERINDEX= -42|LINEWIDTH=1|LOCATIONCOUNT=3|UNIQUEID=QUYHQCLJ|X1=160|X2=130|X3=130|Y1=370|Y2=370|Y3=390|
RECORD=27|LINENO= 253|OWNERPARTID=   0|OWNERINDEX= -42|LINEWIDTH=1|LOCATIONCOUNT=6|UNIQUEID=NTASRIQE|X1=150|X2=120|X3=120|X4=340|X5=340|X6=310|Y1=210|Y2=210|Y3=270|Y4=270|Y5=330|Y6=330|
RECORD=27|LINENO= 254|OWNERPARTID=   0|OWNERINDEX= -42|LINEWIDTH=1|LOCATIONCOUNT=3|UNIQUEID=GRCJNDQS|X1=460|X2=410|X3=410|Y1=370|Y2=370|Y3=390|
RECORD=27|LINENO= 255|OWNERPARTID=   0|OWNERINDEX= -42|LINEWIDTH=1|LOCATIONCOUNT=3|UNIQUEID=INWLJBIR|X1=460|X2=430|X3=430|Y1=380|Y2=380|Y3=390|
RECORD=27|LINENO= 256|OWNERPARTID=   0|OWNERINDEX= -42|LINEWIDTH=1|LOCATIONCOUNT=3|UNIQUEID=VISPWXRE|X1=460|X2=420|X3=420|Y1=220|Y2=220|Y3=240|
RECORD=27|LINENO= 257|OWNERPARTID=   0|OWNERINDEX= -42|LINEWIDTH=1|LOCATIONCOUNT=3|UNIQUEID=EFFEWRLW|X1=880|X2=920|X3=920|Y1=220|Y2=220|Y3=240|
RECORD=27|LINENO= 258|OWNERPARTID=   0|OWNERINDEX= -42|LINEWIDTH=1|LOCATIONCOUNT=3|UNIQUEID=BHQSDUHB|X1=880|X2=900|X3=900|Y1=380|Y2=380|Y3=400|
RECORD=27|LINENO= 259|OWNERPARTID=   0|OWNERINDEX= -42|LINEWIDTH=1|LOCATIONCOUNT=3|UNIQUEID=SOROJUJF|X1=880|X2=920|X3=920|Y1=370|Y2=370|Y3=400|
RECORD=27|LINENO= 260|OWNERPARTID=   0|OWNERINDEX= -42|LINEWIDTH=1|LOCATIONCOUNT=2|UNIQUEID=BOXKDTGW|X1=600|X2=730|Y1=150|Y2=150|
RECORD=27|LINENO= 261|OWNERPARTID=   0|OWNERINDEX= -42|LINEWIDTH=1|LOCATIONCOUNT=2|UNIQUEID=EBMYGQVR|X1=600|X2=730|Y1=140|Y2=140|
