RECORD=-42|LINENO=   0|OWNERPARTID= -42|OWNERINDEX= -42|HEADER=Protel for Windows - Schematic Capture Binary File Version 5.0|MINORVERSION=2|UNIQUEID=ENMXKDLO|WEIGHT=219|
RECORD=31|LINENO=   1|OWNERPARTID= -42|OWNERINDEX= -42|AREACOLOR=16317695|BOLD3=T|BORDERON=T|CUSTOMMARGINWIDTH=20|CUSTOMX=1500|CUSTOMXZONES=6|CUSTOMY=950|CUSTOMYZONES=4|DISPLAY_UNIT=4|FONTIDCOUNT=3|FONTNAME1=Times New Roman|FONTNAME2=Times New Roman|FONTNAME3=Courier New|HOTSPOTGRIDON=T|HOTSPOTGRIDSIZE=4|ISBOC=T|SHEETNUMBERSPACESIZE=4|SHEETSTYLE=5|SIZE1=10|SIZE2=10|SIZE3=10|SNAPGRIDON=T|SNAPGRIDSIZE=10|SYSTEMFONT=1|TITLEBLOCKON=T|UNDERLINE2=T|USEMBCS=T|VISIBLEGRIDON=T|VISIBLEGRIDSIZE=10|
RECORD=41|LINENO=   2|OWNERPARTID=   0|OWNERINDEX= -42|FONTID=1|ISHIDDEN=T|LOCATION.Y=80|NAME=CurrentTime|TEXT=*|UNIQUEID=YOQGHMOU|
RECORD=41|LINENO=   3|OWNERPARTID=   0|OWNERINDEX= -42|FONTID=1|ISHIDDEN=T|LOCATION.Y=80|NAME=CurrentDate|TEXT=*|UNIQUEID=NXNULUHC|
RECORD=41|LINENO=   4|OWNERPARTID=   0|OWNERINDEX= -42|FONTID=1|ISHIDDEN=T|LOCATION.Y=80|NAME=Time|TEXT=*|UNIQUEID=UFFLLBPY|
RECORD=41|LINENO=   5|OWNERPARTID=   0|OWNERINDEX= -42|FONTID=1|ISHIDDEN=T|LOCATION.Y=80|NAME=Date|TEXT=*|UNIQUEID=MIKLMQNW|
RECORD=41|LINENO=   6|OWNERPARTID=   0|OWNERINDEX= -42|FONTID=1|ISHIDDEN=T|LOCATION.Y=80|NAME=DocumentFullPathAndName|TEXT=*|UNIQUEID=AVEAHKGG|
RECORD=41|LINENO=   7|OWNERPARTID=   0|OWNERINDEX= -42|FONTID=1|ISHIDDEN=T|LOCATION.Y=80|NAME=DocumentName|TEXT=*|UNIQUEID=JKVOQAPA|
RECORD=41|LINENO=   8|OWNERPARTID=   0|OWNERINDEX= -42|FONTID=1|ISHIDDEN=T|LOCATION.Y=80|NAME=ModifiedDate|TEXT=*|UNIQUEID=BCNFQRTC|
RECORD=41|LINENO=   9|OWNERPARTID=   0|OWNERINDEX= -42|FONTID=1|ISHIDDEN=T|LOCATION.Y=80|NAME=ApprovedBy|TEXT=*|UNIQUEID=HEQAXGHS|
RECORD=41|LINENO=  10|OWNERPARTID=   0|OWNERINDEX= -42|FONTID=1|ISHIDDEN=T|LOCATION.Y=80|NAME=CheckedBy|TEXT=*|UNIQUEID=MLXWQUMI|
RECORD=41|LINENO=  11|OWNERPARTID=   0|OWNERINDEX= -42|FONTID=1|ISHIDDEN=T|LOCATION.Y=80|NAME=Author|TEXT=*|UNIQUEID=LDQXGTFW|
RECORD=41|LINENO=  12|OWNERPARTID=   0|OWNERINDEX= -42|FONTID=1|ISHIDDEN=T|LOCATION.Y=80|NAME=CompanyName|TEXT=*|UNIQUEID=CHEEDUOT|
RECORD=41|LINENO=  13|OWNERPARTID=   0|OWNERINDEX= -42|FONTID=1|ISHIDDEN=T|LOCATION.Y=80|NAME=DrawnBy|TEXT=*|UNIQUEID=KACHVWOK|
RECORD=41|LINENO=  14|OWNERPARTID=   0|OWNERINDEX= -42|FONTID=1|ISHIDDEN=T|LOCATION.Y=80|NAME=Engineer|TEXT=*|UNIQUEID=WUBOPMMI|
RECORD=41|LINENO=  15|OWNERPARTID=   0|OWNERINDEX= -42|FONTID=1|ISHIDDEN=T|LOCATION.Y=80|NAME=Organization|TEXT=*|UNIQUEID=BVOKESYT|
RECORD=41|LINENO=  16|OWNERPARTID=   0|OWNERINDEX= -42|FONTID=1|ISHIDDEN=T|LOCATION.Y=80|NAME=Address1|TEXT=*|UNIQUEID=MTURQPBV|
RECORD=41|LINENO=  17|OWNERPARTID=   0|OWNERINDEX= -42|FONTID=1|ISHIDDEN=T|LOCATION.Y=80|NAME=Address2|TEXT=*|UNIQUEID=AVPIHIYJ|
RECORD=41|LINENO=  18|OWNERPARTID=   0|OWNERINDEX= -42|FONTID=1|ISHIDDEN=T|LOCATION.Y=80|NAME=Address3|TEXT=*|UNIQUEID=GUDPXPTF|
RECORD=41|LINENO=  19|OWNERPARTID=   0|OWNERINDEX= -42|FONTID=1|ISHIDDEN=T|LOCATION.Y=80|NAME=Address4|TEXT=*|UNIQUEID=QIJDDHSA|
RECORD=41|LINENO=  20|OWNERPARTID=   0|OWNERINDEX= -42|FONTID=1|ISHIDDEN=T|LOCATION.Y=80|NAME=Title|TEXT=*|UNIQUEID=MAODLQRW|
RECORD=41|LINENO=  21|OWNERPARTID=   0|OWNERINDEX= -42|FONTID=1|ISHIDDEN=T|LOCATION.Y=80|NAME=DocumentNumber|TEXT=*|UNIQUEID=KSHNJBWG|
RECORD=41|LINENO=  22|OWNERPARTID=   0|OWNERINDEX= -42|FONTID=1|ISHIDDEN=T|LOCATION.Y=80|NAME=Revision|TEXT=*|UNIQUEID=MAJLUNDL|
RECORD=41|LINENO=  23|OWNERPARTID=   0|OWNERINDEX= -42|FONTID=1|ISHIDDEN=T|LOCATION.Y=80|NAME=SheetNumber|TEXT=*|UNIQUEID=XKVIWOCY|
RECORD=41|LINENO=  24|OWNERPARTID=   0|OWNERINDEX= -42|FONTID=1|ISHIDDEN=T|LOCATION.Y=80|NAME=SheetTotal|TEXT=*|UNIQUEID=XYFOFRFY|
RECORD=41|LINENO=  25|OWNERPARTID=   0|OWNERINDEX= -42|FONTID=1|ISHIDDEN=T|LOCATION.Y=80|NAME=Rule|TEXT=*|UNIQUEID=ERESYJRS|
RECORD=41|LINENO=  26|OWNERPARTID=   0|OWNERINDEX= -42|FONTID=1|ISHIDDEN=T|LOCATION.Y=80|NAME=ImagePath|TEXT=*|UNIQUEID=AJQNWYSI|
RECORD=41|LINENO=  27|OWNERPARTID=   0|OWNERINDEX= -42|FONTID=1|ISHIDDEN=T|LOCATION.Y=80|NAME=ProjectName|TEXT=*|UNIQUEID=TVVWFMMF|
RECORD=41|LINENO=  28|OWNERPARTID=   0|OWNERINDEX= -42|FONTID=1|ISHIDDEN=T|LOCATION.Y=80|NAME=Application_BuildNumber|TEXT=*|UNIQUEID=NCCCCTSW|
RECORD=18|LINENO=  29|OWNERPARTID=   0|OWNERINDEX= -42|ALIGNMENT=2|AREACOLOR=8454143|FONTID=1|HARNESSTYPE=UART|HEIGHT=10|LOCATION.X=40|LOCATION.Y=560|NAME=CONSOL_UART|STYLE=3|TEXTCOLOR=128|UNIQUEID=NLCPQEOA|WIDTH=90|
RECORD= 1|LINENO=  30|OWNERPARTID=   0|OWNERINDEX= -42|%UTF8%COMPONENTDESCRIPTION=Edison IntelÂ® Edison Platform Atomâ„¢ Series MPU Atomâ„¢ Core Embedded Evaluation Board|AREACOLOR=11599871|COMPONENTDESCRIPTION=Edison Intel® Edison Platform Atom™ Series MPU Atom™ Core Embedded Evaluation Board|CURRENTPARTID=1|DESIGNITEMID=INTEL_EDISON|DISPLAYMODECOUNT=1|LIBRARYPATH=*|LIBREFERENCE=INTEL_EDISON|LOCATION.X=575|LOCATION.Y=490|PARTCOUNT=2|PARTIDLOCKED=T|SOURCELIBRARYNAME=SSI.IntLib|TARGETFILENAME=*|UNIQUEID=WEJKOSYC|
RECORD=41|LINENO=  31|OWNERPARTID=   0|OWNERINDEX=  30|FONTID=1|ISHIDDEN=T|LOCATION.X=543|LOCATION.Y=623|NAME=Supplier 1|TEXT=Digi-Key|UNIQUEID=SAFCQFCX|
RECORD=41|LINENO=  32|OWNERPARTID=   0|OWNERINDEX=  30|FONTID=1|ISHIDDEN=T|LOCATION.X=543|LOCATION.Y=633|NAME=Manufacturer|TEXT=Seeed Technology Co., Ltd|UNIQUEID=RCKWCSFK|
RECORD=41|LINENO=  33|OWNERPARTID=   0|OWNERINDEX=  30|FONTID=1|ISHIDDEN=T|LOCATION.X=543|LOCATION.Y=633|NAME=Manufacturer Part Number|TEXT=102990283|UNIQUEID=AOSAXMOM|
RECORD=41|LINENO=  34|OWNERPARTID=   0|OWNERINDEX=  30|FONTID=1|ISHIDDEN=T|LOCATION.X=543|LOCATION.Y=633|NAME=RoHS|TEXT=RoHS Compliant|UNIQUEID=XUFLHEDF|
RECORD=41|LINENO=  35|OWNERPARTID=   0|OWNERINDEX=  30|FONTID=1|ISHIDDEN=T|LOCATION.X=543|LOCATION.Y=633|NAME=Category|TEXT=Programmers, Development Systems|UNIQUEID=LVYTWQTG|
RECORD=41|LINENO=  36|OWNERPARTID=   0|OWNERINDEX=  30|FONTID=1|ISHIDDEN=T|LOCATION.X=543|LOCATION.Y=633|NAME=Stock 1|TEXT=17|UNIQUEID=OOCVTROE|
RECORD=41|LINENO=  37|OWNERPARTID=   0|OWNERINDEX=  30|FONTID=1|ISHIDDEN=T|LOCATION.X=543|LOCATION.Y=633|NAME=Pricing 1|TEXT=1=59.94 (USD)|UNIQUEID=SLBYKNSW|
RECORD=41|LINENO=  38|OWNERPARTID=   0|OWNERINDEX=  30|FONTID=1|ISHIDDEN=T|LOCATION.X=543|LOCATION.Y=633|NAME=Board Type|TEXT=Evaluation Platform|UNIQUEID=LWLSAYNF|
RECORD=41|LINENO=  39|OWNERPARTID=   0|OWNERINDEX=  30|FONTID=1|ISHIDDEN=T|LOCATION.X=543|LOCATION.Y=633|NAME=Type|TEXT=MPU|UNIQUEID=PXRXNWQK|
RECORD=41|LINENO=  40|OWNERPARTID=   0|OWNERINDEX=  30|%UTF8%TEXT=Atomâ„¢|FONTID=1|ISHIDDEN=T|LOCATION.X=543|LOCATION.Y=633|NAME=Core Processor|TEXT=Atom™|UNIQUEID=OTPCJPYU|
RECORD=41|LINENO=  41|OWNERPARTID=   0|OWNERINDEX=  30|FONTID=1|ISHIDDEN=T|LOCATION.X=543|LOCATION.Y=633|NAME=Operating System|TEXT=-|UNIQUEID=BQTDBLLQ|
RECORD=41|LINENO=  42|OWNERPARTID=   0|OWNERINDEX=  30|%UTF8%TEXT=IntelÂ® Edison|FONTID=1|ISHIDDEN=T|LOCATION.X=543|LOCATION.Y=633|NAME=Platform|TEXT=Intel® Edison|UNIQUEID=BMMXMFMO|
RECORD=41|LINENO=  43|OWNERPARTID=   0|OWNERINDEX=  30|FONTID=1|ISHIDDEN=T|LOCATION.X=543|LOCATION.Y=633|NAME=For Use With/Related Products|TEXT=Edison|UNIQUEID=HUBLLWNU|
RECORD=41|LINENO=  44|OWNERPARTID=   0|OWNERINDEX=  30|FONTID=1|ISHIDDEN=T|LOCATION.X=543|LOCATION.Y=633|NAME=Mounting Type|TEXT=Fixed|UNIQUEID=POGIIFYP|
RECORD=41|LINENO=  45|OWNERPARTID=   0|OWNERINDEX=  30|FONTID=1|ISHIDDEN=T|LOCATION.X=543|LOCATION.Y=633|NAME=Contents|TEXT=Board(s)|UNIQUEID=EGBYGPLS|
RECORD=41|LINENO=  46|OWNERPARTID=   0|OWNERINDEX=  30|FONTID=2|ISHIDDEN=T|LOCATION.X=543|LOCATION.Y=633|NAME=ComponentLink1URL|TEXT=http://www.intel.com/content/dam/support/us/en/documents/edison/sb/edison_pb_331179002.pdf|UNIQUEID=MTXGLUIX|
RECORD=41|LINENO=  47|OWNERPARTID=   0|OWNERINDEX=  30|FONTID=2|ISHIDDEN=T|LOCATION.X=543|LOCATION.Y=633|NAME=ComponentLink1Description|TEXT=http://www.intel.com/content/dam/support/us/en/documents/edison/sb/edison_pb_331179002.pdf|UNIQUEID=FOIABWOL|
RECORD=14|LINENO=  48|OWNERPARTID=   2|OWNERINDEX=  30|AREACOLOR=11599871|CORNER.X=735|CORNER.Y=610|ISSOLID=T|LOCATION.X=565|LOCATION.Y=160|
RECORD= 2|LINENO=  49|OWNERPARTID=   2|OWNERINDEX=  30|%UTF8%SWAPIDPART=Â¦&Â¦|DESIGNATOR=2|DESIGNATOR_CUSTOMFONTID=1|ELECTRICAL=4|FORMALTYPE=1|LOCATION.X=565|LOCATION.Y=600|NAME=VSYS@1|NAME_CUSTOMFONTID=1|PINCONGLOMERATE=58|PINDESIGNATOR_POSITIONCONGLOMERATE=16|PINLENGTH=20|PINNAME_POSITIONCONGLOMERATE=16|SWAPIDPART=Ž&Ž|
RECORD=41|LINENO=  50|OWNERPARTID=   0|OWNERINDEX=  49|FONTID=1|ISHIDDEN=T|LOCATION.X=565|LOCATION.Y=600|NAME=PinUniqueId|TEXT=UWIRCYBX|UNIQUEID=ONDJJWHG|
RECORD= 2|LINENO=  51|OWNERPARTID=   2|OWNERINDEX=  30|%UTF8%SWAPIDPART=Â¦&Â¦|DESIGNATOR=8|DESIGNATOR_CUSTOMFONTID=1|ELECTRICAL=4|FORMALTYPE=1|LOCATION.X=565|LOCATION.Y=560|NAME=3.3V@1|NAME_CUSTOMFONTID=1|PINCONGLOMERATE=58|PINDESIGNATOR_POSITIONCONGLOMERATE=16|PINLENGTH=20|PINNAME_POSITIONCONGLOMERATE=16|SWAPIDPART=Ž&Ž|
RECORD=41|LINENO=  52|OWNERPARTID=   0|OWNERINDEX=  51|FONTID=1|ISHIDDEN=T|LOCATION.X=565|LOCATION.Y=560|NAME=PinUniqueId|TEXT=WVRWVPUR|UNIQUEID=LJCUTEBM|
RECORD= 2|LINENO=  53|OWNERPARTID=   2|OWNERINDEX=  30|%UTF8%SWAPIDPART=Â¦&Â¦|DESIGNATOR=12|DESIGNATOR_CUSTOMFONTID=1|ELECTRICAL=4|FORMALTYPE=1|LOCATION.X=565|LOCATION.Y=530|NAME=1.8V|NAME_CUSTOMFONTID=1|PINCONGLOMERATE=58|PINDESIGNATOR_POSITIONCONGLOMERATE=16|PINLENGTH=20|PINNAME_POSITIONCONGLOMERATE=16|SWAPIDPART=Ž&Ž|
RECORD=41|LINENO=  54|OWNERPARTID=   0|OWNERINDEX=  53|FONTID=1|ISHIDDEN=T|LOCATION.X=565|LOCATION.Y=530|NAME=PinUniqueId|TEXT=QVKHNJBW|UNIQUEID=LKXXSEIK|
RECORD= 2|LINENO=  55|OWNERPARTID=   2|OWNERINDEX=  30|%UTF8%SWAPIDPART=Â¦&Â¦|DESIGNATOR=1|DESIGNATOR_CUSTOMFONTID=1|ELECTRICAL=4|FORMALTYPE=1|LOCATION.X=565|LOCATION.Y=220|NAME=GND@1|NAME_CUSTOMFONTID=1|PINCONGLOMERATE=58|PINDESIGNATOR_POSITIONCONGLOMERATE=16|PINLENGTH=20|PINNAME_POSITIONCONGLOMERATE=16|SWAPIDPART=Ž&Ž|
RECORD=41|LINENO=  56|OWNERPARTID=   0|OWNERINDEX=  55|FONTID=1|ISHIDDEN=T|LOCATION.X=565|LOCATION.Y=220|NAME=PinUniqueId|TEXT=UUJEDKFC|UNIQUEID=EUYPAKBJ|
RECORD= 2|LINENO=  57|OWNERPARTID=   2|OWNERINDEX=  30|%UTF8%SWAPIDPART=Â¦&Â¦|DESIGNATOR=7|DESIGNATOR_CUSTOMFONTID=1|ELECTRICAL=4|FORMALTYPE=1|LOCATION.X=565|LOCATION.Y=460|NAME=MSIC_SLP_CLK|NAME_CUSTOMFONTID=1|PINCONGLOMERATE=58|PINDESIGNATOR_POSITIONCONGLOMERATE=16|PINLENGTH=20|PINNAME_POSITIONCONGLOMERATE=16|SWAPIDPART=Ž&Ž|
RECORD=41|LINENO=  58|OWNERPARTID=   0|OWNERINDEX=  57|FONTID=1|ISHIDDEN=T|LOCATION.X=565|LOCATION.Y=460|NAME=PinUniqueId|TEXT=KPHQBFIH|UNIQUEID=UBKNTAEQ|
RECORD= 2|LINENO=  59|OWNERPARTID=   2|OWNERINDEX=  30|%UTF8%SWAPIDPART=Â¦&Â¦|DESIGNATOR=3|DESIGNATOR_CUSTOMFONTID=1|ELECTRICAL=4|FORMALTYPE=1|LOCATION.X=565|LOCATION.Y=440|NAME=USB_ID|NAME_CUSTOMFONTID=1|PINCONGLOMERATE=58|PINDESIGNATOR_POSITIONCONGLOMERATE=16|PINLENGTH=20|PINNAME_POSITIONCONGLOMERATE=16|SWAPIDPART=Ž&Ž|
RECORD=41|LINENO=  60|OWNERPARTID=   0|OWNERINDEX=  59|FONTID=1|ISHIDDEN=T|LOCATION.X=565|LOCATION.Y=440|NAME=PinUniqueId|TEXT=UOCFEJVU|UNIQUEID=TIIFUTQP|
RECORD= 2|LINENO=  61|OWNERPARTID=   2|OWNERINDEX=  30|%UTF8%SWAPIDPART=Â¦&Â¦|DESIGNATOR=16|DESIGNATOR_CUSTOMFONTID=1|ELECTRICAL=4|FORMALTYPE=1|LOCATION.X=565|LOCATION.Y=430|NAME=USB_DP|NAME_CUSTOMFONTID=1|PINCONGLOMERATE=58|PINDESIGNATOR_POSITIONCONGLOMERATE=16|PINLENGTH=20|PINNAME_POSITIONCONGLOMERATE=16|SWAPIDPART=Ž&Ž|
RECORD=41|LINENO=  62|OWNERPARTID=   0|OWNERINDEX=  61|FONTID=1|ISHIDDEN=T|LOCATION.X=565|LOCATION.Y=430|NAME=PinUniqueId|TEXT=TYQXHIPJ|UNIQUEID=VHHKFXKV|
RECORD= 2|LINENO=  63|OWNERPARTID=   2|OWNERINDEX=  30|%UTF8%SWAPIDPART=Â¦&Â¦|DESIGNATOR=18|DESIGNATOR_CUSTOMFONTID=1|ELECTRICAL=4|FORMALTYPE=1|LOCATION.X=565|LOCATION.Y=420|NAME=USB_DN|NAME_CUSTOMFONTID=1|PINCONGLOMERATE=58|PINDESIGNATOR_POSITIONCONGLOMERATE=16|PINLENGTH=20|PINNAME_POSITIONCONGLOMERATE=16|SWAPIDPART=Ž&Ž|
RECORD=41|LINENO=  64|OWNERPARTID=   0|OWNERINDEX=  63|FONTID=1|ISHIDDEN=T|LOCATION.X=565|LOCATION.Y=420|NAME=PinUniqueId|TEXT=FQOLBFGY|UNIQUEID=REUMDMUE|
RECORD= 2|LINENO=  65|OWNERPARTID=   2|OWNERINDEX=  30|%UTF8%SWAPIDPART=Â¦&Â¦|DESIGNATOR=20|DESIGNATOR_CUSTOMFONTID=1|ELECTRICAL=4|FORMALTYPE=1|LOCATION.X=565|LOCATION.Y=410|NAME=USB_VBUS|NAME_CUSTOMFONTID=1|PINCONGLOMERATE=58|PINDESIGNATOR_POSITIONCONGLOMERATE=16|PINLENGTH=20|PINNAME_POSITIONCONGLOMERATE=16|SWAPIDPART=Ž&Ž|
RECORD=41|LINENO=  66|OWNERPARTID=   0|OWNERINDEX=  65|FONTID=1|ISHIDDEN=T|LOCATION.X=565|LOCATION.Y=410|NAME=PinUniqueId|TEXT=AQPDMYYK|UNIQUEID=RTOYAFDA|
RECORD= 2|LINENO=  67|OWNERPARTID=   2|OWNERINDEX=  30|%UTF8%SWAPIDPART=Â¦&Â¦|DESIGNATOR=17|DESIGNATOR_CUSTOMFONTID=1|ELECTRICAL=4|FORMALTYPE=1|LOCATION.X=565|LOCATION.Y=490|NAME=PWRBTN#|NAME_CUSTOMFONTID=1|PINCONGLOMERATE=58|PINDESIGNATOR_POSITIONCONGLOMERATE=16|PINLENGTH=20|PINNAME_POSITIONCONGLOMERATE=16|SWAPIDPART=Ž&Ž|
RECORD=41|LINENO=  68|OWNERPARTID=   0|OWNERINDEX=  67|FONTID=1|ISHIDDEN=T|LOCATION.X=565|LOCATION.Y=490|NAME=PinUniqueId|TEXT=CYFCYBIA|UNIQUEID=VVTRAXXN|
RECORD= 2|LINENO=  69|OWNERPARTID=   2|OWNERINDEX=  30|%UTF8%SWAPIDPART=Â¦&Â¦|DESIGNATOR=19|DESIGNATOR_CUSTOMFONTID=1|ELECTRICAL=4|FORMALTYPE=1|LOCATION.X=565|LOCATION.Y=400|NAME=FAULT|NAME_CUSTOMFONTID=1|PINCONGLOMERATE=58|PINDESIGNATOR_POSITIONCONGLOMERATE=16|PINLENGTH=20|PINNAME_POSITIONCONGLOMERATE=16|SWAPIDPART=Ž&Ž|
RECORD=41|LINENO=  70|OWNERPARTID=   0|OWNERINDEX=  69|FONTID=1|ISHIDDEN=T|LOCATION.X=565|LOCATION.Y=400|NAME=PinUniqueId|TEXT=EFKOJURJ|UNIQUEID=KDRUXOYD|
RECORD= 2|LINENO=  71|OWNERPARTID=   2|OWNERINDEX=  30|%UTF8%SWAPIDPART=Â¦&Â¦|DESIGNATOR=21|DESIGNATOR_CUSTOMFONTID=1|ELECTRICAL=4|FORMALTYPE=1|LOCATION.X=565|LOCATION.Y=390|NAME=PSW|NAME_CUSTOMFONTID=1|PINCONGLOMERATE=58|PINDESIGNATOR_POSITIONCONGLOMERATE=16|PINLENGTH=20|PINNAME_POSITIONCONGLOMERATE=16|SWAPIDPART=Ž&Ž|
RECORD=41|LINENO=  72|OWNERPARTID=   0|OWNERINDEX=  71|FONTID=1|ISHIDDEN=T|LOCATION.X=565|LOCATION.Y=390|NAME=PinUniqueId|TEXT=IRXFLKUE|UNIQUEID=JTQCFWES|
RECORD= 2|LINENO=  73|OWNERPARTID=   2|OWNERINDEX=  30|%UTF8%SWAPIDPART=Â¦&Â¦|DESIGNATOR=23|DESIGNATOR_CUSTOMFONTID=1|ELECTRICAL=4|FORMALTYPE=1|LOCATION.X=565|LOCATION.Y=510|NAME=V_VAT_BKUP|NAME_CUSTOMFONTID=1|PINCONGLOMERATE=58|PINDESIGNATOR_POSITIONCONGLOMERATE=16|PINLENGTH=20|PINNAME_POSITIONCONGLOMERATE=16|SWAPIDPART=Ž&Ž|
RECORD=41|LINENO=  74|OWNERPARTID=   0|OWNERINDEX=  73|FONTID=1|ISHIDDEN=T|LOCATION.X=565|LOCATION.Y=510|NAME=PinUniqueId|TEXT=HYXKSAUC|UNIQUEID=PNPSJKIG|
RECORD= 2|LINENO=  75|OWNERPARTID=   2|OWNERINDEX=  30|%UTF8%SWAPIDPART=Â¦&Â¦|DESIGNATOR=36|DESIGNATOR_CUSTOMFONTID=1|ELECTRICAL=4|FORMALTYPE=1|LOCATION.X=565|LOCATION.Y=480|NAME=RESET_OUT#|NAME_CUSTOMFONTID=1|PINCONGLOMERATE=58|PINDESIGNATOR_POSITIONCONGLOMERATE=16|PINLENGTH=20|PINNAME_POSITIONCONGLOMERATE=16|SWAPIDPART=Ž&Ž|
RECORD=41|LINENO=  76|OWNERPARTID=   0|OWNERINDEX=  75|FONTID=1|ISHIDDEN=T|LOCATION.X=565|LOCATION.Y=480|NAME=PinUniqueId|TEXT=TFPOLCGV|UNIQUEID=EMFBVGOE|
RECORD= 2|LINENO=  77|OWNERPARTID=   2|OWNERINDEX=  30|%UTF8%SWAPIDPART=Â¦&Â¦|DESIGNATOR=24|DESIGNATOR_CUSTOMFONTID=1|ELECTRICAL=4|FORMALTYPE=1|LOCATION.X=565|LOCATION.Y=370|NAME=GP44|NAME_CUSTOMFONTID=1|PINCONGLOMERATE=58|PINDESIGNATOR_POSITIONCONGLOMERATE=16|PINLENGTH=20|PINNAME_POSITIONCONGLOMERATE=16|SWAPIDPART=Ž&Ž|
RECORD=41|LINENO=  78|OWNERPARTID=   0|OWNERINDEX=  77|FONTID=1|ISHIDDEN=T|LOCATION.X=565|LOCATION.Y=370|NAME=PinUniqueId|TEXT=LVOWGUVY|UNIQUEID=YEFKXIQF|
RECORD= 2|LINENO=  79|OWNERPARTID=   2|OWNERINDEX=  30|%UTF8%SWAPIDPART=Â¦&Â¦|DESIGNATOR=25|DESIGNATOR_CUSTOMFONTID=1|ELECTRICAL=4|FORMALTYPE=1|LOCATION.X=565|LOCATION.Y=360|NAME=GP165|NAME_CUSTOMFONTID=1|PINCONGLOMERATE=58|PINDESIGNATOR_POSITIONCONGLOMERATE=16|PINLENGTH=20|PINNAME_POSITIONCONGLOMERATE=16|SWAPIDPART=Ž&Ž|
RECORD=41|LINENO=  80|OWNERPARTID=   0|OWNERINDEX=  79|FONTID=1|ISHIDDEN=T|LOCATION.X=565|LOCATION.Y=360|NAME=PinUniqueId|TEXT=QBBROGIF|UNIQUEID=SJKYDGFT|
RECORD= 2|LINENO=  81|OWNERPARTID=   2|OWNERINDEX=  30|%UTF8%SWAPIDPART=Â¦&Â¦|DESIGNATOR=26|DESIGNATOR_CUSTOMFONTID=1|ELECTRICAL=4|FORMALTYPE=1|LOCATION.X=565|LOCATION.Y=350|NAME=GP45|NAME_CUSTOMFONTID=1|PINCONGLOMERATE=58|PINDESIGNATOR_POSITIONCONGLOMERATE=16|PINLENGTH=20|PINNAME_POSITIONCONGLOMERATE=16|SWAPIDPART=Ž&Ž|
RECORD=41|LINENO=  82|OWNERPARTID=   0|OWNERINDEX=  81|FONTID=1|ISHIDDEN=T|LOCATION.X=565|LOCATION.Y=350|NAME=PinUniqueId|TEXT=DNVCYWOG|UNIQUEID=EOJQBOOT|
RECORD= 2|LINENO=  83|OWNERPARTID=   2|OWNERINDEX=  30|%UTF8%SWAPIDPART=Â¦&Â¦|DESIGNATOR=28|DESIGNATOR_CUSTOMFONTID=1|ELECTRICAL=4|FORMALTYPE=1|LOCATION.X=565|LOCATION.Y=340|NAME=GP46|NAME_CUSTOMFONTID=1|PINCONGLOMERATE=58|PINDESIGNATOR_POSITIONCONGLOMERATE=16|PINLENGTH=20|PINNAME_POSITIONCONGLOMERATE=16|SWAPIDPART=Ž&Ž|
RECORD=41|LINENO=  84|OWNERPARTID=   0|OWNERINDEX=  83|FONTID=1|ISHIDDEN=T|LOCATION.X=565|LOCATION.Y=340|NAME=PinUniqueId|TEXT=MXJPGFYL|UNIQUEID=RUAFBYMO|
RECORD= 2|LINENO=  85|OWNERPARTID=   2|OWNERINDEX=  30|%UTF8%SWAPIDPART=Â¦&Â¦|DESIGNATOR=30|DESIGNATOR_CUSTOMFONTID=1|ELECTRICAL=4|FORMALTYPE=1|LOCATION.X=565|LOCATION.Y=330|NAME=GP47|NAME_CUSTOMFONTID=1|PINCONGLOMERATE=58|PINDESIGNATOR_POSITIONCONGLOMERATE=16|PINLENGTH=20|PINNAME_POSITIONCONGLOMERATE=16|SWAPIDPART=Ž&Ž|
RECORD=41|LINENO=  86|OWNERPARTID=   0|OWNERINDEX=  85|FONTID=1|ISHIDDEN=T|LOCATION.X=565|LOCATION.Y=330|NAME=PinUniqueId|TEXT=ICCBJAMM|UNIQUEID=IDBDWLYM|
RECORD= 2|LINENO=  87|OWNERPARTID=   2|OWNERINDEX=  30|%UTF8%SWAPIDPART=Â¦&Â¦|DESIGNATOR=32|DESIGNATOR_CUSTOMFONTID=1|ELECTRICAL=4|FORMALTYPE=1|LOCATION.X=565|LOCATION.Y=320|NAME=GP48|NAME_CUSTOMFONTID=1|PINCONGLOMERATE=58|PINDESIGNATOR_POSITIONCONGLOMERATE=16|PINLENGTH=20|PINNAME_POSITIONCONGLOMERATE=16|SWAPIDPART=Ž&Ž|
RECORD=41|LINENO=  88|OWNERPARTID=   0|OWNERINDEX=  87|FONTID=1|ISHIDDEN=T|LOCATION.X=565|LOCATION.Y=320|NAME=PinUniqueId|TEXT=LLBCBJPI|UNIQUEID=TRJABUGA|
RECORD= 2|LINENO=  89|OWNERPARTID=   2|OWNERINDEX=  30|%UTF8%SWAPIDPART=Â¦&Â¦|DESIGNATOR=34|DESIGNATOR_CUSTOMFONTID=1|ELECTRICAL=4|FORMALTYPE=1|LOCATION.X=565|LOCATION.Y=310|NAME=GP49|NAME_CUSTOMFONTID=1|PINCONGLOMERATE=58|PINDESIGNATOR_POSITIONCONGLOMERATE=16|PINLENGTH=20|PINNAME_POSITIONCONGLOMERATE=16|SWAPIDPART=Ž&Ž|
RECORD=41|LINENO=  90|OWNERPARTID=   0|OWNERINDEX=  89|FONTID=1|ISHIDDEN=T|LOCATION.X=565|LOCATION.Y=310|NAME=PinUniqueId|TEXT=RHDILATB|UNIQUEID=YLSKWUIO|
RECORD= 2|LINENO=  91|OWNERPARTID=   2|OWNERINDEX=  30|%UTF8%SWAPIDPART=Â¦&Â¦|DESIGNATOR=42|DESIGNATOR_CUSTOMFONTID=1|ELECTRICAL=4|FORMALTYPE=1|LOCATION.X=565|LOCATION.Y=300|NAME=GP15|NAME_CUSTOMFONTID=1|PINCONGLOMERATE=58|PINDESIGNATOR_POSITIONCONGLOMERATE=16|PINLENGTH=20|PINNAME_POSITIONCONGLOMERATE=16|SWAPIDPART=Ž&Ž|
RECORD=41|LINENO=  92|OWNERPARTID=   0|OWNERINDEX=  91|FONTID=1|ISHIDDEN=T|LOCATION.X=565|LOCATION.Y=300|NAME=PinUniqueId|TEXT=NHFCOHFQ|UNIQUEID=CCXKSWWR|
RECORD= 2|LINENO=  93|OWNERPARTID=   2|OWNERINDEX=  30|%UTF8%SWAPIDPART=Â¦&Â¦|DESIGNATOR=48|DESIGNATOR_CUSTOMFONTID=1|ELECTRICAL=4|FORMALTYPE=1|LOCATION.X=565|LOCATION.Y=290|NAME=GP14|NAME_CUSTOMFONTID=1|PINCONGLOMERATE=58|PINDESIGNATOR_POSITIONCONGLOMERATE=16|PINLENGTH=20|PINNAME_POSITIONCONGLOMERATE=16|SWAPIDPART=Ž&Ž|
RECORD=41|LINENO=  94|OWNERPARTID=   0|OWNERINDEX=  93|FONTID=1|ISHIDDEN=T|LOCATION.X=565|LOCATION.Y=290|NAME=PinUniqueId|TEXT=TEYNEVUJ|UNIQUEID=LYHTMLXY|
RECORD= 2|LINENO=  95|OWNERPARTID=   2|OWNERINDEX=  30|%UTF8%SWAPIDPART=Â¦&Â¦|DESIGNATOR=35|DESIGNATOR_CUSTOMFONTID=1|ELECTRICAL=4|FORMALTYPE=1|LOCATION.X=565|LOCATION.Y=270|NAME=GP12_PWM0|NAME_CUSTOMFONTID=1|PINCONGLOMERATE=58|PINDESIGNATOR_POSITIONCONGLOMERATE=16|PINLENGTH=20|PINNAME_POSITIONCONGLOMERATE=16|SWAPIDPART=Ž&Ž|
RECORD=41|LINENO=  96|OWNERPARTID=   0|OWNERINDEX=  95|FONTID=1|ISHIDDEN=T|LOCATION.X=565|LOCATION.Y=270|NAME=PinUniqueId|TEXT=RARJYOSM|UNIQUEID=EIFIMMRH|
RECORD= 2|LINENO=  97|OWNERPARTID=   2|OWNERINDEX=  30|%UTF8%SWAPIDPART=Â¦&Â¦|DESIGNATOR=33|DESIGNATOR_CUSTOMFONTID=1|ELECTRICAL=4|FORMALTYPE=1|LOCATION.X=565|LOCATION.Y=260|NAME=GP13_PWM1|NAME_CUSTOMFONTID=1|PINCONGLOMERATE=58|PINDESIGNATOR_POSITIONCONGLOMERATE=16|PINLENGTH=20|PINNAME_POSITIONCONGLOMERATE=16|SWAPIDPART=Ž&Ž|
RECORD=41|LINENO=  98|OWNERPARTID=   0|OWNERINDEX=  97|FONTID=1|ISHIDDEN=T|LOCATION.X=565|LOCATION.Y=260|NAME=PinUniqueId|TEXT=GFONILVQ|UNIQUEID=UEMITLWC|
RECORD= 2|LINENO=  99|OWNERPARTID=   2|OWNERINDEX=  30|%UTF8%SWAPIDPART=Â¦&Â¦|DESIGNATOR=37|DESIGNATOR_CUSTOMFONTID=1|ELECTRICAL=4|FORMALTYPE=1|LOCATION.X=565|LOCATION.Y=250|NAME=GP182_PWM2|NAME_CUSTOMFONTID=1|PINCONGLOMERATE=58|PINDESIGNATOR_POSITIONCONGLOMERATE=16|PINLENGTH=20|PINNAME_POSITIONCONGLOMERATE=16|SWAPIDPART=Ž&Ž|
RECORD=41|LINENO= 100|OWNERPARTID=   0|OWNERINDEX=  99|FONTID=1|ISHIDDEN=T|LOCATION.X=565|LOCATION.Y=250|NAME=PinUniqueId|TEXT=BAKTWQXW|UNIQUEID=MQFFHMAO|
RECORD= 2|LINENO= 101|OWNERPARTID=   2|OWNERINDEX=  30|%UTF8%SWAPIDPART=Â¦&Â¦|DESIGNATOR=39|DESIGNATOR_CUSTOMFONTID=1|ELECTRICAL=4|FORMALTYPE=1|LOCATION.X=565|LOCATION.Y=240|NAME=GP183_PWM3|NAME_CUSTOMFONTID=1|PINCONGLOMERATE=58|PINDESIGNATOR_POSITIONCONGLOMERATE=16|PINLENGTH=20|PINNAME_POSITIONCONGLOMERATE=16|SWAPIDPART=Ž&Ž|
RECORD=41|LINENO= 102|OWNERPARTID=   0|OWNERINDEX= 101|FONTID=1|ISHIDDEN=T|LOCATION.X=565|LOCATION.Y=240|NAME=PinUniqueId|TEXT=AHJFAPUD|UNIQUEID=IDXUEULB|
RECORD= 2|LINENO= 103|OWNERPARTID=   2|OWNERINDEX=  30|%UTF8%SWAPIDPART=Â¦&Â¦|DESIGNATOR=41|DESIGNATOR_CUSTOMFONTID=1|ELECTRICAL=4|FORMALTYPE=1|LOCATION.X=735|LOCATION.Y=170|NAME=GP19_I2C_1_SCL|NAME_CUSTOMFONTID=1|PINCONGLOMERATE=56|PINDESIGNATOR_POSITIONCONGLOMERATE=16|PINLENGTH=20|PINNAME_POSITIONCONGLOMERATE=16|SWAPIDPART=Ž&Ž|
RECORD=41|LINENO= 104|OWNERPARTID=   0|OWNERINDEX= 103|FONTID=1|ISHIDDEN=T|LOCATION.X=735|LOCATION.Y=170|NAME=PinUniqueId|TEXT=CLHOVYCE|UNIQUEID=EQGHHWHI|
RECORD= 2|LINENO= 105|OWNERPARTID=   2|OWNERINDEX=  30|%UTF8%SWAPIDPART=Â¦&Â¦|DESIGNATOR=43|DESIGNATOR_CUSTOMFONTID=1|ELECTRICAL=4|FORMALTYPE=1|LOCATION.X=735|LOCATION.Y=180|NAME=GP20_I2C_1_SDA|NAME_CUSTOMFONTID=1|PINCONGLOMERATE=56|PINDESIGNATOR_POSITIONCONGLOMERATE=16|PINLENGTH=20|PINNAME_POSITIONCONGLOMERATE=16|SWAPIDPART=Ž&Ž|
RECORD=41|LINENO= 106|OWNERPARTID=   0|OWNERINDEX= 105|FONTID=1|ISHIDDEN=T|LOCATION.X=735|LOCATION.Y=180|NAME=PinUniqueId|TEXT=KJCOQAXM|UNIQUEID=KBJPFUDH|
RECORD= 2|LINENO= 107|OWNERPARTID=   2|OWNERINDEX=  30|%UTF8%SWAPIDPART=Â¦&Â¦|DESIGNATOR=45|DESIGNATOR_CUSTOMFONTID=1|ELECTRICAL=4|FORMALTYPE=1|LOCATION.X=735|LOCATION.Y=210|NAME=GP27_I2C_6_SCL|NAME_CUSTOMFONTID=1|PINCONGLOMERATE=56|PINDESIGNATOR_POSITIONCONGLOMERATE=16|PINLENGTH=20|PINNAME_POSITIONCONGLOMERATE=16|SWAPIDPART=Ž&Ž|
RECORD=41|LINENO= 108|OWNERPARTID=   0|OWNERINDEX= 107|FONTID=1|ISHIDDEN=T|LOCATION.X=735|LOCATION.Y=210|NAME=PinUniqueId|TEXT=TGUFHSNI|UNIQUEID=QQMINYKH|
RECORD= 2|LINENO= 109|OWNERPARTID=   2|OWNERINDEX=  30|%UTF8%SWAPIDPART=Â¦&Â¦|DESIGNATOR=47|DESIGNATOR_CUSTOMFONTID=1|ELECTRICAL=4|FORMALTYPE=1|LOCATION.X=735|LOCATION.Y=220|NAME=GP28_I2C_6_SDA|NAME_CUSTOMFONTID=1|PINCONGLOMERATE=56|PINDESIGNATOR_POSITIONCONGLOMERATE=16|PINLENGTH=20|PINNAME_POSITIONCONGLOMERATE=16|SWAPIDPART=Ž&Ž|
RECORD=41|LINENO= 110|OWNERPARTID=   0|OWNERINDEX= 109|FONTID=1|ISHIDDEN=T|LOCATION.X=735|LOCATION.Y=220|NAME=PinUniqueId|TEXT=KSLKFFKM|UNIQUEID=BMXOEIYT|
RECORD= 2|LINENO= 111|OWNERPARTID=   2|OWNERINDEX=  30|%UTF8%SWAPIDPART=Â¦&Â¦|DESIGNATOR=50|DESIGNATOR_CUSTOMFONTID=1|ELECTRICAL=4|FORMALTYPE=1|LOCATION.X=735|LOCATION.Y=250|NAME=GP42_I2S_2_RXD|NAME_CUSTOMFONTID=1|PINCONGLOMERATE=56|PINDESIGNATOR_POSITIONCONGLOMERATE=16|PINLENGTH=20|PINNAME_POSITIONCONGLOMERATE=16|SWAPIDPART=Ž&Ž|
RECORD=41|LINENO= 112|OWNERPARTID=   0|OWNERINDEX= 111|FONTID=1|ISHIDDEN=T|LOCATION.X=735|LOCATION.Y=250|NAME=PinUniqueId|TEXT=WXSLTYMO|UNIQUEID=MDAPPEWA|
RECORD= 2|LINENO= 113|OWNERPARTID=   2|OWNERINDEX=  30|%UTF8%SWAPIDPART=Â¦&Â¦|DESIGNATOR=52|DESIGNATOR_CUSTOMFONTID=1|ELECTRICAL=4|FORMALTYPE=1|LOCATION.X=735|LOCATION.Y=260|NAME=GP40_I2S_2_CLK|NAME_CUSTOMFONTID=1|PINCONGLOMERATE=56|PINDESIGNATOR_POSITIONCONGLOMERATE=16|PINLENGTH=20|PINNAME_POSITIONCONGLOMERATE=16|SWAPIDPART=Ž&Ž|
RECORD=41|LINENO= 114|OWNERPARTID=   0|OWNERINDEX= 113|FONTID=1|ISHIDDEN=T|LOCATION.X=735|LOCATION.Y=260|NAME=PinUniqueId|TEXT=VSQQMKDC|UNIQUEID=RXDCRMQR|
RECORD= 2|LINENO= 115|OWNERPARTID=   2|OWNERINDEX=  30|%UTF8%SWAPIDPART=Â¦&Â¦|DESIGNATOR=54|DESIGNATOR_CUSTOMFONTID=1|ELECTRICAL=4|FORMALTYPE=1|LOCATION.X=735|LOCATION.Y=270|NAME=GP41_I2S_2_FS|NAME_CUSTOMFONTID=1|PINCONGLOMERATE=56|PINDESIGNATOR_POSITIONCONGLOMERATE=16|PINLENGTH=20|PINNAME_POSITIONCONGLOMERATE=16|SWAPIDPART=Ž&Ž|
RECORD=41|LINENO= 116|OWNERPARTID=   0|OWNERINDEX= 115|FONTID=1|ISHIDDEN=T|LOCATION.X=735|LOCATION.Y=270|NAME=PinUniqueId|TEXT=ERUYFIQR|UNIQUEID=XEYVLCWW|
RECORD= 2|LINENO= 117|OWNERPARTID=   2|OWNERINDEX=  30|%UTF8%SWAPIDPART=Â¦&Â¦|DESIGNATOR=56|DESIGNATOR_CUSTOMFONTID=1|ELECTRICAL=4|FORMALTYPE=1|LOCATION.X=735|LOCATION.Y=280|NAME=GP43_I2S_2_TXD|NAME_CUSTOMFONTID=1|PINCONGLOMERATE=56|PINDESIGNATOR_POSITIONCONGLOMERATE=16|PINLENGTH=20|PINNAME_POSITIONCONGLOMERATE=16|SWAPIDPART=Ž&Ž|
RECORD=41|LINENO= 118|OWNERPARTID=   0|OWNERINDEX= 117|FONTID=1|ISHIDDEN=T|LOCATION.X=735|LOCATION.Y=280|NAME=PinUniqueId|TEXT=NTKUCMHG|UNIQUEID=UGGBPWTP|
RECORD= 2|LINENO= 119|OWNERPARTID=   2|OWNERINDEX=  30|%UTF8%SWAPIDPART=Â¦&Â¦|DESIGNATOR=22|DESIGNATOR_CUSTOMFONTID=1|ELECTRICAL=4|FORMALTYPE=1|LOCATION.X=735|LOCATION.Y=310|NAME=GP134_UART_2_RX|NAME_CUSTOMFONTID=1|PINCONGLOMERATE=56|PINDESIGNATOR_POSITIONCONGLOMERATE=16|PINLENGTH=20|PINNAME_POSITIONCONGLOMERATE=16|SWAPIDPART=Ž&Ž|
RECORD=41|LINENO= 120|OWNERPARTID=   0|OWNERINDEX= 119|FONTID=1|ISHIDDEN=T|LOCATION.X=735|LOCATION.Y=310|NAME=PinUniqueId|TEXT=HFLSCEAM|UNIQUEID=PXSFXFOB|
RECORD= 2|LINENO= 121|OWNERPARTID=   2|OWNERINDEX=  30|%UTF8%SWAPIDPART=Â¦&Â¦|DESIGNATOR=27|DESIGNATOR_CUSTOMFONTID=1|ELECTRICAL=4|FORMALTYPE=1|LOCATION.X=735|LOCATION.Y=320|NAME=GP135_UART_2_TX|NAME_CUSTOMFONTID=1|PINCONGLOMERATE=56|PINDESIGNATOR_POSITIONCONGLOMERATE=16|PINLENGTH=20|PINNAME_POSITIONCONGLOMERATE=16|SWAPIDPART=Ž&Ž|
RECORD=41|LINENO= 122|OWNERPARTID=   0|OWNERINDEX= 121|FONTID=1|ISHIDDEN=T|LOCATION.X=735|LOCATION.Y=320|NAME=PinUniqueId|TEXT=MIIKVYFB|UNIQUEID=PYJNMEVH|
RECORD= 2|LINENO= 123|OWNERPARTID=   2|OWNERINDEX=  30|%UTF8%SWAPIDPART=Â¦&Â¦|DESIGNATOR=51|DESIGNATOR_CUSTOMFONTID=1|ELECTRICAL=4|FORMALTYPE=1|LOCATION.X=735|LOCATION.Y=350|NAME=GP111_SPI_2_FS1|NAME_CUSTOMFONTID=1|PINCONGLOMERATE=56|PINDESIGNATOR_POSITIONCONGLOMERATE=16|PINLENGTH=20|PINNAME_POSITIONCONGLOMERATE=16|SWAPIDPART=Ž&Ž|
RECORD=41|LINENO= 124|OWNERPARTID=   0|OWNERINDEX= 123|FONTID=1|ISHIDDEN=T|LOCATION.X=735|LOCATION.Y=350|NAME=PinUniqueId|TEXT=JQLLPLIH|UNIQUEID=GCECNFHK|
RECORD= 2|LINENO= 125|OWNERPARTID=   2|OWNERINDEX=  30|%UTF8%SWAPIDPART=Â¦&Â¦|DESIGNATOR=53|DESIGNATOR_CUSTOMFONTID=1|ELECTRICAL=4|FORMALTYPE=1|LOCATION.X=735|LOCATION.Y=360|NAME=GP110_SPI_2_FS0|NAME_CUSTOMFONTID=1|PINCONGLOMERATE=56|PINDESIGNATOR_POSITIONCONGLOMERATE=16|PINLENGTH=20|PINNAME_POSITIONCONGLOMERATE=16|SWAPIDPART=Ž&Ž|
RECORD=41|LINENO= 126|OWNERPARTID=   0|OWNERINDEX= 125|FONTID=1|ISHIDDEN=T|LOCATION.X=735|LOCATION.Y=360|NAME=PinUniqueId|TEXT=DSRLUXXK|UNIQUEID=UXTBKMSP|
RECORD= 2|LINENO= 127|OWNERPARTID=   2|OWNERINDEX=  30|%UTF8%SWAPIDPART=Â¦&Â¦|DESIGNATOR=55|DESIGNATOR_CUSTOMFONTID=1|ELECTRICAL=4|FORMALTYPE=1|LOCATION.X=735|LOCATION.Y=370|NAME=GP109_SPI_2_CLK|NAME_CUSTOMFONTID=1|PINCONGLOMERATE=56|PINDESIGNATOR_POSITIONCONGLOMERATE=16|PINLENGTH=20|PINNAME_POSITIONCONGLOMERATE=16|SWAPIDPART=Ž&Ž|
RECORD=41|LINENO= 128|OWNERPARTID=   0|OWNERINDEX= 127|FONTID=1|ISHIDDEN=T|LOCATION.X=735|LOCATION.Y=370|NAME=PinUniqueId|TEXT=YNNAUNBJ|UNIQUEID=JGWFCLQJ|
RECORD= 2|LINENO= 129|OWNERPARTID=   2|OWNERINDEX=  30|%UTF8%SWAPIDPART=Â¦&Â¦|DESIGNATOR=57|DESIGNATOR_CUSTOMFONTID=1|ELECTRICAL=4|FORMALTYPE=1|LOCATION.X=735|LOCATION.Y=380|NAME=GP115_SPI_2_TXD|NAME_CUSTOMFONTID=1|PINCONGLOMERATE=56|PINDESIGNATOR_POSITIONCONGLOMERATE=16|PINLENGTH=20|PINNAME_POSITIONCONGLOMERATE=16|SWAPIDPART=Ž&Ž|
RECORD=41|LINENO= 130|OWNERPARTID=   0|OWNERINDEX= 129|FONTID=1|ISHIDDEN=T|LOCATION.X=735|LOCATION.Y=380|NAME=PinUniqueId|TEXT=LFFWQWXG|UNIQUEID=FQTHQSRO|
RECORD= 2|LINENO= 131|OWNERPARTID=   2|OWNERINDEX=  30|%UTF8%SWAPIDPART=Â¦&Â¦|DESIGNATOR=59|DESIGNATOR_CUSTOMFONTID=1|ELECTRICAL=4|FORMALTYPE=1|LOCATION.X=735|LOCATION.Y=390|NAME=GP114_SPI_2_RXD|NAME_CUSTOMFONTID=1|PINCONGLOMERATE=56|PINDESIGNATOR_POSITIONCONGLOMERATE=16|PINLENGTH=20|PINNAME_POSITIONCONGLOMERATE=16|SWAPIDPART=Ž&Ž|
RECORD=41|LINENO= 132|OWNERPARTID=   0|OWNERINDEX= 131|FONTID=1|ISHIDDEN=T|LOCATION.X=735|LOCATION.Y=390|NAME=PinUniqueId|TEXT=ITHYVJWG|UNIQUEID=BHFNMKUY|
RECORD= 2|LINENO= 133|OWNERPARTID=   2|OWNERINDEX=  30|%UTF8%SWAPIDPART=Â¦&Â¦|DESIGNATOR=46|DESIGNATOR_CUSTOMFONTID=1|ELECTRICAL=4|FORMALTYPE=1|LOCATION.X=735|LOCATION.Y=420|NAME=GP131_UART_1_TX|NAME_CUSTOMFONTID=1|PINCONGLOMERATE=56|PINDESIGNATOR_POSITIONCONGLOMERATE=16|PINLENGTH=20|PINNAME_POSITIONCONGLOMERATE=16|SWAPIDPART=Ž&Ž|
RECORD=41|LINENO= 134|OWNERPARTID=   0|OWNERINDEX= 133|FONTID=1|ISHIDDEN=T|LOCATION.X=735|LOCATION.Y=420|NAME=PinUniqueId|TEXT=GWQVQVSD|UNIQUEID=KQIEIGNG|
RECORD= 2|LINENO= 135|OWNERPARTID=   2|OWNERINDEX=  30|%UTF8%SWAPIDPART=Â¦&Â¦|DESIGNATOR=61|DESIGNATOR_CUSTOMFONTID=1|ELECTRICAL=4|FORMALTYPE=1|LOCATION.X=735|LOCATION.Y=430|NAME=GP130_UART_1_RX|NAME_CUSTOMFONTID=1|PINCONGLOMERATE=56|PINDESIGNATOR_POSITIONCONGLOMERATE=16|PINLENGTH=20|PINNAME_POSITIONCONGLOMERATE=16|SWAPIDPART=Ž&Ž|
RECORD=41|LINENO= 136|OWNERPARTID=   0|OWNERINDEX= 135|FONTID=1|ISHIDDEN=T|LOCATION.X=735|LOCATION.Y=430|NAME=PinUniqueId|TEXT=LPPUFEKH|UNIQUEID=KBNDGBPS|
RECORD= 2|LINENO= 137|OWNERPARTID=   2|OWNERINDEX=  30|%UTF8%SWAPIDPART=Â¦&Â¦|DESIGNATOR=63|DESIGNATOR_CUSTOMFONTID=1|ELECTRICAL=4|FORMALTYPE=1|LOCATION.X=735|LOCATION.Y=440|NAME=GP129_UART_1_RTS|NAME_CUSTOMFONTID=1|PINCONGLOMERATE=56|PINDESIGNATOR_POSITIONCONGLOMERATE=16|PINLENGTH=20|PINNAME_POSITIONCONGLOMERATE=16|SWAPIDPART=Ž&Ž|
RECORD=41|LINENO= 138|OWNERPARTID=   0|OWNERINDEX= 137|FONTID=1|ISHIDDEN=T|LOCATION.X=735|LOCATION.Y=440|NAME=PinUniqueId|TEXT=DMNLWDTO|UNIQUEID=OYWQDBXQ|
RECORD= 2|LINENO= 139|OWNERPARTID=   2|OWNERINDEX=  30|%UTF8%SWAPIDPART=Â¦&Â¦|DESIGNATOR=65|DESIGNATOR_CUSTOMFONTID=1|ELECTRICAL=4|FORMALTYPE=1|LOCATION.X=735|LOCATION.Y=450|NAME=GP128_UART_1_CTS|NAME_CUSTOMFONTID=1|PINCONGLOMERATE=56|PINDESIGNATOR_POSITIONCONGLOMERATE=16|PINLENGTH=20|PINNAME_POSITIONCONGLOMERATE=16|SWAPIDPART=Ž&Ž|
RECORD=41|LINENO= 140|OWNERPARTID=   0|OWNERINDEX= 139|FONTID=1|ISHIDDEN=T|LOCATION.X=735|LOCATION.Y=450|NAME=PinUniqueId|TEXT=NJNRUQXD|UNIQUEID=LMMDJJUQ|
RECORD= 2|LINENO= 141|OWNERPARTID=   2|OWNERINDEX=  30|%UTF8%SWAPIDPART=Â¦&Â¦|DESIGNATOR=58|DESIGNATOR_CUSTOMFONTID=1|ELECTRICAL=4|FORMALTYPE=1|LOCATION.X=735|LOCATION.Y=480|NAME=GP78_SD_0_CLK|NAME_CUSTOMFONTID=1|PINCONGLOMERATE=56|PINDESIGNATOR_POSITIONCONGLOMERATE=16|PINLENGTH=20|PINNAME_POSITIONCONGLOMERATE=16|SWAPIDPART=Ž&Ž|
RECORD=41|LINENO= 142|OWNERPARTID=   0|OWNERINDEX= 141|FONTID=1|ISHIDDEN=T|LOCATION.X=735|LOCATION.Y=480|NAME=PinUniqueId|TEXT=BOTUQIVP|UNIQUEID=ARSTYLMP|
RECORD= 2|LINENO= 143|OWNERPARTID=   2|OWNERINDEX=  30|%UTF8%SWAPIDPART=Â¦&Â¦|DESIGNATOR=60|DESIGNATOR_CUSTOMFONTID=1|ELECTRICAL=4|FORMALTYPE=1|LOCATION.X=735|LOCATION.Y=490|NAME=GP77_SD_0_CD#|NAME_CUSTOMFONTID=1|PINCONGLOMERATE=56|PINDESIGNATOR_POSITIONCONGLOMERATE=16|PINLENGTH=20|PINNAME_POSITIONCONGLOMERATE=16|SWAPIDPART=Ž&Ž|
RECORD=41|LINENO= 144|OWNERPARTID=   0|OWNERINDEX= 143|FONTID=1|ISHIDDEN=T|LOCATION.X=735|LOCATION.Y=490|NAME=PinUniqueId|TEXT=XSVNEPCB|UNIQUEID=THDRVTEC|
RECORD= 2|LINENO= 145|OWNERPARTID=   2|OWNERINDEX=  30|%UTF8%SWAPIDPART=Â¦&Â¦|DESIGNATOR=62|DESIGNATOR_CUSTOMFONTID=1|ELECTRICAL=4|FORMALTYPE=1|LOCATION.X=735|LOCATION.Y=500|NAME=GP79_SD_0_CMD|NAME_CUSTOMFONTID=1|PINCONGLOMERATE=56|PINDESIGNATOR_POSITIONCONGLOMERATE=16|PINLENGTH=20|PINNAME_POSITIONCONGLOMERATE=16|SWAPIDPART=Ž&Ž|
RECORD=41|LINENO= 146|OWNERPARTID=   0|OWNERINDEX= 145|FONTID=1|ISHIDDEN=T|LOCATION.X=735|LOCATION.Y=500|NAME=PinUniqueId|TEXT=BFNWJHBC|UNIQUEID=XFEOQIAA|
RECORD= 2|LINENO= 147|OWNERPARTID=   2|OWNERINDEX=  30|%UTF8%SWAPIDPART=Â¦&Â¦|DESIGNATOR=66|DESIGNATOR_CUSTOMFONTID=1|ELECTRICAL=4|FORMALTYPE=1|LOCATION.X=735|LOCATION.Y=510|NAME=GP80_SD_0_DAT0|NAME_CUSTOMFONTID=1|PINCONGLOMERATE=56|PINDESIGNATOR_POSITIONCONGLOMERATE=16|PINLENGTH=20|PINNAME_POSITIONCONGLOMERATE=16|SWAPIDPART=Ž&Ž|
RECORD=41|LINENO= 148|OWNERPARTID=   0|OWNERINDEX= 147|FONTID=1|ISHIDDEN=T|LOCATION.X=735|LOCATION.Y=510|NAME=PinUniqueId|TEXT=IFWSRDMI|UNIQUEID=CHAWOMUP|
RECORD= 2|LINENO= 149|OWNERPARTID=   2|OWNERINDEX=  30|%UTF8%SWAPIDPART=Â¦&Â¦|DESIGNATOR=70|DESIGNATOR_CUSTOMFONTID=1|ELECTRICAL=4|FORMALTYPE=1|LOCATION.X=735|LOCATION.Y=520|NAME=GP81_SD_0_DAT1|NAME_CUSTOMFONTID=1|PINCONGLOMERATE=56|PINDESIGNATOR_POSITIONCONGLOMERATE=16|PINLENGTH=20|PINNAME_POSITIONCONGLOMERATE=16|SWAPIDPART=Ž&Ž|
RECORD=41|LINENO= 150|OWNERPARTID=   0|OWNERINDEX= 149|FONTID=1|ISHIDDEN=T|LOCATION.X=735|LOCATION.Y=520|NAME=PinUniqueId|TEXT=WDQPXDHG|UNIQUEID=CVSXRPPH|
RECORD= 2|LINENO= 151|OWNERPARTID=   2|OWNERINDEX=  30|%UTF8%SWAPIDPART=Â¦&Â¦|DESIGNATOR=64|DESIGNATOR_CUSTOMFONTID=1|ELECTRICAL=4|FORMALTYPE=1|LOCATION.X=735|LOCATION.Y=530|NAME=GP82_SD_0_DAT2|NAME_CUSTOMFONTID=1|PINCONGLOMERATE=56|PINDESIGNATOR_POSITIONCONGLOMERATE=16|PINLENGTH=20|PINNAME_POSITIONCONGLOMERATE=16|SWAPIDPART=Ž&Ž|
RECORD=41|LINENO= 152|OWNERPARTID=   0|OWNERINDEX= 151|FONTID=1|ISHIDDEN=T|LOCATION.X=735|LOCATION.Y=530|NAME=PinUniqueId|TEXT=FQBKWLMX|UNIQUEID=DTOUSAFG|
RECORD= 2|LINENO= 153|OWNERPARTID=   2|OWNERINDEX=  30|%UTF8%SWAPIDPART=Â¦&Â¦|DESIGNATOR=68|DESIGNATOR_CUSTOMFONTID=1|ELECTRICAL=4|FORMALTYPE=1|LOCATION.X=735|LOCATION.Y=540|NAME=GP83_SD_0_DAT3|NAME_CUSTOMFONTID=1|PINCONGLOMERATE=56|PINDESIGNATOR_POSITIONCONGLOMERATE=16|PINLENGTH=20|PINNAME_POSITIONCONGLOMERATE=16|SWAPIDPART=Ž&Ž|
RECORD=41|LINENO= 154|OWNERPARTID=   0|OWNERINDEX= 153|FONTID=1|ISHIDDEN=T|LOCATION.X=735|LOCATION.Y=540|NAME=PinUniqueId|TEXT=XLPLWXYB|UNIQUEID=MDESVTBS|
RECORD= 2|LINENO= 155|OWNERPARTID=   2|OWNERINDEX=  30|%UTF8%SWAPIDPART=Â¦&Â¦|DESIGNATOR=67|DESIGNATOR_CUSTOMFONTID=1|ELECTRICAL=4|FORMALTYPE=1|LOCATION.X=735|LOCATION.Y=570|NAME=OSC_CLK_OUT_0|NAME_CUSTOMFONTID=1|PINCONGLOMERATE=56|PINDESIGNATOR_POSITIONCONGLOMERATE=16|PINLENGTH=20|PINNAME_POSITIONCONGLOMERATE=16|SWAPIDPART=Ž&Ž|
RECORD=41|LINENO= 156|OWNERPARTID=   0|OWNERINDEX= 155|FONTID=1|ISHIDDEN=T|LOCATION.X=735|LOCATION.Y=570|NAME=PinUniqueId|TEXT=RPRBIWWS|UNIQUEID=EEEGUQNA|
RECORD= 2|LINENO= 157|OWNERPARTID=   2|OWNERINDEX=  30|%UTF8%SWAPIDPART=Â¦&Â¦|DESIGNATOR=10|DESIGNATOR_CUSTOMFONTID=1|ELECTRICAL=4|FORMALTYPE=1|LOCATION.X=565|LOCATION.Y=550|NAME=3.3V@2|NAME_CUSTOMFONTID=1|PINCONGLOMERATE=58|PINDESIGNATOR_POSITIONCONGLOMERATE=16|PINLENGTH=20|PINNAME_POSITIONCONGLOMERATE=16|SWAPIDPART=Ž&Ž|
RECORD=41|LINENO= 158|OWNERPARTID=   0|OWNERINDEX= 157|FONTID=1|ISHIDDEN=T|LOCATION.X=565|LOCATION.Y=550|NAME=PinUniqueId|TEXT=LWYVOWVQ|UNIQUEID=EHAOUFRH|
RECORD= 2|LINENO= 159|OWNERPARTID=   2|OWNERINDEX=  30|%UTF8%SWAPIDPART=Â¦&Â¦|DESIGNATOR=4|DESIGNATOR_CUSTOMFONTID=1|ELECTRICAL=4|FORMALTYPE=1|LOCATION.X=565|LOCATION.Y=590|NAME=VSYS@2|NAME_CUSTOMFONTID=1|PINCONGLOMERATE=58|PINDESIGNATOR_POSITIONCONGLOMERATE=16|PINLENGTH=20|PINNAME_POSITIONCONGLOMERATE=16|SWAPIDPART=Ž&Ž|
RECORD=41|LINENO= 160|OWNERPARTID=   0|OWNERINDEX= 159|FONTID=1|ISHIDDEN=T|LOCATION.X=565|LOCATION.Y=590|NAME=PinUniqueId|TEXT=XROQDSKA|UNIQUEID=UFHUAVUD|
RECORD= 2|LINENO= 161|OWNERPARTID=   2|OWNERINDEX=  30|%UTF8%SWAPIDPART=Â¦&Â¦|DESIGNATOR=6|DESIGNATOR_CUSTOMFONTID=1|ELECTRICAL=4|FORMALTYPE=1|LOCATION.X=565|LOCATION.Y=580|NAME=VSYS@3|NAME_CUSTOMFONTID=1|PINCONGLOMERATE=58|PINDESIGNATOR_POSITIONCONGLOMERATE=16|PINLENGTH=20|PINNAME_POSITIONCONGLOMERATE=16|SWAPIDPART=Ž&Ž|
RECORD=41|LINENO= 162|OWNERPARTID=   0|OWNERINDEX= 161|FONTID=1|ISHIDDEN=T|LOCATION.X=565|LOCATION.Y=580|NAME=PinUniqueId|TEXT=TJFRHFNV|UNIQUEID=QUHSBTXL|
RECORD= 2|LINENO= 163|OWNERPARTID=   2|OWNERINDEX=  30|%UTF8%SWAPIDPART=Â¦&Â¦|DESIGNATOR=5|DESIGNATOR_CUSTOMFONTID=1|ELECTRICAL=4|FORMALTYPE=1|LOCATION.X=565|LOCATION.Y=210|NAME=GND@2|NAME_CUSTOMFONTID=1|PINCONGLOMERATE=58|PINDESIGNATOR_POSITIONCONGLOMERATE=16|PINLENGTH=20|PINNAME_POSITIONCONGLOMERATE=16|SWAPIDPART=Ž&Ž|
RECORD=41|LINENO= 164|OWNERPARTID=   0|OWNERINDEX= 163|FONTID=1|ISHIDDEN=T|LOCATION.X=565|LOCATION.Y=210|NAME=PinUniqueId|TEXT=HHUMWHSX|UNIQUEID=NOUUEOAW|
RECORD= 2|LINENO= 165|OWNERPARTID=   2|OWNERINDEX=  30|%UTF8%SWAPIDPART=Â¦&Â¦|DESIGNATOR=9|DESIGNATOR_CUSTOMFONTID=1|ELECTRICAL=4|FORMALTYPE=1|LOCATION.X=565|LOCATION.Y=200|NAME=GND@3|NAME_CUSTOMFONTID=1|PINCONGLOMERATE=58|PINDESIGNATOR_POSITIONCONGLOMERATE=16|PINLENGTH=20|PINNAME_POSITIONCONGLOMERATE=16|SWAPIDPART=Ž&Ž|
RECORD=41|LINENO= 166|OWNERPARTID=   0|OWNERINDEX= 165|FONTID=1|ISHIDDEN=T|LOCATION.X=565|LOCATION.Y=200|NAME=PinUniqueId|TEXT=MGKOOYGM|UNIQUEID=WPFGIADG|
RECORD= 2|LINENO= 167|OWNERPARTID=   2|OWNERINDEX=  30|%UTF8%SWAPIDPART=Â¦&Â¦|DESIGNATOR=11|DESIGNATOR_CUSTOMFONTID=1|ELECTRICAL=4|FORMALTYPE=1|LOCATION.X=565|LOCATION.Y=190|NAME=GND@4|NAME_CUSTOMFONTID=1|PINCONGLOMERATE=58|PINDESIGNATOR_POSITIONCONGLOMERATE=16|PINLENGTH=20|PINNAME_POSITIONCONGLOMERATE=16|SWAPIDPART=Ž&Ž|
RECORD=41|LINENO= 168|OWNERPARTID=   0|OWNERINDEX= 167|FONTID=1|ISHIDDEN=T|LOCATION.X=565|LOCATION.Y=190|NAME=PinUniqueId|TEXT=KQJHBRVX|UNIQUEID=PFCFEWIQ|
RECORD= 2|LINENO= 169|OWNERPARTID=   2|OWNERINDEX=  30|%UTF8%SWAPIDPART=Â¦&Â¦|DESIGNATOR=13|DESIGNATOR_CUSTOMFONTID=1|ELECTRICAL=4|FORMALTYPE=1|LOCATION.X=565|LOCATION.Y=180|NAME=GND@5|NAME_CUSTOMFONTID=1|PINCONGLOMERATE=58|PINDESIGNATOR_POSITIONCONGLOMERATE=16|PINLENGTH=20|PINNAME_POSITIONCONGLOMERATE=16|SWAPIDPART=Ž&Ž|
RECORD=41|LINENO= 170|OWNERPARTID=   0|OWNERINDEX= 169|FONTID=1|ISHIDDEN=T|LOCATION.X=565|LOCATION.Y=180|NAME=PinUniqueId|TEXT=QCVNGEOX|UNIQUEID=UTWTMWDF|
RECORD= 2|LINENO= 171|OWNERPARTID=   2|OWNERINDEX=  30|%UTF8%SWAPIDPART=Â¦&Â¦|DESIGNATOR=15|DESIGNATOR_CUSTOMFONTID=1|ELECTRICAL=4|FORMALTYPE=1|LOCATION.X=565|LOCATION.Y=170|NAME=GND@6|NAME_CUSTOMFONTID=1|PINCONGLOMERATE=58|PINDESIGNATOR_POSITIONCONGLOMERATE=16|PINLENGTH=20|PINNAME_POSITIONCONGLOMERATE=16|SWAPIDPART=Ž&Ž|
RECORD=41|LINENO= 172|OWNERPARTID=   0|OWNERINDEX= 171|FONTID=1|ISHIDDEN=T|LOCATION.X=565|LOCATION.Y=170|NAME=PinUniqueId|TEXT=MQTVAXAE|UNIQUEID=NTFMYKIN|
RECORD= 2|LINENO= 173|OWNERPARTID=   2|OWNERINDEX=  30|%UTF8%SWAPIDPART=Â¦&Â¦|DESIGNATOR=31|DESIGNATOR_CUSTOMFONTID=1|ELECTRICAL=4|FORMALTYPE=1|LOCATION.X=735|LOCATION.Y=590|NAME=RCVR_MODE|NAME_CUSTOMFONTID=1|PINCONGLOMERATE=56|PINDESIGNATOR_POSITIONCONGLOMERATE=16|PINLENGTH=20|PINNAME_POSITIONCONGLOMERATE=16|SWAPIDPART=Ž&Ž|
RECORD=41|LINENO= 174|OWNERPARTID=   0|OWNERINDEX= 173|FONTID=1|ISHIDDEN=T|LOCATION.X=735|LOCATION.Y=590|NAME=PinUniqueId|TEXT=YPUFUMYN|UNIQUEID=ASXKEWDG|
RECORD= 2|LINENO= 175|OWNERPARTID=   2|OWNERINDEX=  30|%UTF8%SWAPIDPART=Â¦&Â¦|DESIGNATOR=69|DESIGNATOR_CUSTOMFONTID=1|ELECTRICAL=4|FORMALTYPE=1|LOCATION.X=735|LOCATION.Y=600|NAME=FW_RCVR|NAME_CUSTOMFONTID=1|PINCONGLOMERATE=56|PINDESIGNATOR_POSITIONCONGLOMERATE=16|PINLENGTH=20|PINNAME_POSITIONCONGLOMERATE=16|SWAPIDPART=Ž&Ž|
RECORD=41|LINENO= 176|OWNERPARTID=   0|OWNERINDEX= 175|FONTID=1|ISHIDDEN=T|LOCATION.X=735|LOCATION.Y=600|NAME=PinUniqueId|TEXT=OVWHHTFA|UNIQUEID=XEGSYNFS|
RECORD= 2|LINENO= 177|OWNERPARTID=   2|OWNERINDEX=  30|%UTF8%SWAPIDPART=Â¦&Â¦|DESIGNATOR=44|DESIGNATOR_CUSTOMFONTID=1|ELECTRICAL=4|FORMALTYPE=1|LOCATION.X=735|LOCATION.Y=470|NAME=GP84_SD_CLK_FB|NAME_CUSTOMFONTID=1|PINCONGLOMERATE=56|PINDESIGNATOR_POSITIONCONGLOMERATE=16|PINLENGTH=20|PINNAME_POSITIONCONGLOMERATE=16|SWAPIDPART=Ž&Ž|
RECORD=41|LINENO= 178|OWNERPARTID=   0|OWNERINDEX= 177|FONTID=1|ISHIDDEN=T|LOCATION.X=735|LOCATION.Y=470|NAME=PinUniqueId|TEXT=YSDKKMRX|UNIQUEID=MWIWHTYQ|
RECORD= 2|LINENO= 179|OWNERPARTID=   2|OWNERINDEX=  30|%UTF8%SWAPIDPART=Â¦&Â¦|DESIGNATOR=14|DESIGNATOR_CUSTOMFONTID=1|ELECTRICAL=4|FORMALTYPE=1|LOCATION.X=565|LOCATION.Y=570|NAME=DCIN|NAME_CUSTOMFONTID=1|PINCONGLOMERATE=58|PINDESIGNATOR_POSITIONCONGLOMERATE=16|PINLENGTH=20|PINNAME_POSITIONCONGLOMERATE=16|SWAPIDPART=Ž&Ž|
RECORD=41|LINENO= 180|OWNERPARTID=   0|OWNERINDEX= 179|FONTID=1|ISHIDDEN=T|LOCATION.X=565|LOCATION.Y=570|NAME=PinUniqueId|TEXT=LMPSTSAI|UNIQUEID=DXFLXCWC|
RECORD=41|LINENO= 181|OWNERPARTID=   0|OWNERINDEX=  30|FONTID=1|LOCATION.X=565|LOCATION.Y=140|NAME=Supplier Part Number 1|TEXT=1597-1283-ND|UNIQUEID=DJANGIHT|
RECORD=34|LINENO= 182|OWNERPARTID=   0|OWNERINDEX=  30|FONTID=3|LOCATION.X=565|LOCATION.Y=610|NAME=Designator|TEXT=U?|UNIQUEID=GMRAMTKS|
RECORD=41|LINENO= 183|OWNERPARTID=   0|OWNERINDEX=  30|FONTID=3|LOCATION.X=565|LOCATION.Y=150|NAME=Comment|TEXT=INTEL_EDISON|UNIQUEID=WDXRTTJV|
RECORD=44|LINENO= 184|OWNERPARTID= -42|OWNERINDEX=  30|
RECORD=45|LINENO= 185|OWNERPARTID= -42|OWNERINDEX= 184|DATABASEDATALINKSLOCKED=T|DATABASEMODEL=T|DATAFILECOUNT=1|DATALINKSLOCKED=T|INTEGRATEDMODEL=T|ISCURRENT=T|MODELDATAFILEENTITY0=INTEL_EDISON|MODELDATAFILEKIND0=PCBLib|MODELNAME=INTEL_EDISON|MODELTYPE=PCBLIB|UNIQUEID=DEIMWUED|USECOMPONENTLIBRARY=T|
RECORD=46|LINENO= 186|OWNERPARTID= -42|OWNERINDEX= 185|
RECORD=48|LINENO= 187|OWNERPARTID= -42|OWNERINDEX= 185|
RECORD=17|LINENO= 188|OWNERPARTID=   0|OWNERINDEX= -42|FONTID=1|LOCATION.X=545|LOCATION.Y=530|ORIENTATION=2|SHOWNETNAME=T|STYLE=7|TEXT=1V8|UNIQUEID=KXBSRDJH|
RECORD=43|LINENO= 189|OWNERPARTID=   0|OWNERINDEX= -42|LOCATION.X=515|LOCATION.Y=430|NAME=USB_EDISON<->LAN|
RECORD=41|LINENO= 190|OWNERPARTID=   0|OWNERINDEX= 189|FONTID=1|ISHIDDEN=T|LOCATION.X=515|LOCATION.Y=430|NAME=DifferentialPair|SHOWNAME=T|TEXT=True|UNIQUEID=TBAHVBNN|
RECORD=43|LINENO= 191|OWNERPARTID=   0|OWNERINDEX= -42|LOCATION.X=515|LOCATION.Y=420|NAME=USB_EDISON<->LAN|
RECORD=41|LINENO= 192|OWNERPARTID=   0|OWNERINDEX= 191|FONTID=1|ISHIDDEN=T|LOCATION.X=515|LOCATION.Y=420|NAME=DifferentialPair|SHOWNAME=T|TEXT=True|UNIQUEID=BXVLLARG|
RECORD=25|LINENO= 193|OWNERPARTID=   0|OWNERINDEX= -42|FONTID=1|LOCATION.X=460|LOCATION.Y=430|TEXT=USB_DP|UNIQUEID=MYGPKUVW|
RECORD=25|LINENO= 194|OWNERPARTID=   0|OWNERINDEX= -42|FONTID=1|LOCATION.X=460|LOCATION.Y=420|TEXT=USB_DN|UNIQUEID=HMINYGAD|
RECORD=27|LINENO= 195|OWNERPARTID=   0|OWNERINDEX= -42|LINEWIDTH=1|LOCATIONCOUNT=2|UNIQUEID=JNYEYOBY|X1=545|X2=460|Y1=430|Y2=430|
RECORD=27|LINENO= 196|OWNERPARTID=   0|OWNERINDEX= -42|LINEWIDTH=1|LOCATIONCOUNT=2|UNIQUEID=JRWLAJFJ|X1=545|X2=460|Y1=420|Y2=420|
RECORD=18|LINENO= 197|OWNERPARTID=   0|OWNERINDEX= -42|ALIGNMENT=2|AREACOLOR=8454143|FONTID=1|HARNESSTYPE=EDISON_USB|HEIGHT=10|LOCATION.X=40|LOCATION.Y=470|NAME=EDISON_USB|STYLE=3|TEXTCOLOR=128|UNIQUEID=IWUFYEFM|WIDTH=70|
RECORD=27|LINENO= 198|OWNERPARTID=   0|OWNERINDEX= -42|LINEWIDTH=1|LOCATIONCOUNT=2|UNIQUEID=JKUSHGDG|X1=220|X2=280|Y1=460|Y2=460|
RECORD=27|LINENO= 199|OWNERPARTID=   0|OWNERINDEX= -42|LINEWIDTH=1|LOCATIONCOUNT=2|UNIQUEID=SODDGAQP|X1=220|X2=280|Y1=470|Y2=470|
RECORD=27|LINENO= 200|OWNERPARTID=   0|OWNERINDEX= -42|LINEWIDTH=1|LOCATIONCOUNT=2|UNIQUEID=LGTCLTPC|X1=755|X2=840|Y1=390|Y2=390|
RECORD=27|LINENO= 201|OWNERPARTID=   0|OWNERINDEX= -42|LINEWIDTH=1|LOCATIONCOUNT=2|UNIQUEID=WFHHSKTN|X1=755|X2=840|Y1=380|Y2=380|
RECORD=25|LINENO= 202|OWNERPARTID=   0|OWNERINDEX= -42|FONTID=1|LOCATION.X=770|LOCATION.Y=390|TEXT=EDISON_RXD|UNIQUEID=JVQYVNXD|
RECORD=25|LINENO= 203|OWNERPARTID=   0|OWNERINDEX= -42|FONTID=1|LOCATION.X=770|LOCATION.Y=380|TEXT=EDISON_TXD|UNIQUEID=TLRPWTGY|
RECORD=25|LINENO= 204|OWNERPARTID=   0|OWNERINDEX= -42|FONTID=1|LOCATION.X=240|LOCATION.Y=550|TEXT=EDISON_TXD|UNIQUEID=YUDFJGOQ|
RECORD=25|LINENO= 205|OWNERPARTID=   0|OWNERINDEX= -42|FONTID=1|LOCATION.X=240|LOCATION.Y=560|TEXT=EDISON_RXD|UNIQUEID=SVLIOUYO|
RECORD=27|LINENO= 206|OWNERPARTID=   0|OWNERINDEX= -42|LINEWIDTH=1|LOCATIONCOUNT=2|UNIQUEID=GUXFEEUV|X1=210|X2=290|Y1=560|Y2=560|
RECORD=27|LINENO= 207|OWNERPARTID=   0|OWNERINDEX= -42|LINEWIDTH=1|LOCATIONCOUNT=2|UNIQUEID=TLLACRBR|X1=210|X2=290|Y1=550|Y2=550|
RECORD= 4|LINENO= 208|OWNERPARTID=   0|OWNERINDEX= -42|FONTID=1|LOCATION.X=50|LOCATION.Y=530|TEXT=These are supposed to be flipped, Edixon TX connects to Consol RX|
RECORD=25|LINENO= 209|OWNERPARTID=   0|OWNERINDEX= -42|FONTID=1|LOCATION.X=240|LOCATION.Y=470|TEXT=USB_DP|UNIQUEID=QIDSQULL|
RECORD=25|LINENO= 210|OWNERPARTID=   0|OWNERINDEX= -42|FONTID=1|LOCATION.X=240|LOCATION.Y=460|TEXT=USB_DN|UNIQUEID=OFVYASFF|
RECORD=18|LINENO= 211|OWNERPARTID=   0|OWNERINDEX= -42|ALIGNMENT=1|AREACOLOR=8454143|FONTID=1|HEIGHT=10|LOCATION.X=50|LOCATION.Y=660|NAME=1V8|STYLE=3|TEXTCOLOR=128|UNIQUEID=MBTCPLFB|WIDTH=50|
RECORD=18|LINENO= 212|OWNERPARTID=   0|OWNERINDEX= -42|ALIGNMENT=1|AREACOLOR=8454143|FONTID=1|HEIGHT=10|LOCATION.X=50|LOCATION.Y=630|NAME=GND_SIG|STYLE=3|TEXTCOLOR=128|UNIQUEID=PIXUGFQX|WIDTH=50|
RECORD=27|LINENO= 213|OWNERPARTID=   0|OWNERINDEX= -42|LINEWIDTH=1|LOCATIONCOUNT=2|UNIQUEID=CDVADVAT|X1=100|X2=140|Y1=660|Y2=660|
RECORD=27|LINENO= 214|OWNERPARTID=   0|OWNERINDEX= -42|LINEWIDTH=1|LOCATIONCOUNT=2|UNIQUEID=NHQNIWWT|X1=100|X2=140|Y1=630|Y2=630|
RECORD=17|LINENO= 215|OWNERPARTID=   0|OWNERINDEX= -42|FONTID=1|LOCATION.X=140|LOCATION.Y=660|SHOWNETNAME=T|STYLE=7|TEXT=1V8|UNIQUEID=EGSUQKTJ|
RECORD=17|LINENO= 216|OWNERPARTID=   0|OWNERINDEX= -42|FONTID=1|LOCATION.X=140|LOCATION.Y=630|SHOWNETNAME=F|STYLE=5|TEXT=GDNSIG|UNIQUEID=RKSPKFHN|
RECORD=18|LINENO= 217|OWNERPARTID=   0|OWNERINDEX= -42|ALIGNMENT=1|AREACOLOR=8454143|FONTID=1|HEIGHT=10|LOCATION.X=50|LOCATION.Y=690|NAME=3V3|STYLE=3|TEXTCOLOR=128|UNIQUEID=YCJIJNPO|WIDTH=50|
RECORD=27|LINENO= 218|OWNERPARTID=   0|OWNERINDEX= -42|LINEWIDTH=1|LOCATIONCOUNT=2|UNIQUEID=LDHJYKNS|X1=100|X2=140|Y1=690|Y2=690|
RECORD=17|LINENO= 219|OWNERPARTID=   0|OWNERINDEX= -42|FONTID=1|LOCATION.X=140|LOCATION.Y=690|SHOWNETNAME=T|STYLE=7|TEXT=3V3|UNIQUEID=CLXUOYVP|
