RECORD=-42|LINENO=   0|OWNERPARTID= -42|OWNERINDEX= -42|HEADER=Protel for Windows - Schematic Capture Binary File Version 5.0|MINORVERSION=2|UNIQUEID=FXBSYLUS|WEIGHT=279|
RECORD=31|LINENO=   1|OWNERPARTID= -42|OWNERINDEX= -42|AREACOLOR=16317695|BORDERON=T|CUSTOMMARGINWIDTH=20|CUSTOMX=1500|CUSTOMXZONES=6|CUSTOMY=950|CUSTOMYZONES=4|DISPLAY_UNIT=4|FONTIDCOUNT=3|FONTNAME1=Times New Roman|FONTNAME2=Times New Roman|FONTNAME3=Times New Roman|HOTSPOTGRIDON=T|HOTSPOTGRIDSIZE=4|ISBOC=T|ROTATION2=90|SHEETNUMBERSPACESIZE=4|SHEETSTYLE=5|SIZE1=10|SIZE2=10|SIZE3=10|SNAPGRIDON=T|SNAPGRIDSIZE=10|SYSTEMFONT=1|TITLEBLOCKON=T|UNDERLINE3=T|USEMBCS=T|VISIBLEGRIDON=T|VISIBLEGRIDSIZE=10|
RECORD=41|LINENO=   2|OWNERPARTID=   0|OWNERINDEX= -42|FONTID=1|ISHIDDEN=T|LOCATION.Y=60|NAME=CurrentTime|TEXT=*|UNIQUEID=YKBKCPHM|
RECORD=41|LINENO=   3|OWNERPARTID=   0|OWNERINDEX= -42|FONTID=1|ISHIDDEN=T|LOCATION.Y=60|NAME=CurrentDate|TEXT=*|UNIQUEID=LCARQDTE|
RECORD=41|LINENO=   4|OWNERPARTID=   0|OWNERINDEX= -42|FONTID=1|ISHIDDEN=T|LOCATION.Y=60|NAME=Time|TEXT=*|UNIQUEID=TNJUYYPM|
RECORD=41|LINENO=   5|OWNERPARTID=   0|OWNERINDEX= -42|FONTID=1|ISHIDDEN=T|LOCATION.Y=60|NAME=Date|TEXT=*|UNIQUEID=XRXWWFOW|
RECORD=41|LINENO=   6|OWNERPARTID=   0|OWNERINDEX= -42|FONTID=1|ISHIDDEN=T|LOCATION.Y=60|NAME=DocumentFullPathAndName|TEXT=*|UNIQUEID=ROPDUAXG|
RECORD=41|LINENO=   7|OWNERPARTID=   0|OWNERINDEX= -42|FONTID=1|ISHIDDEN=T|LOCATION.Y=60|NAME=DocumentName|TEXT=*|UNIQUEID=UTKNPVKM|
RECORD=41|LINENO=   8|OWNERPARTID=   0|OWNERINDEX= -42|FONTID=1|ISHIDDEN=T|LOCATION.Y=60|NAME=ModifiedDate|TEXT=*|UNIQUEID=SFWYPNYL|
RECORD=41|LINENO=   9|OWNERPARTID=   0|OWNERINDEX= -42|FONTID=1|ISHIDDEN=T|LOCATION.Y=60|NAME=ApprovedBy|TEXT=*|UNIQUEID=HSQGUSIT|
RECORD=41|LINENO=  10|OWNERPARTID=   0|OWNERINDEX= -42|FONTID=1|ISHIDDEN=T|LOCATION.Y=60|NAME=CheckedBy|TEXT=*|UNIQUEID=EENHMBJQ|
RECORD=41|LINENO=  11|OWNERPARTID=   0|OWNERINDEX= -42|FONTID=1|ISHIDDEN=T|LOCATION.Y=60|NAME=Author|TEXT=*|UNIQUEID=HUSDHQIX|
RECORD=41|LINENO=  12|OWNERPARTID=   0|OWNERINDEX= -42|FONTID=1|ISHIDDEN=T|LOCATION.Y=60|NAME=CompanyName|TEXT=*|UNIQUEID=OSLKFKVB|
RECORD=41|LINENO=  13|OWNERPARTID=   0|OWNERINDEX= -42|FONTID=1|ISHIDDEN=T|LOCATION.Y=60|NAME=DrawnBy|TEXT=*|UNIQUEID=FKULJUSE|
RECORD=41|LINENO=  14|OWNERPARTID=   0|OWNERINDEX= -42|FONTID=1|ISHIDDEN=T|LOCATION.Y=60|NAME=Engineer|TEXT=*|UNIQUEID=DCDVUBOJ|
RECORD=41|LINENO=  15|OWNERPARTID=   0|OWNERINDEX= -42|FONTID=1|ISHIDDEN=T|LOCATION.Y=60|NAME=Organization|TEXT=*|UNIQUEID=POHTNFGV|
RECORD=41|LINENO=  16|OWNERPARTID=   0|OWNERINDEX= -42|FONTID=1|ISHIDDEN=T|LOCATION.Y=60|NAME=Address1|TEXT=*|UNIQUEID=OTWKHMDB|
RECORD=41|LINENO=  17|OWNERPARTID=   0|OWNERINDEX= -42|FONTID=1|ISHIDDEN=T|LOCATION.Y=60|NAME=Address2|TEXT=*|UNIQUEID=ULATDHEI|
RECORD=41|LINENO=  18|OWNERPARTID=   0|OWNERINDEX= -42|FONTID=1|ISHIDDEN=T|LOCATION.Y=60|NAME=Address3|TEXT=*|UNIQUEID=UCDANUVY|
RECORD=41|LINENO=  19|OWNERPARTID=   0|OWNERINDEX= -42|FONTID=1|ISHIDDEN=T|LOCATION.Y=60|NAME=Address4|TEXT=*|UNIQUEID=RSLIAEQY|
RECORD=41|LINENO=  20|OWNERPARTID=   0|OWNERINDEX= -42|FONTID=1|ISHIDDEN=T|LOCATION.Y=60|NAME=Title|TEXT=*|UNIQUEID=OSKPRCWK|
RECORD=41|LINENO=  21|OWNERPARTID=   0|OWNERINDEX= -42|FONTID=1|ISHIDDEN=T|LOCATION.Y=60|NAME=DocumentNumber|TEXT=*|UNIQUEID=GAUHJFTB|
RECORD=41|LINENO=  22|OWNERPARTID=   0|OWNERINDEX= -42|FONTID=1|ISHIDDEN=T|LOCATION.Y=60|NAME=Revision|TEXT=*|UNIQUEID=CWSGAVOB|
RECORD=41|LINENO=  23|OWNERPARTID=   0|OWNERINDEX= -42|FONTID=1|ISHIDDEN=T|LOCATION.Y=60|NAME=SheetNumber|TEXT=*|UNIQUEID=KJKOGKSQ|
RECORD=41|LINENO=  24|OWNERPARTID=   0|OWNERINDEX= -42|FONTID=1|ISHIDDEN=T|LOCATION.Y=60|NAME=SheetTotal|TEXT=*|UNIQUEID=XASVNKLX|
RECORD=41|LINENO=  25|OWNERPARTID=   0|OWNERINDEX= -42|FONTID=1|ISHIDDEN=T|LOCATION.Y=60|NAME=Rule|TEXT=*|UNIQUEID=RPRXHUGQ|
RECORD=41|LINENO=  26|OWNERPARTID=   0|OWNERINDEX= -42|FONTID=1|ISHIDDEN=T|LOCATION.Y=60|NAME=ImagePath|TEXT=*|UNIQUEID=LBRGSJMG|
RECORD=41|LINENO=  27|OWNERPARTID=   0|OWNERINDEX= -42|FONTID=1|ISHIDDEN=T|LOCATION.Y=60|NAME=ProjectName|TEXT=*|UNIQUEID=VXLYMYKR|
RECORD=41|LINENO=  28|OWNERPARTID=   0|OWNERINDEX= -42|FONTID=1|ISHIDDEN=T|LOCATION.Y=60|NAME=Application_BuildNumber|TEXT=*|UNIQUEID=QWYFGCHM|
RECORD= 1|LINENO=  29|OWNERPARTID=   0|OWNERINDEX= -42|AREACOLOR=11599871|COMPONENTDESCRIPTION=RF TXRX MODULE 802.15.4 CHIP ANT|CURRENTPARTID=1|DESIGNITEMID=DECAWAVE_DWM1000|DISPLAYMODECOUNT=1|LIBRARYPATH=*|LIBREFERENCE=DECAWAVE_DWM1000|LOCATION.X=490|LOCATION.Y=630|NOTUSEDBTABLENAME=T|PARTCOUNT=2|PARTIDLOCKED=T|SOURCELIBRARYNAME=SSI.IntLib|TARGETFILENAME=*|UNIQUEID=HSLTKTDY|
RECORD=41|LINENO=  30|OWNERPARTID=   0|OWNERINDEX=  29|FONTID=1|ISHIDDEN=T|LOCATION.X=438|LOCATION.Y=1280|NAME=Supplier 1|TEXT=Digi-Key|UNIQUEID=LOIUNXAD|
RECORD=41|LINENO=  31|OWNERPARTID=   0|OWNERINDEX=  29|FONTID=1|ISHIDDEN=T|LOCATION.X=438|LOCATION.Y=1290|NAME=Manufacturer|TEXT=Decawave Limited|UNIQUEID=NPFJABOY|
RECORD=41|LINENO=  32|OWNERPARTID=   0|OWNERINDEX=  29|FONTID=1|ISHIDDEN=T|LOCATION.X=438|LOCATION.Y=1290|NAME=Manufacturer Part Number|TEXT=DWM1000|UNIQUEID=CAIAWRRM|
RECORD=41|LINENO=  33|OWNERPARTID=   0|OWNERINDEX=  29|FONTID=1|ISHIDDEN=T|LOCATION.X=438|LOCATION.Y=1290|NAME=RoHS|TEXT=RoHS Compliant|UNIQUEID=GJQTCYAH|
RECORD=41|LINENO=  34|OWNERPARTID=   0|OWNERINDEX=  29|FONTID=1|ISHIDDEN=T|LOCATION.X=438|LOCATION.Y=1290|NAME=Category|TEXT=RF/IF and RFID|UNIQUEID=OIQAUHTD|
RECORD=41|LINENO=  35|OWNERPARTID=   0|OWNERINDEX=  29|FONTID=1|ISHIDDEN=T|LOCATION.X=438|LOCATION.Y=1290|NAME=Stock 1|TEXT=6649|UNIQUEID=WOSAUHRG|
RECORD=41|LINENO=  36|OWNERPARTID=   0|OWNERINDEX=  29|FONTID=1|ISHIDDEN=T|LOCATION.X=438|LOCATION.Y=1290|NAME=Pricing 1|TEXT=1=25.59, 10=23.625, 25=21.6564, 100=20.0156, 250=19.03124 (USD)|UNIQUEID=TNTPHVFX|
RECORD=41|LINENO=  37|OWNERPARTID=   0|OWNERINDEX=  29|FONTID=1|ISHIDDEN=T|LOCATION.X=438|LOCATION.Y=1290|NAME=Packaging|TEXT=Cut Tape (CT)|UNIQUEID=CRCGSBYD|
RECORD=41|LINENO=  38|OWNERPARTID=   0|OWNERINDEX=  29|FONTID=1|ISHIDDEN=T|LOCATION.X=438|LOCATION.Y=1290|NAME=RF Family/Standard|TEXT=802.15.4|UNIQUEID=AGQOKCXC|
RECORD=41|LINENO=  39|OWNERPARTID=   0|OWNERINDEX=  29|FONTID=1|ISHIDDEN=T|LOCATION.X=438|LOCATION.Y=1290|NAME=Protocol|TEXT=IR-UWB|UNIQUEID=HQNQEUHC|
RECORD=41|LINENO=  40|OWNERPARTID=   0|OWNERINDEX=  29|FONTID=1|ISHIDDEN=T|LOCATION.X=438|LOCATION.Y=1290|NAME=Modulation|TEXT=BPM, BPSK|UNIQUEID=UIVQCLFD|
RECORD=41|LINENO=  41|OWNERPARTID=   0|OWNERINDEX=  29|FONTID=1|ISHIDDEN=T|LOCATION.X=438|LOCATION.Y=1290|NAME=Frequency|TEXT=3.5GHz ~ 6.5GHz|UNIQUEID=OGXGDHMX|
RECORD=41|LINENO=  42|OWNERPARTID=   0|OWNERINDEX=  29|FONTID=1|ISHIDDEN=T|LOCATION.X=438|LOCATION.Y=1290|NAME=Data Rate|TEXT=6.8Mbps|UNIQUEID=TBQKOQTT|
RECORD=41|LINENO=  43|OWNERPARTID=   0|OWNERINDEX=  29|FONTID=1|ISHIDDEN=T|LOCATION.X=438|LOCATION.Y=1290|NAME=Power - Output|TEXT=-|UNIQUEID=INNXYRWJ|
RECORD=41|LINENO=  44|OWNERPARTID=   0|OWNERINDEX=  29|FONTID=1|ISHIDDEN=T|LOCATION.X=438|LOCATION.Y=1290|NAME=Sensitivity|TEXT=-|UNIQUEID=VUJJJHVA|
RECORD=41|LINENO=  45|OWNERPARTID=   0|OWNERINDEX=  29|FONTID=1|ISHIDDEN=T|LOCATION.X=438|LOCATION.Y=1290|NAME=Serial Interfaces|TEXT=SPI|UNIQUEID=SEELXDPP|
RECORD=41|LINENO=  46|OWNERPARTID=   0|OWNERINDEX=  29|FONTID=1|ISHIDDEN=T|LOCATION.X=438|LOCATION.Y=1290|NAME=Antenna Type|TEXT=Integrated, Chip|UNIQUEID=MIKQSXRX|
RECORD=41|LINENO=  47|OWNERPARTID=   0|OWNERINDEX=  29|FONTID=1|ISHIDDEN=T|LOCATION.X=438|LOCATION.Y=1290|NAME=Memory Size|TEXT=-|UNIQUEID=SDLHAFRP|
RECORD=41|LINENO=  48|OWNERPARTID=   0|OWNERINDEX=  29|FONTID=1|ISHIDDEN=T|LOCATION.X=438|LOCATION.Y=1290|NAME=Voltage - Supply|TEXT=2.8 V ~ 3.6 V|UNIQUEID=BFOFNVLQ|
RECORD=41|LINENO=  49|OWNERPARTID=   0|OWNERINDEX=  29|FONTID=1|ISHIDDEN=T|LOCATION.X=438|LOCATION.Y=1290|NAME=Current - Receiving|TEXT=64mA|UNIQUEID=NVWLNFFR|
RECORD=41|LINENO=  50|OWNERPARTID=   0|OWNERINDEX=  29|FONTID=1|ISHIDDEN=T|LOCATION.X=438|LOCATION.Y=1290|NAME=Current - Transmitting|TEXT=31mA|UNIQUEID=LMDQTKLI|
RECORD=41|LINENO=  51|OWNERPARTID=   0|OWNERINDEX=  29|FONTID=1|ISHIDDEN=T|LOCATION.X=438|LOCATION.Y=1290|NAME=Mounting Type|TEXT=Surface Mount|UNIQUEID=IVDTWTPT|
RECORD=41|LINENO=  52|OWNERPARTID=   0|OWNERINDEX=  29|%UTF8%TEXT=-40Â°C ~ 85Â°C|FONTID=1|ISHIDDEN=T|LOCATION.X=438|LOCATION.Y=1290|NAME=Operating Temperature|TEXT=-40°C ~ 85°C|UNIQUEID=DSDBJINC|
RECORD=41|LINENO=  53|OWNERPARTID=   0|OWNERINDEX=  29|FONTID=1|ISHIDDEN=T|LOCATION.X=438|LOCATION.Y=1290|NAME=Package / Case|TEXT=Module|UNIQUEID=BCBMGFUC|
RECORD=41|LINENO=  54|OWNERPARTID=   0|OWNERINDEX=  29|FONTID=3|ISHIDDEN=T|LOCATION.X=438|LOCATION.Y=1290|NAME=ComponentLink1URL|TEXT=http://www.decawave.com/sites/default/files/resources/dwm1000-datasheet-v1.3.pdf|UNIQUEID=KWLCUIXU|
RECORD=41|LINENO=  55|OWNERPARTID=   0|OWNERINDEX=  29|FONTID=3|ISHIDDEN=T|LOCATION.X=438|LOCATION.Y=1290|NAME=ComponentLink1Description|TEXT=http://www.decawave.com/sites/default/files/resources/dwm1000-datasheet-v1.3.pdf|UNIQUEID=YLFKCXHI|
RECORD=14|LINENO=  56|OWNERPARTID=   2|OWNERINDEX=  29|AREACOLOR=11599871|CORNER.X=560|CORNER.Y=630|ISSOLID=T|LOCATION.X=420|LOCATION.Y=420|
RECORD=41|LINENO=  57|OWNERPARTID=   0|OWNERINDEX=  29|FONTID=1|LOCATION.X=420|LOCATION.Y=410|NAME=Supplier Part Number 1|TEXT=1479-1002-1-ND|UNIQUEID=LKEVXLUJ|
RECORD= 2|LINENO=  58|OWNERPARTID=   2|OWNERINDEX=  29|DESIGNATOR=1|DESIGNATOR_CUSTOMFONTID=1|ELECTRICAL=4|FORMALTYPE=1|LOCATION.X=420|LOCATION.Y=620|NAME=EXTON|NAME_CUSTOMFONTID=1|PINCONGLOMERATE=58|PINDESIGNATOR_POSITIONCONGLOMERATE=16|PINLENGTH=20|PINNAME_POSITIONCONGLOMERATE=16|
RECORD=41|LINENO=  59|OWNERPARTID=   0|OWNERINDEX=  58|FONTID=1|ISHIDDEN=T|LOCATION.X=420|LOCATION.Y=620|NAME=PinUniqueId|TEXT=LDQQEAOI|UNIQUEID=FXRFTKWI|
RECORD= 2|LINENO=  60|OWNERPARTID=   2|OWNERINDEX=  29|DESIGNATOR=2|DESIGNATOR_CUSTOMFONTID=1|ELECTRICAL=4|FORMALTYPE=1|LOCATION.X=420|LOCATION.Y=610|NAME=WAKEUP|NAME_CUSTOMFONTID=1|PINCONGLOMERATE=58|PINDESIGNATOR_POSITIONCONGLOMERATE=16|PINLENGTH=20|PINNAME_POSITIONCONGLOMERATE=16|
RECORD=41|LINENO=  61|OWNERPARTID=   0|OWNERINDEX=  60|FONTID=1|ISHIDDEN=T|LOCATION.X=420|LOCATION.Y=610|NAME=PinUniqueId|TEXT=SVNVKNFF|UNIQUEID=JPWMOMTO|
RECORD= 2|LINENO=  62|OWNERPARTID=   2|OWNERINDEX=  29|DESIGNATOR=3|DESIGNATOR_CUSTOMFONTID=1|ELECTRICAL=4|FORMALTYPE=1|LOCATION.X=420|LOCATION.Y=600|NAME=!RST|NAME_CUSTOMFONTID=1|PINCONGLOMERATE=58|PINDESIGNATOR_POSITIONCONGLOMERATE=16|PINLENGTH=20|PINNAME_POSITIONCONGLOMERATE=16|
RECORD=41|LINENO=  63|OWNERPARTID=   0|OWNERINDEX=  62|FONTID=1|ISHIDDEN=T|LOCATION.X=420|LOCATION.Y=600|NAME=PinUniqueId|TEXT=QDJTVKCH|UNIQUEID=HYEWDCSJ|
RECORD= 2|LINENO=  64|OWNERPARTID=   2|OWNERINDEX=  29|DESIGNATOR=4|DESIGNATOR_CUSTOMFONTID=1|ELECTRICAL=4|FORMALTYPE=1|LOCATION.X=420|LOCATION.Y=580|NAME=SYNC|NAME_CUSTOMFONTID=1|PINCONGLOMERATE=58|PINDESIGNATOR_POSITIONCONGLOMERATE=16|PINLENGTH=20|PINNAME_POSITIONCONGLOMERATE=16|
RECORD=41|LINENO=  65|OWNERPARTID=   0|OWNERINDEX=  64|FONTID=1|ISHIDDEN=T|LOCATION.X=420|LOCATION.Y=580|NAME=PinUniqueId|TEXT=XFHXPQHO|UNIQUEID=BNDWFGDF|
RECORD= 2|LINENO=  66|OWNERPARTID=   2|OWNERINDEX=  29|DESIGNATOR=5|DESIGNATOR_CUSTOMFONTID=1|ELECTRICAL=4|FORMALTYPE=1|LOCATION.X=560|LOCATION.Y=600|NAME=VDDAON|NAME_CUSTOMFONTID=1|PINCONGLOMERATE=56|PINDESIGNATOR_POSITIONCONGLOMERATE=16|PINLENGTH=20|PINNAME_POSITIONCONGLOMERATE=16|
RECORD=41|LINENO=  67|OWNERPARTID=   0|OWNERINDEX=  66|FONTID=1|ISHIDDEN=T|LOCATION.X=560|LOCATION.Y=600|NAME=PinUniqueId|TEXT=BOMQEQML|UNIQUEID=AYHTGXNS|
RECORD= 2|LINENO=  68|OWNERPARTID=   2|OWNERINDEX=  29|DESIGNATOR=6|DESIGNATOR_CUSTOMFONTID=1|ELECTRICAL=4|FORMALTYPE=1|LOCATION.X=560|LOCATION.Y=590|NAME=VDD3V3|NAME_CUSTOMFONTID=1|PINCONGLOMERATE=56|PINDESIGNATOR_POSITIONCONGLOMERATE=16|PINLENGTH=20|PINNAME_POSITIONCONGLOMERATE=16|
RECORD=41|LINENO=  69|OWNERPARTID=   0|OWNERINDEX=  68|FONTID=1|ISHIDDEN=T|LOCATION.X=560|LOCATION.Y=590|NAME=PinUniqueId|TEXT=KLVFINOH|UNIQUEID=AEKEGQAB|
RECORD= 2|LINENO=  70|OWNERPARTID=   2|OWNERINDEX=  29|DESIGNATOR=9|DESIGNATOR_CUSTOMFONTID=1|ELECTRICAL=4|FORMALTYPE=1|LOCATION.X=420|LOCATION.Y=560|NAME=GPIO6/EXTRXE/SPIPHA|NAME_CUSTOMFONTID=1|PINCONGLOMERATE=58|PINDESIGNATOR_POSITIONCONGLOMERATE=16|PINLENGTH=20|PINNAME_POSITIONCONGLOMERATE=16|
RECORD=41|LINENO=  71|OWNERPARTID=   0|OWNERINDEX=  70|FONTID=1|ISHIDDEN=T|LOCATION.X=420|LOCATION.Y=560|NAME=PinUniqueId|TEXT=IJGJGAYF|UNIQUEID=CNAIKYSN|
RECORD= 2|LINENO=  72|OWNERPARTID=   2|OWNERINDEX=  29|DESIGNATOR=10|DESIGNATOR_CUSTOMFONTID=1|ELECTRICAL=4|FORMALTYPE=1|LOCATION.X=420|LOCATION.Y=550|NAME=GPIO5/EXTTXE/SPIPHA|NAME_CUSTOMFONTID=1|PINCONGLOMERATE=58|PINDESIGNATOR_POSITIONCONGLOMERATE=16|PINLENGTH=20|PINNAME_POSITIONCONGLOMERATE=16|
RECORD=41|LINENO=  73|OWNERPARTID=   0|OWNERINDEX=  72|FONTID=1|ISHIDDEN=T|LOCATION.X=420|LOCATION.Y=550|NAME=PinUniqueId|TEXT=BWMWFYBT|UNIQUEID=WNRLXSEA|
RECORD= 2|LINENO=  74|OWNERPARTID=   2|OWNERINDEX=  29|DESIGNATOR=11|DESIGNATOR_CUSTOMFONTID=1|ELECTRICAL=4|FORMALTYPE=1|LOCATION.X=420|LOCATION.Y=540|NAME=GPIO4/EXTPA|NAME_CUSTOMFONTID=1|PINCONGLOMERATE=58|PINDESIGNATOR_POSITIONCONGLOMERATE=16|PINLENGTH=20|PINNAME_POSITIONCONGLOMERATE=16|
RECORD=41|LINENO=  75|OWNERPARTID=   0|OWNERINDEX=  74|FONTID=1|ISHIDDEN=T|LOCATION.X=420|LOCATION.Y=540|NAME=PinUniqueId|TEXT=CKKDCGEY|UNIQUEID=FVYKAIDX|
RECORD= 2|LINENO=  76|OWNERPARTID=   2|OWNERINDEX=  29|DESIGNATOR=12|DESIGNATOR_CUSTOMFONTID=1|ELECTRICAL=4|FORMALTYPE=1|LOCATION.X=420|LOCATION.Y=530|NAME=GPIO3/TXLED|NAME_CUSTOMFONTID=1|PINCONGLOMERATE=58|PINDESIGNATOR_POSITIONCONGLOMERATE=16|PINLENGTH=20|PINNAME_POSITIONCONGLOMERATE=16|
RECORD=41|LINENO=  77|OWNERPARTID=   0|OWNERINDEX=  76|FONTID=1|ISHIDDEN=T|LOCATION.X=420|LOCATION.Y=530|NAME=PinUniqueId|TEXT=XSMNSJMX|UNIQUEID=SKLVOKYG|
RECORD= 2|LINENO=  78|OWNERPARTID=   2|OWNERINDEX=  29|DESIGNATOR=13|DESIGNATOR_CUSTOMFONTID=1|ELECTRICAL=4|FORMALTYPE=1|LOCATION.X=420|LOCATION.Y=520|NAME=GPIO2/RXLED|NAME_CUSTOMFONTID=1|PINCONGLOMERATE=58|PINDESIGNATOR_POSITIONCONGLOMERATE=16|PINLENGTH=20|PINNAME_POSITIONCONGLOMERATE=16|
RECORD=41|LINENO=  79|OWNERPARTID=   0|OWNERINDEX=  78|FONTID=1|ISHIDDEN=T|LOCATION.X=420|LOCATION.Y=520|NAME=PinUniqueId|TEXT=FDJJFSRD|UNIQUEID=UGXNKWNI|
RECORD= 2|LINENO=  80|OWNERPARTID=   2|OWNERINDEX=  29|DESIGNATOR=14|DESIGNATOR_CUSTOMFONTID=1|ELECTRICAL=4|FORMALTYPE=1|LOCATION.X=420|LOCATION.Y=510|NAME=GPIO1/SFDLED|NAME_CUSTOMFONTID=1|PINCONGLOMERATE=58|PINDESIGNATOR_POSITIONCONGLOMERATE=16|PINLENGTH=20|PINNAME_POSITIONCONGLOMERATE=16|
RECORD=41|LINENO=  81|OWNERPARTID=   0|OWNERINDEX=  80|FONTID=1|ISHIDDEN=T|LOCATION.X=420|LOCATION.Y=510|NAME=PinUniqueId|TEXT=WGIOSCMC|UNIQUEID=YDVTGGUH|
RECORD= 2|LINENO=  82|OWNERPARTID=   2|OWNERINDEX=  29|DESIGNATOR=15|DESIGNATOR_CUSTOMFONTID=1|ELECTRICAL=4|FORMALTYPE=1|LOCATION.X=420|LOCATION.Y=500|NAME=GPIO0/RXOKLED|NAME_CUSTOMFONTID=1|PINCONGLOMERATE=58|PINDESIGNATOR_POSITIONCONGLOMERATE=16|PINLENGTH=20|PINNAME_POSITIONCONGLOMERATE=16|
RECORD=41|LINENO=  83|OWNERPARTID=   0|OWNERINDEX=  82|FONTID=1|ISHIDDEN=T|LOCATION.X=420|LOCATION.Y=500|NAME=PinUniqueId|TEXT=YAHLLCYX|UNIQUEID=DAGVUCVO|
RECORD= 2|LINENO=  84|OWNERPARTID=   2|OWNERINDEX=  29|DESIGNATOR=17|DESIGNATOR_CUSTOMFONTID=1|ELECTRICAL=4|FORMALTYPE=1|LOCATION.X=420|LOCATION.Y=460|NAME=!SPICS|NAME_CUSTOMFONTID=1|PINCONGLOMERATE=58|PINDESIGNATOR_POSITIONCONGLOMERATE=16|PINLENGTH=20|PINNAME_POSITIONCONGLOMERATE=16|
RECORD=41|LINENO=  85|OWNERPARTID=   0|OWNERINDEX=  84|FONTID=1|ISHIDDEN=T|LOCATION.X=420|LOCATION.Y=460|NAME=PinUniqueId|TEXT=KOWOCWRA|UNIQUEID=FILVADPC|
RECORD= 2|LINENO=  86|OWNERPARTID=   2|OWNERINDEX=  29|DESIGNATOR=18|DESIGNATOR_CUSTOMFONTID=1|ELECTRICAL=4|FORMALTYPE=1|LOCATION.X=420|LOCATION.Y=450|NAME=SPIMOSI|NAME_CUSTOMFONTID=1|PINCONGLOMERATE=58|PINDESIGNATOR_POSITIONCONGLOMERATE=16|PINLENGTH=20|PINNAME_POSITIONCONGLOMERATE=16|
RECORD=41|LINENO=  87|OWNERPARTID=   0|OWNERINDEX=  86|FONTID=1|ISHIDDEN=T|LOCATION.X=420|LOCATION.Y=450|NAME=PinUniqueId|TEXT=LTHTMQRO|UNIQUEID=FBFOHJWF|
RECORD= 2|LINENO=  88|OWNERPARTID=   2|OWNERINDEX=  29|DESIGNATOR=19|DESIGNATOR_CUSTOMFONTID=1|ELECTRICAL=4|FORMALTYPE=1|LOCATION.X=420|LOCATION.Y=440|NAME=SPIMISO|NAME_CUSTOMFONTID=1|PINCONGLOMERATE=58|PINDESIGNATOR_POSITIONCONGLOMERATE=16|PINLENGTH=20|PINNAME_POSITIONCONGLOMERATE=16|
RECORD=41|LINENO=  89|OWNERPARTID=   0|OWNERINDEX=  88|FONTID=1|ISHIDDEN=T|LOCATION.X=420|LOCATION.Y=440|NAME=PinUniqueId|TEXT=DWRBOJCQ|UNIQUEID=GPMISUHN|
RECORD= 2|LINENO=  90|OWNERPARTID=   2|OWNERINDEX=  29|DESIGNATOR=20|DESIGNATOR_CUSTOMFONTID=1|ELECTRICAL=4|FORMALTYPE=1|LOCATION.X=420|LOCATION.Y=430|NAME=SPICLK|NAME_CUSTOMFONTID=1|PINCONGLOMERATE=58|PINDESIGNATOR_POSITIONCONGLOMERATE=16|PINLENGTH=20|PINNAME_POSITIONCONGLOMERATE=16|
RECORD=41|LINENO=  91|OWNERPARTID=   0|OWNERINDEX=  90|FONTID=1|ISHIDDEN=T|LOCATION.X=420|LOCATION.Y=430|NAME=PinUniqueId|TEXT=GDURRQWW|UNIQUEID=QMPDQDMN|
RECORD= 2|LINENO=  92|OWNERPARTID=   2|OWNERINDEX=  29|DESIGNATOR=22|DESIGNATOR_CUSTOMFONTID=1|ELECTRICAL=4|FORMALTYPE=1|LOCATION.X=420|LOCATION.Y=480|NAME=IRQ/GPIO8|NAME_CUSTOMFONTID=1|PINCONGLOMERATE=58|PINDESIGNATOR_POSITIONCONGLOMERATE=16|PINLENGTH=20|PINNAME_POSITIONCONGLOMERATE=16|
RECORD=41|LINENO=  93|OWNERPARTID=   0|OWNERINDEX=  92|FONTID=1|ISHIDDEN=T|LOCATION.X=420|LOCATION.Y=480|NAME=PinUniqueId|TEXT=OVAJGMCJ|UNIQUEID=BCHGWWDE|
RECORD= 2|LINENO=  94|OWNERPARTID=   2|OWNERINDEX=  29|DESIGNATOR=7|DESIGNATOR_CUSTOMFONTID=1|ELECTRICAL=4|FORMALTYPE=1|LOCATION.X=560|LOCATION.Y=580|NAME=VDD3V3|NAME_CUSTOMFONTID=1|PINCONGLOMERATE=56|PINDESIGNATOR_POSITIONCONGLOMERATE=16|PINLENGTH=20|PINNAME_POSITIONCONGLOMERATE=16|
RECORD=41|LINENO=  95|OWNERPARTID=   0|OWNERINDEX=  94|FONTID=1|ISHIDDEN=T|LOCATION.X=560|LOCATION.Y=580|NAME=PinUniqueId|TEXT=HAMIQACP|UNIQUEID=QNAEKFEX|
RECORD= 2|LINENO=  96|OWNERPARTID=   2|OWNERINDEX=  29|DESIGNATOR=16|DESIGNATOR_CUSTOMFONTID=1|ELECTRICAL=4|FORMALTYPE=1|LOCATION.X=560|LOCATION.Y=480|NAME=VSS|NAME_CUSTOMFONTID=1|PINCONGLOMERATE=56|PINDESIGNATOR_POSITIONCONGLOMERATE=16|PINLENGTH=20|PINNAME_POSITIONCONGLOMERATE=16|
RECORD=41|LINENO=  97|OWNERPARTID=   0|OWNERINDEX=  96|FONTID=1|ISHIDDEN=T|LOCATION.X=560|LOCATION.Y=480|NAME=PinUniqueId|TEXT=XHARMURP|UNIQUEID=OHWNTGDX|
RECORD= 2|LINENO=  98|OWNERPARTID=   2|OWNERINDEX=  29|DESIGNATOR=8|DESIGNATOR_CUSTOMFONTID=1|ELECTRICAL=4|FORMALTYPE=1|LOCATION.X=560|LOCATION.Y=490|NAME=VSS|NAME_CUSTOMFONTID=1|PINCONGLOMERATE=56|PINDESIGNATOR_POSITIONCONGLOMERATE=16|PINLENGTH=20|PINNAME_POSITIONCONGLOMERATE=16|
RECORD=41|LINENO=  99|OWNERPARTID=   0|OWNERINDEX=  98|FONTID=1|ISHIDDEN=T|LOCATION.X=560|LOCATION.Y=490|NAME=PinUniqueId|TEXT=KYQRBMRY|UNIQUEID=BWJWTQMW|
RECORD= 2|LINENO= 100|OWNERPARTID=   2|OWNERINDEX=  29|DESIGNATOR=21|DESIGNATOR_CUSTOMFONTID=1|ELECTRICAL=4|FORMALTYPE=1|LOCATION.X=560|LOCATION.Y=470|NAME=VSS|NAME_CUSTOMFONTID=1|PINCONGLOMERATE=56|PINDESIGNATOR_POSITIONCONGLOMERATE=16|PINLENGTH=20|PINNAME_POSITIONCONGLOMERATE=16|
RECORD=41|LINENO= 101|OWNERPARTID=   0|OWNERINDEX= 100|FONTID=1|ISHIDDEN=T|LOCATION.X=560|LOCATION.Y=470|NAME=PinUniqueId|TEXT=QGECIESY|UNIQUEID=WTGFFTSU|
RECORD= 2|LINENO= 102|OWNERPARTID=   2|OWNERINDEX=  29|DESIGNATOR=23|DESIGNATOR_CUSTOMFONTID=1|ELECTRICAL=4|FORMALTYPE=1|LOCATION.X=560|LOCATION.Y=460|NAME=VSS|NAME_CUSTOMFONTID=1|PINCONGLOMERATE=56|PINDESIGNATOR_POSITIONCONGLOMERATE=16|PINLENGTH=20|PINNAME_POSITIONCONGLOMERATE=16|
RECORD=41|LINENO= 103|OWNERPARTID=   0|OWNERINDEX= 102|FONTID=1|ISHIDDEN=T|LOCATION.X=560|LOCATION.Y=460|NAME=PinUniqueId|TEXT=CWJNDGTV|UNIQUEID=ATIGLLKJ|
RECORD= 2|LINENO= 104|OWNERPARTID=   2|OWNERINDEX=  29|DESIGNATOR=24|DESIGNATOR_CUSTOMFONTID=1|ELECTRICAL=4|FORMALTYPE=1|LOCATION.X=560|LOCATION.Y=450|NAME=VSS|NAME_CUSTOMFONTID=1|PINCONGLOMERATE=56|PINDESIGNATOR_POSITIONCONGLOMERATE=16|PINLENGTH=20|PINNAME_POSITIONCONGLOMERATE=16|
RECORD=41|LINENO= 105|OWNERPARTID=   0|OWNERINDEX= 104|FONTID=1|ISHIDDEN=T|LOCATION.X=560|LOCATION.Y=450|NAME=PinUniqueId|TEXT=DVEEMXEC|UNIQUEID=WSURNEYJ|
RECORD=34|LINENO= 106|OWNERPARTID=   0|OWNERINDEX=  29|FONTID=1|LOCATION.X=420|LOCATION.Y=630|NAME=Designator|TEXT=U9|UNIQUEID=LIGHTPAQ|
RECORD=41|LINENO= 107|OWNERPARTID=   0|OWNERINDEX=  29|FONTID=1|ISHIDDEN=T|LOCATION.X=1135|LOCATION.Y=1535|NAME=Comment|TEXT=DECAWAVE_DWM1000|UNIQUEID=IAHPCVHJ|
RECORD=44|LINENO= 108|OWNERPARTID= -42|OWNERINDEX=  29|
RECORD=45|LINENO= 109|OWNERPARTID= -42|OWNERINDEX= 108|DATABASEDATALINKSLOCKED=T|DATABASEMODEL=T|DATAFILECOUNT=1|DATALINKSLOCKED=T|INTEGRATEDMODEL=T|ISCURRENT=T|MODELDATAFILEENTITY0=decawave_DWM1000|MODELDATAFILEKIND0=PCBLib|MODELNAME=decawave_DWM1000|MODELTYPE=PCBLIB|UNIQUEID=DCNEOHTR|USECOMPONENTLIBRARY=T|
RECORD=46|LINENO= 110|OWNERPARTID= -42|OWNERINDEX= 109|
RECORD=48|LINENO= 111|OWNERPARTID= -42|OWNERINDEX= 109|
RECORD= 1|LINENO= 112|OWNERPARTID=   0|OWNERINDEX= -42|AREACOLOR=11599871|COMPONENTDESCRIPTION=RF24L01 ULP 2Mbps RF transceiver 2.4GHz ISM|CURRENTPARTID=1|DESIGNITEMID=SEEEDSTUDIO_nRF24L01+|DISPLAYMODECOUNT=1|LIBRARYPATH=*|LIBREFERENCE=SEEEDSTUDIO_nRF24L01+|LOCATION.X=770|LOCATION.Y=590|PARTCOUNT=2|PARTIDLOCKED=T|SOURCELIBRARYNAME=SSI.IntLib|TARGETFILENAME=*|UNIQUEID=RFJHWUOK|
RECORD=14|LINENO= 113|OWNERPARTID=   2|OWNERINDEX= 112|AREACOLOR=11599871|CORNER.X=800|CORNER.Y=620|ISSOLID=T|LOCATION.X=740|LOCATION.Y=570|
RECORD= 2|LINENO= 114|OWNERPARTID=   2|OWNERINDEX= 112|DESIGNATOR=1|ELECTRICAL=4|FORMALTYPE=1|LOCATION.X=740|LOCATION.Y=610|NAME=GND|PINCONGLOMERATE=42|PINLENGTH=20|
RECORD=41|LINENO= 115|OWNERPARTID=   0|OWNERINDEX= 114|FONTID=1|ISHIDDEN=T|LOCATION.X=740|LOCATION.Y=610|NAME=PinUniqueId|TEXT=QFPCRYBU|UNIQUEID=FJTDSFWV|
RECORD= 2|LINENO= 116|OWNERPARTID=   2|OWNERINDEX= 112|%UTF8%SWAPIDPART=Â¦&Â¦1|DESIGNATOR=2|ELECTRICAL=4|FORMALTYPE=1|LOCATION.X=740|LOCATION.Y=600|NAME=VCC|PINCONGLOMERATE=42|PINLENGTH=20|SWAPIDPART=Ž&Ž1|
RECORD=41|LINENO= 117|OWNERPARTID=   0|OWNERINDEX= 116|FONTID=1|ISHIDDEN=T|LOCATION.X=740|LOCATION.Y=600|NAME=PinUniqueId|TEXT=SVIATKCS|UNIQUEID=LSXVRNXX|
RECORD= 2|LINENO= 118|OWNERPARTID=   2|OWNERINDEX= 112|%UTF8%SWAPIDPART=Â¦&Â¦1|DESIGNATOR=3|ELECTRICAL=4|FORMALTYPE=1|LOCATION.X=740|LOCATION.Y=590|NAME=CE|PINCONGLOMERATE=42|PINLENGTH=20|SWAPIDPART=Ž&Ž1|
RECORD=41|LINENO= 119|OWNERPARTID=   0|OWNERINDEX= 118|FONTID=1|ISHIDDEN=T|LOCATION.X=740|LOCATION.Y=590|NAME=PinUniqueId|TEXT=TTWERQTQ|UNIQUEID=QODKIQFQ|
RECORD= 2|LINENO= 120|OWNERPARTID=   2|OWNERINDEX= 112|%UTF8%SWAPIDPART=Â¦&Â¦1|DESIGNATOR=4|ELECTRICAL=4|FORMALTYPE=1|LOCATION.X=740|LOCATION.Y=580|NAME=CSN|PINCONGLOMERATE=42|PINLENGTH=20|SWAPIDPART=Ž&Ž1|
RECORD=41|LINENO= 121|OWNERPARTID=   0|OWNERINDEX= 120|FONTID=1|ISHIDDEN=T|LOCATION.X=740|LOCATION.Y=580|NAME=PinUniqueId|TEXT=QANWYMTD|UNIQUEID=DKHEYBLN|
RECORD= 2|LINENO= 122|OWNERPARTID=   2|OWNERINDEX= 112|%UTF8%SWAPIDPART=Â¦&Â¦1|DESIGNATOR=5|ELECTRICAL=4|FORMALTYPE=1|LOCATION.X=800|LOCATION.Y=610|NAME=SCK|PINCONGLOMERATE=40|PINLENGTH=20|SWAPIDPART=Ž&Ž1|
RECORD=41|LINENO= 123|OWNERPARTID=   0|OWNERINDEX= 122|FONTID=1|ISHIDDEN=T|LOCATION.X=800|LOCATION.Y=610|NAME=PinUniqueId|TEXT=YRCPEIAX|UNIQUEID=NRYJIQKX|
RECORD= 2|LINENO= 124|OWNERPARTID=   2|OWNERINDEX= 112|%UTF8%SWAPIDPART=Â¦&Â¦1|DESIGNATOR=6|ELECTRICAL=4|FORMALTYPE=1|LOCATION.X=800|LOCATION.Y=600|NAME=MOSI|PINCONGLOMERATE=40|PINLENGTH=20|SWAPIDPART=Ž&Ž1|
RECORD=41|LINENO= 125|OWNERPARTID=   0|OWNERINDEX= 124|FONTID=1|ISHIDDEN=T|LOCATION.X=800|LOCATION.Y=600|NAME=PinUniqueId|TEXT=BAOMLQIR|UNIQUEID=KFIDYTGH|
RECORD= 2|LINENO= 126|OWNERPARTID=   2|OWNERINDEX= 112|%UTF8%SWAPIDPART=Â¦&Â¦1|DESIGNATOR=7|ELECTRICAL=4|FORMALTYPE=1|LOCATION.X=800|LOCATION.Y=590|NAME=MISO|PINCONGLOMERATE=40|PINLENGTH=20|SWAPIDPART=Ž&Ž1|
RECORD=41|LINENO= 127|OWNERPARTID=   0|OWNERINDEX= 126|FONTID=1|ISHIDDEN=T|LOCATION.X=800|LOCATION.Y=590|NAME=PinUniqueId|TEXT=KYPBEJFI|UNIQUEID=KDGPFNVB|
RECORD= 2|LINENO= 128|OWNERPARTID=   2|OWNERINDEX= 112|%UTF8%SWAPIDPART=Â¦&Â¦1|DESIGNATOR=8|ELECTRICAL=4|FORMALTYPE=1|LOCATION.X=800|LOCATION.Y=580|NAME=IRQ|PINCONGLOMERATE=40|PINLENGTH=20|SWAPIDPART=Ž&Ž1|
RECORD=41|LINENO= 129|OWNERPARTID=   0|OWNERINDEX= 128|FONTID=1|ISHIDDEN=T|LOCATION.X=800|LOCATION.Y=580|NAME=PinUniqueId|TEXT=FPLCYHWU|UNIQUEID=GYUFRFOP|
RECORD=34|LINENO= 130|OWNERPARTID=   0|OWNERINDEX= 112|FONTID=1|LOCATION.X=740|LOCATION.Y=560|NAME=Designator|TEXT=U10|UNIQUEID=TMNIRVFI|
RECORD=41|LINENO= 131|OWNERPARTID=   0|OWNERINDEX= 112|FONTID=1|ISHIDDEN=T|LOCATION.X=765|LOCATION.Y=575|NAME=Comment|TEXT=SEEEDSTUDIO_nRF24L01+|UNIQUEID=UWNNJQSA|
RECORD=44|LINENO= 132|OWNERPARTID= -42|OWNERINDEX= 112|
RECORD=45|LINENO= 133|OWNERPARTID= -42|OWNERINDEX= 132|DATABASEDATALINKSLOCKED=T|DATABASEMODEL=T|DATAFILECOUNT=1|DATALINKSLOCKED=T|DESCRIPTION=2Mbps RF transceiver|INTEGRATEDMODEL=T|ISCURRENT=T|MODELDATAFILEENTITY0=SEEEDSTUDIO_nRF24L01|MODELDATAFILEKIND0=PCBLib|MODELNAME=SEEEDSTUDIO_nRF24L01|MODELTYPE=PCBLIB|UNIQUEID=JUXNGXNN|USECOMPONENTLIBRARY=T|
RECORD=46|LINENO= 134|OWNERPARTID= -42|OWNERINDEX= 133|
RECORD=48|LINENO= 135|OWNERPARTID= -42|OWNERINDEX= 133|
RECORD=18|LINENO= 136|OWNERPARTID=   0|OWNERINDEX= -42|ALIGNMENT=1|AREACOLOR=8454143|FONTID=1|HARNESSTYPE=SPI|HEIGHT=10|LOCATION.X=30|LOCATION.Y=490|NAME=NRF_SPI|STYLE=3|TEXTCOLOR=128|UNIQUEID=NSFKUMAN|WIDTH=50|
RECORD=18|LINENO= 137|OWNERPARTID=   0|OWNERINDEX= -42|ALIGNMENT=1|AREACOLOR=8454143|FONTID=1|HEIGHT=10|LOCATION.X=30|LOCATION.Y=450|NAME=NRF_CS|STYLE=3|TEXTCOLOR=128|UNIQUEID=GKWTDLOM|WIDTH=50|
RECORD=18|LINENO= 138|OWNERPARTID=   0|OWNERINDEX= -42|ALIGNMENT=1|AREACOLOR=8454143|FONTID=1|HARNESSTYPE=SPI|HEIGHT=10|LOCATION.X=30|LOCATION.Y=600|NAME=DW_SPI|STYLE=3|TEXTCOLOR=128|UNIQUEID=PHXIIYNS|WIDTH=50|
RECORD=18|LINENO= 139|OWNERPARTID=   0|OWNERINDEX= -42|ALIGNMENT=1|AREACOLOR=8454143|FONTID=1|HEIGHT=10|LOCATION.X=30|LOCATION.Y=560|NAME=DW_CS|STYLE=3|TEXTCOLOR=128|UNIQUEID=AOOFPLNT|WIDTH=50|
RECORD=25|LINENO= 140|OWNERPARTID=   0|OWNERINDEX= -42|FONTID=1|LOCATION.X=150|LOCATION.Y=560|TEXT=DW_CS|UNIQUEID=GOWOYLKN|
RECORD=25|LINENO= 141|OWNERPARTID=   0|OWNERINDEX= -42|FONTID=1|LOCATION.X=150|LOCATION.Y=450|TEXT=NRF_CS|UNIQUEID=ATQKHODW|
RECORD=25|LINENO= 142|OWNERPARTID=   0|OWNERINDEX= -42|FONTID=1|LOCATION.X=150|LOCATION.Y=500|TEXT=NRF_SCK|UNIQUEID=JIAHFKKQ|
RECORD=25|LINENO= 143|OWNERPARTID=   0|OWNERINDEX= -42|FONTID=1|LOCATION.X=150|LOCATION.Y=490|TEXT=NRF_MISO|UNIQUEID=PIETGOYY|
RECORD=25|LINENO= 144|OWNERPARTID=   0|OWNERINDEX= -42|FONTID=1|LOCATION.X=150|LOCATION.Y=480|TEXT=NRF_MOSI|UNIQUEID=JCOTUREV|
RECORD=25|LINENO= 145|OWNERPARTID=   0|OWNERINDEX= -42|FONTID=1|LOCATION.X=150|LOCATION.Y=610|TEXT=DW_SCK|UNIQUEID=RUAMPFUE|
RECORD=25|LINENO= 146|OWNERPARTID=   0|OWNERINDEX= -42|FONTID=1|LOCATION.X=150|LOCATION.Y=600|TEXT=DW_MOSI|UNIQUEID=CBJIKSJE|
RECORD=25|LINENO= 147|OWNERPARTID=   0|OWNERINDEX= -42|FONTID=1|LOCATION.X=150|LOCATION.Y=590|TEXT=DW_MISO|UNIQUEID=IMCWWBKG|
RECORD=25|LINENO= 148|OWNERPARTID=   0|OWNERINDEX= -42|FONTID=1|LOCATION.X=350|LOCATION.Y=430|TEXT=DW_SCK|UNIQUEID=TRSGXYMU|
RECORD=25|LINENO= 149|OWNERPARTID=   0|OWNERINDEX= -42|FONTID=1|LOCATION.X=350|LOCATION.Y=450|TEXT=DW_MOSI|UNIQUEID=PFXJJDFD|
RECORD=25|LINENO= 150|OWNERPARTID=   0|OWNERINDEX= -42|FONTID=1|LOCATION.X=350|LOCATION.Y=440|TEXT=DW_MISO|UNIQUEID=OHLICGAN|
RECORD=25|LINENO= 151|OWNERPARTID=   0|OWNERINDEX= -42|FONTID=1|LOCATION.X=350|LOCATION.Y=460|TEXT=DW_CS|UNIQUEID=BLIBWAFB|
RECORD=18|LINENO= 152|OWNERPARTID=   0|OWNERINDEX= -42|ALIGNMENT=1|AREACOLOR=8454143|FONTID=1|HEIGHT=10|LOCATION.X=30|LOCATION.Y=420|NAME=NRF_GND_EN|STYLE=3|TEXTCOLOR=128|UNIQUEID=WWQGDQMA|WIDTH=70|
RECORD=18|LINENO= 153|OWNERPARTID=   0|OWNERINDEX= -42|ALIGNMENT=1|AREACOLOR=8454143|FONTID=1|HEIGHT=10|LOCATION.X=30|LOCATION.Y=670|NAME=GND_SIG|STYLE=3|TEXTCOLOR=128|UNIQUEID=YMVEWRVV|WIDTH=50|
RECORD=18|LINENO= 154|OWNERPARTID=   0|OWNERINDEX= -42|ALIGNMENT=1|AREACOLOR=8454143|FONTID=1|HEIGHT=10|LOCATION.X=30|LOCATION.Y=700|NAME=3V3|STYLE=3|TEXTCOLOR=128|UNIQUEID=OMFUXNMG|WIDTH=50|
RECORD=25|LINENO= 155|OWNERPARTID=   0|OWNERINDEX= -42|FONTID=1|LOCATION.X=130|LOCATION.Y=420|TEXT=NRF_GND_EN|UNIQUEID=MJCOYKSE|
RECORD=17|LINENO= 156|OWNERPARTID=   0|OWNERINDEX= -42|FONTID=1|LOCATION.X=140|LOCATION.Y=670|SHOWNETNAME=F|STYLE=5|TEXT=GDNSIG|UNIQUEID=FHRTCTKL|
RECORD=17|LINENO= 157|OWNERPARTID=   0|OWNERINDEX= -42|FONTID=1|LOCATION.X=140|LOCATION.Y=700|SHOWNETNAME=T|STYLE=7|TEXT=3V3|UNIQUEID=DYDEWHCN|
RECORD=25|LINENO= 158|OWNERPARTID=   0|OWNERINDEX= -42|FONTID=1|LOCATION.X=820|LOCATION.Y=610|TEXT=NRF_SCK|UNIQUEID=IBWCYRQT|
RECORD=25|LINENO= 159|OWNERPARTID=   0|OWNERINDEX= -42|FONTID=1|LOCATION.X=820|LOCATION.Y=590|TEXT=NRF_MISO|UNIQUEID=OFXVDCEY|
RECORD=25|LINENO= 160|OWNERPARTID=   0|OWNERINDEX= -42|FONTID=1|LOCATION.X=820|LOCATION.Y=600|TEXT=NRF_MOSI|UNIQUEID=ACYXXEDC|
RECORD=25|LINENO= 161|OWNERPARTID=   0|OWNERINDEX= -42|FONTID=1|LOCATION.X=670|LOCATION.Y=580|TEXT=NRF_CS|UNIQUEID=QESMYCJM|
RECORD=17|LINENO= 162|OWNERPARTID=   0|OWNERINDEX= -42|FONTID=2|LOCATION.X=670|LOCATION.Y=630|ORIENTATION=1|SHOWNETNAME=T|STYLE=7|TEXT=3V3|UNIQUEID=OEMHXVTD|
RECORD= 1|LINENO= 163|OWNERPARTID=   0|OWNERINDEX= -42|AREACOLOR=11599871|COMPONENTDESCRIPTION=MOSFET N-CH 60V 1.7A SSOT3|CURRENTPARTID=1|DESIGNITEMID=NFET_FDN5630|DISPLAYMODECOUNT=1|LIBRARYPATH=*|LIBREFERENCE=NFET_FDN5630|LOCATION.X=760|LOCATION.Y=470|PARTCOUNT=2|PARTIDLOCKED=T|SOURCELIBRARYNAME=SSI.IntLib|TARGETFILENAME=*|UNIQUEID=TYPDGPSF|
RECORD=41|LINENO= 164|OWNERPARTID=   0|OWNERINDEX= 163|FONTID=1|ISHIDDEN=T|LOCATION.X=755|LOCATION.Y=485|NAME=Supplier 1|TEXT=Digi-Key|UNIQUEID=AINGJJQM|
RECORD=41|LINENO= 165|OWNERPARTID=   0|OWNERINDEX= 163|FONTID=1|ISHIDDEN=T|LOCATION.X=755|LOCATION.Y=495|NAME=Manufacturer|TEXT=Fairchild Semiconductor|UNIQUEID=KPLJVIKD|
RECORD=41|LINENO= 166|OWNERPARTID=   0|OWNERINDEX= 163|FONTID=1|ISHIDDEN=T|LOCATION.X=755|LOCATION.Y=495|NAME=Manufacturer Part Number|TEXT=FDN5630|UNIQUEID=OITMJBUQ|
RECORD=41|LINENO= 167|OWNERPARTID=   0|OWNERINDEX= 163|FONTID=1|ISHIDDEN=T|LOCATION.X=755|LOCATION.Y=495|NAME=RoHS|TEXT=RoHS Compliant|UNIQUEID=SESYKQTK|
RECORD=41|LINENO= 168|OWNERPARTID=   0|OWNERINDEX= 163|FONTID=1|ISHIDDEN=T|LOCATION.X=755|LOCATION.Y=495|NAME=Category|TEXT=Discrete Semiconductor Products|UNIQUEID=NSJMHBUW|
RECORD=41|LINENO= 169|OWNERPARTID=   0|OWNERINDEX= 163|FONTID=1|ISHIDDEN=T|LOCATION.X=755|LOCATION.Y=495|NAME=Stock 1|TEXT=136076|UNIQUEID=KPNORRPF|
RECORD=41|LINENO= 170|OWNERPARTID=   0|OWNERINDEX= 163|FONTID=1|ISHIDDEN=T|LOCATION.X=755|LOCATION.Y=495|NAME=Pricing 1|TEXT=1=0.66, 10=0.532, 100=0.3986, 250=0.34428, 500=0.29596, 1000=0.22952 (USD)|UNIQUEID=IBXBVDKX|
RECORD=41|LINENO= 171|OWNERPARTID=   0|OWNERINDEX= 163|FONTID=1|ISHIDDEN=T|LOCATION.X=755|LOCATION.Y=495|NAME=FET Type|TEXT=MOSFET N-Channel, Metal Oxide|UNIQUEID=GMCNCKAM|
RECORD=41|LINENO= 172|OWNERPARTID=   0|OWNERINDEX= 163|FONTID=1|ISHIDDEN=T|LOCATION.X=755|LOCATION.Y=495|NAME=FET Feature|TEXT=Logic Level Gate|UNIQUEID=DUWFJNYL|
RECORD=41|LINENO= 173|OWNERPARTID=   0|OWNERINDEX= 163|FONTID=1|ISHIDDEN=T|LOCATION.X=755|LOCATION.Y=495|NAME=Rds On (Max) @ Id, Vgs|TEXT=100 mOhm @ 1.7A, 10V|UNIQUEID=FQIDSCXN|
RECORD=41|LINENO= 174|OWNERPARTID=   0|OWNERINDEX= 163|%UTF8%TEXT=3V @ 250ÂµA|FONTID=1|ISHIDDEN=T|LOCATION.X=755|LOCATION.Y=495|NAME=Vgs(th) (Max) @ Id|TEXT=3V @ 250µA|UNIQUEID=NFDOYQXK|
RECORD=41|LINENO= 175|OWNERPARTID=   0|OWNERINDEX= 163|FONTID=1|ISHIDDEN=T|LOCATION.X=755|LOCATION.Y=495|NAME=Gate Charge (Qg) @ Vgs|TEXT=10nC @ 10V|UNIQUEID=CBAVIYQR|
RECORD=41|LINENO= 176|OWNERPARTID=   0|OWNERINDEX= 163|FONTID=1|ISHIDDEN=T|LOCATION.X=755|LOCATION.Y=495|NAME=Input Capacitance (Ciss) @ Vds|TEXT=400pF @ 15V|UNIQUEID=PSELGVEC|
RECORD=41|LINENO= 177|OWNERPARTID=   0|OWNERINDEX= 163|FONTID=1|ISHIDDEN=T|LOCATION.X=755|LOCATION.Y=495|NAME=Power - Max|TEXT=460mW|UNIQUEID=TFOKDDBA|
RECORD=41|LINENO= 178|OWNERPARTID=   0|OWNERINDEX= 163|FONTID=1|ISHIDDEN=T|LOCATION.X=755|LOCATION.Y=495|NAME=Mounting Type|TEXT=Surface Mount|UNIQUEID=YYSBIBLK|
RECORD=41|LINENO= 179|OWNERPARTID=   0|OWNERINDEX= 163|FONTID=1|ISHIDDEN=T|LOCATION.X=755|LOCATION.Y=495|NAME=Package / Case|TEXT=TO-236-3, SC-59, SOT-23-3|UNIQUEID=WDDBXBFA|
RECORD=41|LINENO= 180|OWNERPARTID=   0|OWNERINDEX= 163|FONTID=1|ISHIDDEN=T|LOCATION.X=755|LOCATION.Y=495|NAME=Supplier Device Package|TEXT=3-SSOT|UNIQUEID=JFDSUMYX|
RECORD=41|LINENO= 181|OWNERPARTID=   0|OWNERINDEX= 163|FONTID=1|ISHIDDEN=T|LOCATION.X=755|LOCATION.Y=495|NAME=Packaging|TEXT=Cut Tape (CT)|UNIQUEID=AUIRUHSG|
RECORD=41|LINENO= 182|OWNERPARTID=   0|OWNERINDEX= 163|FONTID=1|ISHIDDEN=T|LOCATION.X=755|LOCATION.Y=495|NAME=ComponentLink1URL|TEXT=http://www.fairchildsemi.com/ds/FD/FDN5630.pdf|UNIQUEID=BCTARHRI|
RECORD=41|LINENO= 183|OWNERPARTID=   0|OWNERINDEX= 163|FONTID=1|ISHIDDEN=T|LOCATION.X=755|LOCATION.Y=495|NAME=ComponentLink1Description|TEXT=http://www.fairchildsemi.com/ds/FD/FDN5630.pdf|UNIQUEID=JBLEKHFE|
RECORD=41|LINENO= 184|OWNERPARTID=   0|OWNERINDEX= 163|FONTID=1|ISHIDDEN=T|LOCATION.X=755|LOCATION.Y=485|NAME=Supplier Part Number 1|TEXT=FDN5630CT-ND|UNIQUEID=HMNYHHSH|
RECORD=41|LINENO= 185|OWNERPARTID=   0|OWNERINDEX= 163|FONTID=1|LOCATION.X=777|LOCATION.Y=449|NAME=Drain to Source Voltage (Vdss)|TEXT=60V|UNIQUEID=WCBHLXTO|
RECORD=41|LINENO= 186|OWNERPARTID=   0|OWNERINDEX= 163|%UTF8%NAME=Current - Continuous Drain (Id) @ 25Â° C|FONTID=1|LOCATION.X=777|LOCATION.Y=439|NAME=Current - Continuous Drain (Id) @ 25° C|TEXT=1.7A|UNIQUEID=RXGIENYW|
RECORD= 2|LINENO= 187|OWNERPARTID=   2|OWNERINDEX= 163|DESIGNATOR=1|ELECTRICAL=4|FORMALTYPE=1|LOCATION.X=762|LOCATION.Y=460|PINCONGLOMERATE=34|PINLENGTH=2|
RECORD=41|LINENO= 188|OWNERPARTID=   0|OWNERINDEX= 187|FONTID=1|ISHIDDEN=T|LOCATION.X=762|LOCATION.Y=460|NAME=PinUniqueId|TEXT=EGJECFIO|UNIQUEID=WDXMQELS|
RECORD= 2|LINENO= 189|OWNERPARTID=   2|OWNERINDEX= 163|DESIGNATOR=3|ELECTRICAL=4|FORMALTYPE=1|LOCATION.X=770|LOCATION.Y=468|PINCONGLOMERATE=33|PINLENGTH=2|
RECORD=41|LINENO= 190|OWNERPARTID=   0|OWNERINDEX= 189|FONTID=1|ISHIDDEN=T|LOCATION.X=770|LOCATION.Y=468|NAME=PinUniqueId|TEXT=TMDQCHJQ|UNIQUEID=LQYDIBKH|
RECORD= 2|LINENO= 191|OWNERPARTID=   2|OWNERINDEX= 163|DESIGNATOR=2|ELECTRICAL=4|FORMALTYPE=1|LOCATION.X=770|LOCATION.Y=452|PINCONGLOMERATE=35|PINLENGTH=2|
RECORD=41|LINENO= 192|OWNERPARTID=   0|OWNERINDEX= 191|FONTID=1|ISHIDDEN=T|LOCATION.X=770|LOCATION.Y=452|NAME=PinUniqueId|TEXT=ISRJNCGX|UNIQUEID=RJIFNGIE|
RECORD= 6|LINENO= 193|OWNERPARTID=   2|OWNERINDEX= 163|LINEWIDTH=1|LOCATIONCOUNT=2|X1=762|X2=762|Y1=465|Y2=455|
RECORD= 6|LINENO= 194|OWNERPARTID=   2|OWNERINDEX= 163|LINEWIDTH=1|LOCATIONCOUNT=2|X1=764|X2=764|Y1=457|Y2=455|
RECORD= 6|LINENO= 195|OWNERPARTID=   2|OWNERINDEX= 163|LINEWIDTH=1|LOCATIONCOUNT=2|X1=764|X2=764|Y1=465|Y2=463|
RECORD= 6|LINENO= 196|OWNERPARTID=   2|OWNERINDEX= 163|LINEWIDTH=1|LOCATIONCOUNT=2|X1=764|X2=764|Y1=461|Y2=459|
RECORD= 6|LINENO= 197|OWNERPARTID=   2|OWNERINDEX= 163|LINEWIDTH=1|LOCATIONCOUNT=3|X1=770|X2=770|X3=764|Y1=468|Y2=464|Y3=464|
RECORD= 6|LINENO= 198|OWNERPARTID=   2|OWNERINDEX= 163|LINEWIDTH=1|LOCATIONCOUNT=3|X1=766|X2=765|X3=766|Y1=461|Y2=460|Y3=459|
RECORD= 6|LINENO= 199|OWNERPARTID=   2|OWNERINDEX= 163|LINEWIDTH=1|LOCATIONCOUNT=3|X1=765|X2=770|X3=770|Y1=460|Y2=460|Y3=452|
RECORD= 6|LINENO= 200|OWNERPARTID=   2|OWNERINDEX= 163|LINEWIDTH=1|LOCATIONCOUNT=2|X1=764|X2=770|Y1=456|Y2=456|
RECORD= 6|LINENO= 201|OWNERPARTID=   2|OWNERINDEX= 163|LINEWIDTH=1|LOCATIONCOUNT=6|X1=770|X2=774|X3=774|X4=772|X5=776|X6=774|Y1=464|Y2=464|Y3=461|Y4=459|Y5=459|Y6=461|
RECORD= 6|LINENO= 202|OWNERPARTID=   2|OWNERINDEX= 163|LINEWIDTH=1|LOCATIONCOUNT=3|X1=774|X2=774|X3=770|Y1=459|Y2=456|Y3=456|
RECORD= 6|LINENO= 203|OWNERPARTID=   2|OWNERINDEX= 163|LINEWIDTH=1|LOCATIONCOUNT=2|X1=772|X2=776|Y1=461|Y2=461|
RECORD=34|LINENO= 204|OWNERPARTID=   0|OWNERINDEX= 163|FONTID=1|LOCATION.X=777|LOCATION.Y=459|NAME=Designator|TEXT=Q?|UNIQUEID=BETACCMH|
RECORD=41|LINENO= 205|OWNERPARTID=   0|OWNERINDEX= 163|FONTID=1|ISHIDDEN=T|LOCATION.X=755|LOCATION.Y=455|NAME=Comment|TEXT=MOSFET N-CH 60V 1.7A SSOT3|UNIQUEID=SPNOXXKT|
RECORD=44|LINENO= 206|OWNERPARTID= -42|OWNERINDEX= 163|
RECORD=45|LINENO= 207|OWNERPARTID= -42|OWNERINDEX= 206|DATABASEDATALINKSLOCKED=T|DATABASEMODEL=T|DATAFILECOUNT=1|DATALINKSLOCKED=T|DESCRIPTION=SOT23, 3-Leads, Body 3.0x2.6mm (max), Pitch 1.01mm, IPC High Density|INTEGRATEDMODEL=T|ISCURRENT=T|MODELDATAFILEENTITY0=3SOT23|MODELDATAFILEKIND0=PCBLib|MODELNAME=3SOT23|MODELTYPE=PCBLIB|UNIQUEID=GJDLAIJW|USECOMPONENTLIBRARY=T|
RECORD=46|LINENO= 208|OWNERPARTID= -42|OWNERINDEX= 207|
RECORD=48|LINENO= 209|OWNERPARTID= -42|OWNERINDEX= 207|
RECORD=17|LINENO= 210|OWNERPARTID=   0|OWNERINDEX= -42|FONTID=2|LOCATION.X=770|LOCATION.Y=430|ORIENTATION=3|SHOWNETNAME=F|STYLE=5|TEXT=GDNSIG|UNIQUEID=LNCVPEMW|
RECORD=25|LINENO= 211|OWNERPARTID=   0|OWNERINDEX= -42|FONTID=1|LOCATION.X=680|LOCATION.Y=610|TEXT=NRF_GND|UNIQUEID=DYGCDUQE|
RECORD=25|LINENO= 212|OWNERPARTID=   0|OWNERINDEX= -42|FONTID=1|LOCATION.X=780|LOCATION.Y=490|TEXT=NRF_GND|UNIQUEID=LYLFIYMP|
RECORD=25|LINENO= 213|OWNERPARTID=   0|OWNERINDEX= -42|FONTID=1|LOCATION.X=690|LOCATION.Y=460|TEXT=NRF_GND_EN|UNIQUEID=FATMWFMU|
RECORD=25|LINENO= 214|OWNERPARTID=   0|OWNERINDEX= -42|FONTID=1|LOCATION.X=670|LOCATION.Y=590|TEXT=NRF_CE|UNIQUEID=JURBNVWJ|
RECORD=25|LINENO= 215|OWNERPARTID=   0|OWNERINDEX= -42|FONTID=1|LOCATION.X=820|LOCATION.Y=580|TEXT=NRF_IRQ|UNIQUEID=LSCGJMUD|
RECORD= 1|LINENO= 216|OWNERPARTID=   0|OWNERINDEX= -42|AREACOLOR=11599871|CURRENTPARTID=1|DATABASETABLENAME=capacitor$|DESIGNITEMID=478-3726-1-ND|DISPLAYMODECOUNT=1|LIBRARYPATH=*|LIBREFERENCE=__template_cap|LOCATION.X=720|LOCATION.Y=550|ORIENTATION=3|PARTCOUNT=2|PARTIDLOCKED=T|SOURCELIBRARYNAME=sscp.DbLib|TARGETFILENAME=*|UNIQUEID=YTRAVVXV|
RECORD= 2|LINENO= 217|OWNERPARTID=   2|OWNERINDEX= 216|DESIGNATOR=1|ELECTRICAL=4|FORMALTYPE=1|LOCATION.X=712|LOCATION.Y=550|PINCONGLOMERATE=32|PINLENGTH=8|
RECORD=41|LINENO= 218|OWNERPARTID=   0|OWNERINDEX= 217|FONTID=1|ISHIDDEN=T|LOCATION.X=712|LOCATION.Y=550|NAME=PinUniqueId|TEXT=ETXMBBTU|UNIQUEID=FCGBFTGR|
RECORD= 2|LINENO= 219|OWNERPARTID=   2|OWNERINDEX= 216|DESIGNATOR=2|ELECTRICAL=4|FORMALTYPE=1|LOCATION.X=708|LOCATION.Y=550|PINCONGLOMERATE=34|PINLENGTH=8|
RECORD=41|LINENO= 220|OWNERPARTID=   0|OWNERINDEX= 219|FONTID=1|ISHIDDEN=T|LOCATION.X=708|LOCATION.Y=550|NAME=PinUniqueId|TEXT=ODTTGVXY|UNIQUEID=QQOXYHAF|
RECORD= 6|LINENO= 221|OWNERPARTID=   2|OWNERINDEX= 216|LINEWIDTH=1|LOCATIONCOUNT=2|X1=708|X2=708|Y1=545|Y2=555|
RECORD= 6|LINENO= 222|OWNERPARTID=   2|OWNERINDEX= 216|LINEWIDTH=1|LOCATIONCOUNT=2|X1=712|X2=712|Y1=545|Y2=555|
RECORD=41|LINENO= 223|OWNERPARTID=   0|OWNERINDEX= 216|FONTID=1|LOCATION.X=707|LOCATION.Y=534|NAME=voltage|TEXT=16.0|UNIQUEID=VRPPGCCA|
RECORD=41|LINENO= 224|OWNERPARTID=   0|OWNERINDEX= 216|FONTID=1|LOCATION.X=707|LOCATION.Y=524|NAME=human_value|TEXT=100n|UNIQUEID=YFEPOERE|
RECORD=41|LINENO= 225|OWNERPARTID=   0|OWNERINDEX= 216|FONTID=1|ISHIDDEN=T|LOCATION.X=698|LOCATION.Y=556|NAME=Supplier Part Number 1|TEXT=478-3726-1-ND|UNIQUEID=KNHNHNNS|
RECORD=41|LINENO= 226|OWNERPARTID=   0|OWNERINDEX= 216|FONTID=1|ISHIDDEN=T|LOCATION.X=698|LOCATION.Y=556|NAME=type|TEXT=capacitor|UNIQUEID=MCFTTGEO|
RECORD=41|LINENO= 227|OWNERPARTID=   0|OWNERINDEX= 216|FONTID=1|ISHIDDEN=T|LOCATION.X=698|LOCATION.Y=556|NAME=package|TEXT=0603|UNIQUEID=YTSAOAHR|
RECORD=41|LINENO= 228|OWNERPARTID=   0|OWNERINDEX= 216|FONTID=1|ISHIDDEN=T|LOCATION.X=698|LOCATION.Y=556|NAME=value|TEXT=1e-07|UNIQUEID=FINSRFAY|
RECORD=41|LINENO= 229|OWNERPARTID=   0|OWNERINDEX= 216|FONTID=1|ISHIDDEN=T|LOCATION.X=698|LOCATION.Y=556|NAME=description|TEXT=CAP CER 0.1UF 16V 5% X7R 0603|UNIQUEID=IEYJCBSK|
RECORD=41|LINENO= 230|OWNERPARTID=   0|OWNERINDEX= 216|FONTID=1|ISHIDDEN=T|LOCATION.X=698|LOCATION.Y=556|NAME=price|TEXT=0.374|UNIQUEID=INMNEAUN|
RECORD=41|LINENO= 231|OWNERPARTID=   0|OWNERINDEX= 216|FONTID=1|ISHIDDEN=T|LOCATION.X=698|LOCATION.Y=556|NAME=tolerance|TEXT=5%|UNIQUEID=LSPVKPEK|
RECORD=34|LINENO= 232|OWNERPARTID=   0|OWNERINDEX= 216|FONTID=1|LOCATION.X=707|LOCATION.Y=556|NAME=Designator|TEXT=C?|UNIQUEID=MAOQVRHN|
RECORD=41|LINENO= 233|OWNERPARTID=   0|OWNERINDEX= 216|FONTID=1|ISHIDDEN=T|LOCATION.X=698|LOCATION.Y=556|NAME=Comment|TEXT=__template_cap|UNIQUEID=GMISWQCO|
RECORD=44|LINENO= 234|OWNERPARTID= -42|OWNERINDEX= 216|
RECORD=45|LINENO= 235|OWNERPARTID= -42|OWNERINDEX= 234|DATABASEDATALINKSLOCKED=T|DATALINKSLOCKED=T|ISCURRENT=T|MODELNAME=C0603|MODELTYPE=PCBLIB|UNIQUEID=EWCRUPNR|USECOMPONENTLIBRARY=T|
RECORD=46|LINENO= 236|OWNERPARTID= -42|OWNERINDEX= 235|
RECORD=48|LINENO= 237|OWNERPARTID= -42|OWNERINDEX= 235|
RECORD=17|LINENO= 238|OWNERPARTID=   0|OWNERINDEX= -42|FONTID=1|LOCATION.X=740|LOCATION.Y=550|SHOWNETNAME=T|STYLE=7|TEXT=3V3|UNIQUEID=VNEJWHQS|
RECORD=25|LINENO= 239|OWNERPARTID=   0|OWNERINDEX= -42|FONTID=1|LOCATION.X=660|LOCATION.Y=550|TEXT=NRF_GND|UNIQUEID=PBMXCVQN|
RECORD=27|LINENO= 240|OWNERPARTID=   0|OWNERINDEX= -42|LINEWIDTH=1|LOCATIONCOUNT=2|UNIQUEID=GDUHTCAW|X1=140|X2=190|Y1=610|Y2=610|
RECORD=27|LINENO= 241|OWNERPARTID=   0|OWNERINDEX= -42|LINEWIDTH=1|LOCATIONCOUNT=2|UNIQUEID=DQXAIEXB|X1=140|X2=190|Y1=600|Y2=600|
RECORD=27|LINENO= 242|OWNERPARTID=   0|OWNERINDEX= -42|LINEWIDTH=1|LOCATIONCOUNT=2|UNIQUEID=CKOHHEPN|X1=140|X2=190|Y1=590|Y2=590|
RECORD=27|LINENO= 243|OWNERPARTID=   0|OWNERINDEX= -42|LINEWIDTH=1|LOCATIONCOUNT=2|UNIQUEID=QDVHRHQD|X1=140|X2=190|Y1=480|Y2=480|
RECORD=27|LINENO= 244|OWNERPARTID=   0|OWNERINDEX= -42|LINEWIDTH=1|LOCATIONCOUNT=2|UNIQUEID=FWBMFQNL|X1=140|X2=190|Y1=490|Y2=490|
RECORD=27|LINENO= 245|OWNERPARTID=   0|OWNERINDEX= -42|LINEWIDTH=1|LOCATIONCOUNT=2|UNIQUEID=XDOHLROQ|X1=140|X2=190|Y1=500|Y2=500|
RECORD=27|LINENO= 246|OWNERPARTID=   0|OWNERINDEX= -42|LINEWIDTH=1|LOCATIONCOUNT=2|UNIQUEID=SQYPQMGV|X1=80|X2=190|Y1=560|Y2=560|
RECORD=27|LINENO= 247|OWNERPARTID=   0|OWNERINDEX= -42|LINEWIDTH=1|LOCATIONCOUNT=2|UNIQUEID=ONSROBLC|X1=80|X2=190|Y1=450|Y2=450|
RECORD=27|LINENO= 248|OWNERPARTID=   0|OWNERINDEX= -42|LINEWIDTH=1|LOCATIONCOUNT=2|UNIQUEID=AQLNNMIN|X1=820|X2=870|Y1=610|Y2=610|
RECORD=27|LINENO= 249|OWNERPARTID=   0|OWNERINDEX= -42|LINEWIDTH=1|LOCATIONCOUNT=2|UNIQUEID=MDGOEHCM|X1=820|X2=870|Y1=600|Y2=600|
RECORD=27|LINENO= 250|OWNERPARTID=   0|OWNERINDEX= -42|LINEWIDTH=1|LOCATIONCOUNT=2|UNIQUEID=HCRLPCJD|X1=820|X2=870|Y1=590|Y2=590|
RECORD=27|LINENO= 251|OWNERPARTID=   0|OWNERINDEX= -42|LINEWIDTH=1|LOCATIONCOUNT=2|UNIQUEID=TXCVDIXS|X1=820|X2=870|Y1=580|Y2=580|
RECORD=27|LINENO= 252|OWNERPARTID=   0|OWNERINDEX= -42|LINEWIDTH=1|LOCATIONCOUNT=2|UNIQUEID=NNCVNCOU|X1=720|X2=670|Y1=590|Y2=590|
RECORD=27|LINENO= 253|OWNERPARTID=   0|OWNERINDEX= -42|LINEWIDTH=1|LOCATIONCOUNT=2|UNIQUEID=AJRNACET|X1=720|X2=670|Y1=580|Y2=580|
RECORD=27|LINENO= 254|OWNERPARTID=   0|OWNERINDEX= -42|LINEWIDTH=1|LOCATIONCOUNT=2|UNIQUEID=QALQTDGY|X1=400|X2=350|Y1=450|Y2=450|
RECORD=27|LINENO= 255|OWNERPARTID=   0|OWNERINDEX= -42|LINEWIDTH=1|LOCATIONCOUNT=2|UNIQUEID=YHIPBKTO|X1=400|X2=350|Y1=440|Y2=440|
RECORD=27|LINENO= 256|OWNERPARTID=   0|OWNERINDEX= -42|LINEWIDTH=1|LOCATIONCOUNT=2|UNIQUEID=SQSQFPAF|X1=400|X2=350|Y1=430|Y2=430|
RECORD=27|LINENO= 257|OWNERPARTID=   0|OWNERINDEX= -42|LINEWIDTH=1|LOCATIONCOUNT=2|UNIQUEID=FIKENLSB|X1=400|X2=350|Y1=460|Y2=460|
RECORD=27|LINENO= 258|OWNERPARTID=   0|OWNERINDEX= -42|LINEWIDTH=1|LOCATIONCOUNT=2|UNIQUEID=AXOHKIWK|X1=80|X2=140|Y1=700|Y2=700|
RECORD=27|LINENO= 259|OWNERPARTID=   0|OWNERINDEX= -42|LINEWIDTH=1|LOCATIONCOUNT=2|UNIQUEID=MXAGRBYU|X1=80|X2=140|Y1=670|Y2=670|
RECORD=27|LINENO= 260|OWNERPARTID=   0|OWNERINDEX= -42|LINEWIDTH=1|LOCATIONCOUNT=2|UNIQUEID=GUOGIJHK|X1=100|X2=190|Y1=420|Y2=420|
RECORD=27|LINENO= 261|OWNERPARTID=   0|OWNERINDEX= -42|LINEWIDTH=1|LOCATIONCOUNT=3|UNIQUEID=GWCXENFU|X1=720|X2=670|X3=670|Y1=600|Y2=600|Y3=630|
RECORD=27|LINENO= 262|OWNERPARTID=   0|OWNERINDEX= -42|LINEWIDTH=1|LOCATIONCOUNT=2|UNIQUEID=JMKDFUID|X1=720|X2=680|Y1=610|Y2=610|
RECORD=27|LINENO= 263|OWNERPARTID=   0|OWNERINDEX= -42|LINEWIDTH=1|LOCATIONCOUNT=2|UNIQUEID=APBTDYVR|X1=770|X2=770|Y1=430|Y2=450|
RECORD=27|LINENO= 264|OWNERPARTID=   0|OWNERINDEX= -42|LINEWIDTH=1|LOCATIONCOUNT=3|UNIQUEID=QLOIERLD|X1=770|X2=770|X3=820|Y1=470|Y2=490|Y3=490|
RECORD=27|LINENO= 265|OWNERPARTID=   0|OWNERINDEX= -42|LINEWIDTH=1|LOCATIONCOUNT=2|UNIQUEID=XPUJQEXY|X1=760|X2=690|Y1=460|Y2=460|
RECORD=27|LINENO= 266|OWNERPARTID=   0|OWNERINDEX= -42|LINEWIDTH=1|LOCATIONCOUNT=2|UNIQUEID=XRTRXKYJ|X1=740|X2=720|Y1=550|Y2=550|
RECORD=27|LINENO= 267|OWNERPARTID=   0|OWNERINDEX= -42|LINEWIDTH=1|LOCATIONCOUNT=2|UNIQUEID=HCUDDLRC|X1=700|X2=660|Y1=550|Y2=550|
RECORD=27|LINENO= 268|OWNERPARTID=   0|OWNERINDEX= -42|LINEWIDTH=1|LOCATIONCOUNT=2|UNIQUEID=UQNNFPHN|X1=150|X2=80|Y1=390|Y2=390|
RECORD=27|LINENO= 269|OWNERPARTID=   0|OWNERINDEX= -42|LINEWIDTH=1|LOCATIONCOUNT=2|UNIQUEID=AEERCYKL|X1=150|X2=80|Y1=360|Y2=360|
RECORD=25|LINENO= 270|OWNERPARTID=   0|OWNERINDEX= -42|FONTID=1|LOCATION.X=110|LOCATION.Y=390|TEXT=NRF_IRQ|UNIQUEID=FOBLCFVX|
RECORD=25|LINENO= 271|OWNERPARTID=   0|OWNERINDEX= -42|FONTID=1|LOCATION.X=110|LOCATION.Y=360|TEXT=NRF_CE|UNIQUEID=BCHTPPHX|
RECORD=18|LINENO= 272|OWNERPARTID=   0|OWNERINDEX= -42|ALIGNMENT=1|AREACOLOR=8454143|FONTID=1|HEIGHT=10|LOCATION.X=30|LOCATION.Y=360|NAME=NRF_CE|STYLE=3|TEXTCOLOR=128|UNIQUEID=VQUJVCIR|WIDTH=50|
RECORD=18|LINENO= 273|OWNERPARTID=   0|OWNERINDEX= -42|ALIGNMENT=1|AREACOLOR=8454143|FONTID=1|HEIGHT=10|LOCATION.X=30|LOCATION.Y=390|NAME=NRF_IRQ|STYLE=3|TEXTCOLOR=128|UNIQUEID=GTWYTNUM|WIDTH=50|
RECORD=17|LINENO= 274|OWNERPARTID=   0|OWNERINDEX= -42|FONTID=2|LOCATION.X=580|LOCATION.Y=430|ORIENTATION=3|SHOWNETNAME=F|STYLE=5|TEXT=GDNSIG|UNIQUEID=WNPMNKXC|
RECORD=27|LINENO= 275|OWNERPARTID=   0|OWNERINDEX= -42|LINEWIDTH=1|LOCATIONCOUNT=6|UNIQUEID=PVQWVOJG|X1=580|X2=580|X3=580|X4=580|X5=580|X6=580|Y1=490|Y2=480|Y3=470|Y4=460|Y5=450|Y6=430|
RECORD=29|LINENO= 276|OWNERPARTID=   0|OWNERINDEX= -42|LOCATION.X=580|LOCATION.Y=450|
RECORD=29|LINENO= 277|OWNERPARTID=   0|OWNERINDEX= -42|LOCATION.X=580|LOCATION.Y=460|
RECORD=29|LINENO= 278|OWNERPARTID=   0|OWNERINDEX= -42|LOCATION.X=580|LOCATION.Y=470|
RECORD=29|LINENO= 279|OWNERPARTID=   0|OWNERINDEX= -42|LOCATION.X=580|LOCATION.Y=480|
