RECORD=-42|LINENO=   0|OWNERPARTID= -42|OWNERINDEX= -42|HEADER=Protel for Windows - Schematic Capture Binary File Version 5.0|MINORVERSION=2|UNIQUEID=WOLLGOXV|WEIGHT=36|
RECORD=31|LINENO=   1|OWNERPARTID= -42|OWNERINDEX= -42|AREACOLOR=16317695|BORDERON=T|CUSTOMMARGINWIDTH=20|CUSTOMX=1500|CUSTOMXZONES=6|CUSTOMY=950|CUSTOMYZONES=4|DISPLAY_UNIT=4|FONTIDCOUNT=1|FONTNAME1=Times New Roman|HOTSPOTGRIDON=T|HOTSPOTGRIDSIZE=4|ISBOC=T|SHEETNUMBERSPACESIZE=4|SHEETSTYLE=5|SIZE1=10|SNAPGRIDON=T|SNAPGRIDSIZE=10|SYSTEMFONT=1|TITLEBLOCKON=T|USEMBCS=T|VISIBLEGRIDON=T|VISIBLEGRIDSIZE=10|
RECORD=41|LINENO=   2|OWNERPARTID=   0|OWNERINDEX= -42|FONTID=1|ISHIDDEN=T|NAME=CurrentTime|TEXT=*|UNIQUEID=RTKMXLNU|
RECORD=41|LINENO=   3|OWNERPARTID=   0|OWNERINDEX= -42|FONTID=1|ISHIDDEN=T|NAME=CurrentDate|TEXT=*|UNIQUEID=GCCYLKYH|
RECORD=41|LINENO=   4|OWNERPARTID=   0|OWNERINDEX= -42|FONTID=1|ISHIDDEN=T|NAME=Time|TEXT=*|UNIQUEID=NCSCFLNP|
RECORD=41|LINENO=   5|OWNERPARTID=   0|OWNERINDEX= -42|FONTID=1|ISHIDDEN=T|NAME=Date|TEXT=*|UNIQUEID=UHYKEEAU|
RECORD=41|LINENO=   6|OWNERPARTID=   0|OWNERINDEX= -42|FONTID=1|ISHIDDEN=T|NAME=DocumentFullPathAndName|TEXT=*|UNIQUEID=GMDRFRQH|
RECORD=41|LINENO=   7|OWNERPARTID=   0|OWNERINDEX= -42|FONTID=1|ISHIDDEN=T|NAME=DocumentName|TEXT=*|UNIQUEID=KICUHLFC|
RECORD=41|LINENO=   8|OWNERPARTID=   0|OWNERINDEX= -42|FONTID=1|ISHIDDEN=T|NAME=ModifiedDate|TEXT=*|UNIQUEID=OAXVLAFR|
RECORD=41|LINENO=   9|OWNERPARTID=   0|OWNERINDEX= -42|FONTID=1|ISHIDDEN=T|NAME=ApprovedBy|TEXT=*|UNIQUEID=WSLKPARL|
RECORD=41|LINENO=  10|OWNERPARTID=   0|OWNERINDEX= -42|FONTID=1|ISHIDDEN=T|NAME=CheckedBy|TEXT=*|UNIQUEID=HPQJCFGL|
RECORD=41|LINENO=  11|OWNERPARTID=   0|OWNERINDEX= -42|FONTID=1|ISHIDDEN=T|NAME=Author|TEXT=*|UNIQUEID=HHQLEKFE|
RECORD=41|LINENO=  12|OWNERPARTID=   0|OWNERINDEX= -42|FONTID=1|ISHIDDEN=T|NAME=CompanyName|TEXT=*|UNIQUEID=OXVKCVJL|
RECORD=41|LINENO=  13|OWNERPARTID=   0|OWNERINDEX= -42|FONTID=1|ISHIDDEN=T|NAME=DrawnBy|TEXT=*|UNIQUEID=GBLJIDUF|
RECORD=41|LINENO=  14|OWNERPARTID=   0|OWNERINDEX= -42|FONTID=1|ISHIDDEN=T|NAME=Engineer|TEXT=*|UNIQUEID=ELMGHNFL|
RECORD=41|LINENO=  15|OWNERPARTID=   0|OWNERINDEX= -42|FONTID=1|ISHIDDEN=T|NAME=Organization|TEXT=*|UNIQUEID=WIQJBKMI|
RECORD=41|LINENO=  16|OWNERPARTID=   0|OWNERINDEX= -42|FONTID=1|ISHIDDEN=T|NAME=Address1|TEXT=*|UNIQUEID=MGYQTLKF|
RECORD=41|LINENO=  17|OWNERPARTID=   0|OWNERINDEX= -42|FONTID=1|ISHIDDEN=T|NAME=Address2|TEXT=*|UNIQUEID=GKORAGYS|
RECORD=41|LINENO=  18|OWNERPARTID=   0|OWNERINDEX= -42|FONTID=1|ISHIDDEN=T|NAME=Address3|TEXT=*|UNIQUEID=YXQCWPWF|
RECORD=41|LINENO=  19|OWNERPARTID=   0|OWNERINDEX= -42|FONTID=1|ISHIDDEN=T|NAME=Address4|TEXT=*|UNIQUEID=JVXHVHIM|
RECORD=41|LINENO=  20|OWNERPARTID=   0|OWNERINDEX= -42|FONTID=1|ISHIDDEN=T|NAME=Title|TEXT=*|UNIQUEID=BSLKOOBW|
RECORD=41|LINENO=  21|OWNERPARTID=   0|OWNERINDEX= -42|FONTID=1|ISHIDDEN=T|NAME=DocumentNumber|TEXT=*|UNIQUEID=LYLCHVSW|
RECORD=41|LINENO=  22|OWNERPARTID=   0|OWNERINDEX= -42|FONTID=1|ISHIDDEN=T|NAME=Revision|TEXT=*|UNIQUEID=NHTHKNXF|
RECORD=41|LINENO=  23|OWNERPARTID=   0|OWNERINDEX= -42|FONTID=1|ISHIDDEN=T|NAME=SheetNumber|TEXT=*|UNIQUEID=EGMMKTYV|
RECORD=41|LINENO=  24|OWNERPARTID=   0|OWNERINDEX= -42|FONTID=1|ISHIDDEN=T|NAME=SheetTotal|TEXT=*|UNIQUEID=PSXMYGHA|
RECORD=41|LINENO=  25|OWNERPARTID=   0|OWNERINDEX= -42|FONTID=1|ISHIDDEN=T|NAME=Rule|TEXT=*|UNIQUEID=QWVSSHIM|
RECORD=41|LINENO=  26|OWNERPARTID=   0|OWNERINDEX= -42|FONTID=1|ISHIDDEN=T|NAME=ImagePath|TEXT=*|UNIQUEID=HMCJWUFO|
RECORD=41|LINENO=  27|OWNERPARTID=   0|OWNERINDEX= -42|FONTID=1|ISHIDDEN=T|NAME=ProjectName|TEXT=*|UNIQUEID=VYJMNFGO|
RECORD=41|LINENO=  28|OWNERPARTID=   0|OWNERINDEX= -42|FONTID=1|ISHIDDEN=T|NAME=Application_BuildNumber|TEXT=*|UNIQUEID=IFRKATPW|
RECORD=15|LINENO=  29|OWNERPARTID=   0|OWNERINDEX= -42|AREACOLOR=8454016|ISSOLID=T|LOCATION.X=140|LOCATION.Y=470|SYMBOLTYPE=Normal|UNIQUEID=SIPDWPYR|XSIZE=250|YSIZE=180|
RECORD=16|LINENO=  30|OWNERPARTID=   0|OWNERINDEX=  29|AREACOLOR=8454143|ARROWKIND=Block & Triangle|DISTANCEFROMTOP=10|HARNESSTYPE=Inter-board_Connector|NAME=Inter-board_Connectors|SIDE=1|STYLE=3|TEXTCOLOR=128|TEXTFONTID=1|TEXTSTYLE=Full|
RECORD=32|LINENO=  31|OWNERPARTID=   0|OWNERINDEX=  29|FONTID=1|LOCATION.X=140|LOCATION.Y=480|TEXT=Designator|
RECORD=33|LINENO=  32|OWNERPARTID=   0|OWNERINDEX=  29|FONTID=1|LOCATION.X=140|LOCATION.Y=470|TEXT=topsheet_Controller|
RECORD=15|LINENO=  33|OWNERPARTID=   0|OWNERINDEX= -42|AREACOLOR=8454016|ISSOLID=T|LOCATION.X=570|LOCATION.Y=470|SYMBOLTYPE=Normal|UNIQUEID=EHJSKFOT|XSIZE=250|YSIZE=180|
RECORD=16|LINENO=  34|OWNERPARTID=   0|OWNERINDEX=  33|AREACOLOR=8454143|ARROWKIND=Block & Triangle|DISTANCEFROMTOP=10|NAME=Inter-board_Connectors|STYLE=3|TEXTCOLOR=128|TEXTFONTID=1|TEXTSTYLE=Full|
RECORD=32|LINENO=  35|OWNERPARTID=   0|OWNERINDEX=  33|FONTID=1|LOCATION.X=570|LOCATION.Y=480|TEXT=Designator|
RECORD=33|LINENO=  36|OWNERPARTID=   0|OWNERINDEX=  33|FONTID=1|LOCATION.X=570|LOCATION.Y=470|TEXT=topsheet_Power|
