RECORD=-42|LINENO=   0|OWNERPARTID= -42|OWNERINDEX= -42|HEADER=Protel for Windows - Schematic Capture Binary File Version 5.0|MINORVERSION=2|UNIQUEID=SWIBQDXW|WEIGHT=506|
RECORD=31|LINENO=   1|OWNERPARTID= -42|OWNERINDEX= -42|AREACOLOR=16317695|BOLD4=T|BORDERON=T|CUSTOMMARGINWIDTH=20|CUSTOMX=1500|CUSTOMXZONES=6|CUSTOMY=950|CUSTOMYZONES=4|DISPLAY_UNIT=4|FONTIDCOUNT=4|FONTNAME1=Times New Roman|FONTNAME2=Times New Roman|FONTNAME3=Times New Roman|FONTNAME4=Times New Roman|HOTSPOTGRIDON=T|HOTSPOTGRIDSIZE=4|ISBOC=T|ROTATION2=90|SHEETNUMBERSPACESIZE=4|SHEETSTYLE=5|SIZE1=10|SIZE2=10|SIZE3=10|SIZE4=12|SNAPGRIDON=T|SNAPGRIDSIZE=10|SYSTEMFONT=1|TITLEBLOCKON=T|UNDERLINE3=T|USEMBCS=T|VISIBLEGRIDON=T|VISIBLEGRIDSIZE=10|
RECORD=41|LINENO=   2|OWNERPARTID=   0|OWNERINDEX= -42|FONTID=1|ISHIDDEN=T|LOCATION.Y=80|NAME=CurrentTime|TEXT=*|UNIQUEID=QBESKVJI|
RECORD=41|LINENO=   3|OWNERPARTID=   0|OWNERINDEX= -42|FONTID=1|ISHIDDEN=T|LOCATION.Y=80|NAME=CurrentDate|TEXT=*|UNIQUEID=VLWTKFUO|
RECORD=41|LINENO=   4|OWNERPARTID=   0|OWNERINDEX= -42|FONTID=1|ISHIDDEN=T|LOCATION.Y=80|NAME=Time|TEXT=*|UNIQUEID=VURPFLEW|
RECORD=41|LINENO=   5|OWNERPARTID=   0|OWNERINDEX= -42|FONTID=1|ISHIDDEN=T|LOCATION.Y=80|NAME=Date|TEXT=*|UNIQUEID=XIRGQWDM|
RECORD=41|LINENO=   6|OWNERPARTID=   0|OWNERINDEX= -42|FONTID=1|ISHIDDEN=T|LOCATION.Y=80|NAME=DocumentFullPathAndName|TEXT=*|UNIQUEID=NCGQHJUR|
RECORD=41|LINENO=   7|OWNERPARTID=   0|OWNERINDEX= -42|FONTID=1|ISHIDDEN=T|LOCATION.Y=80|NAME=DocumentName|TEXT=*|UNIQUEID=JHDGWGLP|
RECORD=41|LINENO=   8|OWNERPARTID=   0|OWNERINDEX= -42|FONTID=1|ISHIDDEN=T|LOCATION.Y=80|NAME=ModifiedDate|TEXT=*|UNIQUEID=QBCELAJM|
RECORD=41|LINENO=   9|OWNERPARTID=   0|OWNERINDEX= -42|FONTID=1|ISHIDDEN=T|LOCATION.Y=80|NAME=ApprovedBy|TEXT=*|UNIQUEID=NVBFFJKK|
RECORD=41|LINENO=  10|OWNERPARTID=   0|OWNERINDEX= -42|FONTID=1|ISHIDDEN=T|LOCATION.Y=80|NAME=CheckedBy|TEXT=*|UNIQUEID=FFFXMWST|
RECORD=41|LINENO=  11|OWNERPARTID=   0|OWNERINDEX= -42|FONTID=1|ISHIDDEN=T|LOCATION.Y=80|NAME=Author|TEXT=*|UNIQUEID=XLRUEHMF|
RECORD=41|LINENO=  12|OWNERPARTID=   0|OWNERINDEX= -42|FONTID=1|ISHIDDEN=T|LOCATION.Y=80|NAME=CompanyName|TEXT=*|UNIQUEID=OKHMIILB|
RECORD=41|LINENO=  13|OWNERPARTID=   0|OWNERINDEX= -42|FONTID=1|ISHIDDEN=T|LOCATION.Y=80|NAME=DrawnBy|TEXT=*|UNIQUEID=LIYDEYNN|
RECORD=41|LINENO=  14|OWNERPARTID=   0|OWNERINDEX= -42|FONTID=1|ISHIDDEN=T|LOCATION.Y=80|NAME=Engineer|TEXT=*|UNIQUEID=MSERIOMH|
RECORD=41|LINENO=  15|OWNERPARTID=   0|OWNERINDEX= -42|FONTID=1|ISHIDDEN=T|LOCATION.Y=80|NAME=Organization|TEXT=*|UNIQUEID=NKQJNDNR|
RECORD=41|LINENO=  16|OWNERPARTID=   0|OWNERINDEX= -42|FONTID=1|ISHIDDEN=T|LOCATION.Y=80|NAME=Address1|TEXT=*|UNIQUEID=ILSCJPPL|
RECORD=41|LINENO=  17|OWNERPARTID=   0|OWNERINDEX= -42|FONTID=1|ISHIDDEN=T|LOCATION.Y=80|NAME=Address2|TEXT=*|UNIQUEID=IHPBTHKE|
RECORD=41|LINENO=  18|OWNERPARTID=   0|OWNERINDEX= -42|FONTID=1|ISHIDDEN=T|LOCATION.Y=80|NAME=Address3|TEXT=*|UNIQUEID=IXJKDGKX|
RECORD=41|LINENO=  19|OWNERPARTID=   0|OWNERINDEX= -42|FONTID=1|ISHIDDEN=T|LOCATION.Y=80|NAME=Address4|TEXT=*|UNIQUEID=XCTRRSMB|
RECORD=41|LINENO=  20|OWNERPARTID=   0|OWNERINDEX= -42|FONTID=1|ISHIDDEN=T|LOCATION.Y=80|NAME=Title|TEXT=*|UNIQUEID=SPWWEWSV|
RECORD=41|LINENO=  21|OWNERPARTID=   0|OWNERINDEX= -42|FONTID=1|ISHIDDEN=T|LOCATION.Y=80|NAME=DocumentNumber|TEXT=*|UNIQUEID=MPQYQGKL|
RECORD=41|LINENO=  22|OWNERPARTID=   0|OWNERINDEX= -42|FONTID=1|ISHIDDEN=T|LOCATION.Y=80|NAME=Revision|TEXT=*|UNIQUEID=XABXEOOQ|
RECORD=41|LINENO=  23|OWNERPARTID=   0|OWNERINDEX= -42|FONTID=1|ISHIDDEN=T|LOCATION.Y=80|NAME=SheetNumber|TEXT=*|UNIQUEID=MAGLUJQX|
RECORD=41|LINENO=  24|OWNERPARTID=   0|OWNERINDEX= -42|FONTID=1|ISHIDDEN=T|LOCATION.Y=80|NAME=SheetTotal|TEXT=*|UNIQUEID=UMJFDXPL|
RECORD=41|LINENO=  25|OWNERPARTID=   0|OWNERINDEX= -42|FONTID=1|ISHIDDEN=T|LOCATION.Y=80|NAME=Rule|TEXT=*|UNIQUEID=XVLSBAGB|
RECORD=41|LINENO=  26|OWNERPARTID=   0|OWNERINDEX= -42|FONTID=1|ISHIDDEN=T|LOCATION.Y=80|NAME=ImagePath|TEXT=*|UNIQUEID=RJQNPYYM|
RECORD=41|LINENO=  27|OWNERPARTID=   0|OWNERINDEX= -42|FONTID=1|ISHIDDEN=T|LOCATION.Y=80|NAME=ProjectName|TEXT=*|UNIQUEID=KCXENPOP|
RECORD=41|LINENO=  28|OWNERPARTID=   0|OWNERINDEX= -42|FONTID=1|ISHIDDEN=T|LOCATION.Y=80|NAME=Application_BuildNumber|TEXT=*|UNIQUEID=TQUUSGVP|
RECORD=18|LINENO=  29|OWNERPARTID=   0|OWNERINDEX= -42|ALIGNMENT=1|AREACOLOR=8454143|FONTID=1|HARNESSTYPE=UART|HEIGHT=10|LOCATION.X=810|LOCATION.Y=610|NAME=CONSOL_UART|TEXTCOLOR=128|UNIQUEID=KIQJBBKL|WIDTH=80|
RECORD= 1|LINENO=  30|OWNERPARTID=   0|OWNERINDEX= -42|AREACOLOR=11599871|COMPONENTDESCRIPTION=USB UART Asynchronous Serial Data Transfer Chip, SSOP-28, Tube|CURRENTPARTID=1|DESIGNITEMID=FT232RL-Tube|DISPLAYMODECOUNT=1|LIBRARYPATH=*|LIBREFERENCE=FT232RL-Tube|LOCATION.X=410|LOCATION.Y=440|NOTUSEDBTABLENAME=T|PARTCOUNT=2|PARTIDLOCKED=T|SOURCELIBRARYNAME=FTDI Communication UART.IntLib|TARGETFILENAME=*|UNIQUEID=GQRQAEEF|
RECORD=41|LINENO=  31|OWNERPARTID=   0|OWNERINDEX=  30|FONTID=1|ISHIDDEN=T|LOCATION.X=410|LOCATION.Y=440|NAME=Published|TEXT=19-Aug-2010|UNIQUEID=JURYXHTM|
RECORD=41|LINENO=  32|OWNERPARTID=   0|OWNERINDEX=  30|FONTID=1|ISHIDDEN=T|LOCATION.X=410|LOCATION.Y=440|NAME=DatasheetVersion|TEXT=ver 2.07, Jul-2010|UNIQUEID=YRQERNKB|
RECORD=41|LINENO=  33|OWNERPARTID=   0|OWNERINDEX=  30|FONTID=1|ISHIDDEN=T|LOCATION.X=410|LOCATION.Y=440|NAME=PackageVersion|TEXT=2010|UNIQUEID=NNJVLUTC|
RECORD=41|LINENO=  34|OWNERPARTID=   0|OWNERINDEX=  30|FONTID=1|ISHIDDEN=T|LOCATION.X=410|LOCATION.Y=440|NAME=PackageReference|TEXT=SSOP-28|UNIQUEID=EOXFLXSD|
RECORD=41|LINENO=  35|OWNERPARTID=   0|OWNERINDEX=  30|FONTID=1|ISHIDDEN=T|LOCATION.X=410|LOCATION.Y=440|NAME=Publisher|TEXT=Altium Limited|UNIQUEID=RFKWVTLT|
RECORD=41|LINENO=  36|OWNERPARTID=   0|OWNERINDEX=  30|FONTID=1|ISHIDDEN=T|LOCATION.X=410|LOCATION.Y=440|NAME=PackageDescription|TEXT=28-Pin Small Outline Package 0.65 mm Pitch|UNIQUEID=JIYSGGAS|
RECORD=41|LINENO=  37|OWNERPARTID=   0|OWNERINDEX=  30|FONTID=1|ISHIDDEN=T|LOCATION.X=410|LOCATION.Y=440|NAME=ComponentLink1Description|TEXT=Manufacturer Link|UNIQUEID=WBBTBXUO|
RECORD=41|LINENO=  38|OWNERPARTID=   0|OWNERINDEX=  30|FONTID=1|ISHIDDEN=T|LOCATION.X=410|LOCATION.Y=440|NAME=ComponentLink1URL|TEXT=http://www.ftdichip.com/Products/ICs/FT232R.htm|UNIQUEID=NXBFOVXX|
RECORD=41|LINENO=  39|OWNERPARTID=   0|OWNERINDEX=  30|FONTID=1|ISHIDDEN=T|LOCATION.X=410|LOCATION.Y=440|NAME=ComponentLink2Description|TEXT=Datasheet|UNIQUEID=STKJXNJK|
RECORD=41|LINENO=  40|OWNERPARTID=   0|OWNERINDEX=  30|FONTID=1|ISHIDDEN=T|LOCATION.X=410|LOCATION.Y=440|NAME=ComponentLink2URL|TEXT=http://www.ftdichip.com/Support/Documents/DataSheets/ICs/DS_FT232R.pdf|UNIQUEID=CESYEQQX|
RECORD=14|LINENO=  41|OWNERPARTID=   2|OWNERINDEX=  30|AREACOLOR=11599871|CORNER.X=550|CORNER.Y=440|ISSOLID=T|LOCATION.X=410|LOCATION.Y=260|
RECORD= 2|LINENO=  42|OWNERPARTID=   2|OWNERINDEX=  30|DESIGNATOR=24|ELECTRICAL=4|FORMALTYPE=1|LOCATION.X=550|LOCATION.Y=270|NAME=NC|PINCONGLOMERATE=56|PINLENGTH=20|
RECORD=41|LINENO=  43|OWNERPARTID=   0|OWNERINDEX=  42|FONTID=1|ISHIDDEN=T|LOCATION.X=550|LOCATION.Y=270|NAME=PinUniqueId|TEXT=LHKDKHXP|UNIQUEID=VJQBSGUH|
RECORD= 2|LINENO=  44|OWNERPARTID=   2|OWNERINDEX=  30|DESIGNATOR=8|ELECTRICAL=4|FORMALTYPE=1|LOCATION.X=550|LOCATION.Y=280|NAME=NC|PINCONGLOMERATE=56|PINLENGTH=20|
RECORD=41|LINENO=  45|OWNERPARTID=   0|OWNERINDEX=  44|FONTID=1|ISHIDDEN=T|LOCATION.X=550|LOCATION.Y=280|NAME=PinUniqueId|TEXT=KQQSQVIK|UNIQUEID=SMDSDAGI|
RECORD= 2|LINENO=  46|OWNERPARTID=   2|OWNERINDEX=  30|DESIGNATOR=4|ELECTRICAL=7|FORMALTYPE=1|LOCATION.X=490|LOCATION.Y=440|NAME=VCCIO|PINCONGLOMERATE=57|PINLENGTH=20|
RECORD=41|LINENO=  47|OWNERPARTID=   0|OWNERINDEX=  46|FONTID=1|ISHIDDEN=T|LOCATION.X=490|LOCATION.Y=440|NAME=PinUniqueId|TEXT=DXKNSIIE|UNIQUEID=YNGQGLCG|
RECORD= 2|LINENO=  48|OWNERPARTID=   2|OWNERINDEX=  30|DESIGNATOR=5|FORMALTYPE=1|LOCATION.X=550|LOCATION.Y=420|NAME=RXD|PINCONGLOMERATE=56|PINLENGTH=20|
RECORD=41|LINENO=  49|OWNERPARTID=   0|OWNERINDEX=  48|FONTID=1|ISHIDDEN=T|LOCATION.X=550|LOCATION.Y=420|NAME=PinUniqueId|TEXT=PUFWLFAE|UNIQUEID=BUTVQVVY|
RECORD= 2|LINENO=  50|OWNERPARTID=   2|OWNERINDEX=  30|DESIGNATOR=6|FORMALTYPE=1|LOCATION.X=550|LOCATION.Y=360|NAME=R\I\|PINCONGLOMERATE=56|PINLENGTH=20|
RECORD=41|LINENO=  51|OWNERPARTID=   0|OWNERINDEX=  50|FONTID=1|ISHIDDEN=T|LOCATION.X=550|LOCATION.Y=360|NAME=PinUniqueId|TEXT=WDTRMCYK|UNIQUEID=JBUWCLHG|
RECORD= 2|LINENO=  52|OWNERPARTID=   2|OWNERINDEX=  30|DESIGNATOR=7|ELECTRICAL=7|FORMALTYPE=1|LOCATION.X=480|LOCATION.Y=260|NAME=GND|PINCONGLOMERATE=59|PINLENGTH=20|
RECORD=41|LINENO=  53|OWNERPARTID=   0|OWNERINDEX=  52|FONTID=1|ISHIDDEN=T|LOCATION.X=480|LOCATION.Y=260|NAME=PinUniqueId|TEXT=CRHFAQEJ|UNIQUEID=VOHDSRYX|
RECORD= 2|LINENO=  54|OWNERPARTID=   2|OWNERINDEX=  30|DESIGNATOR=9|FORMALTYPE=1|LOCATION.X=550|LOCATION.Y=400|NAME=D\S\R\|PINCONGLOMERATE=56|PINLENGTH=20|
RECORD=41|LINENO=  55|OWNERPARTID=   0|OWNERINDEX=  54|FONTID=1|ISHIDDEN=T|LOCATION.X=550|LOCATION.Y=400|NAME=PinUniqueId|TEXT=ENTLCGPI|UNIQUEID=QHFFWERC|
RECORD= 2|LINENO=  56|OWNERPARTID=   2|OWNERINDEX=  30|DESIGNATOR=10|FORMALTYPE=1|LOCATION.X=550|LOCATION.Y=370|NAME=D\C\D\|PINCONGLOMERATE=56|PINLENGTH=20|
RECORD=41|LINENO=  57|OWNERPARTID=   0|OWNERINDEX=  56|FONTID=1|ISHIDDEN=T|LOCATION.X=550|LOCATION.Y=370|NAME=PinUniqueId|TEXT=OAVXBINE|UNIQUEID=FXRLWEWI|
RECORD= 2|LINENO=  58|OWNERPARTID=   2|OWNERINDEX=  30|DESIGNATOR=11|FORMALTYPE=1|LOCATION.X=550|LOCATION.Y=380|NAME=C\T\S\|PINCONGLOMERATE=56|PINLENGTH=20|
RECORD=41|LINENO=  59|OWNERPARTID=   0|OWNERINDEX=  58|FONTID=1|ISHIDDEN=T|LOCATION.X=550|LOCATION.Y=380|NAME=PinUniqueId|TEXT=RXAEQTAY|UNIQUEID=REBPQMNC|
RECORD= 2|LINENO=  60|OWNERPARTID=   2|OWNERINDEX=  30|DESIGNATOR=12|ELECTRICAL=1|FORMALTYPE=1|LOCATION.X=550|LOCATION.Y=300|NAME=CBUS4|PINCONGLOMERATE=56|PINLENGTH=20|
RECORD=41|LINENO=  61|OWNERPARTID=   0|OWNERINDEX=  60|FONTID=1|ISHIDDEN=T|LOCATION.X=550|LOCATION.Y=300|NAME=PinUniqueId|TEXT=EARNUPPX|UNIQUEID=SEKGVCEE|
RECORD= 2|LINENO=  62|OWNERPARTID=   2|OWNERINDEX=  30|DESIGNATOR=13|ELECTRICAL=1|FORMALTYPE=1|LOCATION.X=550|LOCATION.Y=320|NAME=CBUS2|PINCONGLOMERATE=56|PINLENGTH=20|
RECORD=41|LINENO=  63|OWNERPARTID=   0|OWNERINDEX=  62|FONTID=1|ISHIDDEN=T|LOCATION.X=550|LOCATION.Y=320|NAME=PinUniqueId|TEXT=WBIYLQQX|UNIQUEID=KQGSLJMC|
RECORD= 2|LINENO=  64|OWNERPARTID=   2|OWNERINDEX=  30|DESIGNATOR=14|ELECTRICAL=1|FORMALTYPE=1|LOCATION.X=550|LOCATION.Y=310|NAME=CBUS3|PINCONGLOMERATE=56|PINLENGTH=20|
RECORD=41|LINENO=  65|OWNERPARTID=   0|OWNERINDEX=  64|FONTID=1|ISHIDDEN=T|LOCATION.X=550|LOCATION.Y=310|NAME=PinUniqueId|TEXT=VLDXAANU|UNIQUEID=NMSRGRUO|
RECORD= 2|LINENO=  66|OWNERPARTID=   2|OWNERINDEX=  30|DESIGNATOR=15|ELECTRICAL=1|FORMALTYPE=1|LOCATION.X=410|LOCATION.Y=380|NAME=USBDP|PINCONGLOMERATE=58|PINLENGTH=20|
RECORD=41|LINENO=  67|OWNERPARTID=   0|OWNERINDEX=  66|FONTID=1|ISHIDDEN=T|LOCATION.X=410|LOCATION.Y=380|NAME=PinUniqueId|TEXT=XPMFUBLU|UNIQUEID=JCWWDPOH|
RECORD= 2|LINENO=  68|OWNERPARTID=   2|OWNERINDEX=  30|DESIGNATOR=16|ELECTRICAL=1|FORMALTYPE=1|LOCATION.X=410|LOCATION.Y=400|NAME=USBDM|PINCONGLOMERATE=58|PINLENGTH=20|
RECORD=41|LINENO=  69|OWNERPARTID=   0|OWNERINDEX=  68|FONTID=1|ISHIDDEN=T|LOCATION.X=410|LOCATION.Y=400|NAME=PinUniqueId|TEXT=INQAGBPE|UNIQUEID=QDQGGAHK|
RECORD= 2|LINENO=  70|OWNERPARTID=   2|OWNERINDEX=  30|DESIGNATOR=17|ELECTRICAL=2|FORMALTYPE=1|LOCATION.X=410|LOCATION.Y=430|NAME=3V3OUT|PINCONGLOMERATE=58|PINLENGTH=20|
RECORD=41|LINENO=  71|OWNERPARTID=   0|OWNERINDEX=  70|FONTID=1|ISHIDDEN=T|LOCATION.X=410|LOCATION.Y=430|NAME=PinUniqueId|TEXT=YIRWQDJP|UNIQUEID=PVORWCOG|
RECORD= 2|LINENO=  72|OWNERPARTID=   2|OWNERINDEX=  30|DESIGNATOR=18|ELECTRICAL=7|FORMALTYPE=1|LOCATION.X=490|LOCATION.Y=260|NAME=GND|PINCONGLOMERATE=59|PINLENGTH=20|
RECORD=41|LINENO=  73|OWNERPARTID=   0|OWNERINDEX=  72|FONTID=1|ISHIDDEN=T|LOCATION.X=490|LOCATION.Y=260|NAME=PinUniqueId|TEXT=MWQBDECA|UNIQUEID=VBLCIPWI|
RECORD= 2|LINENO=  74|OWNERPARTID=   2|OWNERINDEX=  30|DESIGNATOR=19|FORMALTYPE=1|LOCATION.X=410|LOCATION.Y=340|NAME=R\E\S\E\T\|PINCONGLOMERATE=58|PINLENGTH=20|
RECORD=41|LINENO=  75|OWNERPARTID=   0|OWNERINDEX=  74|FONTID=1|ISHIDDEN=T|LOCATION.X=410|LOCATION.Y=340|NAME=PinUniqueId|TEXT=JQIGHXDF|UNIQUEID=DORIDGCV|
RECORD= 2|LINENO=  76|OWNERPARTID=   2|OWNERINDEX=  30|DESIGNATOR=20|ELECTRICAL=7|FORMALTYPE=1|LOCATION.X=470|LOCATION.Y=440|NAME=VCC|PINCONGLOMERATE=57|PINLENGTH=20|
RECORD=41|LINENO=  77|OWNERPARTID=   0|OWNERINDEX=  76|FONTID=1|ISHIDDEN=T|LOCATION.X=470|LOCATION.Y=440|NAME=PinUniqueId|TEXT=MJAGLWXL|UNIQUEID=KFPOVSVV|
RECORD= 2|LINENO=  78|OWNERPARTID=   2|OWNERINDEX=  30|DESIGNATOR=21|ELECTRICAL=7|FORMALTYPE=1|LOCATION.X=500|LOCATION.Y=260|NAME=GND|PINCONGLOMERATE=59|PINLENGTH=20|
RECORD=41|LINENO=  79|OWNERPARTID=   0|OWNERINDEX=  78|FONTID=1|ISHIDDEN=T|LOCATION.X=500|LOCATION.Y=260|NAME=PinUniqueId|TEXT=UVTXYMWQ|UNIQUEID=SPJGYNTC|
RECORD= 2|LINENO=  80|OWNERPARTID=   2|OWNERINDEX=  30|DESIGNATOR=22|ELECTRICAL=1|FORMALTYPE=1|LOCATION.X=550|LOCATION.Y=330|NAME=CBUS1|PINCONGLOMERATE=56|PINLENGTH=20|
RECORD=41|LINENO=  81|OWNERPARTID=   0|OWNERINDEX=  80|FONTID=1|ISHIDDEN=T|LOCATION.X=550|LOCATION.Y=330|NAME=PinUniqueId|TEXT=UCYXIKGY|UNIQUEID=PCAMYWND|
RECORD= 2|LINENO=  82|OWNERPARTID=   2|OWNERINDEX=  30|DESIGNATOR=23|ELECTRICAL=1|FORMALTYPE=1|LOCATION.X=550|LOCATION.Y=340|NAME=CBUS0|PINCONGLOMERATE=56|PINLENGTH=20|
RECORD=41|LINENO=  83|OWNERPARTID=   0|OWNERINDEX=  82|FONTID=1|ISHIDDEN=T|LOCATION.X=550|LOCATION.Y=340|NAME=PinUniqueId|TEXT=OXBRVQCX|UNIQUEID=QPWGBVNG|
RECORD= 2|LINENO=  84|OWNERPARTID=   2|OWNERINDEX=  30|DESIGNATOR=25|ELECTRICAL=7|FORMALTYPE=1|LOCATION.X=460|LOCATION.Y=260|NAME=AGND|PINCONGLOMERATE=59|PINLENGTH=20|
RECORD=41|LINENO=  85|OWNERPARTID=   0|OWNERINDEX=  84|FONTID=1|ISHIDDEN=T|LOCATION.X=460|LOCATION.Y=260|NAME=PinUniqueId|TEXT=TKRGLWFE|UNIQUEID=OBHVAGQX|
RECORD= 2|LINENO=  86|OWNERPARTID=   2|OWNERINDEX=  30|DESIGNATOR=26|FORMALTYPE=1|LOCATION.X=410|LOCATION.Y=270|NAME=TEST|PINCONGLOMERATE=58|PINLENGTH=20|
RECORD=41|LINENO=  87|OWNERPARTID=   0|OWNERINDEX=  86|FONTID=1|ISHIDDEN=T|LOCATION.X=410|LOCATION.Y=270|NAME=PinUniqueId|TEXT=OOIQEXUY|UNIQUEID=GWSIGYQQ|
RECORD= 2|LINENO=  88|OWNERPARTID=   2|OWNERINDEX=  30|DESIGNATOR=27|FORMALTYPE=1|LOCATION.X=410|LOCATION.Y=320|NAME=OSCI|PINCONGLOMERATE=58|PINLENGTH=20|
RECORD=41|LINENO=  89|OWNERPARTID=   0|OWNERINDEX=  88|FONTID=1|ISHIDDEN=T|LOCATION.X=410|LOCATION.Y=320|NAME=PinUniqueId|TEXT=HUWNICRX|UNIQUEID=UWWXLCLO|
RECORD= 2|LINENO=  90|OWNERPARTID=   2|OWNERINDEX=  30|DESIGNATOR=28|ELECTRICAL=2|FORMALTYPE=1|LOCATION.X=410|LOCATION.Y=290|NAME=OSCO|PINCONGLOMERATE=58|PINLENGTH=20|
RECORD=41|LINENO=  91|OWNERPARTID=   0|OWNERINDEX=  90|FONTID=1|ISHIDDEN=T|LOCATION.X=410|LOCATION.Y=290|NAME=PinUniqueId|TEXT=SYWURRTM|UNIQUEID=TUURGBBP|
RECORD= 2|LINENO=  92|OWNERPARTID=   2|OWNERINDEX=  30|DESIGNATOR=1|ELECTRICAL=2|FORMALTYPE=1|LOCATION.X=550|LOCATION.Y=430|NAME=TXD|PINCONGLOMERATE=56|PINLENGTH=20|
RECORD=41|LINENO=  93|OWNERPARTID=   0|OWNERINDEX=  92|FONTID=1|ISHIDDEN=T|LOCATION.X=550|LOCATION.Y=430|NAME=PinUniqueId|TEXT=MTSNIOWY|UNIQUEID=CDHCJFTX|
RECORD= 2|LINENO=  94|OWNERPARTID=   2|OWNERINDEX=  30|DESIGNATOR=2|ELECTRICAL=2|FORMALTYPE=1|LOCATION.X=550|LOCATION.Y=410|NAME=D\T\R\|PINCONGLOMERATE=56|PINLENGTH=20|
RECORD=41|LINENO=  95|OWNERPARTID=   0|OWNERINDEX=  94|FONTID=1|ISHIDDEN=T|LOCATION.X=550|LOCATION.Y=410|NAME=PinUniqueId|TEXT=BXNMMUWD|UNIQUEID=WFRQFXLK|
RECORD= 2|LINENO=  96|OWNERPARTID=   2|OWNERINDEX=  30|DESIGNATOR=3|ELECTRICAL=2|FORMALTYPE=1|LOCATION.X=550|LOCATION.Y=390|NAME=R\T\S\|PINCONGLOMERATE=56|PINLENGTH=20|
RECORD=41|LINENO=  97|OWNERPARTID=   0|OWNERINDEX=  96|FONTID=1|ISHIDDEN=T|LOCATION.X=550|LOCATION.Y=390|NAME=PinUniqueId|TEXT=PUFFYJBH|UNIQUEID=YQETIKKG|
RECORD=34|LINENO=  98|OWNERPARTID=   0|OWNERINDEX=  30|FONTID=1|LOCATION.X=400|LOCATION.Y=460|NAME=Designator|TEXT=U5|UNIQUEID=JQKOLDQJ|
RECORD=41|LINENO=  99|OWNERPARTID=   0|OWNERINDEX=  30|FONTID=1|LOCATION.X=400|LOCATION.Y=450|NAME=Comment|TEXT=FT232RL-Tube|UNIQUEID=SMFLNUIU|
RECORD=44|LINENO= 100|OWNERPARTID= -42|OWNERINDEX=  30|
RECORD=45|LINENO= 101|OWNERPARTID= -42|OWNERINDEX= 100|DATABASEDATALINKSLOCKED=T|DATABASEMODEL=T|DATAFILECOUNT=1|DATALINKSLOCKED=T|DESCRIPTION=SOP, 28-Leads, Body 10.2x5.3mm, Pitch 0.65mm, IPC Medium Density|INTEGRATEDMODEL=T|ISCURRENT=T|MODELDATAFILEENTITY0=SSOP-28_N|MODELDATAFILEKIND0=PCBLib|MODELNAME=SSOP-28_N|MODELTYPE=PCBLIB|UNIQUEID=UROSNUXB|USECOMPONENTLIBRARY=T|
RECORD=46|LINENO= 102|OWNERPARTID= -42|OWNERINDEX= 101|
RECORD=48|LINENO= 103|OWNERPARTID= -42|OWNERINDEX= 101|
RECORD=41|LINENO= 104|OWNERPARTID=   0|OWNERINDEX= 103|FONTID=1|NAME=Created|TEXT=16/08/2010|UNIQUEID=GLEVBEFO|
RECORD=45|LINENO= 105|OWNERPARTID= -42|OWNERINDEX= 100|DATABASEDATALINKSLOCKED=T|DATABASEMODEL=T|DATAFILECOUNT=1|DATALINKSLOCKED=T|DESCRIPTION=SOP, 28-Leads, Body 10.2x5.3mm, Pitch 0.65mm, IPC High Density|INTEGRATEDMODEL=T|MODELDATAFILEENTITY0=SSOP-28_L|MODELDATAFILEKIND0=PCBLib|MODELNAME=SSOP-28_L|MODELTYPE=PCBLIB|UNIQUEID=TXFUNTHI|USECOMPONENTLIBRARY=T|
RECORD=46|LINENO= 106|OWNERPARTID= -42|OWNERINDEX= 105|
RECORD=48|LINENO= 107|OWNERPARTID= -42|OWNERINDEX= 105|
RECORD=45|LINENO= 108|OWNERPARTID= -42|OWNERINDEX= 100|DATABASEDATALINKSLOCKED=T|DATABASEMODEL=T|DATAFILECOUNT=1|DATALINKSLOCKED=T|DESCRIPTION=SOP, 28-Leads, Body 10.2x5.3mm, Pitch 0.65mm, IPC Low Density|INTEGRATEDMODEL=T|MODELDATAFILEENTITY0=SSOP-28_M|MODELDATAFILEKIND0=PCBLib|MODELNAME=SSOP-28_M|MODELTYPE=PCBLIB|UNIQUEID=PXSSWDUP|USECOMPONENTLIBRARY=T|
RECORD=46|LINENO= 109|OWNERPARTID= -42|OWNERINDEX= 108|
RECORD=48|LINENO= 110|OWNERPARTID= -42|OWNERINDEX= 108|
RECORD= 1|LINENO= 111|OWNERPARTID=   0|OWNERINDEX= -42|AREACOLOR=11599871|CURRENTPARTID=1|DATABASETABLENAME=capacitor$|DESIGNITEMID=399-1097-1-ND|DISPLAYMODECOUNT=1|LIBRARYPATH=*|LIBREFERENCE=__template_cap|LOCATION.X=350|LOCATION.Y=320|ORIENTATION=2|PARTCOUNT=2|PARTIDLOCKED=T|SOURCELIBRARYNAME=sscp.DbLib|TARGETFILENAME=*|UNIQUEID=LAMHUCEO|
RECORD=41|LINENO= 112|OWNERPARTID=   0|OWNERINDEX= 111|FONTID=1|ISHIDDEN=T|LOCATION.X=344|LOCATION.Y=342|NAME=voltage|TEXT=16.0|UNIQUEID=UTKFDWIW|
RECORD=41|LINENO= 113|OWNERPARTID=   0|OWNERINDEX= 111|FONTID=1|LOCATION.X=356|LOCATION.Y=313|NAME=human_value|TEXT=100n|UNIQUEID=VACWQGDS|
RECORD=41|LINENO= 114|OWNERPARTID=   0|OWNERINDEX= 111|FONTID=1|ISHIDDEN=T|LOCATION.X=344|LOCATION.Y=342|NAME=Supplier Part Number 1|TEXT=399-1097-1-ND|UNIQUEID=MJWVTXMW|
RECORD=41|LINENO= 115|OWNERPARTID=   0|OWNERINDEX= 111|FONTID=1|ISHIDDEN=T|LOCATION.X=344|LOCATION.Y=342|NAME=type|TEXT=capacitor|UNIQUEID=IUMLHRGB|
RECORD=41|LINENO= 116|OWNERPARTID=   0|OWNERINDEX= 111|FONTID=1|ISHIDDEN=T|LOCATION.X=344|LOCATION.Y=342|NAME=package|TEXT=0603|UNIQUEID=CQYMNQRP|
RECORD=41|LINENO= 117|OWNERPARTID=   0|OWNERINDEX= 111|FONTID=1|ISHIDDEN=T|LOCATION.X=344|LOCATION.Y=342|NAME=value|TEXT=1e-07|UNIQUEID=UCDFHBJM|
RECORD=41|LINENO= 118|OWNERPARTID=   0|OWNERINDEX= 111|FONTID=1|ISHIDDEN=T|LOCATION.X=344|LOCATION.Y=342|NAME=price|TEXT=0.188|UNIQUEID=CJLRNUFU|
RECORD=41|LINENO= 119|OWNERPARTID=   0|OWNERINDEX= 111|FONTID=1|ISHIDDEN=T|LOCATION.X=344|LOCATION.Y=342|NAME=tolerance|TEXT=5%|UNIQUEID=VFVCWDYX|
RECORD= 2|LINENO= 120|OWNERPARTID=   2|OWNERINDEX= 111|DESIGNATOR=1|ELECTRICAL=4|FORMALTYPE=1|LOCATION.X=350|LOCATION.Y=328|PINCONGLOMERATE=35|PINLENGTH=8|
RECORD=41|LINENO= 121|OWNERPARTID=   0|OWNERINDEX= 120|FONTID=1|ISHIDDEN=T|LOCATION.X=350|LOCATION.Y=328|NAME=PinUniqueId|TEXT=YHEEEHUG|UNIQUEID=LYTNRRMJ|
RECORD= 2|LINENO= 122|OWNERPARTID=   2|OWNERINDEX= 111|DESIGNATOR=2|ELECTRICAL=4|FORMALTYPE=1|LOCATION.X=350|LOCATION.Y=332|PINCONGLOMERATE=33|PINLENGTH=8|
RECORD=41|LINENO= 123|OWNERPARTID=   0|OWNERINDEX= 122|FONTID=1|ISHIDDEN=T|LOCATION.X=350|LOCATION.Y=332|NAME=PinUniqueId|TEXT=XVTTFPQI|UNIQUEID=OXOMXVHF|
RECORD= 6|LINENO= 124|OWNERPARTID=   2|OWNERINDEX= 111|LINEWIDTH=1|LOCATIONCOUNT=2|X1=345|X2=355|Y1=332|Y2=332|
RECORD= 6|LINENO= 125|OWNERPARTID=   2|OWNERINDEX= 111|LINEWIDTH=1|LOCATIONCOUNT=2|X1=345|X2=355|Y1=328|Y2=328|
RECORD=34|LINENO= 126|OWNERPARTID=   0|OWNERINDEX= 111|FONTID=1|LOCATION.X=356|LOCATION.Y=323|NAME=Designator|TEXT=C18|UNIQUEID=PCTNFJBJ|
RECORD=41|LINENO= 127|OWNERPARTID=   0|OWNERINDEX= 111|FONTID=1|ISHIDDEN=T|LOCATION.X=344|LOCATION.Y=342|NAME=Comment|TEXT=__template_cap|UNIQUEID=WGSVYXCD|
RECORD=44|LINENO= 128|OWNERPARTID= -42|OWNERINDEX= 111|
RECORD=45|LINENO= 129|OWNERPARTID= -42|OWNERINDEX= 128|DATABASEDATALINKSLOCKED=T|DATAFILECOUNT=1|DATALINKSLOCKED=T|ISCURRENT=T|MODELDATAFILEENTITY0=C0603|MODELDATAFILEKIND0=PCBLib|MODELNAME=C0603|MODELTYPE=PCBLIB|UNIQUEID=BCKJEBGA|USECOMPONENTLIBRARY=T|
RECORD=46|LINENO= 130|OWNERPARTID= -42|OWNERINDEX= 129|
RECORD=48|LINENO= 131|OWNERPARTID= -42|OWNERINDEX= 129|
RECORD=25|LINENO= 132|OWNERPARTID=   0|OWNERINDEX= -42|FONTID=1|LOCATION.X=570|LOCATION.Y=430|TEXT=FDTI_TX|UNIQUEID=JCMRQRJV|
RECORD=25|LINENO= 133|OWNERPARTID=   0|OWNERINDEX= -42|FONTID=1|LOCATION.X=570|LOCATION.Y=420|TEXT=FDTI_RX|UNIQUEID=OHMOQDDQ|
RECORD= 1|LINENO= 134|OWNERPARTID=   0|OWNERINDEX= -42|AREACOLOR=11599871|CURRENTPARTID=1|DATABASETABLENAME=capacitor$|DESIGNITEMID=399-3482-1-ND|DISPLAYMODECOUNT=1|LIBRARYPATH=*|LIBREFERENCE=__template_cap|LOCATION.X=360|LOCATION.Y=500|PARTCOUNT=2|PARTIDLOCKED=T|SOURCELIBRARYNAME=sscp.DbLib|TARGETFILENAME=*|UNIQUEID=CYFCFVIF|
RECORD=41|LINENO= 135|OWNERPARTID=   0|OWNERINDEX= 134|FONTID=1|LOCATION.X=370|LOCATION.Y=480|NAME=human_value|TEXT=4u7|UNIQUEID=SGFQXNXP|
RECORD=41|LINENO= 136|OWNERPARTID=   0|OWNERINDEX= 134|FONTID=1|ISHIDDEN=T|LOCATION.X=354|LOCATION.Y=535|NAME=Supplier Part Number 1|TEXT=399-3482-1-ND|UNIQUEID=WVOXBITJ|
RECORD=41|LINENO= 137|OWNERPARTID=   0|OWNERINDEX= 134|FONTID=1|ISHIDDEN=T|LOCATION.X=354|LOCATION.Y=535|NAME=type|TEXT=capacitor|UNIQUEID=RJVDPENJ|
RECORD=41|LINENO= 138|OWNERPARTID=   0|OWNERINDEX= 134|FONTID=1|ISHIDDEN=T|LOCATION.X=354|LOCATION.Y=535|NAME=package|TEXT=0603|UNIQUEID=TKIITQSG|
RECORD=41|LINENO= 139|OWNERPARTID=   0|OWNERINDEX= 134|FONTID=1|ISHIDDEN=T|LOCATION.X=354|LOCATION.Y=535|NAME=value|TEXT=4.7e-06|UNIQUEID=AARWASSQ|
RECORD=41|LINENO= 140|OWNERPARTID=   0|OWNERINDEX= 134|FONTID=1|ISHIDDEN=T|LOCATION.X=354|LOCATION.Y=535|NAME=price|TEXT=0.18|UNIQUEID=RHVXCPIB|
RECORD=41|LINENO= 141|OWNERPARTID=   0|OWNERINDEX= 134|FONTID=1|ISHIDDEN=T|LOCATION.X=354|LOCATION.Y=535|NAME=tolerance|TEXT=10%|UNIQUEID=QBKBVRFA|
RECORD=41|LINENO= 142|OWNERPARTID=   0|OWNERINDEX= 134|FONTID=1|LOCATION.X=370|LOCATION.Y=470|NAME=voltage|TEXT=6.3|UNIQUEID=GNEXVMCH|
RECORD= 2|LINENO= 143|OWNERPARTID=   2|OWNERINDEX= 134|DESIGNATOR=1|ELECTRICAL=4|FORMALTYPE=1|LOCATION.X=360|LOCATION.Y=492|PINCONGLOMERATE=33|PINLENGTH=8|
RECORD=41|LINENO= 144|OWNERPARTID=   0|OWNERINDEX= 143|FONTID=1|ISHIDDEN=T|LOCATION.X=360|LOCATION.Y=492|NAME=PinUniqueId|TEXT=FDWCQVWJ|UNIQUEID=GIIRBBBM|
RECORD= 2|LINENO= 145|OWNERPARTID=   2|OWNERINDEX= 134|DESIGNATOR=2|ELECTRICAL=4|FORMALTYPE=1|LOCATION.X=360|LOCATION.Y=488|PINCONGLOMERATE=35|PINLENGTH=8|
RECORD=41|LINENO= 146|OWNERPARTID=   0|OWNERINDEX= 145|FONTID=1|ISHIDDEN=T|LOCATION.X=360|LOCATION.Y=488|NAME=PinUniqueId|TEXT=BKSREXLK|UNIQUEID=HOEPMQNU|
RECORD= 6|LINENO= 147|OWNERPARTID=   2|OWNERINDEX= 134|LINEWIDTH=1|LOCATIONCOUNT=2|X1=365|X2=355|Y1=488|Y2=488|
RECORD= 6|LINENO= 148|OWNERPARTID=   2|OWNERINDEX= 134|LINEWIDTH=1|LOCATIONCOUNT=2|X1=365|X2=355|Y1=492|Y2=492|
RECORD=34|LINENO= 149|OWNERPARTID=   0|OWNERINDEX= 134|FONTID=1|LOCATION.X=370|LOCATION.Y=490|NAME=Designator|TEXT=C20|UNIQUEID=NLFYPUMW|
RECORD=41|LINENO= 150|OWNERPARTID=   0|OWNERINDEX= 134|FONTID=1|ISHIDDEN=T|LOCATION.X=355|LOCATION.Y=485|NAME=Comment|TEXT=__template_cap|UNIQUEID=XWSCIUYX|
RECORD=44|LINENO= 151|OWNERPARTID= -42|OWNERINDEX= 134|
RECORD=45|LINENO= 152|OWNERPARTID= -42|OWNERINDEX= 151|DATABASEDATALINKSLOCKED=T|DATAFILECOUNT=1|DATALINKSLOCKED=T|ISCURRENT=T|MODELDATAFILEENTITY0=C0603|MODELDATAFILEKIND0=PCBLib|MODELNAME=C0603|MODELTYPE=PCBLIB|UNIQUEID=KSQHQKKW|USECOMPONENTLIBRARY=T|
RECORD=46|LINENO= 153|OWNERPARTID= -42|OWNERINDEX= 152|
RECORD=48|LINENO= 154|OWNERPARTID= -42|OWNERINDEX= 152|
RECORD= 1|LINENO= 155|OWNERPARTID=   0|OWNERINDEX= -42|AREACOLOR=11599871|CURRENTPARTID=1|DATABASETABLENAME=capacitor$|DESIGNITEMID=478-1239-1-ND|DISPLAYMODECOUNT=1|LIBRARYPATH=*|LIBREFERENCE=__template_cap|LOCATION.X=510|LOCATION.Y=500|PARTCOUNT=2|PARTIDLOCKED=T|SOURCELIBRARYNAME=sscp.DbLib|TARGETFILENAME=*|UNIQUEID=NJVMLMQB|
RECORD=41|LINENO= 156|OWNERPARTID=   0|OWNERINDEX= 155|FONTID=1|LOCATION.X=520|LOCATION.Y=480|NAME=human_value|TEXT=100n|UNIQUEID=XKFOHVWX|
RECORD=41|LINENO= 157|OWNERPARTID=   0|OWNERINDEX= 155|FONTID=1|ISHIDDEN=T|LOCATION.X=504|LOCATION.Y=535|NAME=Supplier Part Number 1|TEXT=478-1239-1-ND|UNIQUEID=FWOJTIIF|
RECORD=41|LINENO= 158|OWNERPARTID=   0|OWNERINDEX= 155|FONTID=1|ISHIDDEN=T|LOCATION.X=504|LOCATION.Y=535|NAME=type|TEXT=capacitor|UNIQUEID=XMDXOIJO|
RECORD=41|LINENO= 159|OWNERPARTID=   0|OWNERINDEX= 155|FONTID=1|ISHIDDEN=T|LOCATION.X=504|LOCATION.Y=535|NAME=package|TEXT=0603|UNIQUEID=JVINQXQG|
RECORD=41|LINENO= 160|OWNERPARTID=   0|OWNERINDEX= 155|FONTID=1|ISHIDDEN=T|LOCATION.X=504|LOCATION.Y=535|NAME=value|TEXT=1e-07|UNIQUEID=HAWWWIEH|
RECORD=41|LINENO= 161|OWNERPARTID=   0|OWNERINDEX= 155|FONTID=1|ISHIDDEN=T|LOCATION.X=504|LOCATION.Y=535|NAME=price|TEXT=0.043|UNIQUEID=QYYAKXFB|
RECORD=41|LINENO= 162|OWNERPARTID=   0|OWNERINDEX= 155|FONTID=1|ISHIDDEN=T|LOCATION.X=504|LOCATION.Y=535|NAME=tolerance|TEXT=10%|UNIQUEID=EEDESWHR|
RECORD=41|LINENO= 163|OWNERPARTID=   0|OWNERINDEX= 155|FONTID=1|LOCATION.X=520|LOCATION.Y=470|NAME=voltage|TEXT=16.0|UNIQUEID=OYWTTCOW|
RECORD= 2|LINENO= 164|OWNERPARTID=   2|OWNERINDEX= 155|DESIGNATOR=1|ELECTRICAL=4|FORMALTYPE=1|LOCATION.X=510|LOCATION.Y=492|PINCONGLOMERATE=33|PINLENGTH=8|
RECORD=41|LINENO= 165|OWNERPARTID=   0|OWNERINDEX= 164|FONTID=1|ISHIDDEN=T|LOCATION.X=510|LOCATION.Y=492|NAME=PinUniqueId|TEXT=VOKTPAPD|UNIQUEID=PKYIIRJQ|
RECORD= 2|LINENO= 166|OWNERPARTID=   2|OWNERINDEX= 155|DESIGNATOR=2|ELECTRICAL=4|FORMALTYPE=1|LOCATION.X=510|LOCATION.Y=488|PINCONGLOMERATE=35|PINLENGTH=8|
RECORD=41|LINENO= 167|OWNERPARTID=   0|OWNERINDEX= 166|FONTID=1|ISHIDDEN=T|LOCATION.X=510|LOCATION.Y=488|NAME=PinUniqueId|TEXT=XJRQCXFW|UNIQUEID=HSMNXCRF|
RECORD= 6|LINENO= 168|OWNERPARTID=   2|OWNERINDEX= 155|LINEWIDTH=1|LOCATIONCOUNT=2|X1=515|X2=505|Y1=488|Y2=488|
RECORD= 6|LINENO= 169|OWNERPARTID=   2|OWNERINDEX= 155|LINEWIDTH=1|LOCATIONCOUNT=2|X1=515|X2=505|Y1=492|Y2=492|
RECORD=34|LINENO= 170|OWNERPARTID=   0|OWNERINDEX= 155|FONTID=1|LOCATION.X=520|LOCATION.Y=490|NAME=Designator|TEXT=C19|UNIQUEID=UMWELBWM|
RECORD=41|LINENO= 171|OWNERPARTID=   0|OWNERINDEX= 155|FONTID=1|ISHIDDEN=T|LOCATION.X=505|LOCATION.Y=485|NAME=Comment|TEXT=__template_cap|UNIQUEID=CBRAPSLW|
RECORD=44|LINENO= 172|OWNERPARTID= -42|OWNERINDEX= 155|
RECORD=45|LINENO= 173|OWNERPARTID= -42|OWNERINDEX= 172|DATABASEDATALINKSLOCKED=T|DATAFILECOUNT=1|DATALINKSLOCKED=T|ISCURRENT=T|MODELDATAFILEENTITY0=C0603|MODELDATAFILEKIND0=PCBLib|MODELNAME=C0603|MODELTYPE=PCBLIB|UNIQUEID=UDURGRSX|USECOMPONENTLIBRARY=T|
RECORD=46|LINENO= 174|OWNERPARTID= -42|OWNERINDEX= 173|
RECORD=48|LINENO= 175|OWNERPARTID= -42|OWNERINDEX= 173|
RECORD= 1|LINENO= 176|OWNERPARTID=   0|OWNERINDEX= -42|AREACOLOR=11599871|COMPONENTDESCRIPTION=LED 0805 RED 20MA|CURRENTPARTID=1|DESIGNITEMID=LED_LY974|DISPLAYMODECOUNT=1|LIBRARYPATH=*|LIBREFERENCE=LED_LY974|LOCATION.X=680|LOCATION.Y=310|NOTUSEDBTABLENAME=T|ORIENTATION=1|PARTCOUNT=2|PARTIDLOCKED=T|SOURCELIBRARYNAME=SSI.IntLib|TARGETFILENAME=*|UNIQUEID=TXDGTOWD|
RECORD=41|LINENO= 177|OWNERPARTID=   0|OWNERINDEX= 176|FONTID=1|ISHIDDEN=T|LOCATION.X=668|LOCATION.Y=321|NAME=Supplier 1|TEXT=Digi-Key|UNIQUEID=DKFEPNPS|
RECORD=41|LINENO= 178|OWNERPARTID=   0|OWNERINDEX= 176|FONTID=1|ISHIDDEN=T|LOCATION.X=668|LOCATION.Y=321|NAME=Manufacturer|TEXT=OSRAM Opto Semiconductors Inc|UNIQUEID=PQLHNUCL|
RECORD=41|LINENO= 179|OWNERPARTID=   0|OWNERINDEX= 176|FONTID=1|ISHIDDEN=T|LOCATION.X=668|LOCATION.Y=321|NAME=RoHS|TEXT=RoHS Compliant|UNIQUEID=LCRUEHEY|
RECORD=41|LINENO= 180|OWNERPARTID=   0|OWNERINDEX= 176|FONTID=1|ISHIDDEN=T|LOCATION.X=668|LOCATION.Y=321|NAME=Category|TEXT=Optoelectronics|UNIQUEID=WENYUXKO|
RECORD=41|LINENO= 181|OWNERPARTID=   0|OWNERINDEX= 176|FONTID=1|ISHIDDEN=T|LOCATION.X=668|LOCATION.Y=321|NAME=Stock 1|TEXT=66379|UNIQUEID=XXLAHRQN|
RECORD=41|LINENO= 182|OWNERPARTID=   0|OWNERINDEX= 176|FONTID=1|ISHIDDEN=T|LOCATION.X=668|LOCATION.Y=321|NAME=Pricing 1|TEXT=1=0.08, 10=0.07, 100=0.0559, 250=0.04892, 500=0.04472 (USD)|UNIQUEID=PPOJKQBH|
RECORD=41|LINENO= 183|OWNERPARTID=   0|OWNERINDEX= 176|FONTID=1|ISHIDDEN=T|LOCATION.X=668|LOCATION.Y=321|NAME=Packaging|TEXT=Cut Tape (CT)|UNIQUEID=PPKAKYMR|
RECORD=41|LINENO= 184|OWNERPARTID=   0|OWNERINDEX= 176|FONTID=1|ISHIDDEN=T|LOCATION.X=668|LOCATION.Y=321|NAME=Color|TEXT=Red|UNIQUEID=TGENHDBG|
RECORD=41|LINENO= 185|OWNERPARTID=   0|OWNERINDEX= 176|FONTID=1|ISHIDDEN=T|LOCATION.X=668|LOCATION.Y=321|NAME=Wavelength - Dominant|TEXT=645nm|UNIQUEID=OQHUSYBT|
RECORD=41|LINENO= 186|OWNERPARTID=   0|OWNERINDEX= 176|FONTID=1|ISHIDDEN=T|LOCATION.X=668|LOCATION.Y=321|NAME=Wavelength - Peak|TEXT=660nm|UNIQUEID=GQDCYYEJ|
RECORD=41|LINENO= 187|OWNERPARTID=   0|OWNERINDEX= 176|FONTID=1|ISHIDDEN=T|LOCATION.X=668|LOCATION.Y=321|NAME=Millicandela Rating|TEXT=41mcd|UNIQUEID=XCGRNPEM|
RECORD=41|LINENO= 188|OWNERPARTID=   0|OWNERINDEX= 176|FONTID=1|ISHIDDEN=T|LOCATION.X=668|LOCATION.Y=321|NAME=Voltage - Forward (Vf) (Typ)|TEXT=1.8V|UNIQUEID=HNWMPUND|
RECORD=41|LINENO= 189|OWNERPARTID=   0|OWNERINDEX= 176|%UTF8%TEXT=160Â°|FONTID=1|ISHIDDEN=T|LOCATION.X=668|LOCATION.Y=321|NAME=Viewing Angle|TEXT=160°|UNIQUEID=FTPNKFUO|
RECORD=41|LINENO= 190|OWNERPARTID=   0|OWNERINDEX= 176|FONTID=1|ISHIDDEN=T|LOCATION.X=668|LOCATION.Y=321|NAME=Lens Transparency|TEXT=Diffused|UNIQUEID=KRMPESDD|
RECORD=41|LINENO= 191|OWNERPARTID=   0|OWNERINDEX= 176|FONTID=1|ISHIDDEN=T|LOCATION.X=668|LOCATION.Y=321|NAME=Lens Color|TEXT=White|UNIQUEID=LXMGHEVY|
RECORD=41|LINENO= 192|OWNERPARTID=   0|OWNERINDEX= 176|FONTID=1|ISHIDDEN=T|LOCATION.X=668|LOCATION.Y=321|NAME=Lens Style/Size|TEXT=Rectangle with Flat Top, 1.30mm x 1.25mm|UNIQUEID=WYCERTUP|
RECORD=41|LINENO= 193|OWNERPARTID=   0|OWNERINDEX= 176|FONTID=1|ISHIDDEN=T|LOCATION.X=668|LOCATION.Y=321|NAME=Package / Case|TEXT=0805 (2012 Metric)|UNIQUEID=HMLLTARJ|
RECORD=41|LINENO= 194|OWNERPARTID=   0|OWNERINDEX= 176|FONTID=1|ISHIDDEN=T|LOCATION.X=668|LOCATION.Y=321|NAME=Supplier Device Package|TEXT=*|UNIQUEID=RDQCKETR|
RECORD=41|LINENO= 195|OWNERPARTID=   0|OWNERINDEX= 176|FONTID=1|ISHIDDEN=T|LOCATION.X=668|LOCATION.Y=321|NAME=Size / Dimension|TEXT=2.00mm L x 1.25mm W|UNIQUEID=IRJMHHAS|
RECORD=41|LINENO= 196|OWNERPARTID=   0|OWNERINDEX= 176|FONTID=1|ISHIDDEN=T|LOCATION.X=668|LOCATION.Y=321|NAME=Height (Max)|TEXT=0.80mm|UNIQUEID=UXTYWCIX|
RECORD=41|LINENO= 197|OWNERPARTID=   0|OWNERINDEX= 176|FONTID=1|ISHIDDEN=T|LOCATION.X=668|LOCATION.Y=321|NAME=Mounting Type|TEXT=Surface Mount|UNIQUEID=HDVGFQJO|
RECORD=41|LINENO= 198|OWNERPARTID=   0|OWNERINDEX= 176|FONTID=3|ISHIDDEN=T|LOCATION.X=668|LOCATION.Y=321|NAME=ComponentLink1URL|TEXT=http://www.osram-os.com/Graphics/XPic8/00078869_0.pdf|UNIQUEID=KWDMKSLS|
RECORD=41|LINENO= 199|OWNERPARTID=   0|OWNERINDEX= 176|FONTID=3|ISHIDDEN=T|LOCATION.X=668|LOCATION.Y=321|NAME=ComponentLink1Description|TEXT=http://www.osram-os.com/Graphics/XPic8/00078869_0.pdf|UNIQUEID=BTGMENXP|
RECORD=41|LINENO= 200|OWNERPARTID=   0|OWNERINDEX= 176|FONTID=1|ISHIDDEN=T|LOCATION.X=668|LOCATION.Y=321|NAME=Supplier Part Number 1|TEXT=475-1415-1-ND|UNIQUEID=YILYYDRU|
RECORD=41|LINENO= 201|OWNERPARTID=   0|OWNERINDEX= 176|FONTID=1|ISHIDDEN=T|LOCATION.X=668|LOCATION.Y=321|NAME=Manufacturer Part Number|TEXT=LH R974-LP-1|UNIQUEID=BVYDCIFW|
RECORD=41|LINENO= 202|OWNERPARTID=   0|OWNERINDEX= 176|FONTID=1|LOCATION.X=673|LOCATION.Y=296|NAME=Current - Test|TEXT=20mA|UNIQUEID=OJYRNERO|
RECORD= 2|LINENO= 203|OWNERPARTID=   2|OWNERINDEX= 176|DESIGNATOR=1|ELECTRICAL=4|FORMALTYPE=1|LOCATION.X=678|LOCATION.Y=310|PINCONGLOMERATE=34|PINLENGTH=8|
RECORD=41|LINENO= 204|OWNERPARTID=   0|OWNERINDEX= 203|FONTID=1|ISHIDDEN=T|LOCATION.X=678|LOCATION.Y=310|NAME=PinUniqueId|TEXT=GTNVNDSN|UNIQUEID=CNOQWADK|
RECORD= 2|LINENO= 205|OWNERPARTID=   2|OWNERINDEX= 176|DESIGNATOR=2|ELECTRICAL=4|FORMALTYPE=1|LOCATION.X=681|LOCATION.Y=310|PINCONGLOMERATE=32|PINLENGTH=9|
RECORD=41|LINENO= 206|OWNERPARTID=   0|OWNERINDEX= 205|FONTID=1|ISHIDDEN=T|LOCATION.X=681|LOCATION.Y=310|NAME=PinUniqueId|TEXT=YRHIFNYQ|UNIQUEID=LPWIFHAV|
RECORD= 6|LINENO= 207|OWNERPARTID=   2|OWNERINDEX= 176|LINEWIDTH=1|LOCATIONCOUNT=2|X1=678|X2=678|Y1=307|Y2=313|
RECORD= 6|LINENO= 208|OWNERPARTID=   2|OWNERINDEX= 176|LINEWIDTH=1|LOCATIONCOUNT=4|X1=678|X2=681|X3=681|X4=678|Y1=310|Y2=307|Y3=313|Y4=310|
RECORD=11|LINENO= 209|OWNERPARTID=   2|OWNERINDEX= 176|ENDANGLE=270.000|LINEWIDTH=1|LOCATION.X=680|LOCATION.Y=317|RADIUS=2|SECONDARYRADIUS=2|STARTANGLE=180.000|
RECORD=11|LINENO= 210|OWNERPARTID=   2|OWNERINDEX= 176|ENDANGLE=90.000|LINEWIDTH=1|LOCATION.X=676|LOCATION.Y=317|RADIUS=2|SECONDARYRADIUS=2|STARTANGLE=360.000|
RECORD= 6|LINENO= 211|OWNERPARTID=   2|OWNERINDEX= 176|LINEWIDTH=1|LOCATIONCOUNT=4|X1=674|X2=675|X3=676|X4=674|Y1=320|Y2=318|Y3=320|Y4=320|
RECORD=34|LINENO= 212|OWNERPARTID=   0|OWNERINDEX= 176|FONTID=1|LOCATION.X=673|LOCATION.Y=321|NAME=Designator|TEXT=D6|UNIQUEID=XPWLLNMG|
RECORD=41|LINENO= 213|OWNERPARTID=   0|OWNERINDEX= 176|FONTID=1|ISHIDDEN=T|LOCATION.X=668|LOCATION.Y=321|NAME=Comment|TEXT=LED_LY974|UNIQUEID=SDULWCIP|
RECORD=44|LINENO= 214|OWNERPARTID= -42|OWNERINDEX= 176|
RECORD=45|LINENO= 215|OWNERPARTID= -42|OWNERINDEX= 214|DATABASEDATALINKSLOCKED=T|DATABASEMODEL=T|DATAFILECOUNT=1|DATALINKSLOCKED=T|INTEGRATEDMODEL=T|ISCURRENT=T|MODELDATAFILEENTITY0=0805_Diode|MODELDATAFILEKIND0=PCBLib|MODELNAME=0805_Diode|MODELTYPE=PCBLIB|UNIQUEID=NAALSWOA|USECOMPONENTLIBRARY=T|
RECORD=46|LINENO= 216|OWNERPARTID= -42|OWNERINDEX= 215|
RECORD=48|LINENO= 217|OWNERPARTID= -42|OWNERINDEX= 215|
RECORD= 1|LINENO= 218|OWNERPARTID=   0|OWNERINDEX= -42|AREACOLOR=11599871|COMPONENTDESCRIPTION=LED 0805 RED 20MA|CURRENTPARTID=1|DESIGNITEMID=LED_LY974|DISPLAYMODECOUNT=1|LIBRARYPATH=*|LIBREFERENCE=LED_LY974|LOCATION.X=680|LOCATION.Y=350|NOTUSEDBTABLENAME=T|ORIENTATION=1|PARTCOUNT=2|PARTIDLOCKED=T|SOURCELIBRARYNAME=SSI.IntLib|TARGETFILENAME=*|UNIQUEID=EYAYHELO|
RECORD=41|LINENO= 219|OWNERPARTID=   0|OWNERINDEX= 218|FONTID=1|ISHIDDEN=T|LOCATION.X=668|LOCATION.Y=361|NAME=Supplier 1|TEXT=Digi-Key|UNIQUEID=WUHEIYNW|
RECORD=41|LINENO= 220|OWNERPARTID=   0|OWNERINDEX= 218|FONTID=1|ISHIDDEN=T|LOCATION.X=668|LOCATION.Y=361|NAME=Manufacturer|TEXT=OSRAM Opto Semiconductors Inc|UNIQUEID=VCELJBAJ|
RECORD=41|LINENO= 221|OWNERPARTID=   0|OWNERINDEX= 218|FONTID=1|ISHIDDEN=T|LOCATION.X=668|LOCATION.Y=361|NAME=RoHS|TEXT=RoHS Compliant|UNIQUEID=NMPPREMC|
RECORD=41|LINENO= 222|OWNERPARTID=   0|OWNERINDEX= 218|FONTID=1|ISHIDDEN=T|LOCATION.X=668|LOCATION.Y=361|NAME=Category|TEXT=Optoelectronics|UNIQUEID=NPXTJFVG|
RECORD=41|LINENO= 223|OWNERPARTID=   0|OWNERINDEX= 218|FONTID=1|ISHIDDEN=T|LOCATION.X=668|LOCATION.Y=361|NAME=Stock 1|TEXT=66379|UNIQUEID=OPENDYAO|
RECORD=41|LINENO= 224|OWNERPARTID=   0|OWNERINDEX= 218|FONTID=1|ISHIDDEN=T|LOCATION.X=668|LOCATION.Y=361|NAME=Pricing 1|TEXT=1=0.08, 10=0.07, 100=0.0559, 250=0.04892, 500=0.04472 (USD)|UNIQUEID=MSPGXGWF|
RECORD=41|LINENO= 225|OWNERPARTID=   0|OWNERINDEX= 218|FONTID=1|ISHIDDEN=T|LOCATION.X=668|LOCATION.Y=361|NAME=Packaging|TEXT=Cut Tape (CT)|UNIQUEID=VIOCKYVH|
RECORD=41|LINENO= 226|OWNERPARTID=   0|OWNERINDEX= 218|FONTID=1|ISHIDDEN=T|LOCATION.X=668|LOCATION.Y=361|NAME=Color|TEXT=Red|UNIQUEID=UQWKCCDA|
RECORD=41|LINENO= 227|OWNERPARTID=   0|OWNERINDEX= 218|FONTID=1|ISHIDDEN=T|LOCATION.X=668|LOCATION.Y=361|NAME=Wavelength - Dominant|TEXT=645nm|UNIQUEID=DRDFHDTF|
RECORD=41|LINENO= 228|OWNERPARTID=   0|OWNERINDEX= 218|FONTID=1|ISHIDDEN=T|LOCATION.X=668|LOCATION.Y=361|NAME=Wavelength - Peak|TEXT=660nm|UNIQUEID=QBPGFABR|
RECORD=41|LINENO= 229|OWNERPARTID=   0|OWNERINDEX= 218|FONTID=1|ISHIDDEN=T|LOCATION.X=668|LOCATION.Y=361|NAME=Millicandela Rating|TEXT=41mcd|UNIQUEID=FGNYLSVT|
RECORD=41|LINENO= 230|OWNERPARTID=   0|OWNERINDEX= 218|FONTID=1|ISHIDDEN=T|LOCATION.X=668|LOCATION.Y=361|NAME=Voltage - Forward (Vf) (Typ)|TEXT=1.8V|UNIQUEID=KPJQLMPV|
RECORD=41|LINENO= 231|OWNERPARTID=   0|OWNERINDEX= 218|%UTF8%TEXT=160Â°|FONTID=1|ISHIDDEN=T|LOCATION.X=668|LOCATION.Y=361|NAME=Viewing Angle|TEXT=160°|UNIQUEID=IJQFWHKF|
RECORD=41|LINENO= 232|OWNERPARTID=   0|OWNERINDEX= 218|FONTID=1|ISHIDDEN=T|LOCATION.X=668|LOCATION.Y=361|NAME=Lens Transparency|TEXT=Diffused|UNIQUEID=WDFUSIRI|
RECORD=41|LINENO= 233|OWNERPARTID=   0|OWNERINDEX= 218|FONTID=1|ISHIDDEN=T|LOCATION.X=668|LOCATION.Y=361|NAME=Lens Color|TEXT=White|UNIQUEID=EVGTCORE|
RECORD=41|LINENO= 234|OWNERPARTID=   0|OWNERINDEX= 218|FONTID=1|ISHIDDEN=T|LOCATION.X=668|LOCATION.Y=361|NAME=Lens Style/Size|TEXT=Rectangle with Flat Top, 1.30mm x 1.25mm|UNIQUEID=MMJWBJXK|
RECORD=41|LINENO= 235|OWNERPARTID=   0|OWNERINDEX= 218|FONTID=1|ISHIDDEN=T|LOCATION.X=668|LOCATION.Y=361|NAME=Package / Case|TEXT=0805 (2012 Metric)|UNIQUEID=EBKABHJY|
RECORD=41|LINENO= 236|OWNERPARTID=   0|OWNERINDEX= 218|FONTID=1|ISHIDDEN=T|LOCATION.X=668|LOCATION.Y=361|NAME=Supplier Device Package|TEXT=*|UNIQUEID=KLXENPJK|
RECORD=41|LINENO= 237|OWNERPARTID=   0|OWNERINDEX= 218|FONTID=1|ISHIDDEN=T|LOCATION.X=668|LOCATION.Y=361|NAME=Size / Dimension|TEXT=2.00mm L x 1.25mm W|UNIQUEID=QSPHRHMG|
RECORD=41|LINENO= 238|OWNERPARTID=   0|OWNERINDEX= 218|FONTID=1|ISHIDDEN=T|LOCATION.X=668|LOCATION.Y=361|NAME=Height (Max)|TEXT=0.80mm|UNIQUEID=WUMQTXCY|
RECORD=41|LINENO= 239|OWNERPARTID=   0|OWNERINDEX= 218|FONTID=1|ISHIDDEN=T|LOCATION.X=668|LOCATION.Y=361|NAME=Mounting Type|TEXT=Surface Mount|UNIQUEID=XCCKTMWE|
RECORD=41|LINENO= 240|OWNERPARTID=   0|OWNERINDEX= 218|FONTID=3|ISHIDDEN=T|LOCATION.X=668|LOCATION.Y=361|NAME=ComponentLink1URL|TEXT=http://www.osram-os.com/Graphics/XPic8/00078869_0.pdf|UNIQUEID=FDXLYJAQ|
RECORD=41|LINENO= 241|OWNERPARTID=   0|OWNERINDEX= 218|FONTID=3|ISHIDDEN=T|LOCATION.X=668|LOCATION.Y=361|NAME=ComponentLink1Description|TEXT=http://www.osram-os.com/Graphics/XPic8/00078869_0.pdf|UNIQUEID=QNQWKODY|
RECORD=41|LINENO= 242|OWNERPARTID=   0|OWNERINDEX= 218|FONTID=1|ISHIDDEN=T|LOCATION.X=668|LOCATION.Y=361|NAME=Supplier Part Number 1|TEXT=475-1415-1-ND|UNIQUEID=DSYECRKJ|
RECORD=41|LINENO= 243|OWNERPARTID=   0|OWNERINDEX= 218|FONTID=1|ISHIDDEN=T|LOCATION.X=668|LOCATION.Y=361|NAME=Manufacturer Part Number|TEXT=LH R974-LP-1|UNIQUEID=WUKPAEBM|
RECORD=41|LINENO= 244|OWNERPARTID=   0|OWNERINDEX= 218|FONTID=1|LOCATION.X=673|LOCATION.Y=336|NAME=Current - Test|TEXT=20mA|UNIQUEID=VQYOBOTP|
RECORD= 2|LINENO= 245|OWNERPARTID=   2|OWNERINDEX= 218|DESIGNATOR=1|ELECTRICAL=4|FORMALTYPE=1|LOCATION.X=678|LOCATION.Y=350|PINCONGLOMERATE=34|PINLENGTH=8|
RECORD=41|LINENO= 246|OWNERPARTID=   0|OWNERINDEX= 245|FONTID=1|ISHIDDEN=T|LOCATION.X=678|LOCATION.Y=350|NAME=PinUniqueId|TEXT=KVKFOSKK|UNIQUEID=HTQNXDWA|
RECORD= 2|LINENO= 247|OWNERPARTID=   2|OWNERINDEX= 218|DESIGNATOR=2|ELECTRICAL=4|FORMALTYPE=1|LOCATION.X=681|LOCATION.Y=350|PINCONGLOMERATE=32|PINLENGTH=9|
RECORD=41|LINENO= 248|OWNERPARTID=   0|OWNERINDEX= 247|FONTID=1|ISHIDDEN=T|LOCATION.X=681|LOCATION.Y=350|NAME=PinUniqueId|TEXT=KSORWJME|UNIQUEID=WTYYCLNH|
RECORD= 6|LINENO= 249|OWNERPARTID=   2|OWNERINDEX= 218|LINEWIDTH=1|LOCATIONCOUNT=2|X1=678|X2=678|Y1=347|Y2=353|
RECORD= 6|LINENO= 250|OWNERPARTID=   2|OWNERINDEX= 218|LINEWIDTH=1|LOCATIONCOUNT=4|X1=678|X2=681|X3=681|X4=678|Y1=350|Y2=347|Y3=353|Y4=350|
RECORD=11|LINENO= 251|OWNERPARTID=   2|OWNERINDEX= 218|ENDANGLE=270.000|LINEWIDTH=1|LOCATION.X=680|LOCATION.Y=357|RADIUS=2|SECONDARYRADIUS=2|STARTANGLE=180.000|
RECORD=11|LINENO= 252|OWNERPARTID=   2|OWNERINDEX= 218|ENDANGLE=90.000|LINEWIDTH=1|LOCATION.X=676|LOCATION.Y=357|RADIUS=2|SECONDARYRADIUS=2|STARTANGLE=360.000|
RECORD= 6|LINENO= 253|OWNERPARTID=   2|OWNERINDEX= 218|LINEWIDTH=1|LOCATIONCOUNT=4|X1=674|X2=675|X3=676|X4=674|Y1=360|Y2=358|Y3=360|Y4=360|
RECORD=34|LINENO= 254|OWNERPARTID=   0|OWNERINDEX= 218|FONTID=1|LOCATION.X=673|LOCATION.Y=361|NAME=Designator|TEXT=D5|UNIQUEID=SFINBHHJ|
RECORD=41|LINENO= 255|OWNERPARTID=   0|OWNERINDEX= 218|FONTID=1|ISHIDDEN=T|LOCATION.X=668|LOCATION.Y=361|NAME=Comment|TEXT=LED_LY974|UNIQUEID=LIYGFXUT|
RECORD=44|LINENO= 256|OWNERPARTID= -42|OWNERINDEX= 218|
RECORD=45|LINENO= 257|OWNERPARTID= -42|OWNERINDEX= 256|DATABASEDATALINKSLOCKED=T|DATABASEMODEL=T|DATAFILECOUNT=1|DATALINKSLOCKED=T|INTEGRATEDMODEL=T|ISCURRENT=T|MODELDATAFILEENTITY0=0805_Diode|MODELDATAFILEKIND0=PCBLib|MODELNAME=0805_Diode|MODELTYPE=PCBLIB|UNIQUEID=SQGHSJRV|USECOMPONENTLIBRARY=T|
RECORD=46|LINENO= 258|OWNERPARTID= -42|OWNERINDEX= 257|
RECORD=48|LINENO= 259|OWNERPARTID= -42|OWNERINDEX= 257|
RECORD=17|LINENO= 260|OWNERPARTID=   0|OWNERINDEX= -42|FONTID=1|LOCATION.X=520|LOCATION.Y=520|SHOWNETNAME=T|STYLE=7|TEXT=1V8|UNIQUEID=TXOHMAHP|
RECORD=43|LINENO= 261|OWNERPARTID=   0|OWNERINDEX= -42|LOCATION.X=310|LOCATION.Y=400|NAME=DIFFPAIR|
RECORD=41|LINENO= 262|OWNERPARTID=   0|OWNERINDEX= 261|FONTID=1|ISHIDDEN=T|LOCATION.X=310|LOCATION.Y=400|NAME=DifferentialPair|SHOWNAME=T|TEXT=True|UNIQUEID=ILSQMAHV|
RECORD=25|LINENO= 263|OWNERPARTID=   0|OWNERINDEX= -42|FONTID=1|LOCATION.X=290|LOCATION.Y=380|TEXT=USB_D_P|UNIQUEID=VHWBUXKS|
RECORD=25|LINENO= 264|OWNERPARTID=   0|OWNERINDEX= -42|FONTID=1|LOCATION.X=260|LOCATION.Y=400|TEXT=USB_D_N|UNIQUEID=JRQOMBUK|
RECORD=43|LINENO= 265|OWNERPARTID=   0|OWNERINDEX= -42|LOCATION.X=340|LOCATION.Y=380|NAME=DIFFPAIR|
RECORD=41|LINENO= 266|OWNERPARTID=   0|OWNERINDEX= 265|FONTID=1|ISHIDDEN=T|LOCATION.X=310|LOCATION.Y=380|NAME=DifferentialPair|SHOWNAME=T|TEXT=True|UNIQUEID=QDCTEFQD|
RECORD= 1|LINENO= 267|OWNERPARTID=   0|OWNERINDEX= -42|AREACOLOR=11599871|COMPONENTDESCRIPTION=RES SMD 200 OHM 1% 1/10W 0603|CURRENTPARTID=1|DATABASETABLENAME=Resistors$|DESIGNITEMID=CRCW0603200RFKEA|DISPLAYMODECOUNT=1|LIBRARYPATH=*|LIBREFERENCE=__template_resistor|LOCATION.X=640|LOCATION.Y=350|PARTCOUNT=2|PARTIDLOCKED=T|SOURCELIBRARYNAME=resistor.DbLib|TARGETFILENAME=*|UNIQUEID=UYXYQWDM|
RECORD=41|LINENO= 268|OWNERPARTID=   0|OWNERINDEX= 267|FONTID=1|ISHIDDEN=T|LOCATION.X=635|LOCATION.Y=365|NAME=Supplier Part Number|TEXT=541-200HCT-ND|UNIQUEID=LIHJYBJA|
RECORD=41|LINENO= 269|OWNERPARTID=   0|OWNERINDEX= 267|FONTID=1|ISHIDDEN=T|LOCATION.X=635|LOCATION.Y=365|NAME=Manufacturer Part Number|TEXT=CRCW0603200RFKEA|UNIQUEID=ACDVOEHA|
RECORD=41|LINENO= 270|OWNERPARTID=   0|OWNERINDEX= 267|FONTID=1|LOCATION.X=643|LOCATION.Y=337|NAME=Value|TEXT=200|UNIQUEID=BPQWLTOU|
RECORD=41|LINENO= 271|OWNERPARTID=   0|OWNERINDEX= 267|FONTID=1|ISHIDDEN=T|LOCATION.X=635|LOCATION.Y=375|NAME=Resistance (Machine readable)|TEXT=200|UNIQUEID=VYEOPNPG|
RECORD=41|LINENO= 272|OWNERPARTID=   0|OWNERINDEX= 267|FONTID=1|ISHIDDEN=T|LOCATION.X=635|LOCATION.Y=375|NAME=type|TEXT=resistor|UNIQUEID=OAOXCKJH|
RECORD=41|LINENO= 273|OWNERPARTID=   0|OWNERINDEX= 267|FONTID=1|ISHIDDEN=T|LOCATION.X=635|LOCATION.Y=375|NAME=Manufacturer|TEXT=Vishay Dale|UNIQUEID=PFBLBYNH|
RECORD=41|LINENO= 274|OWNERPARTID=   0|OWNERINDEX= 267|FONTID=1|ISHIDDEN=T|LOCATION.X=635|LOCATION.Y=375|NAME=Unit Price (USD)|TEXT=0.081|UNIQUEID=OSJNDNEP|
RECORD=41|LINENO= 275|OWNERPARTID=   0|OWNERINDEX= 267|FONTID=1|ISHIDDEN=T|LOCATION.X=635|LOCATION.Y=375|NAME=Packaging|TEXT=Cut Tape (CT)|UNIQUEID=YOJVBTRA|
RECORD=41|LINENO= 276|OWNERPARTID=   0|OWNERINDEX= 267|FONTID=1|ISHIDDEN=T|LOCATION.X=635|LOCATION.Y=375|NAME=Series|TEXT=CRCW|UNIQUEID=YONHYXSP|
RECORD=41|LINENO= 277|OWNERPARTID=   0|OWNERINDEX= 267|%UTF8%TEXT=Â±1%|FONTID=1|ISHIDDEN=T|LOCATION.X=635|LOCATION.Y=375|NAME=Tolerance|TEXT=±1%|UNIQUEID=VUHJLMXH|
RECORD=41|LINENO= 278|OWNERPARTID=   0|OWNERINDEX= 267|FONTID=1|ISHIDDEN=T|LOCATION.X=635|LOCATION.Y=375|NAME=Power (Watts)|TEXT=0.1W, 1/10W|UNIQUEID=EVHBLONP|
RECORD=41|LINENO= 279|OWNERPARTID=   0|OWNERINDEX= 267|FONTID=1|ISHIDDEN=T|LOCATION.X=635|LOCATION.Y=375|NAME=Package|TEXT=0603 (1608 Metric)|UNIQUEID=WWDMDRQO|
RECORD= 2|LINENO= 280|OWNERPARTID=   2|OWNERINDEX= 267|DESIGNATOR=1|ELECTRICAL=4|FORMALTYPE=1|LOCATION.X=644|LOCATION.Y=350|PINCONGLOMERATE=34|PINLENGTH=4|
RECORD=41|LINENO= 281|OWNERPARTID=   0|OWNERINDEX= 280|FONTID=1|ISHIDDEN=T|LOCATION.X=644|LOCATION.Y=350|NAME=PinUniqueId|TEXT=HKKAELPO|UNIQUEID=IJJPOSAH|
RECORD= 2|LINENO= 282|OWNERPARTID=   2|OWNERINDEX= 267|DESIGNATOR=2|ELECTRICAL=4|FORMALTYPE=1|LOCATION.X=656|LOCATION.Y=350|PINCONGLOMERATE=32|PINLENGTH=4|
RECORD=41|LINENO= 283|OWNERPARTID=   0|OWNERINDEX= 282|FONTID=1|ISHIDDEN=T|LOCATION.X=656|LOCATION.Y=350|NAME=PinUniqueId|TEXT=NOBWHERG|UNIQUEID=TQQBXLHC|
RECORD= 6|LINENO= 284|OWNERPARTID=   2|OWNERINDEX= 267|LINEWIDTH=1|LOCATIONCOUNT=8|X1=644|X2=645|X3=647|X4=649|X5=651|X6=653|X7=655|X8=656|Y1=350|Y2=352|Y3=348|Y4=352|Y5=348|Y6=352|Y7=348|Y8=350|
RECORD=34|LINENO= 285|OWNERPARTID=   0|OWNERINDEX= 267|FONTID=1|LOCATION.X=643|LOCATION.Y=353|NAME=Designator|TEXT=R13|UNIQUEID=EPSALQBG|
RECORD=41|LINENO= 286|OWNERPARTID=   0|OWNERINDEX= 267|FONTID=1|ISHIDDEN=T|LOCATION.X=635|LOCATION.Y=335|NAME=Comment|TEXT=__template_resistor|UNIQUEID=JCNAKOUV|
RECORD=44|LINENO= 287|OWNERPARTID= -42|OWNERINDEX= 267|
RECORD=45|LINENO= 288|OWNERPARTID= -42|OWNERINDEX= 287|DATABASEDATALINKSLOCKED=T|DATAFILECOUNT=1|DATALINKSLOCKED=T|ISCURRENT=T|MODELDATAFILEENTITY0=R0603|MODELDATAFILEKIND0=PCBLib|MODELNAME=R0603|MODELTYPE=PCBLIB|UNIQUEID=IPWLKTHR|USECOMPONENTLIBRARY=T|
RECORD=46|LINENO= 289|OWNERPARTID= -42|OWNERINDEX= 288|
RECORD=48|LINENO= 290|OWNERPARTID= -42|OWNERINDEX= 288|
RECORD= 1|LINENO= 291|OWNERPARTID=   0|OWNERINDEX= -42|AREACOLOR=11599871|COMPONENTDESCRIPTION=RES SMD 200 OHM 1% 1/10W 0603|CURRENTPARTID=1|DATABASETABLENAME=Resistors$|DESIGNITEMID=CRCW0603200RFKEA|DISPLAYMODECOUNT=1|LIBRARYPATH=*|LIBREFERENCE=__template_resistor|LOCATION.X=640|LOCATION.Y=310|PARTCOUNT=2|PARTIDLOCKED=T|SOURCELIBRARYNAME=resistor.DbLib|TARGETFILENAME=*|UNIQUEID=HPCHSUJE|
RECORD=41|LINENO= 292|OWNERPARTID=   0|OWNERINDEX= 291|FONTID=1|ISHIDDEN=T|LOCATION.X=635|LOCATION.Y=325|NAME=Supplier Part Number|TEXT=541-200HCT-ND|UNIQUEID=TUTFTXAY|
RECORD=41|LINENO= 293|OWNERPARTID=   0|OWNERINDEX= 291|FONTID=1|ISHIDDEN=T|LOCATION.X=635|LOCATION.Y=325|NAME=Manufacturer Part Number|TEXT=CRCW0603200RFKEA|UNIQUEID=VYYVBFVC|
RECORD=41|LINENO= 294|OWNERPARTID=   0|OWNERINDEX= 291|FONTID=1|LOCATION.X=643|LOCATION.Y=297|NAME=Value|TEXT=200|UNIQUEID=GBHRHRBK|
RECORD=41|LINENO= 295|OWNERPARTID=   0|OWNERINDEX= 291|FONTID=1|ISHIDDEN=T|LOCATION.X=635|LOCATION.Y=335|NAME=Resistance (Machine readable)|TEXT=200|UNIQUEID=IRTRHIUR|
RECORD=41|LINENO= 296|OWNERPARTID=   0|OWNERINDEX= 291|FONTID=1|ISHIDDEN=T|LOCATION.X=635|LOCATION.Y=335|NAME=type|TEXT=resistor|UNIQUEID=HFRALNBO|
RECORD=41|LINENO= 297|OWNERPARTID=   0|OWNERINDEX= 291|FONTID=1|ISHIDDEN=T|LOCATION.X=635|LOCATION.Y=335|NAME=Manufacturer|TEXT=Vishay Dale|UNIQUEID=WPFILHIU|
RECORD=41|LINENO= 298|OWNERPARTID=   0|OWNERINDEX= 291|FONTID=1|ISHIDDEN=T|LOCATION.X=635|LOCATION.Y=335|NAME=Unit Price (USD)|TEXT=0.081|UNIQUEID=DVETJVWF|
RECORD=41|LINENO= 299|OWNERPARTID=   0|OWNERINDEX= 291|FONTID=1|ISHIDDEN=T|LOCATION.X=635|LOCATION.Y=335|NAME=Packaging|TEXT=Cut Tape (CT)|UNIQUEID=QAADWADY|
RECORD=41|LINENO= 300|OWNERPARTID=   0|OWNERINDEX= 291|FONTID=1|ISHIDDEN=T|LOCATION.X=635|LOCATION.Y=335|NAME=Series|TEXT=CRCW|UNIQUEID=AOIDEUQW|
RECORD=41|LINENO= 301|OWNERPARTID=   0|OWNERINDEX= 291|%UTF8%TEXT=Â±1%|FONTID=1|ISHIDDEN=T|LOCATION.X=635|LOCATION.Y=335|NAME=Tolerance|TEXT=±1%|UNIQUEID=UTMRNBBR|
RECORD=41|LINENO= 302|OWNERPARTID=   0|OWNERINDEX= 291|FONTID=1|ISHIDDEN=T|LOCATION.X=635|LOCATION.Y=335|NAME=Power (Watts)|TEXT=0.1W, 1/10W|UNIQUEID=KARICBPK|
RECORD=41|LINENO= 303|OWNERPARTID=   0|OWNERINDEX= 291|FONTID=1|ISHIDDEN=T|LOCATION.X=635|LOCATION.Y=335|NAME=Package|TEXT=0603 (1608 Metric)|UNIQUEID=WGIMALWX|
RECORD= 2|LINENO= 304|OWNERPARTID=   2|OWNERINDEX= 291|DESIGNATOR=1|ELECTRICAL=4|FORMALTYPE=1|LOCATION.X=644|LOCATION.Y=310|PINCONGLOMERATE=34|PINLENGTH=4|
RECORD=41|LINENO= 305|OWNERPARTID=   0|OWNERINDEX= 304|FONTID=1|ISHIDDEN=T|LOCATION.X=644|LOCATION.Y=310|NAME=PinUniqueId|TEXT=FRNBRVTJ|UNIQUEID=RDXFBFBO|
RECORD= 2|LINENO= 306|OWNERPARTID=   2|OWNERINDEX= 291|DESIGNATOR=2|ELECTRICAL=4|FORMALTYPE=1|LOCATION.X=656|LOCATION.Y=310|PINCONGLOMERATE=32|PINLENGTH=4|
RECORD=41|LINENO= 307|OWNERPARTID=   0|OWNERINDEX= 306|FONTID=1|ISHIDDEN=T|LOCATION.X=656|LOCATION.Y=310|NAME=PinUniqueId|TEXT=VFHBTVXR|UNIQUEID=UBJVHEPV|
RECORD= 6|LINENO= 308|OWNERPARTID=   2|OWNERINDEX= 291|LINEWIDTH=1|LOCATIONCOUNT=8|X1=644|X2=645|X3=647|X4=649|X5=651|X6=653|X7=655|X8=656|Y1=310|Y2=312|Y3=308|Y4=312|Y5=308|Y6=312|Y7=308|Y8=310|
RECORD=34|LINENO= 309|OWNERPARTID=   0|OWNERINDEX= 291|FONTID=1|LOCATION.X=643|LOCATION.Y=313|NAME=Designator|TEXT=R14|UNIQUEID=LRUOMIWD|
RECORD=41|LINENO= 310|OWNERPARTID=   0|OWNERINDEX= 291|FONTID=1|ISHIDDEN=T|LOCATION.X=635|LOCATION.Y=295|NAME=Comment|TEXT=__template_resistor|UNIQUEID=JJHURJHP|
RECORD=44|LINENO= 311|OWNERPARTID= -42|OWNERINDEX= 291|
RECORD=45|LINENO= 312|OWNERPARTID= -42|OWNERINDEX= 311|DATABASEDATALINKSLOCKED=T|DATAFILECOUNT=1|DATALINKSLOCKED=T|ISCURRENT=T|MODELDATAFILEENTITY0=R0603|MODELDATAFILEKIND0=PCBLib|MODELNAME=R0603|MODELTYPE=PCBLIB|UNIQUEID=UBMXYWMI|USECOMPONENTLIBRARY=T|
RECORD=46|LINENO= 313|OWNERPARTID= -42|OWNERINDEX= 312|
RECORD=48|LINENO= 314|OWNERPARTID= -42|OWNERINDEX= 312|
RECORD=17|LINENO= 315|OWNERPARTID=   0|OWNERINDEX= -42|FONTID=2|LOCATION.X=130|LOCATION.Y=410|ORIENTATION=1|SHOWNETNAME=T|STYLE=2|TEXT=GND|UNIQUEID=CDTJBJGJ|
RECORD= 1|LINENO= 316|OWNERPARTID=   0|OWNERINDEX= -42|AREACOLOR=11599871|COMPONENTDESCRIPTION=USB - mini B Receptacle Connector 5 Position Through Hole, Vertical|CURRENTPARTID=1|DESIGNITEMID=CONN_USB_MINI_B_WE651005136421|DISPLAYMODECOUNT=1|LIBRARYPATH=*|LIBREFERENCE=CONN_USB_MINI_B_WE651005136421|LOCATION.X=90|LOCATION.Y=360|NOTUSEDBTABLENAME=T|PARTCOUNT=2|PARTIDLOCKED=F|SOURCELIBRARYNAME=SSI.IntLib|TARGETFILENAME=*|UNIQUEID=CPILKUML|
RECORD=41|LINENO= 317|OWNERPARTID=   0|OWNERINDEX= 316|FONTID=1|ISHIDDEN=T|LOCATION.X=68|LOCATION.Y=421|NAME=Published|TEXT=30-May-2008|UNIQUEID=JCCCSTGR|
RECORD=41|LINENO= 318|OWNERPARTID=   0|OWNERINDEX= 316|FONTID=1|ISHIDDEN=T|LOCATION.X=68|LOCATION.Y=421|NAME=Publisher|TEXT=Altium Limited|UNIQUEID=FLMSTAVL|
RECORD=41|LINENO= 319|OWNERPARTID=   0|OWNERINDEX= 316|FONTID=1|ISHIDDEN=T|LOCATION.X=68|LOCATION.Y=421|NAME=Supplier 1|TEXT=Digi-Key|UNIQUEID=CIPNOOMA|
RECORD=41|LINENO= 320|OWNERPARTID=   0|OWNERINDEX= 316|FONTID=1|ISHIDDEN=T|LOCATION.X=68|LOCATION.Y=421|NAME=RoHS|TEXT=RoHS Compliant|UNIQUEID=IFWFSALG|
RECORD=41|LINENO= 321|OWNERPARTID=   0|OWNERINDEX= 316|FONTID=1|ISHIDDEN=T|LOCATION.X=68|LOCATION.Y=421|NAME=Stock 1|TEXT=4612|UNIQUEID=MSLQLCNK|
RECORD=41|LINENO= 322|OWNERPARTID=   0|OWNERINDEX= 316|FONTID=1|ISHIDDEN=T|LOCATION.X=68|LOCATION.Y=421|NAME=Pricing 1|TEXT=1=2.25, 10=1.95, 50=1.8376, 100=1.65, 500=1.5 (USD)|UNIQUEID=PTIOOBAS|
RECORD=41|LINENO= 323|OWNERPARTID=   0|OWNERINDEX= 316|FONTID=1|ISHIDDEN=T|LOCATION.X=68|LOCATION.Y=421|NAME=Specifications|TEXT=-|UNIQUEID=ICCIFQQL|
RECORD=41|LINENO= 324|OWNERPARTID=   0|OWNERINDEX= 316|FONTID=1|ISHIDDEN=T|LOCATION.X=68|LOCATION.Y=421|NAME=Supplier 2|TEXT=Digi-Key|UNIQUEID=TMDXHLBN|
RECORD=41|LINENO= 325|OWNERPARTID=   0|OWNERINDEX= 316|FONTID=1|ISHIDDEN=T|LOCATION.X=68|LOCATION.Y=421|NAME=Manufacturer|TEXT=Wurth Electronics Inc|UNIQUEID=GJRQXVMS|
RECORD=41|LINENO= 326|OWNERPARTID=   0|OWNERINDEX= 316|FONTID=1|ISHIDDEN=T|LOCATION.X=68|LOCATION.Y=421|NAME=Manufacturer Part Number|TEXT=651005136421|UNIQUEID=PEVKPPCN|
RECORD=41|LINENO= 327|OWNERPARTID=   0|OWNERINDEX= 316|FONTID=1|ISHIDDEN=T|LOCATION.X=68|LOCATION.Y=421|NAME=Category|TEXT=Connectors, Interconnects|UNIQUEID=VFCKDCWF|
RECORD=41|LINENO= 328|OWNERPARTID=   0|OWNERINDEX= 316|FONTID=1|ISHIDDEN=T|LOCATION.X=68|LOCATION.Y=421|NAME=Stock 2|TEXT=4612|UNIQUEID=WBXPJWTE|
RECORD=41|LINENO= 329|OWNERPARTID=   0|OWNERINDEX= 316|FONTID=1|ISHIDDEN=T|LOCATION.X=68|LOCATION.Y=421|NAME=Pricing 2|TEXT=1=2.25, 10=1.95, 50=1.8376, 100=1.65, 500=1.5 (USD)|UNIQUEID=VHGNWWIT|
RECORD=41|LINENO= 330|OWNERPARTID=   0|OWNERINDEX= 316|FONTID=1|ISHIDDEN=T|LOCATION.X=68|LOCATION.Y=421|NAME=Packaging|TEXT=Tray|UNIQUEID=POIVKNGY|
RECORD=41|LINENO= 331|OWNERPARTID=   0|OWNERINDEX= 316|FONTID=1|ISHIDDEN=T|LOCATION.X=68|LOCATION.Y=421|NAME=Connector Type|TEXT=USB - mini B|UNIQUEID=KABKAPUL|
RECORD=41|LINENO= 332|OWNERPARTID=   0|OWNERINDEX= 316|FONTID=1|ISHIDDEN=T|LOCATION.X=68|LOCATION.Y=421|NAME=Number of Contacts|TEXT=5|UNIQUEID=GMITDSYC|
RECORD=41|LINENO= 333|OWNERPARTID=   0|OWNERINDEX= 316|FONTID=1|ISHIDDEN=T|LOCATION.X=68|LOCATION.Y=421|NAME=Gender|TEXT=Receptacle|UNIQUEID=EKAMKKLF|
RECORD=41|LINENO= 334|OWNERPARTID=   0|OWNERINDEX= 316|FONTID=1|ISHIDDEN=T|LOCATION.X=68|LOCATION.Y=421|NAME=Mounting Type|TEXT=Through Hole, Vertical|UNIQUEID=ATCSKKKL|
RECORD=41|LINENO= 335|OWNERPARTID=   0|OWNERINDEX= 316|FONTID=1|ISHIDDEN=T|LOCATION.X=68|LOCATION.Y=421|NAME=Features|TEXT=Board Lock, Shielded|UNIQUEID=NHYRAFGA|
RECORD=41|LINENO= 336|OWNERPARTID=   0|OWNERINDEX= 316|FONTID=1|ISHIDDEN=T|LOCATION.X=68|LOCATION.Y=421|NAME=Ingress Protection|TEXT=-|UNIQUEID=UMKGUHTM|
RECORD=41|LINENO= 337|OWNERPARTID=   0|OWNERINDEX= 316|FONTID=3|ISHIDDEN=T|LOCATION.X=68|LOCATION.Y=421|NAME=ComponentLink1URL|TEXT=http://katalog.we-online.de/em/datasheet/651005136421.pdf|UNIQUEID=UYPRDSRL|
RECORD=41|LINENO= 338|OWNERPARTID=   0|OWNERINDEX= 316|FONTID=3|ISHIDDEN=T|LOCATION.X=68|LOCATION.Y=421|NAME=ComponentLink1Description|TEXT=http://katalog.we-online.de/em/datasheet/651005136421.pdf|UNIQUEID=PSMKYRMK|
RECORD=41|LINENO= 339|OWNERPARTID=   0|OWNERINDEX= 316|FONTID=1|ISHIDDEN=T|LOCATION.X=68|LOCATION.Y=421|NAME=Supplier Part Number 2|TEXT=732-2735-ND|UNIQUEID=KJKPQEMG|
RECORD= 2|LINENO= 340|OWNERPARTID=   2|OWNERINDEX= 316|DESCRIPTION=Shell|DESIGNATOR=7|ELECTRICAL=4|FORMALTYPE=1|LOCATION.X=90|LOCATION.Y=390|NAME=MH2|PINCONGLOMERATE=50|PINLENGTH=20|
RECORD=41|LINENO= 341|OWNERPARTID=   0|OWNERINDEX= 340|FONTID=1|ISHIDDEN=T|LOCATION.X=90|LOCATION.Y=390|NAME=PinUniqueId|TEXT=OQJINOEQ|UNIQUEID=VVPHVGTR|
RECORD= 2|LINENO= 342|OWNERPARTID=   2|OWNERINDEX= 316|DESCRIPTION=Shell|DESIGNATOR=6|ELECTRICAL=4|FORMALTYPE=1|LOCATION.X=90|LOCATION.Y=380|NAME=MH1|PINCONGLOMERATE=50|PINLENGTH=20|
RECORD=41|LINENO= 343|OWNERPARTID=   0|OWNERINDEX= 342|FONTID=1|ISHIDDEN=T|LOCATION.X=90|LOCATION.Y=380|NAME=PinUniqueId|TEXT=BVEFDMEM|UNIQUEID=DMGEPXDD|
RECORD= 2|LINENO= 344|OWNERPARTID=   2|OWNERINDEX= 316|DESCRIPTION=USB Data - [White]|DESIGNATOR=2|ELECTRICAL=4|FORMALTYPE=1|LOCATION.X=110|LOCATION.Y=380|NAME=D-|PINCONGLOMERATE=48|PINLENGTH=20|
RECORD=41|LINENO= 345|OWNERPARTID=   0|OWNERINDEX= 344|FONTID=1|ISHIDDEN=T|LOCATION.X=110|LOCATION.Y=380|NAME=PinUniqueId|TEXT=GJYOMMCK|UNIQUEID=AWYHCHMW|
RECORD= 2|LINENO= 346|OWNERPARTID=   2|OWNERINDEX= 316|DESCRIPTION=USB Data + [Green]|DESIGNATOR=3|ELECTRICAL=4|FORMALTYPE=1|LOCATION.X=110|LOCATION.Y=390|NAME=D+|PINCONGLOMERATE=48|PINLENGTH=20|
RECORD=41|LINENO= 347|OWNERPARTID=   0|OWNERINDEX= 346|FONTID=1|ISHIDDEN=T|LOCATION.X=110|LOCATION.Y=390|NAME=PinUniqueId|TEXT=XEPLAAYH|UNIQUEID=XQKKWAAI|
RECORD= 2|LINENO= 348|OWNERPARTID=   2|OWNERINDEX= 316|DESIGNATOR=4|ELECTRICAL=4|FORMALTYPE=1|LOCATION.X=110|LOCATION.Y=400|NAME=ID|PINCONGLOMERATE=48|PINLENGTH=20|
RECORD=41|LINENO= 349|OWNERPARTID=   0|OWNERINDEX= 348|FONTID=1|ISHIDDEN=T|LOCATION.X=110|LOCATION.Y=400|NAME=PinUniqueId|TEXT=TSMQJJYY|UNIQUEID=RKCFITDT|
RECORD= 2|LINENO= 350|OWNERPARTID=   2|OWNERINDEX= 316|DESCRIPTION=Ground [Black]|DESIGNATOR=5|ELECTRICAL=4|FORMALTYPE=1|LOCATION.X=110|LOCATION.Y=410|NAME=GND|PINCONGLOMERATE=48|PINLENGTH=20|
RECORD=41|LINENO= 351|OWNERPARTID=   0|OWNERINDEX= 350|FONTID=1|ISHIDDEN=T|LOCATION.X=110|LOCATION.Y=410|NAME=PinUniqueId|TEXT=XLIWWQIA|UNIQUEID=AVYJKBHQ|
RECORD= 2|LINENO= 352|OWNERPARTID=   2|OWNERINDEX= 316|DESCRIPTION=USB Vcc [Red]|DESIGNATOR=1|ELECTRICAL=4|FORMALTYPE=1|LOCATION.X=110|LOCATION.Y=370|NAME=V BUS|PINCONGLOMERATE=48|PINLENGTH=20|
RECORD=41|LINENO= 353|OWNERPARTID=   0|OWNERINDEX= 352|FONTID=1|ISHIDDEN=T|LOCATION.X=110|LOCATION.Y=370|NAME=PinUniqueId|TEXT=BOEHHSRF|UNIQUEID=MYTLGUNE|
RECORD= 6|LINENO= 354|OWNERPARTID=   2|OWNERINDEX= 316|LINEWIDTH=1|LOCATIONCOUNT=2|X1=110|X2=103|Y1=380|Y2=380|
RECORD= 8|LINENO= 355|OWNERPARTID=   2|OWNERINDEX= 316|AREACOLOR=16711680|LINEWIDTH=1|LOCATION.X=100|LOCATION.Y=380|RADIUS=3|SECONDARYRADIUS=3|
RECORD= 6|LINENO= 356|OWNERPARTID=   2|OWNERINDEX= 316|LINEWIDTH=1|LOCATIONCOUNT=2|X1=110|X2=103|Y1=400|Y2=400|
RECORD= 8|LINENO= 357|OWNERPARTID=   2|OWNERINDEX= 316|AREACOLOR=16711680|LINEWIDTH=1|LOCATION.X=100|LOCATION.Y=400|RADIUS=3|SECONDARYRADIUS=3|
RECORD= 6|LINENO= 358|OWNERPARTID=   2|OWNERINDEX= 316|LINEWIDTH=1|LOCATIONCOUNT=2|X1=110|X2=103|Y1=390|Y2=390|
RECORD= 8|LINENO= 359|OWNERPARTID=   2|OWNERINDEX= 316|AREACOLOR=16711680|LINEWIDTH=1|LOCATION.X=100|LOCATION.Y=390|RADIUS=3|SECONDARYRADIUS=3|
RECORD= 6|LINENO= 360|OWNERPARTID=   2|OWNERINDEX= 316|LINEWIDTH=1|LOCATIONCOUNT=2|X1=110|X2=103|Y1=410|Y2=410|
RECORD= 8|LINENO= 361|OWNERPARTID=   2|OWNERINDEX= 316|AREACOLOR=16711680|LINEWIDTH=1|LOCATION.X=100|LOCATION.Y=410|RADIUS=3|SECONDARYRADIUS=3|
RECORD= 6|LINENO= 362|OWNERPARTID=   2|OWNERINDEX= 316|LINEWIDTH=1|LOCATIONCOUNT=2|X1=110|X2=103|Y1=370|Y2=370|
RECORD= 8|LINENO= 363|OWNERPARTID=   2|OWNERINDEX= 316|AREACOLOR=16711680|LINEWIDTH=1|LOCATION.X=100|LOCATION.Y=370|RADIUS=3|SECONDARYRADIUS=3|
RECORD=12|LINENO= 364|OWNERPARTID=   2|OWNERINDEX= 316|ENDANGLE=270.000|LINEWIDTH=1|LOCATION.X=92|LOCATION.Y=362|RADIUS=2|STARTANGLE=180.000|
RECORD= 6|LINENO= 365|OWNERPARTID=   2|OWNERINDEX= 316|LINEWIDTH=1|LOCATIONCOUNT=2|X1=97|X2=92|Y1=360|Y2=360|
RECORD= 6|LINENO= 366|OWNERPARTID=   2|OWNERINDEX= 316|LINEWIDTH=1|LOCATIONCOUNT=2|X1=108|X1_FRAC=50000|X2=100|Y1=363|Y1_FRAC=50000|Y2=363|Y2_FRAC=50000|
RECORD=12|LINENO= 367|OWNERPARTID=   2|OWNERINDEX= 316|ENDANGLE=360.000|LINEWIDTH=1|LOCATION.X=97|LOCATION.Y=362|RADIUS=2|STARTANGLE=270.000|
RECORD=12|LINENO= 368|OWNERPARTID=   2|OWNERINDEX= 316|ENDANGLE=180.000|LINEWIDTH=1|LOCATION.X=101|LOCATION.Y=362|RADIUS=2|STARTANGLE=125.000|
RECORD=12|LINENO= 369|OWNERPARTID=   2|OWNERINDEX= 316|ENDANGLE=360.000|LINEWIDTH=1|LOCATION.X=107|LOCATION.Y=366|RADIUS=3|STARTANGLE=310.000|
RECORD= 6|LINENO= 370|OWNERPARTID=   2|OWNERINDEX= 316|LINEWIDTH=1|LOCATIONCOUNT=2|X1=110|X2=110|Y1=366|Y2=414|
RECORD= 6|LINENO= 371|OWNERPARTID=   2|OWNERINDEX= 316|LINEWIDTH=1|LOCATIONCOUNT=2|X1=90|X2=90|Y1=362|Y2=418|
RECORD=12|LINENO= 372|OWNERPARTID=   2|OWNERINDEX= 316|ENDANGLE=180.000|LINEWIDTH=1|LOCATION.X=92|LOCATION.Y=418|RADIUS=2|STARTANGLE=90.000|
RECORD= 6|LINENO= 373|OWNERPARTID=   2|OWNERINDEX= 316|LINEWIDTH=1|LOCATIONCOUNT=2|X1=97|X2=92|Y1=420|Y2=420|
RECORD= 6|LINENO= 374|OWNERPARTID=   2|OWNERINDEX= 316|LINEWIDTH=1|LOCATIONCOUNT=2|X1=108|X1_FRAC=50000|X2=100|Y1=416|Y1_FRAC=50000|Y2=416|Y2_FRAC=50000|
RECORD=12|LINENO= 375|OWNERPARTID=   2|OWNERINDEX= 316|ENDANGLE=90.000|LINEWIDTH=1|LOCATION.X=97|LOCATION.Y=418|RADIUS=2|STARTANGLE=360.000|
RECORD=12|LINENO= 376|OWNERPARTID=   2|OWNERINDEX= 316|ENDANGLE=250.000|LINEWIDTH=1|LOCATION.X=101|LOCATION.Y=418|RADIUS=2|STARTANGLE=185.000|
RECORD=12|LINENO= 377|OWNERPARTID=   2|OWNERINDEX= 316|ENDANGLE=50.000|LINEWIDTH=1|LOCATION.X=107|LOCATION.Y=414|RADIUS=3|STARTANGLE=360.000|
RECORD=34|LINENO= 378|OWNERPARTID=   0|OWNERINDEX= 316|FONTID=1|LOCATION.X=89|LOCATION.Y=421|NAME=Designator|TEXT=J6|UNIQUEID=QILKKNFO|
RECORD=41|LINENO= 379|OWNERPARTID=   0|OWNERINDEX= 316|FONTID=1|LOCATION.X=89|LOCATION.Y=349|NAME=Comment|TEXT=732-2735-ND|UNIQUEID=ATKDABFD|
RECORD=44|LINENO= 380|OWNERPARTID= -42|OWNERINDEX= 316|
RECORD=45|LINENO= 381|OWNERPARTID= -42|OWNERINDEX= 380|DATABASEDATALINKSLOCKED=T|DATABASEMODEL=T|DATAFILECOUNT=1|DATALINKSLOCKED=T|INTEGRATEDMODEL=T|ISCURRENT=T|MODELDATAFILEENTITY0=CONN_USBMINIB_VERTICAL_WE|MODELDATAFILEKIND0=PCBLib|MODELNAME=CONN_USBMINIB_VERTICAL_WE|MODELTYPE=PCBLIB|UNIQUEID=SBHGOOQV|USECOMPONENTLIBRARY=T|
RECORD=46|LINENO= 382|OWNERPARTID= -42|OWNERINDEX= 381|
RECORD=48|LINENO= 383|OWNERPARTID= -42|OWNERINDEX= 381|
RECORD=41|LINENO= 384|OWNERPARTID=   0|OWNERINDEX= 383|FONTID=1|NAME=Created|TEXT=25/02/2008|UNIQUEID=WKBEIGVB|
RECORD=45|LINENO= 385|OWNERPARTID= -42|OWNERINDEX= 380|DATABASEDATALINKSLOCKED=T|DATABASEMODEL=T|DATALINKSLOCKED=T|INTEGRATEDMODEL=T|ISCURRENT=T|MODELNAME=USB Mini-B|MODELTYPE=SI|UNIQUEID=CPMQJIYF|USECOMPONENTLIBRARY=T|
RECORD=46|LINENO= 386|OWNERPARTID= -42|OWNERINDEX= 385|
RECORD=48|LINENO= 387|OWNERPARTID= -42|OWNERINDEX= 385|
RECORD=41|LINENO= 388|OWNERPARTID=   0|OWNERINDEX= 387|FONTID=1|NAME=Type|TEXT=Connector|UNIQUEID=IJPCOCOS|
RECORD=41|LINENO= 389|OWNERPARTID=   0|OWNERINDEX= 387|FONTID=1|NAME=Tech|UNIQUEID=BWTDGVRG|
RECORD=25|LINENO= 390|OWNERPARTID=   0|OWNERINDEX= -42|FONTID=1|LOCATION.X=620|LOCATION.Y=620|TEXT=FDTI_TX|UNIQUEID=XUIPAHHG|
RECORD=25|LINENO= 391|OWNERPARTID=   0|OWNERINDEX= -42|FONTID=1|LOCATION.X=620|LOCATION.Y=610|TEXT=FDTI_RX|UNIQUEID=RPKDHSHM|
RECORD= 1|LINENO= 392|OWNERPARTID=   0|OWNERINDEX= -42|AREACOLOR=11599871|CURRENTPARTID=1|DESIGNITEMID=__template_inductor|DISPLAYMODECOUNT=1|LIBRARYPATH=*|LIBREFERENCE=__template_inductor|LOCATION.X=180|LOCATION.Y=460|PARTCOUNT=2|PARTIDLOCKED=T|SOURCELIBRARYNAME=SSI.IntLib|TARGETFILENAME=*|UNIQUEID=QDECKGYX|
RECORD= 2|LINENO= 393|OWNERPARTID=   2|OWNERINDEX= 392|DESIGNATOR=2|ELECTRICAL=4|FORMALTYPE=1|LOCATION.X=198|LOCATION.Y=460|PINCONGLOMERATE=32|PINLENGTH=2|
RECORD=41|LINENO= 394|OWNERPARTID=   0|OWNERINDEX= 393|FONTID=1|ISHIDDEN=T|LOCATION.X=198|LOCATION.Y=460|NAME=PinUniqueId|TEXT=DHVUFFAL|UNIQUEID=SKJFLMWD|
RECORD= 2|LINENO= 395|OWNERPARTID=   2|OWNERINDEX= 392|DESIGNATOR=1|ELECTRICAL=4|FORMALTYPE=1|LOCATION.X=182|LOCATION.Y=460|PINCONGLOMERATE=34|PINLENGTH=2|
RECORD=41|LINENO= 396|OWNERPARTID=   0|OWNERINDEX= 395|FONTID=1|ISHIDDEN=T|LOCATION.X=182|LOCATION.Y=460|NAME=PinUniqueId|TEXT=DPPKFDOJ|UNIQUEID=VUQSIOND|
RECORD=12|LINENO= 397|OWNERPARTID=   2|OWNERINDEX= 392|ENDANGLE=180.000|LINEWIDTH=1|LOCATION.X=190|LOCATION.Y=460|RADIUS=2|RADIUS_FRAC=54000|STARTANGLE=360.000|
RECORD=12|LINENO= 398|OWNERPARTID=   2|OWNERINDEX= 392|ENDANGLE=180.000|LINEWIDTH=1|LOCATION.X=185|LOCATION.Y=460|RADIUS=2|RADIUS_FRAC=54000|STARTANGLE=360.000|
RECORD=12|LINENO= 399|OWNERPARTID=   2|OWNERINDEX= 392|ENDANGLE=180.000|LINEWIDTH=1|LOCATION.X=195|LOCATION.Y=460|RADIUS=2|RADIUS_FRAC=54000|STARTANGLE=360.000|
RECORD=41|LINENO= 400|OWNERPARTID=   0|OWNERINDEX= 392|FONTID=1|ISHIDDEN=T|LOCATION.X=178|LOCATION.Y=463|NAME=Supplier 1|TEXT=Digi-Key|UNIQUEID=DCRJLABQ|
RECORD=41|LINENO= 401|OWNERPARTID=   0|OWNERINDEX= 392|FONTID=1|ISHIDDEN=T|LOCATION.X=178|LOCATION.Y=463|NAME=Supplier Part Number 1|TEXT=490-1037-1-ND|UNIQUEID=VDNIIESK|
RECORD=41|LINENO= 402|OWNERPARTID=   0|OWNERINDEX= 392|FONTID=1|ISHIDDEN=T|LOCATION.X=178|LOCATION.Y=473|NAME=Manufacturer|TEXT=Murata Electronics North America|UNIQUEID=NFBXLEHJ|
RECORD=41|LINENO= 403|OWNERPARTID=   0|OWNERINDEX= 392|FONTID=1|ISHIDDEN=T|LOCATION.X=178|LOCATION.Y=473|NAME=Manufacturer Part Number|TEXT=BLM18PG121SN1D|UNIQUEID=UMQBOTGO|
RECORD=41|LINENO= 404|OWNERPARTID=   0|OWNERINDEX= 392|FONTID=1|ISHIDDEN=T|LOCATION.X=178|LOCATION.Y=473|NAME=RoHS|TEXT=RoHS Compliant|UNIQUEID=APYTBXFD|
RECORD=41|LINENO= 405|OWNERPARTID=   0|OWNERINDEX= 392|FONTID=1|ISHIDDEN=T|LOCATION.X=178|LOCATION.Y=473|NAME=Category|TEXT=Filters|UNIQUEID=PJSYJTYV|
RECORD=41|LINENO= 406|OWNERPARTID=   0|OWNERINDEX= 392|FONTID=1|ISHIDDEN=T|LOCATION.X=178|LOCATION.Y=473|NAME=Stock 1|TEXT=376636|UNIQUEID=BPXEIWGH|
RECORD=41|LINENO= 407|OWNERPARTID=   0|OWNERINDEX= 392|FONTID=1|ISHIDDEN=T|LOCATION.X=178|LOCATION.Y=473|NAME=Pricing 1|TEXT=1=0.1, 10=0.087, 50=0.0708, 100=0.0519, 250=0.03776, 500=0.0346, 1000=0.02989 (USD)|UNIQUEID=WEJIBJNI|
RECORD=41|LINENO= 408|OWNERPARTID=   0|OWNERINDEX= 392|FONTID=1|ISHIDDEN=T|LOCATION.X=178|LOCATION.Y=473|NAME=Packaging|TEXT=Cut Tape (CT)|UNIQUEID=ETNXWCLL|
RECORD=41|LINENO= 409|OWNERPARTID=   0|OWNERINDEX= 392|FONTID=1|ISHIDDEN=T|LOCATION.X=178|LOCATION.Y=473|NAME=Filter Type|TEXT=Power Line|UNIQUEID=KBPPABEL|
RECORD=41|LINENO= 410|OWNERPARTID=   0|OWNERINDEX= 392|FONTID=1|ISHIDDEN=T|LOCATION.X=178|LOCATION.Y=473|NAME=Number of Lines|TEXT=1|UNIQUEID=GRCSYTHU|
RECORD=41|LINENO= 411|OWNERPARTID=   0|OWNERINDEX= 392|FONTID=1|ISHIDDEN=T|LOCATION.X=150|LOCATION.Y=430|NAME=Impedance @ Frequency|TEXT=120 Ohm @ 100MHz|UNIQUEID=GQNXXOEO|
RECORD=41|LINENO= 412|OWNERPARTID=   0|OWNERINDEX= 392|FONTID=1|LOCATION.X=180|LOCATION.Y=440|NAME=Current Rating (Max)|TEXT=2A|UNIQUEID=JFMTRHET|
RECORD=41|LINENO= 413|OWNERPARTID=   0|OWNERINDEX= 392|FONTID=1|ISHIDDEN=T|LOCATION.X=178|LOCATION.Y=473|NAME=DC Resistance (DCR) (Max)|TEXT=50 mOhm|UNIQUEID=BJCMTSSL|
RECORD=41|LINENO= 414|OWNERPARTID=   0|OWNERINDEX= 392|FONTID=1|ISHIDDEN=T|LOCATION.X=178|LOCATION.Y=473|NAME=Ratings|TEXT=-|UNIQUEID=JCRVCHGF|
RECORD=41|LINENO= 415|OWNERPARTID=   0|OWNERINDEX= 392|%UTF8%TEXT=-55Â°C ~ 125Â°C|FONTID=1|ISHIDDEN=T|LOCATION.X=178|LOCATION.Y=473|NAME=Operating Temperature|TEXT=-55°C ~ 125°C|UNIQUEID=BWUYIPQL|
RECORD=41|LINENO= 416|OWNERPARTID=   0|OWNERINDEX= 392|FONTID=1|ISHIDDEN=T|LOCATION.X=178|LOCATION.Y=473|NAME=Package / Case|TEXT=0603 (1608 Metric)|UNIQUEID=WDNDNKBY|
RECORD=41|LINENO= 417|OWNERPARTID=   0|OWNERINDEX= 392|FONTID=1|ISHIDDEN=T|LOCATION.X=178|LOCATION.Y=473|NAME=Mounting Type|TEXT=Surface Mount|UNIQUEID=MNGBBFVG|
RECORD=41|LINENO= 418|OWNERPARTID=   0|OWNERINDEX= 392|FONTID=1|ISHIDDEN=T|LOCATION.X=178|LOCATION.Y=473|NAME=Height (Max)|TEXT=0.037" (0.95mm)|UNIQUEID=LYLMRIEI|
RECORD=41|LINENO= 419|OWNERPARTID=   0|OWNERINDEX= 392|FONTID=1|ISHIDDEN=T|LOCATION.X=178|LOCATION.Y=473|NAME=Size / Dimension|TEXT=0.063" L x 0.031" W (1.60mm x 0.80mm)|UNIQUEID=OWAULQID|
RECORD=41|LINENO= 420|OWNERPARTID=   0|OWNERINDEX= 392|FONTID=3|ISHIDDEN=T|LOCATION.X=178|LOCATION.Y=473|NAME=ComponentLink1URL|TEXT=http://search.murata.co.jp/Ceramy/image/img/PDF/ENG/L0110S0100BLM18P.pdf|UNIQUEID=UEYUYRBL|
RECORD=41|LINENO= 421|OWNERPARTID=   0|OWNERINDEX= 392|FONTID=3|ISHIDDEN=T|LOCATION.X=178|LOCATION.Y=473|NAME=ComponentLink1Description|TEXT=http://search.murata.co.jp/Ceramy/image/img/PDF/ENG/L0110S0100BLM18P.pdf|UNIQUEID=WVEEFUPL|
RECORD=34|LINENO= 422|OWNERPARTID=   0|OWNERINDEX= 392|FONTID=1|LOCATION.X=180|LOCATION.Y=450|NAME=Designator|TEXT=L?|UNIQUEID=JPCIJNMB|
RECORD=41|LINENO= 423|OWNERPARTID=   0|OWNERINDEX= 392|FONTID=1|ISHIDDEN=T|LOCATION.X=178|LOCATION.Y=463|NAME=Comment|UNIQUEID=WNPJCQOI|
RECORD=44|LINENO= 424|OWNERPARTID= -42|OWNERINDEX= 392|
RECORD=45|LINENO= 425|OWNERPARTID= -42|OWNERINDEX= 424|DATABASEMODEL=T|DATAFILECOUNT=1|DESCRIPTION=Chip Resistor, 2-Leads, Body 1.6x0.8mm, IPC High Density|INTEGRATEDMODEL=T|ISCURRENT=T|MODELDATAFILEENTITY0=R0603|MODELDATAFILEKIND0=PCBLib|MODELNAME=R0603|MODELTYPE=PCBLIB|UNIQUEID=BAQPKANS|
RECORD=46|LINENO= 426|OWNERPARTID= -42|OWNERINDEX= 425|
RECORD=48|LINENO= 427|OWNERPARTID= -42|OWNERINDEX= 425|
RECORD=17|LINENO= 428|OWNERPARTID=   0|OWNERINDEX= -42|FONTID=2|LOCATION.X=60|LOCATION.Y=460|ORIENTATION=3|SHOWNETNAME=F|STYLE=5|TEXT=GDNSIG|UNIQUEID=OYWJHBHK|
RECORD= 1|LINENO= 429|OWNERPARTID=   0|OWNERINDEX= -42|AREACOLOR=11599871|CURRENTPARTID=1|DATABASETABLENAME=capacitor$|DESIGNITEMID=478-1227-1-ND|DISPLAYMODECOUNT=1|LIBRARYPATH=*|LIBREFERENCE=__template_cap|LOCATION.X=80|LOCATION.Y=490|ORIENTATION=1|PARTCOUNT=2|PARTIDLOCKED=T|SOURCELIBRARYNAME=sscp.DbLib|TARGETFILENAME=*|UNIQUEID=XXINWJSM|
RECORD= 2|LINENO= 430|OWNERPARTID=   2|OWNERINDEX= 429|DESIGNATOR=1|ELECTRICAL=4|FORMALTYPE=1|LOCATION.X=88|LOCATION.Y=490|PINCONGLOMERATE=34|PINLENGTH=8|
RECORD=41|LINENO= 431|OWNERPARTID=   0|OWNERINDEX= 430|FONTID=1|ISHIDDEN=T|LOCATION.X=88|LOCATION.Y=490|NAME=PinUniqueId|TEXT=DXFOYNQI|UNIQUEID=LFMNWXVK|
RECORD= 2|LINENO= 432|OWNERPARTID=   2|OWNERINDEX= 429|DESIGNATOR=2|ELECTRICAL=4|FORMALTYPE=1|LOCATION.X=92|LOCATION.Y=490|PINCONGLOMERATE=32|PINLENGTH=8|
RECORD=41|LINENO= 433|OWNERPARTID=   0|OWNERINDEX= 432|FONTID=1|ISHIDDEN=T|LOCATION.X=92|LOCATION.Y=490|NAME=PinUniqueId|TEXT=YTUFCMUU|UNIQUEID=ONJCOMGY|
RECORD= 6|LINENO= 434|OWNERPARTID=   2|OWNERINDEX= 429|LINEWIDTH=1|LOCATIONCOUNT=2|X1=92|X2=92|Y1=495|Y2=485|
RECORD= 6|LINENO= 435|OWNERPARTID=   2|OWNERINDEX= 429|LINEWIDTH=1|LOCATIONCOUNT=2|X1=88|X2=88|Y1=495|Y2=485|
RECORD=41|LINENO= 436|OWNERPARTID=   0|OWNERINDEX= 429|FONTID=1|LOCATION.X=87|LOCATION.Y=474|NAME=voltage|TEXT=50.0|UNIQUEID=GAJYNCHO|
RECORD=41|LINENO= 437|OWNERPARTID=   0|OWNERINDEX= 429|FONTID=1|LOCATION.X=87|LOCATION.Y=464|NAME=human_value|TEXT=10n|UNIQUEID=LHECAGYK|
RECORD=41|LINENO= 438|OWNERPARTID=   0|OWNERINDEX= 429|FONTID=1|ISHIDDEN=T|LOCATION.X=78|LOCATION.Y=496|NAME=Supplier Part Number 1|TEXT=478-1227-1-ND|UNIQUEID=TXBMGMEU|
RECORD=41|LINENO= 439|OWNERPARTID=   0|OWNERINDEX= 429|FONTID=1|ISHIDDEN=T|LOCATION.X=78|LOCATION.Y=496|NAME=type|TEXT=capacitor|UNIQUEID=EQOLRODP|
RECORD=41|LINENO= 440|OWNERPARTID=   0|OWNERINDEX= 429|FONTID=1|ISHIDDEN=T|LOCATION.X=78|LOCATION.Y=496|NAME=package|TEXT=0603|UNIQUEID=LJDGHYWV|
RECORD=41|LINENO= 441|OWNERPARTID=   0|OWNERINDEX= 429|FONTID=1|ISHIDDEN=T|LOCATION.X=78|LOCATION.Y=496|NAME=value|TEXT=1e-08|UNIQUEID=QBAPQUWK|
RECORD=41|LINENO= 442|OWNERPARTID=   0|OWNERINDEX= 429|FONTID=1|ISHIDDEN=T|LOCATION.X=78|LOCATION.Y=496|NAME=price|TEXT=0.04|UNIQUEID=VCDVBILY|
RECORD=41|LINENO= 443|OWNERPARTID=   0|OWNERINDEX= 429|FONTID=1|ISHIDDEN=T|LOCATION.X=78|LOCATION.Y=496|NAME=tolerance|TEXT=10%|UNIQUEID=IJHJGIEA|
RECORD=34|LINENO= 444|OWNERPARTID=   0|OWNERINDEX= 429|FONTID=1|LOCATION.X=87|LOCATION.Y=496|NAME=Designator|TEXT=C?|UNIQUEID=BCODBMMY|
RECORD=41|LINENO= 445|OWNERPARTID=   0|OWNERINDEX= 429|FONTID=1|ISHIDDEN=T|LOCATION.X=78|LOCATION.Y=496|NAME=Comment|TEXT=__template_cap|UNIQUEID=LCYOUMVQ|
RECORD=44|LINENO= 446|OWNERPARTID= -42|OWNERINDEX= 429|
RECORD=45|LINENO= 447|OWNERPARTID= -42|OWNERINDEX= 446|DATABASEDATALINKSLOCKED=T|DATAFILECOUNT=1|DATALINKSLOCKED=T|ISCURRENT=T|MODELDATAFILEENTITY0=C0603|MODELDATAFILEKIND0=PCBLib|MODELNAME=C0603|MODELTYPE=PCBLIB|UNIQUEID=RHJIVJXH|USECOMPONENTLIBRARY=T|
RECORD=46|LINENO= 448|OWNERPARTID= -42|OWNERINDEX= 447|
RECORD=48|LINENO= 449|OWNERPARTID= -42|OWNERINDEX= 447|
RECORD=17|LINENO= 450|OWNERPARTID=   0|OWNERINDEX= -42|FONTID=2|LOCATION.X=350|LOCATION.Y=300|ORIENTATION=3|SHOWNETNAME=F|STYLE=5|TEXT=GDNSIG|UNIQUEID=UITTQGPR|
RECORD=17|LINENO= 451|OWNERPARTID=   0|OWNERINDEX= -42|FONTID=2|LOCATION.X=70|LOCATION.Y=380|ORIENTATION=3|SHOWNETNAME=F|STYLE=5|TEXT=GDNSIG|UNIQUEID=CGVJIIPK|
RECORD=17|LINENO= 452|OWNERPARTID=   0|OWNERINDEX= -42|FONTID=2|LOCATION.X=490|LOCATION.Y=220|ORIENTATION=3|SHOWNETNAME=F|STYLE=5|TEXT=GDNSIG|UNIQUEID=JWDELSSN|
RECORD=27|LINENO= 453|OWNERPARTID=   0|OWNERINDEX= -42|LINEWIDTH=1|LOCATIONCOUNT=2|UNIQUEID=QQATPBWA|X1=490|X2=490|Y1=240|Y2=220|
RECORD=27|LINENO= 454|OWNERPARTID=   0|OWNERINDEX= -42|LINEWIDTH=1|LOCATIONCOUNT=2|UNIQUEID=VGFDPGJJ|X1=570|X2=620|Y1=430|Y2=430|
RECORD=27|LINENO= 455|OWNERPARTID=   0|OWNERINDEX= -42|LINEWIDTH=1|LOCATIONCOUNT=2|UNIQUEID=RTPXPMLG|X1=570|X2=620|Y1=420|Y2=420|
RECORD=27|LINENO= 456|OWNERPARTID=   0|OWNERINDEX= -42|LINEWIDTH=1|LOCATIONCOUNT=2|UNIQUEID=UMHUPJEN|X1=670|X2=660|Y1=350|Y2=350|
RECORD=27|LINENO= 457|OWNERPARTID=   0|OWNERINDEX= -42|LINEWIDTH=1|LOCATIONCOUNT=2|UNIQUEID=ORLDUBWE|X1=670|X2=660|Y1=310|Y2=310|
RECORD=27|LINENO= 458|OWNERPARTID=   0|OWNERINDEX= -42|LINEWIDTH=1|LOCATIONCOUNT=4|UNIQUEID=AMRGHOCE|X1=570|X2=600|X3=600|X4=640|Y1=330|Y2=330|Y3=310|Y4=310|
RECORD=27|LINENO= 459|OWNERPARTID=   0|OWNERINDEX= -42|LINEWIDTH=1|LOCATIONCOUNT=4|UNIQUEID=LBVRAGQH|X1=570|X2=600|X3=600|X4=640|Y1=340|Y2=340|Y3=350|Y4=350|
RECORD=27|LINENO= 460|OWNERPARTID=   0|OWNERINDEX= -42|LINEWIDTH=1|LOCATIONCOUNT=3|UNIQUEID=KTDPUMBT|X1=720|X2=750|X3=750|Y1=330|Y2=330|Y3=370|
RECORD=27|LINENO= 461|OWNERPARTID=   0|OWNERINDEX= -42|LINEWIDTH=1|LOCATIONCOUNT=2|UNIQUEID=PCBPKAYU|X1=130|X2=130|Y1=400|Y2=410|
RECORD=27|LINENO= 462|OWNERPARTID=   0|OWNERINDEX= -42|LINEWIDTH=1|LOCATIONCOUNT=2|UNIQUEID=PQQNCXLY|X1=70|X2=70|Y1=380|Y2=390|
RECORD=27|LINENO= 463|OWNERPARTID=   0|OWNERINDEX= -42|LINEWIDTH=1|LOCATIONCOUNT=2|UNIQUEID=OWVFGKQW|X1=680|X2=610|Y1=620|Y2=620|
RECORD=27|LINENO= 464|OWNERPARTID=   0|OWNERINDEX= -42|LINEWIDTH=1|LOCATIONCOUNT=2|UNIQUEID=MJCBTKUU|X1=680|X2=610|Y1=610|Y2=610|
RECORD=27|LINENO= 465|OWNERPARTID=   0|OWNERINDEX= -42|LINEWIDTH=1|LOCATIONCOUNT=4|UNIQUEID=GYKJSOFT|X1=390|X2=220|X3=220|X4=130|Y1=400|Y2=400|Y3=380|Y4=380|
RECORD=27|LINENO= 466|OWNERPARTID=   0|OWNERINDEX= -42|LINEWIDTH=1|LOCATIONCOUNT=4|UNIQUEID=PCDPXXYN|X1=390|X2=260|X3=260|X4=130|Y1=380|Y2=380|Y3=390|Y4=390|
RECORD=27|LINENO= 467|OWNERPARTID=   0|OWNERINDEX= -42|LINEWIDTH=1|LOCATIONCOUNT=4|UNIQUEID=QNBFNKVS|X1=130|X2=160|X3=160|X4=180|Y1=370|Y2=370|Y3=460|Y4=460|
RECORD=27|LINENO= 468|OWNERPARTID=   0|OWNERINDEX= -42|LINEWIDTH=1|LOCATIONCOUNT=3|UNIQUEID=DBNHOHVP|X1=160|X2=160|X3=100|Y1=460|Y2=490|Y3=490|
RECORD=27|LINENO= 469|OWNERPARTID=   0|OWNERINDEX= -42|LINEWIDTH=1|LOCATIONCOUNT=3|UNIQUEID=MCQPWOKV|X1=60|X2=60|X3=80|Y1=460|Y2=490|Y3=490|
RECORD= 4|LINENO= 470|OWNERPARTID=   0|OWNERINDEX= -42|FONTID=4|LOCATION.X=110|LOCATION.Y=530|TEXT=ADD OVERVOLT PROTECTION DIODE|
RECORD=27|LINENO= 471|OWNERPARTID=   0|OWNERINDEX= -42|LINEWIDTH=1|LOCATIONCOUNT=2|UNIQUEID=WMFNHLDB|X1=350|X2=380|Y1=340|Y2=340|
RECORD=27|LINENO= 472|OWNERPARTID=   0|OWNERINDEX= -42|LINEWIDTH=1|LOCATIONCOUNT=2|UNIQUEID=UVILBOTJ|X1=350|X2=350|Y1=320|Y2=300|
RECORD=27|LINENO= 473|OWNERPARTID=   0|OWNERINDEX= -42|LINEWIDTH=1|LOCATIONCOUNT=4|UNIQUEID=USSVQBIP|X1=390|X2=380|X3=380|X4=390|Y1=340|Y2=340|Y3=430|Y4=430|
RECORD=27|LINENO= 474|OWNERPARTID=   0|OWNERINDEX= -42|LINEWIDTH=1|LOCATIONCOUNT=2|UNIQUEID=ACYRFIHJ|X1=510|X2=510|Y1=500|Y2=520|
RECORD=27|LINENO= 475|OWNERPARTID=   0|OWNERINDEX= -42|LINEWIDTH=1|LOCATIONCOUNT=2|UNIQUEID=LVBKSJKK|X1=510|X2=510|Y1=480|Y2=470|
RECORD=17|LINENO= 476|OWNERPARTID=   0|OWNERINDEX= -42|FONTID=2|LOCATION.X=510|LOCATION.Y=470|ORIENTATION=3|SHOWNETNAME=F|STYLE=5|TEXT=GDNSIG|UNIQUEID=DQXIFBNC|
RECORD=17|LINENO= 477|OWNERPARTID=   0|OWNERINDEX= -42|FONTID=2|LOCATION.X=360|LOCATION.Y=470|ORIENTATION=3|SHOWNETNAME=F|STYLE=5|TEXT=GDNSIG|UNIQUEID=JCJAOGYA|
RECORD=27|LINENO= 478|OWNERPARTID=   0|OWNERINDEX= -42|LINEWIDTH=1|LOCATIONCOUNT=2|UNIQUEID=LOMYSOCF|X1=360|X2=360|Y1=470|Y2=480|
RECORD=27|LINENO= 479|OWNERPARTID=   0|OWNERINDEX= -42|LINEWIDTH=1|LOCATIONCOUNT=2|UNIQUEID=OFBLKLXK|X1=360|X2=360|Y1=500|Y2=520|
RECORD=27|LINENO= 480|OWNERPARTID=   0|OWNERINDEX= -42|LINEWIDTH=1|LOCATIONCOUNT=2|UNIQUEID=OBTUDMJO|X1=360|X2=360|Y1=520|Y2=560|
RECORD=17|LINENO= 481|OWNERPARTID=   0|OWNERINDEX= -42|FONTID=2|LOCATION.X=360|LOCATION.Y=560|ORIENTATION=1|SHOWNETNAME=T|STYLE=7|TEXT=5VBUS|UNIQUEID=FLSYLFVA|
RECORD=17|LINENO= 482|OWNERPARTID=   0|OWNERINDEX= -42|FONTID=2|LOCATION.X=750|LOCATION.Y=370|ORIENTATION=1|SHOWNETNAME=T|STYLE=7|TEXT=1V8|UNIQUEID=FDIXWSUP|
RECORD= 4|LINENO= 483|OWNERPARTID=   0|OWNERINDEX= -42|FONTID=1|LOCATION.X=610|LOCATION.Y=280|TEXT=CHANGE VALUE OF RESISTORS|
RECORD=18|LINENO= 484|OWNERPARTID=   0|OWNERINDEX= -42|ALIGNMENT=1|AREACOLOR=8454143|FONTID=1|HEIGHT=10|LOCATION.X=50|LOCATION.Y=660|NAME=GND_SIG|STYLE=3|TEXTCOLOR=128|UNIQUEID=PNPLLOIB|WIDTH=50|
RECORD=18|LINENO= 485|OWNERPARTID=   0|OWNERINDEX= -42|ALIGNMENT=1|AREACOLOR=8454143|FONTID=1|HEIGHT=10|LOCATION.X=50|LOCATION.Y=690|NAME=1V8|STYLE=3|TEXTCOLOR=128|UNIQUEID=BHVNVPRP|WIDTH=50|
RECORD=18|LINENO= 486|OWNERPARTID=   0|OWNERINDEX= -42|ALIGNMENT=2|AREACOLOR=8454143|FONTID=1|HEIGHT=10|LOCATION.X=790|LOCATION.Y=680|NAME=5VBUS|STYLE=3|TEXTCOLOR=128|UNIQUEID=HLDISRFQ|WIDTH=50|
RECORD=27|LINENO= 487|OWNERPARTID=   0|OWNERINDEX= -42|LINEWIDTH=1|LOCATIONCOUNT=2|UNIQUEID=QKTLEVAX|X1=100|X2=150|Y1=660|Y2=660|
RECORD=17|LINENO= 488|OWNERPARTID=   0|OWNERINDEX= -42|FONTID=1|LOCATION.X=150|LOCATION.Y=660|SHOWNETNAME=F|STYLE=5|TEXT=GDNSIG|UNIQUEID=AHUUMDBI|
RECORD=27|LINENO= 489|OWNERPARTID=   0|OWNERINDEX= -42|LINEWIDTH=1|LOCATIONCOUNT=2|UNIQUEID=IEBMSXSO|X1=100|X2=160|Y1=690|Y2=690|
RECORD=17|LINENO= 490|OWNERPARTID=   0|OWNERINDEX= -42|FONTID=1|LOCATION.X=160|LOCATION.Y=690|SHOWNETNAME=T|STYLE=7|TEXT=1V8|UNIQUEID=YCORTBYC|
RECORD=27|LINENO= 491|OWNERPARTID=   0|OWNERINDEX= -42|LINEWIDTH=1|LOCATIONCOUNT=2|UNIQUEID=UOAUPGOW|X1=790|X2=730|Y1=680|Y2=680|
RECORD=17|LINENO= 492|OWNERPARTID=   0|OWNERINDEX= -42|FONTID=1|LOCATION.X=730|LOCATION.Y=680|ORIENTATION=2|SHOWNETNAME=T|STYLE=7|TEXT=5VBUS|UNIQUEID=HMCPACPH|
RECORD=27|LINENO= 493|OWNERPARTID=   0|OWNERINDEX= -42|LINEWIDTH=1|LOCATIONCOUNT=6|UNIQUEID=QQMQVSEK|X1=200|X2=310|X3=310|X4=360|X5=470|X6=470|Y1=460|Y2=460|Y3=520|Y4=520|Y5=520|Y6=460|
RECORD=27|LINENO= 494|OWNERPARTID=   0|OWNERINDEX= -42|LINEWIDTH=1|LOCATIONCOUNT=6|UNIQUEID=FEYULSLA|X1=390|X2=390|X3=460|X4=480|X5=490|X6=500|Y1=270|Y2=240|Y3=240|Y4=240|Y5=240|Y6=240|
RECORD=27|LINENO= 495|OWNERPARTID=   0|OWNERINDEX= -42|LINEWIDTH=1|LOCATIONCOUNT=4|UNIQUEID=MDAHMGLH|X1=520|X2=510|X3=490|X4=490|Y1=520|Y2=520|Y3=520|Y4=460|
RECORD=27|LINENO= 496|OWNERPARTID=   0|OWNERINDEX= -42|LINEWIDTH=1|LOCATIONCOUNT=5|UNIQUEID=EHKOCQDO|X1=690|X2=720|X3=720|X4=720|X5=690|Y1=350|Y2=350|Y3=330|Y4=310|Y5=310|
RECORD=29|LINENO= 497|OWNERPARTID=   0|OWNERINDEX= -42|LOCATION.X=70|LOCATION.Y=380|
RECORD=29|LINENO= 498|OWNERPARTID=   0|OWNERINDEX= -42|LOCATION.X=130|LOCATION.Y=410|
RECORD=29|LINENO= 499|OWNERPARTID=   0|OWNERINDEX= -42|LOCATION.X=160|LOCATION.Y=460|
RECORD=29|LINENO= 500|OWNERPARTID=   0|OWNERINDEX= -42|LOCATION.X=360|LOCATION.Y=520|
RECORD=29|LINENO= 501|OWNERPARTID=   0|OWNERINDEX= -42|LOCATION.X=380|LOCATION.Y=340|
RECORD=29|LINENO= 502|OWNERPARTID=   0|OWNERINDEX= -42|LOCATION.X=460|LOCATION.Y=240|
RECORD=29|LINENO= 503|OWNERPARTID=   0|OWNERINDEX= -42|LOCATION.X=480|LOCATION.Y=240|
RECORD=29|LINENO= 504|OWNERPARTID=   0|OWNERINDEX= -42|LOCATION.X=490|LOCATION.Y=240|
RECORD=29|LINENO= 505|OWNERPARTID=   0|OWNERINDEX= -42|LOCATION.X=510|LOCATION.Y=520|
RECORD=29|LINENO= 506|OWNERPARTID=   0|OWNERINDEX= -42|LOCATION.X=720|LOCATION.Y=330|
